[2024-04-19 01:51:19,687] {scheduler_job.py:182} INFO - Started process (PID=265) to work on /home/airflow/.local/lib/python3.6/site-packages/airflow/example_dags/example_python_operator.py
[2024-04-19 01:51:19,689] {scheduler_job.py:629} INFO - Processing file /home/airflow/.local/lib/python3.6/site-packages/airflow/example_dags/example_python_operator.py for tasks to queue
[2024-04-19 01:51:19,692] {logging_mixin.py:104} INFO - [2024-04-19 01:51:19,691] {dagbag.py:448} INFO - Filling up the DagBag from /home/airflow/.local/lib/python3.6/site-packages/airflow/example_dags/example_python_operator.py
[2024-04-19 01:51:19,709] {scheduler_job.py:639} INFO - DAG(s) dict_keys(['example_python_operator']) retrieved from /home/airflow/.local/lib/python3.6/site-packages/airflow/example_dags/example_python_operator.py
[2024-04-19 01:51:19,746] {logging_mixin.py:104} INFO - [2024-04-19 01:51:19,746] {dag.py:1818} INFO - Sync 1 DAGs
[2024-04-19 01:51:19,759] {logging_mixin.py:104} INFO - [2024-04-19 01:51:19,759] {dag.py:1837} INFO - Creating ORM DAG for example_python_operator
[2024-04-19 01:51:19,768] {logging_mixin.py:104} INFO - [2024-04-19 01:51:19,768] {dag.py:2273} INFO - Setting next_dagrun for example_python_operator to None
[2024-04-19 01:51:19,799] {scheduler_job.py:190} INFO - Processing /home/airflow/.local/lib/python3.6/site-packages/airflow/example_dags/example_python_operator.py took 0.116 seconds
[2024-04-19 01:51:50,255] {scheduler_job.py:182} INFO - Started process (PID=395) to work on /home/airflow/.local/lib/python3.6/site-packages/airflow/example_dags/example_python_operator.py
[2024-04-19 01:51:50,257] {scheduler_job.py:629} INFO - Processing file /home/airflow/.local/lib/python3.6/site-packages/airflow/example_dags/example_python_operator.py for tasks to queue
[2024-04-19 01:51:50,258] {logging_mixin.py:104} INFO - [2024-04-19 01:51:50,258] {dagbag.py:448} INFO - Filling up the DagBag from /home/airflow/.local/lib/python3.6/site-packages/airflow/example_dags/example_python_operator.py
[2024-04-19 01:51:50,271] {scheduler_job.py:639} INFO - DAG(s) dict_keys(['example_python_operator']) retrieved from /home/airflow/.local/lib/python3.6/site-packages/airflow/example_dags/example_python_operator.py
[2024-04-19 01:51:50,298] {logging_mixin.py:104} INFO - [2024-04-19 01:51:50,298] {dag.py:1818} INFO - Sync 1 DAGs
[2024-04-19 01:51:50,321] {logging_mixin.py:104} INFO - [2024-04-19 01:51:50,321] {dag.py:2273} INFO - Setting next_dagrun for example_python_operator to None
[2024-04-19 01:51:50,338] {scheduler_job.py:190} INFO - Processing /home/airflow/.local/lib/python3.6/site-packages/airflow/example_dags/example_python_operator.py took 0.085 seconds
[2024-04-19 01:52:20,768] {scheduler_job.py:182} INFO - Started process (PID=520) to work on /home/airflow/.local/lib/python3.6/site-packages/airflow/example_dags/example_python_operator.py
[2024-04-19 01:52:20,770] {scheduler_job.py:629} INFO - Processing file /home/airflow/.local/lib/python3.6/site-packages/airflow/example_dags/example_python_operator.py for tasks to queue
[2024-04-19 01:52:20,771] {logging_mixin.py:104} INFO - [2024-04-19 01:52:20,771] {dagbag.py:448} INFO - Filling up the DagBag from /home/airflow/.local/lib/python3.6/site-packages/airflow/example_dags/example_python_operator.py
[2024-04-19 01:52:20,782] {scheduler_job.py:639} INFO - DAG(s) dict_keys(['example_python_operator']) retrieved from /home/airflow/.local/lib/python3.6/site-packages/airflow/example_dags/example_python_operator.py
[2024-04-19 01:52:20,804] {logging_mixin.py:104} INFO - [2024-04-19 01:52:20,804] {dag.py:1818} INFO - Sync 1 DAGs
[2024-04-19 01:52:20,816] {logging_mixin.py:104} INFO - [2024-04-19 01:52:20,815] {dag.py:2273} INFO - Setting next_dagrun for example_python_operator to None
[2024-04-19 01:52:20,824] {scheduler_job.py:190} INFO - Processing /home/airflow/.local/lib/python3.6/site-packages/airflow/example_dags/example_python_operator.py took 0.059 seconds
[2024-04-19 01:52:51,042] {scheduler_job.py:182} INFO - Started process (PID=650) to work on /home/airflow/.local/lib/python3.6/site-packages/airflow/example_dags/example_python_operator.py
[2024-04-19 01:52:51,045] {scheduler_job.py:629} INFO - Processing file /home/airflow/.local/lib/python3.6/site-packages/airflow/example_dags/example_python_operator.py for tasks to queue
[2024-04-19 01:52:51,047] {logging_mixin.py:104} INFO - [2024-04-19 01:52:51,047] {dagbag.py:448} INFO - Filling up the DagBag from /home/airflow/.local/lib/python3.6/site-packages/airflow/example_dags/example_python_operator.py
[2024-04-19 01:52:51,070] {scheduler_job.py:639} INFO - DAG(s) dict_keys(['example_python_operator']) retrieved from /home/airflow/.local/lib/python3.6/site-packages/airflow/example_dags/example_python_operator.py
[2024-04-19 01:52:51,106] {logging_mixin.py:104} INFO - [2024-04-19 01:52:51,106] {dag.py:1818} INFO - Sync 1 DAGs
[2024-04-19 01:52:51,131] {logging_mixin.py:104} INFO - [2024-04-19 01:52:51,131] {dag.py:2273} INFO - Setting next_dagrun for example_python_operator to None
[2024-04-19 01:52:51,148] {scheduler_job.py:190} INFO - Processing /home/airflow/.local/lib/python3.6/site-packages/airflow/example_dags/example_python_operator.py took 0.111 seconds
[2024-04-19 01:53:21,803] {scheduler_job.py:182} INFO - Started process (PID=785) to work on /home/airflow/.local/lib/python3.6/site-packages/airflow/example_dags/example_python_operator.py
[2024-04-19 01:53:21,804] {scheduler_job.py:629} INFO - Processing file /home/airflow/.local/lib/python3.6/site-packages/airflow/example_dags/example_python_operator.py for tasks to queue
[2024-04-19 01:53:21,806] {logging_mixin.py:104} INFO - [2024-04-19 01:53:21,805] {dagbag.py:448} INFO - Filling up the DagBag from /home/airflow/.local/lib/python3.6/site-packages/airflow/example_dags/example_python_operator.py
[2024-04-19 01:53:21,829] {scheduler_job.py:639} INFO - DAG(s) dict_keys(['example_python_operator']) retrieved from /home/airflow/.local/lib/python3.6/site-packages/airflow/example_dags/example_python_operator.py
[2024-04-19 01:53:21,864] {logging_mixin.py:104} INFO - [2024-04-19 01:53:21,863] {dag.py:1818} INFO - Sync 1 DAGs
[2024-04-19 01:53:21,888] {logging_mixin.py:104} INFO - [2024-04-19 01:53:21,887] {dag.py:2273} INFO - Setting next_dagrun for example_python_operator to None
[2024-04-19 01:53:21,904] {scheduler_job.py:190} INFO - Processing /home/airflow/.local/lib/python3.6/site-packages/airflow/example_dags/example_python_operator.py took 0.105 seconds
[2024-04-19 01:53:52,233] {scheduler_job.py:182} INFO - Started process (PID=910) to work on /home/airflow/.local/lib/python3.6/site-packages/airflow/example_dags/example_python_operator.py
[2024-04-19 01:53:52,234] {scheduler_job.py:629} INFO - Processing file /home/airflow/.local/lib/python3.6/site-packages/airflow/example_dags/example_python_operator.py for tasks to queue
[2024-04-19 01:53:52,235] {logging_mixin.py:104} INFO - [2024-04-19 01:53:52,235] {dagbag.py:448} INFO - Filling up the DagBag from /home/airflow/.local/lib/python3.6/site-packages/airflow/example_dags/example_python_operator.py
[2024-04-19 01:53:52,247] {scheduler_job.py:639} INFO - DAG(s) dict_keys(['example_python_operator']) retrieved from /home/airflow/.local/lib/python3.6/site-packages/airflow/example_dags/example_python_operator.py
[2024-04-19 01:53:52,266] {logging_mixin.py:104} INFO - [2024-04-19 01:53:52,266] {dag.py:1818} INFO - Sync 1 DAGs
[2024-04-19 01:53:52,278] {logging_mixin.py:104} INFO - [2024-04-19 01:53:52,278] {dag.py:2273} INFO - Setting next_dagrun for example_python_operator to None
[2024-04-19 01:53:52,287] {scheduler_job.py:190} INFO - Processing /home/airflow/.local/lib/python3.6/site-packages/airflow/example_dags/example_python_operator.py took 0.057 seconds
[2024-04-19 01:54:22,460] {scheduler_job.py:182} INFO - Started process (PID=1035) to work on /home/airflow/.local/lib/python3.6/site-packages/airflow/example_dags/example_python_operator.py
[2024-04-19 01:54:22,462] {scheduler_job.py:629} INFO - Processing file /home/airflow/.local/lib/python3.6/site-packages/airflow/example_dags/example_python_operator.py for tasks to queue
[2024-04-19 01:54:22,463] {logging_mixin.py:104} INFO - [2024-04-19 01:54:22,463] {dagbag.py:448} INFO - Filling up the DagBag from /home/airflow/.local/lib/python3.6/site-packages/airflow/example_dags/example_python_operator.py
[2024-04-19 01:54:22,473] {scheduler_job.py:639} INFO - DAG(s) dict_keys(['example_python_operator']) retrieved from /home/airflow/.local/lib/python3.6/site-packages/airflow/example_dags/example_python_operator.py
[2024-04-19 01:54:22,491] {logging_mixin.py:104} INFO - [2024-04-19 01:54:22,491] {dag.py:1818} INFO - Sync 1 DAGs
[2024-04-19 01:54:22,503] {logging_mixin.py:104} INFO - [2024-04-19 01:54:22,503] {dag.py:2273} INFO - Setting next_dagrun for example_python_operator to None
[2024-04-19 01:54:22,515] {scheduler_job.py:190} INFO - Processing /home/airflow/.local/lib/python3.6/site-packages/airflow/example_dags/example_python_operator.py took 0.057 seconds
[2024-04-19 01:54:52,950] {scheduler_job.py:182} INFO - Started process (PID=1170) to work on /home/airflow/.local/lib/python3.6/site-packages/airflow/example_dags/example_python_operator.py
[2024-04-19 01:54:52,951] {scheduler_job.py:629} INFO - Processing file /home/airflow/.local/lib/python3.6/site-packages/airflow/example_dags/example_python_operator.py for tasks to queue
[2024-04-19 01:54:52,952] {logging_mixin.py:104} INFO - [2024-04-19 01:54:52,951] {dagbag.py:448} INFO - Filling up the DagBag from /home/airflow/.local/lib/python3.6/site-packages/airflow/example_dags/example_python_operator.py
[2024-04-19 01:54:52,969] {scheduler_job.py:639} INFO - DAG(s) dict_keys(['example_python_operator']) retrieved from /home/airflow/.local/lib/python3.6/site-packages/airflow/example_dags/example_python_operator.py
[2024-04-19 01:54:52,991] {logging_mixin.py:104} INFO - [2024-04-19 01:54:52,991] {dag.py:1818} INFO - Sync 1 DAGs
[2024-04-19 01:54:53,004] {logging_mixin.py:104} INFO - [2024-04-19 01:54:53,004] {dag.py:2273} INFO - Setting next_dagrun for example_python_operator to None
[2024-04-19 01:54:53,016] {scheduler_job.py:190} INFO - Processing /home/airflow/.local/lib/python3.6/site-packages/airflow/example_dags/example_python_operator.py took 0.070 seconds
[2024-04-19 01:55:23,269] {scheduler_job.py:182} INFO - Started process (PID=1295) to work on /home/airflow/.local/lib/python3.6/site-packages/airflow/example_dags/example_python_operator.py
[2024-04-19 01:55:23,271] {scheduler_job.py:629} INFO - Processing file /home/airflow/.local/lib/python3.6/site-packages/airflow/example_dags/example_python_operator.py for tasks to queue
[2024-04-19 01:55:23,272] {logging_mixin.py:104} INFO - [2024-04-19 01:55:23,272] {dagbag.py:448} INFO - Filling up the DagBag from /home/airflow/.local/lib/python3.6/site-packages/airflow/example_dags/example_python_operator.py
[2024-04-19 01:55:23,287] {scheduler_job.py:639} INFO - DAG(s) dict_keys(['example_python_operator']) retrieved from /home/airflow/.local/lib/python3.6/site-packages/airflow/example_dags/example_python_operator.py
[2024-04-19 01:55:23,312] {logging_mixin.py:104} INFO - [2024-04-19 01:55:23,312] {dag.py:1818} INFO - Sync 1 DAGs
[2024-04-19 01:55:23,325] {logging_mixin.py:104} INFO - [2024-04-19 01:55:23,325] {dag.py:2273} INFO - Setting next_dagrun for example_python_operator to None
[2024-04-19 01:55:23,351] {scheduler_job.py:190} INFO - Processing /home/airflow/.local/lib/python3.6/site-packages/airflow/example_dags/example_python_operator.py took 0.085 seconds
[2024-04-19 01:55:53,529] {scheduler_job.py:182} INFO - Started process (PID=1410) to work on /home/airflow/.local/lib/python3.6/site-packages/airflow/example_dags/example_python_operator.py
[2024-04-19 01:55:53,530] {scheduler_job.py:629} INFO - Processing file /home/airflow/.local/lib/python3.6/site-packages/airflow/example_dags/example_python_operator.py for tasks to queue
[2024-04-19 01:55:53,531] {logging_mixin.py:104} INFO - [2024-04-19 01:55:53,531] {dagbag.py:448} INFO - Filling up the DagBag from /home/airflow/.local/lib/python3.6/site-packages/airflow/example_dags/example_python_operator.py
[2024-04-19 01:55:53,540] {scheduler_job.py:639} INFO - DAG(s) dict_keys(['example_python_operator']) retrieved from /home/airflow/.local/lib/python3.6/site-packages/airflow/example_dags/example_python_operator.py
[2024-04-19 01:55:53,557] {logging_mixin.py:104} INFO - [2024-04-19 01:55:53,557] {dag.py:1818} INFO - Sync 1 DAGs
[2024-04-19 01:55:53,570] {logging_mixin.py:104} INFO - [2024-04-19 01:55:53,570] {dag.py:2273} INFO - Setting next_dagrun for example_python_operator to None
[2024-04-19 01:55:53,577] {scheduler_job.py:190} INFO - Processing /home/airflow/.local/lib/python3.6/site-packages/airflow/example_dags/example_python_operator.py took 0.052 seconds
[2024-04-19 01:56:18,734] {scheduler_job.py:182} INFO - Started process (PID=244) to work on /home/airflow/.local/lib/python3.6/site-packages/airflow/example_dags/example_python_operator.py
[2024-04-19 01:56:18,736] {scheduler_job.py:629} INFO - Processing file /home/airflow/.local/lib/python3.6/site-packages/airflow/example_dags/example_python_operator.py for tasks to queue
[2024-04-19 01:56:18,737] {logging_mixin.py:104} INFO - [2024-04-19 01:56:18,737] {dagbag.py:448} INFO - Filling up the DagBag from /home/airflow/.local/lib/python3.6/site-packages/airflow/example_dags/example_python_operator.py
[2024-04-19 01:56:18,751] {scheduler_job.py:639} INFO - DAG(s) dict_keys(['example_python_operator']) retrieved from /home/airflow/.local/lib/python3.6/site-packages/airflow/example_dags/example_python_operator.py
[2024-04-19 01:56:18,779] {logging_mixin.py:104} INFO - [2024-04-19 01:56:18,779] {dag.py:1818} INFO - Sync 1 DAGs
[2024-04-19 01:56:18,793] {logging_mixin.py:104} INFO - [2024-04-19 01:56:18,792] {dag.py:2273} INFO - Setting next_dagrun for example_python_operator to None
[2024-04-19 01:56:18,805] {scheduler_job.py:190} INFO - Processing /home/airflow/.local/lib/python3.6/site-packages/airflow/example_dags/example_python_operator.py took 0.073 seconds
[2024-04-19 01:56:49,065] {scheduler_job.py:182} INFO - Started process (PID=354) to work on /home/airflow/.local/lib/python3.6/site-packages/airflow/example_dags/example_python_operator.py
[2024-04-19 01:56:49,066] {scheduler_job.py:629} INFO - Processing file /home/airflow/.local/lib/python3.6/site-packages/airflow/example_dags/example_python_operator.py for tasks to queue
[2024-04-19 01:56:49,067] {logging_mixin.py:104} INFO - [2024-04-19 01:56:49,067] {dagbag.py:448} INFO - Filling up the DagBag from /home/airflow/.local/lib/python3.6/site-packages/airflow/example_dags/example_python_operator.py
[2024-04-19 01:56:49,079] {scheduler_job.py:639} INFO - DAG(s) dict_keys(['example_python_operator']) retrieved from /home/airflow/.local/lib/python3.6/site-packages/airflow/example_dags/example_python_operator.py
[2024-04-19 01:56:49,102] {logging_mixin.py:104} INFO - [2024-04-19 01:56:49,101] {dag.py:1818} INFO - Sync 1 DAGs
[2024-04-19 01:56:49,119] {logging_mixin.py:104} INFO - [2024-04-19 01:56:49,118] {dag.py:2273} INFO - Setting next_dagrun for example_python_operator to None
[2024-04-19 01:56:49,130] {scheduler_job.py:190} INFO - Processing /home/airflow/.local/lib/python3.6/site-packages/airflow/example_dags/example_python_operator.py took 0.069 seconds
[2024-04-19 01:57:19,772] {scheduler_job.py:182} INFO - Started process (PID=485) to work on /home/airflow/.local/lib/python3.6/site-packages/airflow/example_dags/example_python_operator.py
[2024-04-19 01:57:19,774] {scheduler_job.py:629} INFO - Processing file /home/airflow/.local/lib/python3.6/site-packages/airflow/example_dags/example_python_operator.py for tasks to queue
[2024-04-19 01:57:19,775] {logging_mixin.py:104} INFO - [2024-04-19 01:57:19,775] {dagbag.py:448} INFO - Filling up the DagBag from /home/airflow/.local/lib/python3.6/site-packages/airflow/example_dags/example_python_operator.py
[2024-04-19 01:57:19,787] {scheduler_job.py:639} INFO - DAG(s) dict_keys(['example_python_operator']) retrieved from /home/airflow/.local/lib/python3.6/site-packages/airflow/example_dags/example_python_operator.py
[2024-04-19 01:57:19,813] {logging_mixin.py:104} INFO - [2024-04-19 01:57:19,813] {dag.py:1818} INFO - Sync 1 DAGs
[2024-04-19 01:57:19,824] {logging_mixin.py:104} INFO - [2024-04-19 01:57:19,824] {dag.py:2273} INFO - Setting next_dagrun for example_python_operator to None
[2024-04-19 01:57:19,840] {scheduler_job.py:190} INFO - Processing /home/airflow/.local/lib/python3.6/site-packages/airflow/example_dags/example_python_operator.py took 0.070 seconds
[2024-04-19 01:57:50,521] {scheduler_job.py:182} INFO - Started process (PID=632) to work on /home/airflow/.local/lib/python3.6/site-packages/airflow/example_dags/example_python_operator.py
[2024-04-19 01:57:50,523] {scheduler_job.py:629} INFO - Processing file /home/airflow/.local/lib/python3.6/site-packages/airflow/example_dags/example_python_operator.py for tasks to queue
[2024-04-19 01:57:50,524] {logging_mixin.py:104} INFO - [2024-04-19 01:57:50,523] {dagbag.py:448} INFO - Filling up the DagBag from /home/airflow/.local/lib/python3.6/site-packages/airflow/example_dags/example_python_operator.py
[2024-04-19 01:57:50,533] {scheduler_job.py:639} INFO - DAG(s) dict_keys(['example_python_operator']) retrieved from /home/airflow/.local/lib/python3.6/site-packages/airflow/example_dags/example_python_operator.py
[2024-04-19 01:57:50,551] {logging_mixin.py:104} INFO - [2024-04-19 01:57:50,551] {dag.py:1818} INFO - Sync 1 DAGs
[2024-04-19 01:57:50,564] {logging_mixin.py:104} INFO - [2024-04-19 01:57:50,564] {dag.py:2273} INFO - Setting next_dagrun for example_python_operator to None
[2024-04-19 01:57:50,573] {scheduler_job.py:190} INFO - Processing /home/airflow/.local/lib/python3.6/site-packages/airflow/example_dags/example_python_operator.py took 0.055 seconds
[2024-04-19 01:58:20,891] {scheduler_job.py:182} INFO - Started process (PID=770) to work on /home/airflow/.local/lib/python3.6/site-packages/airflow/example_dags/example_python_operator.py
[2024-04-19 01:58:20,893] {scheduler_job.py:629} INFO - Processing file /home/airflow/.local/lib/python3.6/site-packages/airflow/example_dags/example_python_operator.py for tasks to queue
[2024-04-19 01:58:20,894] {logging_mixin.py:104} INFO - [2024-04-19 01:58:20,894] {dagbag.py:448} INFO - Filling up the DagBag from /home/airflow/.local/lib/python3.6/site-packages/airflow/example_dags/example_python_operator.py
[2024-04-19 01:58:20,905] {scheduler_job.py:639} INFO - DAG(s) dict_keys(['example_python_operator']) retrieved from /home/airflow/.local/lib/python3.6/site-packages/airflow/example_dags/example_python_operator.py
[2024-04-19 01:58:20,922] {logging_mixin.py:104} INFO - [2024-04-19 01:58:20,922] {dag.py:1818} INFO - Sync 1 DAGs
[2024-04-19 01:58:20,934] {logging_mixin.py:104} INFO - [2024-04-19 01:58:20,934] {dag.py:2273} INFO - Setting next_dagrun for example_python_operator to None
[2024-04-19 01:58:20,943] {scheduler_job.py:190} INFO - Processing /home/airflow/.local/lib/python3.6/site-packages/airflow/example_dags/example_python_operator.py took 0.054 seconds
[2024-04-19 01:58:51,249] {scheduler_job.py:182} INFO - Started process (PID=909) to work on /home/airflow/.local/lib/python3.6/site-packages/airflow/example_dags/example_python_operator.py
[2024-04-19 01:58:51,251] {scheduler_job.py:629} INFO - Processing file /home/airflow/.local/lib/python3.6/site-packages/airflow/example_dags/example_python_operator.py for tasks to queue
[2024-04-19 01:58:51,252] {logging_mixin.py:104} INFO - [2024-04-19 01:58:51,251] {dagbag.py:448} INFO - Filling up the DagBag from /home/airflow/.local/lib/python3.6/site-packages/airflow/example_dags/example_python_operator.py
[2024-04-19 01:58:51,261] {scheduler_job.py:639} INFO - DAG(s) dict_keys(['example_python_operator']) retrieved from /home/airflow/.local/lib/python3.6/site-packages/airflow/example_dags/example_python_operator.py
[2024-04-19 01:58:51,276] {logging_mixin.py:104} INFO - [2024-04-19 01:58:51,276] {dag.py:1818} INFO - Sync 1 DAGs
[2024-04-19 01:58:51,286] {logging_mixin.py:104} INFO - [2024-04-19 01:58:51,286] {dag.py:2273} INFO - Setting next_dagrun for example_python_operator to None
[2024-04-19 01:58:51,294] {scheduler_job.py:190} INFO - Processing /home/airflow/.local/lib/python3.6/site-packages/airflow/example_dags/example_python_operator.py took 0.047 seconds
[2024-04-19 01:59:21,382] {scheduler_job.py:182} INFO - Started process (PID=1037) to work on /home/airflow/.local/lib/python3.6/site-packages/airflow/example_dags/example_python_operator.py
[2024-04-19 01:59:21,383] {scheduler_job.py:629} INFO - Processing file /home/airflow/.local/lib/python3.6/site-packages/airflow/example_dags/example_python_operator.py for tasks to queue
[2024-04-19 01:59:21,384] {logging_mixin.py:104} INFO - [2024-04-19 01:59:21,384] {dagbag.py:448} INFO - Filling up the DagBag from /home/airflow/.local/lib/python3.6/site-packages/airflow/example_dags/example_python_operator.py
[2024-04-19 01:59:21,393] {scheduler_job.py:639} INFO - DAG(s) dict_keys(['example_python_operator']) retrieved from /home/airflow/.local/lib/python3.6/site-packages/airflow/example_dags/example_python_operator.py
[2024-04-19 01:59:21,408] {logging_mixin.py:104} INFO - [2024-04-19 01:59:21,408] {dag.py:1818} INFO - Sync 1 DAGs
[2024-04-19 01:59:21,418] {logging_mixin.py:104} INFO - [2024-04-19 01:59:21,418] {dag.py:2273} INFO - Setting next_dagrun for example_python_operator to None
[2024-04-19 01:59:21,427] {scheduler_job.py:190} INFO - Processing /home/airflow/.local/lib/python3.6/site-packages/airflow/example_dags/example_python_operator.py took 0.048 seconds
[2024-04-19 01:59:51,502] {scheduler_job.py:182} INFO - Started process (PID=1167) to work on /home/airflow/.local/lib/python3.6/site-packages/airflow/example_dags/example_python_operator.py
[2024-04-19 01:59:51,504] {scheduler_job.py:629} INFO - Processing file /home/airflow/.local/lib/python3.6/site-packages/airflow/example_dags/example_python_operator.py for tasks to queue
[2024-04-19 01:59:51,505] {logging_mixin.py:104} INFO - [2024-04-19 01:59:51,505] {dagbag.py:448} INFO - Filling up the DagBag from /home/airflow/.local/lib/python3.6/site-packages/airflow/example_dags/example_python_operator.py
[2024-04-19 01:59:51,515] {scheduler_job.py:639} INFO - DAG(s) dict_keys(['example_python_operator']) retrieved from /home/airflow/.local/lib/python3.6/site-packages/airflow/example_dags/example_python_operator.py
[2024-04-19 01:59:51,531] {logging_mixin.py:104} INFO - [2024-04-19 01:59:51,531] {dag.py:1818} INFO - Sync 1 DAGs
[2024-04-19 01:59:51,541] {logging_mixin.py:104} INFO - [2024-04-19 01:59:51,541] {dag.py:2273} INFO - Setting next_dagrun for example_python_operator to None
[2024-04-19 01:59:51,551] {scheduler_job.py:190} INFO - Processing /home/airflow/.local/lib/python3.6/site-packages/airflow/example_dags/example_python_operator.py took 0.051 seconds
[2024-04-19 02:00:21,910] {scheduler_job.py:182} INFO - Started process (PID=1307) to work on /home/airflow/.local/lib/python3.6/site-packages/airflow/example_dags/example_python_operator.py
[2024-04-19 02:00:21,912] {scheduler_job.py:629} INFO - Processing file /home/airflow/.local/lib/python3.6/site-packages/airflow/example_dags/example_python_operator.py for tasks to queue
[2024-04-19 02:00:21,913] {logging_mixin.py:104} INFO - [2024-04-19 02:00:21,913] {dagbag.py:448} INFO - Filling up the DagBag from /home/airflow/.local/lib/python3.6/site-packages/airflow/example_dags/example_python_operator.py
[2024-04-19 02:00:21,922] {scheduler_job.py:639} INFO - DAG(s) dict_keys(['example_python_operator']) retrieved from /home/airflow/.local/lib/python3.6/site-packages/airflow/example_dags/example_python_operator.py
[2024-04-19 02:00:21,937] {logging_mixin.py:104} INFO - [2024-04-19 02:00:21,937] {dag.py:1818} INFO - Sync 1 DAGs
[2024-04-19 02:00:21,947] {logging_mixin.py:104} INFO - [2024-04-19 02:00:21,947] {dag.py:2273} INFO - Setting next_dagrun for example_python_operator to None
[2024-04-19 02:00:21,955] {scheduler_job.py:190} INFO - Processing /home/airflow/.local/lib/python3.6/site-packages/airflow/example_dags/example_python_operator.py took 0.048 seconds
[2024-04-19 02:00:52,055] {scheduler_job.py:182} INFO - Started process (PID=1437) to work on /home/airflow/.local/lib/python3.6/site-packages/airflow/example_dags/example_python_operator.py
[2024-04-19 02:00:52,056] {scheduler_job.py:629} INFO - Processing file /home/airflow/.local/lib/python3.6/site-packages/airflow/example_dags/example_python_operator.py for tasks to queue
[2024-04-19 02:00:52,057] {logging_mixin.py:104} INFO - [2024-04-19 02:00:52,056] {dagbag.py:448} INFO - Filling up the DagBag from /home/airflow/.local/lib/python3.6/site-packages/airflow/example_dags/example_python_operator.py
[2024-04-19 02:00:52,066] {scheduler_job.py:639} INFO - DAG(s) dict_keys(['example_python_operator']) retrieved from /home/airflow/.local/lib/python3.6/site-packages/airflow/example_dags/example_python_operator.py
[2024-04-19 02:00:52,081] {logging_mixin.py:104} INFO - [2024-04-19 02:00:52,081] {dag.py:1818} INFO - Sync 1 DAGs
[2024-04-19 02:00:52,090] {logging_mixin.py:104} INFO - [2024-04-19 02:00:52,090] {dag.py:2273} INFO - Setting next_dagrun for example_python_operator to None
[2024-04-19 02:00:52,098] {scheduler_job.py:190} INFO - Processing /home/airflow/.local/lib/python3.6/site-packages/airflow/example_dags/example_python_operator.py took 0.045 seconds
[2024-04-19 02:01:22,556] {scheduler_job.py:182} INFO - Started process (PID=1555) to work on /home/airflow/.local/lib/python3.6/site-packages/airflow/example_dags/example_python_operator.py
[2024-04-19 02:01:22,557] {scheduler_job.py:629} INFO - Processing file /home/airflow/.local/lib/python3.6/site-packages/airflow/example_dags/example_python_operator.py for tasks to queue
[2024-04-19 02:01:22,558] {logging_mixin.py:104} INFO - [2024-04-19 02:01:22,558] {dagbag.py:448} INFO - Filling up the DagBag from /home/airflow/.local/lib/python3.6/site-packages/airflow/example_dags/example_python_operator.py
[2024-04-19 02:01:22,573] {scheduler_job.py:639} INFO - DAG(s) dict_keys(['example_python_operator']) retrieved from /home/airflow/.local/lib/python3.6/site-packages/airflow/example_dags/example_python_operator.py
[2024-04-19 02:01:22,635] {logging_mixin.py:104} INFO - [2024-04-19 02:01:22,635] {dag.py:1818} INFO - Sync 1 DAGs
[2024-04-19 02:01:22,668] {logging_mixin.py:104} INFO - [2024-04-19 02:01:22,668] {dag.py:2273} INFO - Setting next_dagrun for example_python_operator to None
[2024-04-19 02:01:22,681] {scheduler_job.py:190} INFO - Processing /home/airflow/.local/lib/python3.6/site-packages/airflow/example_dags/example_python_operator.py took 0.128 seconds
[2024-04-19 02:01:53,102] {scheduler_job.py:182} INFO - Started process (PID=1662) to work on /home/airflow/.local/lib/python3.6/site-packages/airflow/example_dags/example_python_operator.py
[2024-04-19 02:01:53,103] {scheduler_job.py:629} INFO - Processing file /home/airflow/.local/lib/python3.6/site-packages/airflow/example_dags/example_python_operator.py for tasks to queue
[2024-04-19 02:01:53,105] {logging_mixin.py:104} INFO - [2024-04-19 02:01:53,104] {dagbag.py:448} INFO - Filling up the DagBag from /home/airflow/.local/lib/python3.6/site-packages/airflow/example_dags/example_python_operator.py
[2024-04-19 02:01:53,119] {scheduler_job.py:639} INFO - DAG(s) dict_keys(['example_python_operator']) retrieved from /home/airflow/.local/lib/python3.6/site-packages/airflow/example_dags/example_python_operator.py
[2024-04-19 02:01:53,145] {logging_mixin.py:104} INFO - [2024-04-19 02:01:53,145] {dag.py:1818} INFO - Sync 1 DAGs
[2024-04-19 02:01:53,158] {logging_mixin.py:104} INFO - [2024-04-19 02:01:53,158] {dag.py:2273} INFO - Setting next_dagrun for example_python_operator to None
[2024-04-19 02:01:53,166] {scheduler_job.py:190} INFO - Processing /home/airflow/.local/lib/python3.6/site-packages/airflow/example_dags/example_python_operator.py took 0.067 seconds
[2024-04-19 02:02:23,370] {scheduler_job.py:182} INFO - Started process (PID=1785) to work on /home/airflow/.local/lib/python3.6/site-packages/airflow/example_dags/example_python_operator.py
[2024-04-19 02:02:23,371] {scheduler_job.py:629} INFO - Processing file /home/airflow/.local/lib/python3.6/site-packages/airflow/example_dags/example_python_operator.py for tasks to queue
[2024-04-19 02:02:23,373] {logging_mixin.py:104} INFO - [2024-04-19 02:02:23,372] {dagbag.py:448} INFO - Filling up the DagBag from /home/airflow/.local/lib/python3.6/site-packages/airflow/example_dags/example_python_operator.py
[2024-04-19 02:02:23,386] {scheduler_job.py:639} INFO - DAG(s) dict_keys(['example_python_operator']) retrieved from /home/airflow/.local/lib/python3.6/site-packages/airflow/example_dags/example_python_operator.py
[2024-04-19 02:02:23,404] {logging_mixin.py:104} INFO - [2024-04-19 02:02:23,404] {dag.py:1818} INFO - Sync 1 DAGs
[2024-04-19 02:02:23,418] {logging_mixin.py:104} INFO - [2024-04-19 02:02:23,417] {dag.py:2273} INFO - Setting next_dagrun for example_python_operator to None
[2024-04-19 02:02:23,428] {scheduler_job.py:190} INFO - Processing /home/airflow/.local/lib/python3.6/site-packages/airflow/example_dags/example_python_operator.py took 0.062 seconds
[2024-04-19 02:02:53,621] {scheduler_job.py:182} INFO - Started process (PID=1919) to work on /home/airflow/.local/lib/python3.6/site-packages/airflow/example_dags/example_python_operator.py
[2024-04-19 02:02:53,622] {scheduler_job.py:629} INFO - Processing file /home/airflow/.local/lib/python3.6/site-packages/airflow/example_dags/example_python_operator.py for tasks to queue
[2024-04-19 02:02:53,622] {logging_mixin.py:104} INFO - [2024-04-19 02:02:53,622] {dagbag.py:448} INFO - Filling up the DagBag from /home/airflow/.local/lib/python3.6/site-packages/airflow/example_dags/example_python_operator.py
[2024-04-19 02:02:53,630] {scheduler_job.py:639} INFO - DAG(s) dict_keys(['example_python_operator']) retrieved from /home/airflow/.local/lib/python3.6/site-packages/airflow/example_dags/example_python_operator.py
[2024-04-19 02:02:53,644] {logging_mixin.py:104} INFO - [2024-04-19 02:02:53,644] {dag.py:1818} INFO - Sync 1 DAGs
[2024-04-19 02:02:53,653] {logging_mixin.py:104} INFO - [2024-04-19 02:02:53,653] {dag.py:2273} INFO - Setting next_dagrun for example_python_operator to None
[2024-04-19 02:02:53,661] {scheduler_job.py:190} INFO - Processing /home/airflow/.local/lib/python3.6/site-packages/airflow/example_dags/example_python_operator.py took 0.044 seconds
[2024-04-19 02:03:23,757] {scheduler_job.py:182} INFO - Started process (PID=2050) to work on /home/airflow/.local/lib/python3.6/site-packages/airflow/example_dags/example_python_operator.py
[2024-04-19 02:03:23,758] {scheduler_job.py:629} INFO - Processing file /home/airflow/.local/lib/python3.6/site-packages/airflow/example_dags/example_python_operator.py for tasks to queue
[2024-04-19 02:03:23,759] {logging_mixin.py:104} INFO - [2024-04-19 02:03:23,759] {dagbag.py:448} INFO - Filling up the DagBag from /home/airflow/.local/lib/python3.6/site-packages/airflow/example_dags/example_python_operator.py
[2024-04-19 02:03:23,767] {scheduler_job.py:639} INFO - DAG(s) dict_keys(['example_python_operator']) retrieved from /home/airflow/.local/lib/python3.6/site-packages/airflow/example_dags/example_python_operator.py
[2024-04-19 02:03:23,781] {logging_mixin.py:104} INFO - [2024-04-19 02:03:23,781] {dag.py:1818} INFO - Sync 1 DAGs
[2024-04-19 02:03:23,790] {logging_mixin.py:104} INFO - [2024-04-19 02:03:23,790] {dag.py:2273} INFO - Setting next_dagrun for example_python_operator to None
[2024-04-19 02:03:23,797] {scheduler_job.py:190} INFO - Processing /home/airflow/.local/lib/python3.6/site-packages/airflow/example_dags/example_python_operator.py took 0.043 seconds
[2024-04-19 02:03:53,906] {scheduler_job.py:182} INFO - Started process (PID=2177) to work on /home/airflow/.local/lib/python3.6/site-packages/airflow/example_dags/example_python_operator.py
[2024-04-19 02:03:53,907] {scheduler_job.py:629} INFO - Processing file /home/airflow/.local/lib/python3.6/site-packages/airflow/example_dags/example_python_operator.py for tasks to queue
[2024-04-19 02:03:53,908] {logging_mixin.py:104} INFO - [2024-04-19 02:03:53,908] {dagbag.py:448} INFO - Filling up the DagBag from /home/airflow/.local/lib/python3.6/site-packages/airflow/example_dags/example_python_operator.py
[2024-04-19 02:03:53,915] {scheduler_job.py:639} INFO - DAG(s) dict_keys(['example_python_operator']) retrieved from /home/airflow/.local/lib/python3.6/site-packages/airflow/example_dags/example_python_operator.py
[2024-04-19 02:03:53,929] {logging_mixin.py:104} INFO - [2024-04-19 02:03:53,929] {dag.py:1818} INFO - Sync 1 DAGs
[2024-04-19 02:03:53,939] {logging_mixin.py:104} INFO - [2024-04-19 02:03:53,938] {dag.py:2273} INFO - Setting next_dagrun for example_python_operator to None
[2024-04-19 02:03:53,945] {scheduler_job.py:190} INFO - Processing /home/airflow/.local/lib/python3.6/site-packages/airflow/example_dags/example_python_operator.py took 0.041 seconds
[2024-04-19 02:04:24,391] {scheduler_job.py:182} INFO - Started process (PID=2321) to work on /home/airflow/.local/lib/python3.6/site-packages/airflow/example_dags/example_python_operator.py
[2024-04-19 02:04:24,393] {scheduler_job.py:629} INFO - Processing file /home/airflow/.local/lib/python3.6/site-packages/airflow/example_dags/example_python_operator.py for tasks to queue
[2024-04-19 02:04:24,395] {logging_mixin.py:104} INFO - [2024-04-19 02:04:24,395] {dagbag.py:448} INFO - Filling up the DagBag from /home/airflow/.local/lib/python3.6/site-packages/airflow/example_dags/example_python_operator.py
[2024-04-19 02:04:24,407] {scheduler_job.py:639} INFO - DAG(s) dict_keys(['example_python_operator']) retrieved from /home/airflow/.local/lib/python3.6/site-packages/airflow/example_dags/example_python_operator.py
[2024-04-19 02:04:24,427] {logging_mixin.py:104} INFO - [2024-04-19 02:04:24,426] {dag.py:1818} INFO - Sync 1 DAGs
[2024-04-19 02:04:24,441] {logging_mixin.py:104} INFO - [2024-04-19 02:04:24,441] {dag.py:2273} INFO - Setting next_dagrun for example_python_operator to None
[2024-04-19 02:04:24,454] {scheduler_job.py:190} INFO - Processing /home/airflow/.local/lib/python3.6/site-packages/airflow/example_dags/example_python_operator.py took 0.068 seconds
[2024-04-19 02:04:54,847] {scheduler_job.py:182} INFO - Started process (PID=2452) to work on /home/airflow/.local/lib/python3.6/site-packages/airflow/example_dags/example_python_operator.py
[2024-04-19 02:04:54,849] {scheduler_job.py:629} INFO - Processing file /home/airflow/.local/lib/python3.6/site-packages/airflow/example_dags/example_python_operator.py for tasks to queue
[2024-04-19 02:04:54,850] {logging_mixin.py:104} INFO - [2024-04-19 02:04:54,850] {dagbag.py:448} INFO - Filling up the DagBag from /home/airflow/.local/lib/python3.6/site-packages/airflow/example_dags/example_python_operator.py
[2024-04-19 02:04:54,861] {scheduler_job.py:639} INFO - DAG(s) dict_keys(['example_python_operator']) retrieved from /home/airflow/.local/lib/python3.6/site-packages/airflow/example_dags/example_python_operator.py
[2024-04-19 02:04:54,884] {logging_mixin.py:104} INFO - [2024-04-19 02:04:54,884] {dag.py:1818} INFO - Sync 1 DAGs
[2024-04-19 02:04:54,901] {logging_mixin.py:104} INFO - [2024-04-19 02:04:54,901] {dag.py:2273} INFO - Setting next_dagrun for example_python_operator to None
[2024-04-19 02:04:54,909] {scheduler_job.py:190} INFO - Processing /home/airflow/.local/lib/python3.6/site-packages/airflow/example_dags/example_python_operator.py took 0.065 seconds
[2024-04-19 02:05:25,297] {scheduler_job.py:182} INFO - Started process (PID=2587) to work on /home/airflow/.local/lib/python3.6/site-packages/airflow/example_dags/example_python_operator.py
[2024-04-19 02:05:25,298] {scheduler_job.py:629} INFO - Processing file /home/airflow/.local/lib/python3.6/site-packages/airflow/example_dags/example_python_operator.py for tasks to queue
[2024-04-19 02:05:25,299] {logging_mixin.py:104} INFO - [2024-04-19 02:05:25,299] {dagbag.py:448} INFO - Filling up the DagBag from /home/airflow/.local/lib/python3.6/site-packages/airflow/example_dags/example_python_operator.py
[2024-04-19 02:05:25,306] {scheduler_job.py:639} INFO - DAG(s) dict_keys(['example_python_operator']) retrieved from /home/airflow/.local/lib/python3.6/site-packages/airflow/example_dags/example_python_operator.py
[2024-04-19 02:05:25,320] {logging_mixin.py:104} INFO - [2024-04-19 02:05:25,320] {dag.py:1818} INFO - Sync 1 DAGs
[2024-04-19 02:05:25,330] {logging_mixin.py:104} INFO - [2024-04-19 02:05:25,330] {dag.py:2273} INFO - Setting next_dagrun for example_python_operator to None
[2024-04-19 02:05:25,336] {scheduler_job.py:190} INFO - Processing /home/airflow/.local/lib/python3.6/site-packages/airflow/example_dags/example_python_operator.py took 0.041 seconds
[2024-04-19 02:05:55,404] {scheduler_job.py:182} INFO - Started process (PID=2715) to work on /home/airflow/.local/lib/python3.6/site-packages/airflow/example_dags/example_python_operator.py
[2024-04-19 02:05:55,405] {scheduler_job.py:629} INFO - Processing file /home/airflow/.local/lib/python3.6/site-packages/airflow/example_dags/example_python_operator.py for tasks to queue
[2024-04-19 02:05:55,406] {logging_mixin.py:104} INFO - [2024-04-19 02:05:55,406] {dagbag.py:448} INFO - Filling up the DagBag from /home/airflow/.local/lib/python3.6/site-packages/airflow/example_dags/example_python_operator.py
[2024-04-19 02:05:55,415] {scheduler_job.py:639} INFO - DAG(s) dict_keys(['example_python_operator']) retrieved from /home/airflow/.local/lib/python3.6/site-packages/airflow/example_dags/example_python_operator.py
[2024-04-19 02:05:55,430] {logging_mixin.py:104} INFO - [2024-04-19 02:05:55,430] {dag.py:1818} INFO - Sync 1 DAGs
[2024-04-19 02:05:55,440] {logging_mixin.py:104} INFO - [2024-04-19 02:05:55,440] {dag.py:2273} INFO - Setting next_dagrun for example_python_operator to None
[2024-04-19 02:05:55,447] {scheduler_job.py:190} INFO - Processing /home/airflow/.local/lib/python3.6/site-packages/airflow/example_dags/example_python_operator.py took 0.045 seconds
[2024-04-19 02:06:25,620] {scheduler_job.py:182} INFO - Started process (PID=2837) to work on /home/airflow/.local/lib/python3.6/site-packages/airflow/example_dags/example_python_operator.py
[2024-04-19 02:06:25,621] {scheduler_job.py:629} INFO - Processing file /home/airflow/.local/lib/python3.6/site-packages/airflow/example_dags/example_python_operator.py for tasks to queue
[2024-04-19 02:06:25,622] {logging_mixin.py:104} INFO - [2024-04-19 02:06:25,622] {dagbag.py:448} INFO - Filling up the DagBag from /home/airflow/.local/lib/python3.6/site-packages/airflow/example_dags/example_python_operator.py
[2024-04-19 02:06:25,640] {scheduler_job.py:639} INFO - DAG(s) dict_keys(['example_python_operator']) retrieved from /home/airflow/.local/lib/python3.6/site-packages/airflow/example_dags/example_python_operator.py
[2024-04-19 02:06:25,660] {logging_mixin.py:104} INFO - [2024-04-19 02:06:25,660] {dag.py:1818} INFO - Sync 1 DAGs
[2024-04-19 02:06:25,672] {logging_mixin.py:104} INFO - [2024-04-19 02:06:25,672] {dag.py:2273} INFO - Setting next_dagrun for example_python_operator to None
[2024-04-19 02:06:25,680] {scheduler_job.py:190} INFO - Processing /home/airflow/.local/lib/python3.6/site-packages/airflow/example_dags/example_python_operator.py took 0.063 seconds
[2024-04-19 02:06:55,792] {scheduler_job.py:182} INFO - Started process (PID=2964) to work on /home/airflow/.local/lib/python3.6/site-packages/airflow/example_dags/example_python_operator.py
[2024-04-19 02:06:55,793] {scheduler_job.py:629} INFO - Processing file /home/airflow/.local/lib/python3.6/site-packages/airflow/example_dags/example_python_operator.py for tasks to queue
[2024-04-19 02:06:55,793] {logging_mixin.py:104} INFO - [2024-04-19 02:06:55,793] {dagbag.py:448} INFO - Filling up the DagBag from /home/airflow/.local/lib/python3.6/site-packages/airflow/example_dags/example_python_operator.py
[2024-04-19 02:06:55,801] {scheduler_job.py:639} INFO - DAG(s) dict_keys(['example_python_operator']) retrieved from /home/airflow/.local/lib/python3.6/site-packages/airflow/example_dags/example_python_operator.py
[2024-04-19 02:06:55,816] {logging_mixin.py:104} INFO - [2024-04-19 02:06:55,816] {dag.py:1818} INFO - Sync 1 DAGs
[2024-04-19 02:06:55,825] {logging_mixin.py:104} INFO - [2024-04-19 02:06:55,825] {dag.py:2273} INFO - Setting next_dagrun for example_python_operator to None
[2024-04-19 02:06:55,833] {scheduler_job.py:190} INFO - Processing /home/airflow/.local/lib/python3.6/site-packages/airflow/example_dags/example_python_operator.py took 0.044 seconds
[2024-04-19 02:07:26,238] {scheduler_job.py:182} INFO - Started process (PID=3107) to work on /home/airflow/.local/lib/python3.6/site-packages/airflow/example_dags/example_python_operator.py
[2024-04-19 02:07:26,240] {scheduler_job.py:629} INFO - Processing file /home/airflow/.local/lib/python3.6/site-packages/airflow/example_dags/example_python_operator.py for tasks to queue
[2024-04-19 02:07:26,242] {logging_mixin.py:104} INFO - [2024-04-19 02:07:26,242] {dagbag.py:448} INFO - Filling up the DagBag from /home/airflow/.local/lib/python3.6/site-packages/airflow/example_dags/example_python_operator.py
[2024-04-19 02:07:26,259] {scheduler_job.py:639} INFO - DAG(s) dict_keys(['example_python_operator']) retrieved from /home/airflow/.local/lib/python3.6/site-packages/airflow/example_dags/example_python_operator.py
[2024-04-19 02:07:26,279] {logging_mixin.py:104} INFO - [2024-04-19 02:07:26,279] {dag.py:1818} INFO - Sync 1 DAGs
[2024-04-19 02:07:26,293] {logging_mixin.py:104} INFO - [2024-04-19 02:07:26,293] {dag.py:2273} INFO - Setting next_dagrun for example_python_operator to None
[2024-04-19 02:07:26,301] {scheduler_job.py:190} INFO - Processing /home/airflow/.local/lib/python3.6/site-packages/airflow/example_dags/example_python_operator.py took 0.065 seconds
[2024-04-19 02:07:56,426] {scheduler_job.py:182} INFO - Started process (PID=3237) to work on /home/airflow/.local/lib/python3.6/site-packages/airflow/example_dags/example_python_operator.py
[2024-04-19 02:07:56,427] {scheduler_job.py:629} INFO - Processing file /home/airflow/.local/lib/python3.6/site-packages/airflow/example_dags/example_python_operator.py for tasks to queue
[2024-04-19 02:07:56,427] {logging_mixin.py:104} INFO - [2024-04-19 02:07:56,427] {dagbag.py:448} INFO - Filling up the DagBag from /home/airflow/.local/lib/python3.6/site-packages/airflow/example_dags/example_python_operator.py
[2024-04-19 02:07:56,435] {scheduler_job.py:639} INFO - DAG(s) dict_keys(['example_python_operator']) retrieved from /home/airflow/.local/lib/python3.6/site-packages/airflow/example_dags/example_python_operator.py
[2024-04-19 02:07:56,450] {logging_mixin.py:104} INFO - [2024-04-19 02:07:56,450] {dag.py:1818} INFO - Sync 1 DAGs
[2024-04-19 02:07:56,460] {logging_mixin.py:104} INFO - [2024-04-19 02:07:56,460] {dag.py:2273} INFO - Setting next_dagrun for example_python_operator to None
[2024-04-19 02:07:56,466] {scheduler_job.py:190} INFO - Processing /home/airflow/.local/lib/python3.6/site-packages/airflow/example_dags/example_python_operator.py took 0.042 seconds
[2024-04-19 02:08:26,839] {scheduler_job.py:182} INFO - Started process (PID=3375) to work on /home/airflow/.local/lib/python3.6/site-packages/airflow/example_dags/example_python_operator.py
[2024-04-19 02:08:26,840] {scheduler_job.py:629} INFO - Processing file /home/airflow/.local/lib/python3.6/site-packages/airflow/example_dags/example_python_operator.py for tasks to queue
[2024-04-19 02:08:26,841] {logging_mixin.py:104} INFO - [2024-04-19 02:08:26,841] {dagbag.py:448} INFO - Filling up the DagBag from /home/airflow/.local/lib/python3.6/site-packages/airflow/example_dags/example_python_operator.py
[2024-04-19 02:08:26,850] {scheduler_job.py:639} INFO - DAG(s) dict_keys(['example_python_operator']) retrieved from /home/airflow/.local/lib/python3.6/site-packages/airflow/example_dags/example_python_operator.py
[2024-04-19 02:08:26,866] {logging_mixin.py:104} INFO - [2024-04-19 02:08:26,866] {dag.py:1818} INFO - Sync 1 DAGs
[2024-04-19 02:08:26,878] {logging_mixin.py:104} INFO - [2024-04-19 02:08:26,878] {dag.py:2273} INFO - Setting next_dagrun for example_python_operator to None
[2024-04-19 02:08:26,889] {scheduler_job.py:190} INFO - Processing /home/airflow/.local/lib/python3.6/site-packages/airflow/example_dags/example_python_operator.py took 0.052 seconds
[2024-04-19 02:08:57,163] {scheduler_job.py:182} INFO - Started process (PID=3515) to work on /home/airflow/.local/lib/python3.6/site-packages/airflow/example_dags/example_python_operator.py
[2024-04-19 02:08:57,164] {scheduler_job.py:629} INFO - Processing file /home/airflow/.local/lib/python3.6/site-packages/airflow/example_dags/example_python_operator.py for tasks to queue
[2024-04-19 02:08:57,165] {logging_mixin.py:104} INFO - [2024-04-19 02:08:57,165] {dagbag.py:448} INFO - Filling up the DagBag from /home/airflow/.local/lib/python3.6/site-packages/airflow/example_dags/example_python_operator.py
[2024-04-19 02:08:57,174] {scheduler_job.py:639} INFO - DAG(s) dict_keys(['example_python_operator']) retrieved from /home/airflow/.local/lib/python3.6/site-packages/airflow/example_dags/example_python_operator.py
[2024-04-19 02:08:57,190] {logging_mixin.py:104} INFO - [2024-04-19 02:08:57,190] {dag.py:1818} INFO - Sync 1 DAGs
[2024-04-19 02:08:57,202] {logging_mixin.py:104} INFO - [2024-04-19 02:08:57,202] {dag.py:2273} INFO - Setting next_dagrun for example_python_operator to None
[2024-04-19 02:08:57,209] {scheduler_job.py:190} INFO - Processing /home/airflow/.local/lib/python3.6/site-packages/airflow/example_dags/example_python_operator.py took 0.050 seconds
[2024-04-19 02:09:27,312] {scheduler_job.py:182} INFO - Started process (PID=3635) to work on /home/airflow/.local/lib/python3.6/site-packages/airflow/example_dags/example_python_operator.py
[2024-04-19 02:09:27,314] {scheduler_job.py:629} INFO - Processing file /home/airflow/.local/lib/python3.6/site-packages/airflow/example_dags/example_python_operator.py for tasks to queue
[2024-04-19 02:09:27,315] {logging_mixin.py:104} INFO - [2024-04-19 02:09:27,315] {dagbag.py:448} INFO - Filling up the DagBag from /home/airflow/.local/lib/python3.6/site-packages/airflow/example_dags/example_python_operator.py
[2024-04-19 02:09:27,323] {scheduler_job.py:639} INFO - DAG(s) dict_keys(['example_python_operator']) retrieved from /home/airflow/.local/lib/python3.6/site-packages/airflow/example_dags/example_python_operator.py
[2024-04-19 02:09:27,339] {logging_mixin.py:104} INFO - [2024-04-19 02:09:27,339] {dag.py:1818} INFO - Sync 1 DAGs
[2024-04-19 02:09:27,350] {logging_mixin.py:104} INFO - [2024-04-19 02:09:27,350] {dag.py:2273} INFO - Setting next_dagrun for example_python_operator to None
[2024-04-19 02:09:27,357] {scheduler_job.py:190} INFO - Processing /home/airflow/.local/lib/python3.6/site-packages/airflow/example_dags/example_python_operator.py took 0.046 seconds
[2024-04-19 02:09:57,531] {scheduler_job.py:182} INFO - Started process (PID=3765) to work on /home/airflow/.local/lib/python3.6/site-packages/airflow/example_dags/example_python_operator.py
[2024-04-19 02:09:57,532] {scheduler_job.py:629} INFO - Processing file /home/airflow/.local/lib/python3.6/site-packages/airflow/example_dags/example_python_operator.py for tasks to queue
[2024-04-19 02:09:57,533] {logging_mixin.py:104} INFO - [2024-04-19 02:09:57,533] {dagbag.py:448} INFO - Filling up the DagBag from /home/airflow/.local/lib/python3.6/site-packages/airflow/example_dags/example_python_operator.py
[2024-04-19 02:09:57,542] {scheduler_job.py:639} INFO - DAG(s) dict_keys(['example_python_operator']) retrieved from /home/airflow/.local/lib/python3.6/site-packages/airflow/example_dags/example_python_operator.py
[2024-04-19 02:09:57,561] {logging_mixin.py:104} INFO - [2024-04-19 02:09:57,561] {dag.py:1818} INFO - Sync 1 DAGs
[2024-04-19 02:09:57,571] {logging_mixin.py:104} INFO - [2024-04-19 02:09:57,571] {dag.py:2273} INFO - Setting next_dagrun for example_python_operator to None
[2024-04-19 02:09:57,582] {scheduler_job.py:190} INFO - Processing /home/airflow/.local/lib/python3.6/site-packages/airflow/example_dags/example_python_operator.py took 0.053 seconds
[2024-04-19 02:10:27,785] {scheduler_job.py:182} INFO - Started process (PID=3895) to work on /home/airflow/.local/lib/python3.6/site-packages/airflow/example_dags/example_python_operator.py
[2024-04-19 02:10:27,787] {scheduler_job.py:629} INFO - Processing file /home/airflow/.local/lib/python3.6/site-packages/airflow/example_dags/example_python_operator.py for tasks to queue
[2024-04-19 02:10:27,788] {logging_mixin.py:104} INFO - [2024-04-19 02:10:27,787] {dagbag.py:448} INFO - Filling up the DagBag from /home/airflow/.local/lib/python3.6/site-packages/airflow/example_dags/example_python_operator.py
[2024-04-19 02:10:27,797] {scheduler_job.py:639} INFO - DAG(s) dict_keys(['example_python_operator']) retrieved from /home/airflow/.local/lib/python3.6/site-packages/airflow/example_dags/example_python_operator.py
[2024-04-19 02:10:27,814] {logging_mixin.py:104} INFO - [2024-04-19 02:10:27,814] {dag.py:1818} INFO - Sync 1 DAGs
[2024-04-19 02:10:27,824] {logging_mixin.py:104} INFO - [2024-04-19 02:10:27,823] {dag.py:2273} INFO - Setting next_dagrun for example_python_operator to None
[2024-04-19 02:10:27,832] {scheduler_job.py:190} INFO - Processing /home/airflow/.local/lib/python3.6/site-packages/airflow/example_dags/example_python_operator.py took 0.049 seconds
[2024-04-19 02:10:57,893] {scheduler_job.py:182} INFO - Started process (PID=4025) to work on /home/airflow/.local/lib/python3.6/site-packages/airflow/example_dags/example_python_operator.py
[2024-04-19 02:10:57,894] {scheduler_job.py:629} INFO - Processing file /home/airflow/.local/lib/python3.6/site-packages/airflow/example_dags/example_python_operator.py for tasks to queue
[2024-04-19 02:10:57,895] {logging_mixin.py:104} INFO - [2024-04-19 02:10:57,895] {dagbag.py:448} INFO - Filling up the DagBag from /home/airflow/.local/lib/python3.6/site-packages/airflow/example_dags/example_python_operator.py
[2024-04-19 02:10:57,904] {scheduler_job.py:639} INFO - DAG(s) dict_keys(['example_python_operator']) retrieved from /home/airflow/.local/lib/python3.6/site-packages/airflow/example_dags/example_python_operator.py
[2024-04-19 02:10:57,919] {logging_mixin.py:104} INFO - [2024-04-19 02:10:57,919] {dag.py:1818} INFO - Sync 1 DAGs
[2024-04-19 02:10:57,931] {logging_mixin.py:104} INFO - [2024-04-19 02:10:57,930] {dag.py:2273} INFO - Setting next_dagrun for example_python_operator to None
[2024-04-19 02:10:57,937] {scheduler_job.py:190} INFO - Processing /home/airflow/.local/lib/python3.6/site-packages/airflow/example_dags/example_python_operator.py took 0.047 seconds
[2024-04-19 02:11:28,105] {scheduler_job.py:182} INFO - Started process (PID=4157) to work on /home/airflow/.local/lib/python3.6/site-packages/airflow/example_dags/example_python_operator.py
[2024-04-19 02:11:28,106] {scheduler_job.py:629} INFO - Processing file /home/airflow/.local/lib/python3.6/site-packages/airflow/example_dags/example_python_operator.py for tasks to queue
[2024-04-19 02:11:28,106] {logging_mixin.py:104} INFO - [2024-04-19 02:11:28,106] {dagbag.py:448} INFO - Filling up the DagBag from /home/airflow/.local/lib/python3.6/site-packages/airflow/example_dags/example_python_operator.py
[2024-04-19 02:11:28,114] {scheduler_job.py:639} INFO - DAG(s) dict_keys(['example_python_operator']) retrieved from /home/airflow/.local/lib/python3.6/site-packages/airflow/example_dags/example_python_operator.py
[2024-04-19 02:11:28,130] {logging_mixin.py:104} INFO - [2024-04-19 02:11:28,130] {dag.py:1818} INFO - Sync 1 DAGs
[2024-04-19 02:11:28,146] {logging_mixin.py:104} INFO - [2024-04-19 02:11:28,146] {dag.py:2273} INFO - Setting next_dagrun for example_python_operator to None
[2024-04-19 02:11:28,155] {scheduler_job.py:190} INFO - Processing /home/airflow/.local/lib/python3.6/site-packages/airflow/example_dags/example_python_operator.py took 0.052 seconds
[2024-04-19 02:11:58,229] {scheduler_job.py:182} INFO - Started process (PID=4287) to work on /home/airflow/.local/lib/python3.6/site-packages/airflow/example_dags/example_python_operator.py
[2024-04-19 02:11:58,230] {scheduler_job.py:629} INFO - Processing file /home/airflow/.local/lib/python3.6/site-packages/airflow/example_dags/example_python_operator.py for tasks to queue
[2024-04-19 02:11:58,230] {logging_mixin.py:104} INFO - [2024-04-19 02:11:58,230] {dagbag.py:448} INFO - Filling up the DagBag from /home/airflow/.local/lib/python3.6/site-packages/airflow/example_dags/example_python_operator.py
[2024-04-19 02:11:58,239] {scheduler_job.py:639} INFO - DAG(s) dict_keys(['example_python_operator']) retrieved from /home/airflow/.local/lib/python3.6/site-packages/airflow/example_dags/example_python_operator.py
[2024-04-19 02:11:58,255] {logging_mixin.py:104} INFO - [2024-04-19 02:11:58,255] {dag.py:1818} INFO - Sync 1 DAGs
[2024-04-19 02:11:58,266] {logging_mixin.py:104} INFO - [2024-04-19 02:11:58,266] {dag.py:2273} INFO - Setting next_dagrun for example_python_operator to None
[2024-04-19 02:11:58,274] {scheduler_job.py:190} INFO - Processing /home/airflow/.local/lib/python3.6/site-packages/airflow/example_dags/example_python_operator.py took 0.048 seconds
[2024-04-19 02:12:28,485] {scheduler_job.py:182} INFO - Started process (PID=4397) to work on /home/airflow/.local/lib/python3.6/site-packages/airflow/example_dags/example_python_operator.py
[2024-04-19 02:12:28,486] {scheduler_job.py:629} INFO - Processing file /home/airflow/.local/lib/python3.6/site-packages/airflow/example_dags/example_python_operator.py for tasks to queue
[2024-04-19 02:12:28,487] {logging_mixin.py:104} INFO - [2024-04-19 02:12:28,487] {dagbag.py:448} INFO - Filling up the DagBag from /home/airflow/.local/lib/python3.6/site-packages/airflow/example_dags/example_python_operator.py
[2024-04-19 02:12:28,495] {scheduler_job.py:639} INFO - DAG(s) dict_keys(['example_python_operator']) retrieved from /home/airflow/.local/lib/python3.6/site-packages/airflow/example_dags/example_python_operator.py
[2024-04-19 02:12:28,509] {logging_mixin.py:104} INFO - [2024-04-19 02:12:28,509] {dag.py:1818} INFO - Sync 1 DAGs
[2024-04-19 02:12:28,520] {logging_mixin.py:104} INFO - [2024-04-19 02:12:28,520] {dag.py:2273} INFO - Setting next_dagrun for example_python_operator to None
[2024-04-19 02:12:28,527] {scheduler_job.py:190} INFO - Processing /home/airflow/.local/lib/python3.6/site-packages/airflow/example_dags/example_python_operator.py took 0.044 seconds
[2024-04-19 02:12:58,868] {scheduler_job.py:182} INFO - Started process (PID=4540) to work on /home/airflow/.local/lib/python3.6/site-packages/airflow/example_dags/example_python_operator.py
[2024-04-19 02:12:58,870] {scheduler_job.py:629} INFO - Processing file /home/airflow/.local/lib/python3.6/site-packages/airflow/example_dags/example_python_operator.py for tasks to queue
[2024-04-19 02:12:58,870] {logging_mixin.py:104} INFO - [2024-04-19 02:12:58,870] {dagbag.py:448} INFO - Filling up the DagBag from /home/airflow/.local/lib/python3.6/site-packages/airflow/example_dags/example_python_operator.py
[2024-04-19 02:12:58,879] {scheduler_job.py:639} INFO - DAG(s) dict_keys(['example_python_operator']) retrieved from /home/airflow/.local/lib/python3.6/site-packages/airflow/example_dags/example_python_operator.py
[2024-04-19 02:12:58,894] {logging_mixin.py:104} INFO - [2024-04-19 02:12:58,894] {dag.py:1818} INFO - Sync 1 DAGs
[2024-04-19 02:12:58,910] {logging_mixin.py:104} INFO - [2024-04-19 02:12:58,910] {dag.py:2273} INFO - Setting next_dagrun for example_python_operator to None
[2024-04-19 02:12:58,920] {scheduler_job.py:190} INFO - Processing /home/airflow/.local/lib/python3.6/site-packages/airflow/example_dags/example_python_operator.py took 0.054 seconds
