[2024-04-19 01:51:19,322] {scheduler_job.py:182} INFO - Started process (PID=240) to work on /home/airflow/.local/lib/python3.6/site-packages/airflow/example_dags/example_task_group.py
[2024-04-19 01:51:19,323] {scheduler_job.py:629} INFO - Processing file /home/airflow/.local/lib/python3.6/site-packages/airflow/example_dags/example_task_group.py for tasks to queue
[2024-04-19 01:51:19,324] {logging_mixin.py:104} INFO - [2024-04-19 01:51:19,324] {dagbag.py:448} INFO - Filling up the DagBag from /home/airflow/.local/lib/python3.6/site-packages/airflow/example_dags/example_task_group.py
[2024-04-19 01:51:19,341] {scheduler_job.py:639} INFO - DAG(s) dict_keys(['example_task_group']) retrieved from /home/airflow/.local/lib/python3.6/site-packages/airflow/example_dags/example_task_group.py
[2024-04-19 01:51:19,385] {logging_mixin.py:104} INFO - [2024-04-19 01:51:19,385] {dag.py:1818} INFO - Sync 1 DAGs
[2024-04-19 01:51:19,404] {logging_mixin.py:104} INFO - [2024-04-19 01:51:19,403] {dag.py:1837} INFO - Creating ORM DAG for example_task_group
[2024-04-19 01:51:19,415] {logging_mixin.py:104} INFO - [2024-04-19 01:51:19,415] {dag.py:2273} INFO - Setting next_dagrun for example_task_group to 2024-04-17 00:00:00+00:00
[2024-04-19 01:51:19,441] {scheduler_job.py:190} INFO - Processing /home/airflow/.local/lib/python3.6/site-packages/airflow/example_dags/example_task_group.py took 0.124 seconds
[2024-04-19 01:51:50,078] {scheduler_job.py:182} INFO - Started process (PID=380) to work on /home/airflow/.local/lib/python3.6/site-packages/airflow/example_dags/example_task_group.py
[2024-04-19 01:51:50,082] {scheduler_job.py:629} INFO - Processing file /home/airflow/.local/lib/python3.6/site-packages/airflow/example_dags/example_task_group.py for tasks to queue
[2024-04-19 01:51:50,084] {logging_mixin.py:104} INFO - [2024-04-19 01:51:50,083] {dagbag.py:448} INFO - Filling up the DagBag from /home/airflow/.local/lib/python3.6/site-packages/airflow/example_dags/example_task_group.py
[2024-04-19 01:51:50,106] {scheduler_job.py:639} INFO - DAG(s) dict_keys(['example_task_group']) retrieved from /home/airflow/.local/lib/python3.6/site-packages/airflow/example_dags/example_task_group.py
[2024-04-19 01:51:50,148] {logging_mixin.py:104} INFO - [2024-04-19 01:51:50,148] {dag.py:1818} INFO - Sync 1 DAGs
[2024-04-19 01:51:50,173] {logging_mixin.py:104} INFO - [2024-04-19 01:51:50,173] {dag.py:2273} INFO - Setting next_dagrun for example_task_group to 2024-04-17 00:00:00+00:00
[2024-04-19 01:51:50,190] {scheduler_job.py:190} INFO - Processing /home/airflow/.local/lib/python3.6/site-packages/airflow/example_dags/example_task_group.py took 0.117 seconds
[2024-04-19 01:52:20,531] {scheduler_job.py:182} INFO - Started process (PID=495) to work on /home/airflow/.local/lib/python3.6/site-packages/airflow/example_dags/example_task_group.py
[2024-04-19 01:52:20,532] {scheduler_job.py:629} INFO - Processing file /home/airflow/.local/lib/python3.6/site-packages/airflow/example_dags/example_task_group.py for tasks to queue
[2024-04-19 01:52:20,533] {logging_mixin.py:104} INFO - [2024-04-19 01:52:20,533] {dagbag.py:448} INFO - Filling up the DagBag from /home/airflow/.local/lib/python3.6/site-packages/airflow/example_dags/example_task_group.py
[2024-04-19 01:52:20,548] {scheduler_job.py:639} INFO - DAG(s) dict_keys(['example_task_group']) retrieved from /home/airflow/.local/lib/python3.6/site-packages/airflow/example_dags/example_task_group.py
[2024-04-19 01:52:20,574] {logging_mixin.py:104} INFO - [2024-04-19 01:52:20,574] {dag.py:1818} INFO - Sync 1 DAGs
[2024-04-19 01:52:20,592] {logging_mixin.py:104} INFO - [2024-04-19 01:52:20,592] {dag.py:2273} INFO - Setting next_dagrun for example_task_group to 2024-04-17 00:00:00+00:00
[2024-04-19 01:52:20,602] {scheduler_job.py:190} INFO - Processing /home/airflow/.local/lib/python3.6/site-packages/airflow/example_dags/example_task_group.py took 0.075 seconds
[2024-04-19 01:52:50,803] {scheduler_job.py:182} INFO - Started process (PID=630) to work on /home/airflow/.local/lib/python3.6/site-packages/airflow/example_dags/example_task_group.py
[2024-04-19 01:52:50,805] {scheduler_job.py:629} INFO - Processing file /home/airflow/.local/lib/python3.6/site-packages/airflow/example_dags/example_task_group.py for tasks to queue
[2024-04-19 01:52:50,806] {logging_mixin.py:104} INFO - [2024-04-19 01:52:50,806] {dagbag.py:448} INFO - Filling up the DagBag from /home/airflow/.local/lib/python3.6/site-packages/airflow/example_dags/example_task_group.py
[2024-04-19 01:52:50,818] {scheduler_job.py:639} INFO - DAG(s) dict_keys(['example_task_group']) retrieved from /home/airflow/.local/lib/python3.6/site-packages/airflow/example_dags/example_task_group.py
[2024-04-19 01:52:50,842] {logging_mixin.py:104} INFO - [2024-04-19 01:52:50,841] {dag.py:1818} INFO - Sync 1 DAGs
[2024-04-19 01:52:50,865] {logging_mixin.py:104} INFO - [2024-04-19 01:52:50,865] {dag.py:2273} INFO - Setting next_dagrun for example_task_group to 2024-04-17 00:00:00+00:00
[2024-04-19 01:52:50,878] {scheduler_job.py:190} INFO - Processing /home/airflow/.local/lib/python3.6/site-packages/airflow/example_dags/example_task_group.py took 0.077 seconds
[2024-04-19 01:53:21,175] {scheduler_job.py:182} INFO - Started process (PID=735) to work on /home/airflow/.local/lib/python3.6/site-packages/airflow/example_dags/example_task_group.py
[2024-04-19 01:53:21,179] {scheduler_job.py:629} INFO - Processing file /home/airflow/.local/lib/python3.6/site-packages/airflow/example_dags/example_task_group.py for tasks to queue
[2024-04-19 01:53:21,181] {logging_mixin.py:104} INFO - [2024-04-19 01:53:21,180] {dagbag.py:448} INFO - Filling up the DagBag from /home/airflow/.local/lib/python3.6/site-packages/airflow/example_dags/example_task_group.py
[2024-04-19 01:53:21,191] {scheduler_job.py:639} INFO - DAG(s) dict_keys(['example_task_group']) retrieved from /home/airflow/.local/lib/python3.6/site-packages/airflow/example_dags/example_task_group.py
[2024-04-19 01:53:21,222] {logging_mixin.py:104} INFO - [2024-04-19 01:53:21,222] {dag.py:1818} INFO - Sync 1 DAGs
[2024-04-19 01:53:21,239] {logging_mixin.py:104} INFO - [2024-04-19 01:53:21,239] {dag.py:2273} INFO - Setting next_dagrun for example_task_group to 2024-04-17 00:00:00+00:00
[2024-04-19 01:53:21,253] {scheduler_job.py:190} INFO - Processing /home/airflow/.local/lib/python3.6/site-packages/airflow/example_dags/example_task_group.py took 0.081 seconds
[2024-04-19 01:53:51,804] {scheduler_job.py:182} INFO - Started process (PID=870) to work on /home/airflow/.local/lib/python3.6/site-packages/airflow/example_dags/example_task_group.py
[2024-04-19 01:53:51,806] {scheduler_job.py:629} INFO - Processing file /home/airflow/.local/lib/python3.6/site-packages/airflow/example_dags/example_task_group.py for tasks to queue
[2024-04-19 01:53:51,808] {logging_mixin.py:104} INFO - [2024-04-19 01:53:51,807] {dagbag.py:448} INFO - Filling up the DagBag from /home/airflow/.local/lib/python3.6/site-packages/airflow/example_dags/example_task_group.py
[2024-04-19 01:53:51,825] {scheduler_job.py:639} INFO - DAG(s) dict_keys(['example_task_group']) retrieved from /home/airflow/.local/lib/python3.6/site-packages/airflow/example_dags/example_task_group.py
[2024-04-19 01:53:51,858] {logging_mixin.py:104} INFO - [2024-04-19 01:53:51,858] {dag.py:1818} INFO - Sync 1 DAGs
[2024-04-19 01:53:51,879] {logging_mixin.py:104} INFO - [2024-04-19 01:53:51,879] {dag.py:2273} INFO - Setting next_dagrun for example_task_group to 2024-04-17 00:00:00+00:00
[2024-04-19 01:53:51,892] {scheduler_job.py:190} INFO - Processing /home/airflow/.local/lib/python3.6/site-packages/airflow/example_dags/example_task_group.py took 0.093 seconds
[2024-04-19 01:54:22,110] {scheduler_job.py:182} INFO - Started process (PID=995) to work on /home/airflow/.local/lib/python3.6/site-packages/airflow/example_dags/example_task_group.py
[2024-04-19 01:54:22,112] {scheduler_job.py:629} INFO - Processing file /home/airflow/.local/lib/python3.6/site-packages/airflow/example_dags/example_task_group.py for tasks to queue
[2024-04-19 01:54:22,114] {logging_mixin.py:104} INFO - [2024-04-19 01:54:22,113] {dagbag.py:448} INFO - Filling up the DagBag from /home/airflow/.local/lib/python3.6/site-packages/airflow/example_dags/example_task_group.py
[2024-04-19 01:54:22,122] {scheduler_job.py:639} INFO - DAG(s) dict_keys(['example_task_group']) retrieved from /home/airflow/.local/lib/python3.6/site-packages/airflow/example_dags/example_task_group.py
[2024-04-19 01:54:22,143] {logging_mixin.py:104} INFO - [2024-04-19 01:54:22,143] {dag.py:1818} INFO - Sync 1 DAGs
[2024-04-19 01:54:22,155] {logging_mixin.py:104} INFO - [2024-04-19 01:54:22,155] {dag.py:2273} INFO - Setting next_dagrun for example_task_group to 2024-04-17 00:00:00+00:00
[2024-04-19 01:54:22,164] {scheduler_job.py:190} INFO - Processing /home/airflow/.local/lib/python3.6/site-packages/airflow/example_dags/example_task_group.py took 0.058 seconds
[2024-04-19 01:54:52,522] {scheduler_job.py:182} INFO - Started process (PID=1125) to work on /home/airflow/.local/lib/python3.6/site-packages/airflow/example_dags/example_task_group.py
[2024-04-19 01:54:52,523] {scheduler_job.py:629} INFO - Processing file /home/airflow/.local/lib/python3.6/site-packages/airflow/example_dags/example_task_group.py for tasks to queue
[2024-04-19 01:54:52,524] {logging_mixin.py:104} INFO - [2024-04-19 01:54:52,524] {dagbag.py:448} INFO - Filling up the DagBag from /home/airflow/.local/lib/python3.6/site-packages/airflow/example_dags/example_task_group.py
[2024-04-19 01:54:52,535] {scheduler_job.py:639} INFO - DAG(s) dict_keys(['example_task_group']) retrieved from /home/airflow/.local/lib/python3.6/site-packages/airflow/example_dags/example_task_group.py
[2024-04-19 01:54:52,556] {logging_mixin.py:104} INFO - [2024-04-19 01:54:52,556] {dag.py:1818} INFO - Sync 1 DAGs
[2024-04-19 01:54:52,573] {logging_mixin.py:104} INFO - [2024-04-19 01:54:52,573] {dag.py:2273} INFO - Setting next_dagrun for example_task_group to 2024-04-17 00:00:00+00:00
[2024-04-19 01:54:52,586] {scheduler_job.py:190} INFO - Processing /home/airflow/.local/lib/python3.6/site-packages/airflow/example_dags/example_task_group.py took 0.068 seconds
[2024-04-19 01:55:22,828] {scheduler_job.py:182} INFO - Started process (PID=1250) to work on /home/airflow/.local/lib/python3.6/site-packages/airflow/example_dags/example_task_group.py
[2024-04-19 01:55:22,829] {scheduler_job.py:629} INFO - Processing file /home/airflow/.local/lib/python3.6/site-packages/airflow/example_dags/example_task_group.py for tasks to queue
[2024-04-19 01:55:22,830] {logging_mixin.py:104} INFO - [2024-04-19 01:55:22,830] {dagbag.py:448} INFO - Filling up the DagBag from /home/airflow/.local/lib/python3.6/site-packages/airflow/example_dags/example_task_group.py
[2024-04-19 01:55:22,839] {scheduler_job.py:639} INFO - DAG(s) dict_keys(['example_task_group']) retrieved from /home/airflow/.local/lib/python3.6/site-packages/airflow/example_dags/example_task_group.py
[2024-04-19 01:55:22,869] {logging_mixin.py:104} INFO - [2024-04-19 01:55:22,869] {dag.py:1818} INFO - Sync 1 DAGs
[2024-04-19 01:55:22,881] {logging_mixin.py:104} INFO - [2024-04-19 01:55:22,881] {dag.py:2273} INFO - Setting next_dagrun for example_task_group to 2024-04-17 00:00:00+00:00
[2024-04-19 01:55:22,889] {scheduler_job.py:190} INFO - Processing /home/airflow/.local/lib/python3.6/site-packages/airflow/example_dags/example_task_group.py took 0.066 seconds
[2024-04-19 01:55:53,284] {scheduler_job.py:182} INFO - Started process (PID=1380) to work on /home/airflow/.local/lib/python3.6/site-packages/airflow/example_dags/example_task_group.py
[2024-04-19 01:55:53,285] {scheduler_job.py:629} INFO - Processing file /home/airflow/.local/lib/python3.6/site-packages/airflow/example_dags/example_task_group.py for tasks to queue
[2024-04-19 01:55:53,286] {logging_mixin.py:104} INFO - [2024-04-19 01:55:53,286] {dagbag.py:448} INFO - Filling up the DagBag from /home/airflow/.local/lib/python3.6/site-packages/airflow/example_dags/example_task_group.py
[2024-04-19 01:55:53,296] {scheduler_job.py:639} INFO - DAG(s) dict_keys(['example_task_group']) retrieved from /home/airflow/.local/lib/python3.6/site-packages/airflow/example_dags/example_task_group.py
[2024-04-19 01:55:53,312] {logging_mixin.py:104} INFO - [2024-04-19 01:55:53,312] {dag.py:1818} INFO - Sync 1 DAGs
[2024-04-19 01:55:53,322] {logging_mixin.py:104} INFO - [2024-04-19 01:55:53,322] {dag.py:2273} INFO - Setting next_dagrun for example_task_group to 2024-04-17 00:00:00+00:00
[2024-04-19 01:55:53,330] {scheduler_job.py:190} INFO - Processing /home/airflow/.local/lib/python3.6/site-packages/airflow/example_dags/example_task_group.py took 0.048 seconds
[2024-04-19 01:56:19,011] {scheduler_job.py:182} INFO - Started process (PID=275) to work on /home/airflow/.local/lib/python3.6/site-packages/airflow/example_dags/example_task_group.py
[2024-04-19 01:56:19,013] {scheduler_job.py:629} INFO - Processing file /home/airflow/.local/lib/python3.6/site-packages/airflow/example_dags/example_task_group.py for tasks to queue
[2024-04-19 01:56:19,013] {logging_mixin.py:104} INFO - [2024-04-19 01:56:19,013] {dagbag.py:448} INFO - Filling up the DagBag from /home/airflow/.local/lib/python3.6/site-packages/airflow/example_dags/example_task_group.py
[2024-04-19 01:56:19,022] {scheduler_job.py:639} INFO - DAG(s) dict_keys(['example_task_group']) retrieved from /home/airflow/.local/lib/python3.6/site-packages/airflow/example_dags/example_task_group.py
[2024-04-19 01:56:19,050] {logging_mixin.py:104} INFO - [2024-04-19 01:56:19,050] {dag.py:1818} INFO - Sync 1 DAGs
[2024-04-19 01:56:19,066] {logging_mixin.py:104} INFO - [2024-04-19 01:56:19,066] {dag.py:2273} INFO - Setting next_dagrun for example_task_group to 2024-04-17 00:00:00+00:00
[2024-04-19 01:56:19,080] {scheduler_job.py:190} INFO - Processing /home/airflow/.local/lib/python3.6/site-packages/airflow/example_dags/example_task_group.py took 0.072 seconds
[2024-04-19 01:56:49,654] {scheduler_job.py:182} INFO - Started process (PID=405) to work on /home/airflow/.local/lib/python3.6/site-packages/airflow/example_dags/example_task_group.py
[2024-04-19 01:56:49,656] {scheduler_job.py:629} INFO - Processing file /home/airflow/.local/lib/python3.6/site-packages/airflow/example_dags/example_task_group.py for tasks to queue
[2024-04-19 01:56:49,657] {logging_mixin.py:104} INFO - [2024-04-19 01:56:49,657] {dagbag.py:448} INFO - Filling up the DagBag from /home/airflow/.local/lib/python3.6/site-packages/airflow/example_dags/example_task_group.py
[2024-04-19 01:56:49,671] {scheduler_job.py:639} INFO - DAG(s) dict_keys(['example_task_group']) retrieved from /home/airflow/.local/lib/python3.6/site-packages/airflow/example_dags/example_task_group.py
[2024-04-19 01:56:49,700] {logging_mixin.py:104} INFO - [2024-04-19 01:56:49,700] {dag.py:1818} INFO - Sync 1 DAGs
[2024-04-19 01:56:49,713] {logging_mixin.py:104} INFO - [2024-04-19 01:56:49,713] {dag.py:2273} INFO - Setting next_dagrun for example_task_group to 2024-04-17 00:00:00+00:00
[2024-04-19 01:56:49,724] {scheduler_job.py:190} INFO - Processing /home/airflow/.local/lib/python3.6/site-packages/airflow/example_dags/example_task_group.py took 0.073 seconds
[2024-04-19 01:57:20,573] {scheduler_job.py:182} INFO - Started process (PID=537) to work on /home/airflow/.local/lib/python3.6/site-packages/airflow/example_dags/example_task_group.py
[2024-04-19 01:57:20,579] {scheduler_job.py:629} INFO - Processing file /home/airflow/.local/lib/python3.6/site-packages/airflow/example_dags/example_task_group.py for tasks to queue
[2024-04-19 01:57:20,582] {logging_mixin.py:104} INFO - [2024-04-19 01:57:20,582] {dagbag.py:448} INFO - Filling up the DagBag from /home/airflow/.local/lib/python3.6/site-packages/airflow/example_dags/example_task_group.py
[2024-04-19 01:57:20,591] {scheduler_job.py:639} INFO - DAG(s) dict_keys(['example_task_group']) retrieved from /home/airflow/.local/lib/python3.6/site-packages/airflow/example_dags/example_task_group.py
[2024-04-19 01:57:20,619] {logging_mixin.py:104} INFO - [2024-04-19 01:57:20,619] {dag.py:1818} INFO - Sync 1 DAGs
[2024-04-19 01:57:20,632] {logging_mixin.py:104} INFO - [2024-04-19 01:57:20,632] {dag.py:2273} INFO - Setting next_dagrun for example_task_group to 2024-04-17 00:00:00+00:00
[2024-04-19 01:57:20,642] {scheduler_job.py:190} INFO - Processing /home/airflow/.local/lib/python3.6/site-packages/airflow/example_dags/example_task_group.py took 0.076 seconds
[2024-04-19 01:57:50,829] {scheduler_job.py:182} INFO - Started process (PID=662) to work on /home/airflow/.local/lib/python3.6/site-packages/airflow/example_dags/example_task_group.py
[2024-04-19 01:57:50,830] {scheduler_job.py:629} INFO - Processing file /home/airflow/.local/lib/python3.6/site-packages/airflow/example_dags/example_task_group.py for tasks to queue
[2024-04-19 01:57:50,830] {logging_mixin.py:104} INFO - [2024-04-19 01:57:50,830] {dagbag.py:448} INFO - Filling up the DagBag from /home/airflow/.local/lib/python3.6/site-packages/airflow/example_dags/example_task_group.py
[2024-04-19 01:57:50,837] {scheduler_job.py:639} INFO - DAG(s) dict_keys(['example_task_group']) retrieved from /home/airflow/.local/lib/python3.6/site-packages/airflow/example_dags/example_task_group.py
[2024-04-19 01:57:50,854] {logging_mixin.py:104} INFO - [2024-04-19 01:57:50,854] {dag.py:1818} INFO - Sync 1 DAGs
[2024-04-19 01:57:50,865] {logging_mixin.py:104} INFO - [2024-04-19 01:57:50,865] {dag.py:2273} INFO - Setting next_dagrun for example_task_group to 2024-04-17 00:00:00+00:00
[2024-04-19 01:57:50,873] {scheduler_job.py:190} INFO - Processing /home/airflow/.local/lib/python3.6/site-packages/airflow/example_dags/example_task_group.py took 0.046 seconds
[2024-04-19 01:58:21,089] {scheduler_job.py:182} INFO - Started process (PID=795) to work on /home/airflow/.local/lib/python3.6/site-packages/airflow/example_dags/example_task_group.py
[2024-04-19 01:58:21,090] {scheduler_job.py:629} INFO - Processing file /home/airflow/.local/lib/python3.6/site-packages/airflow/example_dags/example_task_group.py for tasks to queue
[2024-04-19 01:58:21,091] {logging_mixin.py:104} INFO - [2024-04-19 01:58:21,091] {dagbag.py:448} INFO - Filling up the DagBag from /home/airflow/.local/lib/python3.6/site-packages/airflow/example_dags/example_task_group.py
[2024-04-19 01:58:21,099] {scheduler_job.py:639} INFO - DAG(s) dict_keys(['example_task_group']) retrieved from /home/airflow/.local/lib/python3.6/site-packages/airflow/example_dags/example_task_group.py
[2024-04-19 01:58:21,116] {logging_mixin.py:104} INFO - [2024-04-19 01:58:21,116] {dag.py:1818} INFO - Sync 1 DAGs
[2024-04-19 01:58:21,126] {logging_mixin.py:104} INFO - [2024-04-19 01:58:21,126] {dag.py:2273} INFO - Setting next_dagrun for example_task_group to 2024-04-17 00:00:00+00:00
[2024-04-19 01:58:21,134] {scheduler_job.py:190} INFO - Processing /home/airflow/.local/lib/python3.6/site-packages/airflow/example_dags/example_task_group.py took 0.047 seconds
[2024-04-19 01:58:51,249] {scheduler_job.py:182} INFO - Started process (PID=907) to work on /home/airflow/.local/lib/python3.6/site-packages/airflow/example_dags/example_task_group.py
[2024-04-19 01:58:51,251] {scheduler_job.py:629} INFO - Processing file /home/airflow/.local/lib/python3.6/site-packages/airflow/example_dags/example_task_group.py for tasks to queue
[2024-04-19 01:58:51,251] {logging_mixin.py:104} INFO - [2024-04-19 01:58:51,251] {dagbag.py:448} INFO - Filling up the DagBag from /home/airflow/.local/lib/python3.6/site-packages/airflow/example_dags/example_task_group.py
[2024-04-19 01:58:51,261] {scheduler_job.py:639} INFO - DAG(s) dict_keys(['example_task_group']) retrieved from /home/airflow/.local/lib/python3.6/site-packages/airflow/example_dags/example_task_group.py
[2024-04-19 01:58:51,276] {logging_mixin.py:104} INFO - [2024-04-19 01:58:51,276] {dag.py:1818} INFO - Sync 1 DAGs
[2024-04-19 01:58:51,286] {logging_mixin.py:104} INFO - [2024-04-19 01:58:51,286] {dag.py:2273} INFO - Setting next_dagrun for example_task_group to 2024-04-17 00:00:00+00:00
[2024-04-19 01:58:51,295] {scheduler_job.py:190} INFO - Processing /home/airflow/.local/lib/python3.6/site-packages/airflow/example_dags/example_task_group.py took 0.048 seconds
[2024-04-19 01:59:21,382] {scheduler_job.py:182} INFO - Started process (PID=1039) to work on /home/airflow/.local/lib/python3.6/site-packages/airflow/example_dags/example_task_group.py
[2024-04-19 01:59:21,383] {scheduler_job.py:629} INFO - Processing file /home/airflow/.local/lib/python3.6/site-packages/airflow/example_dags/example_task_group.py for tasks to queue
[2024-04-19 01:59:21,384] {logging_mixin.py:104} INFO - [2024-04-19 01:59:21,384] {dagbag.py:448} INFO - Filling up the DagBag from /home/airflow/.local/lib/python3.6/site-packages/airflow/example_dags/example_task_group.py
[2024-04-19 01:59:21,392] {scheduler_job.py:639} INFO - DAG(s) dict_keys(['example_task_group']) retrieved from /home/airflow/.local/lib/python3.6/site-packages/airflow/example_dags/example_task_group.py
[2024-04-19 01:59:21,408] {logging_mixin.py:104} INFO - [2024-04-19 01:59:21,408] {dag.py:1818} INFO - Sync 1 DAGs
[2024-04-19 01:59:21,418] {logging_mixin.py:104} INFO - [2024-04-19 01:59:21,418] {dag.py:2273} INFO - Setting next_dagrun for example_task_group to 2024-04-17 00:00:00+00:00
[2024-04-19 01:59:21,429] {scheduler_job.py:190} INFO - Processing /home/airflow/.local/lib/python3.6/site-packages/airflow/example_dags/example_task_group.py took 0.050 seconds
[2024-04-19 01:59:51,504] {scheduler_job.py:182} INFO - Started process (PID=1169) to work on /home/airflow/.local/lib/python3.6/site-packages/airflow/example_dags/example_task_group.py
[2024-04-19 01:59:51,505] {scheduler_job.py:629} INFO - Processing file /home/airflow/.local/lib/python3.6/site-packages/airflow/example_dags/example_task_group.py for tasks to queue
[2024-04-19 01:59:51,506] {logging_mixin.py:104} INFO - [2024-04-19 01:59:51,506] {dagbag.py:448} INFO - Filling up the DagBag from /home/airflow/.local/lib/python3.6/site-packages/airflow/example_dags/example_task_group.py
[2024-04-19 01:59:51,518] {scheduler_job.py:639} INFO - DAG(s) dict_keys(['example_task_group']) retrieved from /home/airflow/.local/lib/python3.6/site-packages/airflow/example_dags/example_task_group.py
[2024-04-19 01:59:51,534] {logging_mixin.py:104} INFO - [2024-04-19 01:59:51,533] {dag.py:1818} INFO - Sync 1 DAGs
[2024-04-19 01:59:51,543] {logging_mixin.py:104} INFO - [2024-04-19 01:59:51,543] {dag.py:2273} INFO - Setting next_dagrun for example_task_group to 2024-04-17 00:00:00+00:00
[2024-04-19 01:59:51,552] {scheduler_job.py:190} INFO - Processing /home/airflow/.local/lib/python3.6/site-packages/airflow/example_dags/example_task_group.py took 0.051 seconds
[2024-04-19 02:00:21,799] {scheduler_job.py:182} INFO - Started process (PID=1295) to work on /home/airflow/.local/lib/python3.6/site-packages/airflow/example_dags/example_task_group.py
[2024-04-19 02:00:21,800] {scheduler_job.py:629} INFO - Processing file /home/airflow/.local/lib/python3.6/site-packages/airflow/example_dags/example_task_group.py for tasks to queue
[2024-04-19 02:00:21,801] {logging_mixin.py:104} INFO - [2024-04-19 02:00:21,801] {dagbag.py:448} INFO - Filling up the DagBag from /home/airflow/.local/lib/python3.6/site-packages/airflow/example_dags/example_task_group.py
[2024-04-19 02:00:21,809] {scheduler_job.py:639} INFO - DAG(s) dict_keys(['example_task_group']) retrieved from /home/airflow/.local/lib/python3.6/site-packages/airflow/example_dags/example_task_group.py
[2024-04-19 02:00:21,825] {logging_mixin.py:104} INFO - [2024-04-19 02:00:21,825] {dag.py:1818} INFO - Sync 1 DAGs
[2024-04-19 02:00:21,836] {logging_mixin.py:104} INFO - [2024-04-19 02:00:21,836] {dag.py:2273} INFO - Setting next_dagrun for example_task_group to 2024-04-17 00:00:00+00:00
[2024-04-19 02:00:21,846] {scheduler_job.py:190} INFO - Processing /home/airflow/.local/lib/python3.6/site-packages/airflow/example_dags/example_task_group.py took 0.050 seconds
[2024-04-19 02:00:51,983] {scheduler_job.py:182} INFO - Started process (PID=1429) to work on /home/airflow/.local/lib/python3.6/site-packages/airflow/example_dags/example_task_group.py
[2024-04-19 02:00:51,984] {scheduler_job.py:629} INFO - Processing file /home/airflow/.local/lib/python3.6/site-packages/airflow/example_dags/example_task_group.py for tasks to queue
[2024-04-19 02:00:51,985] {logging_mixin.py:104} INFO - [2024-04-19 02:00:51,985] {dagbag.py:448} INFO - Filling up the DagBag from /home/airflow/.local/lib/python3.6/site-packages/airflow/example_dags/example_task_group.py
[2024-04-19 02:00:51,995] {scheduler_job.py:639} INFO - DAG(s) dict_keys(['example_task_group']) retrieved from /home/airflow/.local/lib/python3.6/site-packages/airflow/example_dags/example_task_group.py
[2024-04-19 02:00:52,013] {logging_mixin.py:104} INFO - [2024-04-19 02:00:52,013] {dag.py:1818} INFO - Sync 1 DAGs
[2024-04-19 02:00:52,022] {logging_mixin.py:104} INFO - [2024-04-19 02:00:52,022] {dag.py:2273} INFO - Setting next_dagrun for example_task_group to 2024-04-17 00:00:00+00:00
[2024-04-19 02:00:52,030] {scheduler_job.py:190} INFO - Processing /home/airflow/.local/lib/python3.6/site-packages/airflow/example_dags/example_task_group.py took 0.049 seconds
[2024-04-19 02:01:22,868] {scheduler_job.py:182} INFO - Started process (PID=1575) to work on /home/airflow/.local/lib/python3.6/site-packages/airflow/example_dags/example_task_group.py
[2024-04-19 02:01:22,870] {scheduler_job.py:629} INFO - Processing file /home/airflow/.local/lib/python3.6/site-packages/airflow/example_dags/example_task_group.py for tasks to queue
[2024-04-19 02:01:22,873] {logging_mixin.py:104} INFO - [2024-04-19 02:01:22,872] {dagbag.py:448} INFO - Filling up the DagBag from /home/airflow/.local/lib/python3.6/site-packages/airflow/example_dags/example_task_group.py
[2024-04-19 02:01:22,895] {scheduler_job.py:639} INFO - DAG(s) dict_keys(['example_task_group']) retrieved from /home/airflow/.local/lib/python3.6/site-packages/airflow/example_dags/example_task_group.py
[2024-04-19 02:01:22,922] {logging_mixin.py:104} INFO - [2024-04-19 02:01:22,921] {dag.py:1818} INFO - Sync 1 DAGs
[2024-04-19 02:01:22,956] {logging_mixin.py:104} INFO - [2024-04-19 02:01:22,956] {dag.py:2273} INFO - Setting next_dagrun for example_task_group to 2024-04-17 00:00:00+00:00
[2024-04-19 02:01:22,976] {scheduler_job.py:190} INFO - Processing /home/airflow/.local/lib/python3.6/site-packages/airflow/example_dags/example_task_group.py took 0.111 seconds
[2024-04-19 02:01:53,375] {scheduler_job.py:182} INFO - Started process (PID=1692) to work on /home/airflow/.local/lib/python3.6/site-packages/airflow/example_dags/example_task_group.py
[2024-04-19 02:01:53,377] {scheduler_job.py:629} INFO - Processing file /home/airflow/.local/lib/python3.6/site-packages/airflow/example_dags/example_task_group.py for tasks to queue
[2024-04-19 02:01:53,379] {logging_mixin.py:104} INFO - [2024-04-19 02:01:53,379] {dagbag.py:448} INFO - Filling up the DagBag from /home/airflow/.local/lib/python3.6/site-packages/airflow/example_dags/example_task_group.py
[2024-04-19 02:01:53,393] {scheduler_job.py:639} INFO - DAG(s) dict_keys(['example_task_group']) retrieved from /home/airflow/.local/lib/python3.6/site-packages/airflow/example_dags/example_task_group.py
[2024-04-19 02:01:53,417] {logging_mixin.py:104} INFO - [2024-04-19 02:01:53,416] {dag.py:1818} INFO - Sync 1 DAGs
[2024-04-19 02:01:53,434] {logging_mixin.py:104} INFO - [2024-04-19 02:01:53,433] {dag.py:2273} INFO - Setting next_dagrun for example_task_group to 2024-04-17 00:00:00+00:00
[2024-04-19 02:01:53,449] {scheduler_job.py:190} INFO - Processing /home/airflow/.local/lib/python3.6/site-packages/airflow/example_dags/example_task_group.py took 0.077 seconds
[2024-04-19 02:02:23,699] {scheduler_job.py:182} INFO - Started process (PID=1822) to work on /home/airflow/.local/lib/python3.6/site-packages/airflow/example_dags/example_task_group.py
[2024-04-19 02:02:23,701] {scheduler_job.py:629} INFO - Processing file /home/airflow/.local/lib/python3.6/site-packages/airflow/example_dags/example_task_group.py for tasks to queue
[2024-04-19 02:02:23,701] {logging_mixin.py:104} INFO - [2024-04-19 02:02:23,701] {dagbag.py:448} INFO - Filling up the DagBag from /home/airflow/.local/lib/python3.6/site-packages/airflow/example_dags/example_task_group.py
[2024-04-19 02:02:23,710] {scheduler_job.py:639} INFO - DAG(s) dict_keys(['example_task_group']) retrieved from /home/airflow/.local/lib/python3.6/site-packages/airflow/example_dags/example_task_group.py
[2024-04-19 02:02:23,731] {logging_mixin.py:104} INFO - [2024-04-19 02:02:23,731] {dag.py:1818} INFO - Sync 1 DAGs
[2024-04-19 02:02:23,742] {logging_mixin.py:104} INFO - [2024-04-19 02:02:23,742] {dag.py:2273} INFO - Setting next_dagrun for example_task_group to 2024-04-17 00:00:00+00:00
[2024-04-19 02:02:23,753] {scheduler_job.py:190} INFO - Processing /home/airflow/.local/lib/python3.6/site-packages/airflow/example_dags/example_task_group.py took 0.057 seconds
[2024-04-19 02:02:53,825] {scheduler_job.py:182} INFO - Started process (PID=1950) to work on /home/airflow/.local/lib/python3.6/site-packages/airflow/example_dags/example_task_group.py
[2024-04-19 02:02:53,826] {scheduler_job.py:629} INFO - Processing file /home/airflow/.local/lib/python3.6/site-packages/airflow/example_dags/example_task_group.py for tasks to queue
[2024-04-19 02:02:53,826] {logging_mixin.py:104} INFO - [2024-04-19 02:02:53,826] {dagbag.py:448} INFO - Filling up the DagBag from /home/airflow/.local/lib/python3.6/site-packages/airflow/example_dags/example_task_group.py
[2024-04-19 02:02:53,834] {scheduler_job.py:639} INFO - DAG(s) dict_keys(['example_task_group']) retrieved from /home/airflow/.local/lib/python3.6/site-packages/airflow/example_dags/example_task_group.py
[2024-04-19 02:02:53,849] {logging_mixin.py:104} INFO - [2024-04-19 02:02:53,848] {dag.py:1818} INFO - Sync 1 DAGs
[2024-04-19 02:02:53,858] {logging_mixin.py:104} INFO - [2024-04-19 02:02:53,858] {dag.py:2273} INFO - Setting next_dagrun for example_task_group to 2024-04-17 00:00:00+00:00
[2024-04-19 02:02:53,865] {scheduler_job.py:190} INFO - Processing /home/airflow/.local/lib/python3.6/site-packages/airflow/example_dags/example_task_group.py took 0.043 seconds
[2024-04-19 02:03:23,911] {scheduler_job.py:182} INFO - Started process (PID=2075) to work on /home/airflow/.local/lib/python3.6/site-packages/airflow/example_dags/example_task_group.py
[2024-04-19 02:03:23,913] {scheduler_job.py:629} INFO - Processing file /home/airflow/.local/lib/python3.6/site-packages/airflow/example_dags/example_task_group.py for tasks to queue
[2024-04-19 02:03:23,913] {logging_mixin.py:104} INFO - [2024-04-19 02:03:23,913] {dagbag.py:448} INFO - Filling up the DagBag from /home/airflow/.local/lib/python3.6/site-packages/airflow/example_dags/example_task_group.py
[2024-04-19 02:03:23,921] {scheduler_job.py:639} INFO - DAG(s) dict_keys(['example_task_group']) retrieved from /home/airflow/.local/lib/python3.6/site-packages/airflow/example_dags/example_task_group.py
[2024-04-19 02:03:23,937] {logging_mixin.py:104} INFO - [2024-04-19 02:03:23,937] {dag.py:1818} INFO - Sync 1 DAGs
[2024-04-19 02:03:23,948] {logging_mixin.py:104} INFO - [2024-04-19 02:03:23,948] {dag.py:2273} INFO - Setting next_dagrun for example_task_group to 2024-04-17 00:00:00+00:00
[2024-04-19 02:03:23,955] {scheduler_job.py:190} INFO - Processing /home/airflow/.local/lib/python3.6/site-packages/airflow/example_dags/example_task_group.py took 0.047 seconds
[2024-04-19 02:03:54,113] {scheduler_job.py:182} INFO - Started process (PID=2205) to work on /home/airflow/.local/lib/python3.6/site-packages/airflow/example_dags/example_task_group.py
[2024-04-19 02:03:54,114] {scheduler_job.py:629} INFO - Processing file /home/airflow/.local/lib/python3.6/site-packages/airflow/example_dags/example_task_group.py for tasks to queue
[2024-04-19 02:03:54,114] {logging_mixin.py:104} INFO - [2024-04-19 02:03:54,114] {dagbag.py:448} INFO - Filling up the DagBag from /home/airflow/.local/lib/python3.6/site-packages/airflow/example_dags/example_task_group.py
[2024-04-19 02:03:54,122] {scheduler_job.py:639} INFO - DAG(s) dict_keys(['example_task_group']) retrieved from /home/airflow/.local/lib/python3.6/site-packages/airflow/example_dags/example_task_group.py
[2024-04-19 02:03:54,136] {logging_mixin.py:104} INFO - [2024-04-19 02:03:54,136] {dag.py:1818} INFO - Sync 1 DAGs
[2024-04-19 02:03:54,146] {logging_mixin.py:104} INFO - [2024-04-19 02:03:54,146] {dag.py:2273} INFO - Setting next_dagrun for example_task_group to 2024-04-17 00:00:00+00:00
[2024-04-19 02:03:54,153] {scheduler_job.py:190} INFO - Processing /home/airflow/.local/lib/python3.6/site-packages/airflow/example_dags/example_task_group.py took 0.043 seconds
[2024-04-19 02:04:24,617] {scheduler_job.py:182} INFO - Started process (PID=2340) to work on /home/airflow/.local/lib/python3.6/site-packages/airflow/example_dags/example_task_group.py
[2024-04-19 02:04:24,620] {scheduler_job.py:629} INFO - Processing file /home/airflow/.local/lib/python3.6/site-packages/airflow/example_dags/example_task_group.py for tasks to queue
[2024-04-19 02:04:24,622] {logging_mixin.py:104} INFO - [2024-04-19 02:04:24,622] {dagbag.py:448} INFO - Filling up the DagBag from /home/airflow/.local/lib/python3.6/site-packages/airflow/example_dags/example_task_group.py
[2024-04-19 02:04:24,635] {scheduler_job.py:639} INFO - DAG(s) dict_keys(['example_task_group']) retrieved from /home/airflow/.local/lib/python3.6/site-packages/airflow/example_dags/example_task_group.py
[2024-04-19 02:04:24,656] {logging_mixin.py:104} INFO - [2024-04-19 02:04:24,656] {dag.py:1818} INFO - Sync 1 DAGs
[2024-04-19 02:04:24,668] {logging_mixin.py:104} INFO - [2024-04-19 02:04:24,668] {dag.py:2273} INFO - Setting next_dagrun for example_task_group to 2024-04-17 00:00:00+00:00
[2024-04-19 02:04:24,675] {scheduler_job.py:190} INFO - Processing /home/airflow/.local/lib/python3.6/site-packages/airflow/example_dags/example_task_group.py took 0.063 seconds
[2024-04-19 02:04:55,116] {scheduler_job.py:182} INFO - Started process (PID=2472) to work on /home/airflow/.local/lib/python3.6/site-packages/airflow/example_dags/example_task_group.py
[2024-04-19 02:04:55,117] {scheduler_job.py:629} INFO - Processing file /home/airflow/.local/lib/python3.6/site-packages/airflow/example_dags/example_task_group.py for tasks to queue
[2024-04-19 02:04:55,119] {logging_mixin.py:104} INFO - [2024-04-19 02:04:55,118] {dagbag.py:448} INFO - Filling up the DagBag from /home/airflow/.local/lib/python3.6/site-packages/airflow/example_dags/example_task_group.py
[2024-04-19 02:04:55,131] {scheduler_job.py:639} INFO - DAG(s) dict_keys(['example_task_group']) retrieved from /home/airflow/.local/lib/python3.6/site-packages/airflow/example_dags/example_task_group.py
[2024-04-19 02:04:55,150] {logging_mixin.py:104} INFO - [2024-04-19 02:04:55,150] {dag.py:1818} INFO - Sync 1 DAGs
[2024-04-19 02:04:55,163] {logging_mixin.py:104} INFO - [2024-04-19 02:04:55,163] {dag.py:2273} INFO - Setting next_dagrun for example_task_group to 2024-04-17 00:00:00+00:00
[2024-04-19 02:04:55,171] {scheduler_job.py:190} INFO - Processing /home/airflow/.local/lib/python3.6/site-packages/airflow/example_dags/example_task_group.py took 0.058 seconds
[2024-04-19 02:05:25,434] {scheduler_job.py:182} INFO - Started process (PID=2602) to work on /home/airflow/.local/lib/python3.6/site-packages/airflow/example_dags/example_task_group.py
[2024-04-19 02:05:25,435] {scheduler_job.py:629} INFO - Processing file /home/airflow/.local/lib/python3.6/site-packages/airflow/example_dags/example_task_group.py for tasks to queue
[2024-04-19 02:05:25,436] {logging_mixin.py:104} INFO - [2024-04-19 02:05:25,435] {dagbag.py:448} INFO - Filling up the DagBag from /home/airflow/.local/lib/python3.6/site-packages/airflow/example_dags/example_task_group.py
[2024-04-19 02:05:25,443] {scheduler_job.py:639} INFO - DAG(s) dict_keys(['example_task_group']) retrieved from /home/airflow/.local/lib/python3.6/site-packages/airflow/example_dags/example_task_group.py
[2024-04-19 02:05:25,458] {logging_mixin.py:104} INFO - [2024-04-19 02:05:25,457] {dag.py:1818} INFO - Sync 1 DAGs
[2024-04-19 02:05:25,468] {logging_mixin.py:104} INFO - [2024-04-19 02:05:25,468] {dag.py:2273} INFO - Setting next_dagrun for example_task_group to 2024-04-17 00:00:00+00:00
[2024-04-19 02:05:25,476] {scheduler_job.py:190} INFO - Processing /home/airflow/.local/lib/python3.6/site-packages/airflow/example_dags/example_task_group.py took 0.044 seconds
[2024-04-19 02:05:55,532] {scheduler_job.py:182} INFO - Started process (PID=2727) to work on /home/airflow/.local/lib/python3.6/site-packages/airflow/example_dags/example_task_group.py
[2024-04-19 02:05:55,533] {scheduler_job.py:629} INFO - Processing file /home/airflow/.local/lib/python3.6/site-packages/airflow/example_dags/example_task_group.py for tasks to queue
[2024-04-19 02:05:55,533] {logging_mixin.py:104} INFO - [2024-04-19 02:05:55,533] {dagbag.py:448} INFO - Filling up the DagBag from /home/airflow/.local/lib/python3.6/site-packages/airflow/example_dags/example_task_group.py
[2024-04-19 02:05:55,541] {scheduler_job.py:639} INFO - DAG(s) dict_keys(['example_task_group']) retrieved from /home/airflow/.local/lib/python3.6/site-packages/airflow/example_dags/example_task_group.py
[2024-04-19 02:05:55,556] {logging_mixin.py:104} INFO - [2024-04-19 02:05:55,556] {dag.py:1818} INFO - Sync 1 DAGs
[2024-04-19 02:05:55,566] {logging_mixin.py:104} INFO - [2024-04-19 02:05:55,566] {dag.py:2273} INFO - Setting next_dagrun for example_task_group to 2024-04-17 00:00:00+00:00
[2024-04-19 02:05:55,573] {scheduler_job.py:190} INFO - Processing /home/airflow/.local/lib/python3.6/site-packages/airflow/example_dags/example_task_group.py took 0.044 seconds
[2024-04-19 02:06:25,838] {scheduler_job.py:182} INFO - Started process (PID=2857) to work on /home/airflow/.local/lib/python3.6/site-packages/airflow/example_dags/example_task_group.py
[2024-04-19 02:06:25,839] {scheduler_job.py:629} INFO - Processing file /home/airflow/.local/lib/python3.6/site-packages/airflow/example_dags/example_task_group.py for tasks to queue
[2024-04-19 02:06:25,840] {logging_mixin.py:104} INFO - [2024-04-19 02:06:25,840] {dagbag.py:448} INFO - Filling up the DagBag from /home/airflow/.local/lib/python3.6/site-packages/airflow/example_dags/example_task_group.py
[2024-04-19 02:06:25,848] {scheduler_job.py:639} INFO - DAG(s) dict_keys(['example_task_group']) retrieved from /home/airflow/.local/lib/python3.6/site-packages/airflow/example_dags/example_task_group.py
[2024-04-19 02:06:25,862] {logging_mixin.py:104} INFO - [2024-04-19 02:06:25,862] {dag.py:1818} INFO - Sync 1 DAGs
[2024-04-19 02:06:25,872] {logging_mixin.py:104} INFO - [2024-04-19 02:06:25,872] {dag.py:2273} INFO - Setting next_dagrun for example_task_group to 2024-04-17 00:00:00+00:00
[2024-04-19 02:06:25,882] {scheduler_job.py:190} INFO - Processing /home/airflow/.local/lib/python3.6/site-packages/airflow/example_dags/example_task_group.py took 0.046 seconds
[2024-04-19 02:06:55,996] {scheduler_job.py:182} INFO - Started process (PID=2982) to work on /home/airflow/.local/lib/python3.6/site-packages/airflow/example_dags/example_task_group.py
[2024-04-19 02:06:55,996] {scheduler_job.py:629} INFO - Processing file /home/airflow/.local/lib/python3.6/site-packages/airflow/example_dags/example_task_group.py for tasks to queue
[2024-04-19 02:06:55,997] {logging_mixin.py:104} INFO - [2024-04-19 02:06:55,997] {dagbag.py:448} INFO - Filling up the DagBag from /home/airflow/.local/lib/python3.6/site-packages/airflow/example_dags/example_task_group.py
[2024-04-19 02:06:56,005] {scheduler_job.py:639} INFO - DAG(s) dict_keys(['example_task_group']) retrieved from /home/airflow/.local/lib/python3.6/site-packages/airflow/example_dags/example_task_group.py
[2024-04-19 02:06:56,021] {logging_mixin.py:104} INFO - [2024-04-19 02:06:56,020] {dag.py:1818} INFO - Sync 1 DAGs
[2024-04-19 02:06:56,031] {logging_mixin.py:104} INFO - [2024-04-19 02:06:56,031] {dag.py:2273} INFO - Setting next_dagrun for example_task_group to 2024-04-17 00:00:00+00:00
[2024-04-19 02:06:56,038] {scheduler_job.py:190} INFO - Processing /home/airflow/.local/lib/python3.6/site-packages/airflow/example_dags/example_task_group.py took 0.045 seconds
[2024-04-19 02:07:26,095] {scheduler_job.py:182} INFO - Started process (PID=3092) to work on /home/airflow/.local/lib/python3.6/site-packages/airflow/example_dags/example_task_group.py
[2024-04-19 02:07:26,097] {scheduler_job.py:629} INFO - Processing file /home/airflow/.local/lib/python3.6/site-packages/airflow/example_dags/example_task_group.py for tasks to queue
[2024-04-19 02:07:26,098] {logging_mixin.py:104} INFO - [2024-04-19 02:07:26,098] {dagbag.py:448} INFO - Filling up the DagBag from /home/airflow/.local/lib/python3.6/site-packages/airflow/example_dags/example_task_group.py
[2024-04-19 02:07:26,105] {scheduler_job.py:639} INFO - DAG(s) dict_keys(['example_task_group']) retrieved from /home/airflow/.local/lib/python3.6/site-packages/airflow/example_dags/example_task_group.py
[2024-04-19 02:07:26,120] {logging_mixin.py:104} INFO - [2024-04-19 02:07:26,120] {dag.py:1818} INFO - Sync 1 DAGs
[2024-04-19 02:07:26,132] {logging_mixin.py:104} INFO - [2024-04-19 02:07:26,131] {dag.py:2273} INFO - Setting next_dagrun for example_task_group to 2024-04-17 00:00:00+00:00
[2024-04-19 02:07:26,139] {scheduler_job.py:190} INFO - Processing /home/airflow/.local/lib/python3.6/site-packages/airflow/example_dags/example_task_group.py took 0.046 seconds
[2024-04-19 02:07:56,358] {scheduler_job.py:182} INFO - Started process (PID=3227) to work on /home/airflow/.local/lib/python3.6/site-packages/airflow/example_dags/example_task_group.py
[2024-04-19 02:07:56,359] {scheduler_job.py:629} INFO - Processing file /home/airflow/.local/lib/python3.6/site-packages/airflow/example_dags/example_task_group.py for tasks to queue
[2024-04-19 02:07:56,360] {logging_mixin.py:104} INFO - [2024-04-19 02:07:56,360] {dagbag.py:448} INFO - Filling up the DagBag from /home/airflow/.local/lib/python3.6/site-packages/airflow/example_dags/example_task_group.py
[2024-04-19 02:07:56,368] {scheduler_job.py:639} INFO - DAG(s) dict_keys(['example_task_group']) retrieved from /home/airflow/.local/lib/python3.6/site-packages/airflow/example_dags/example_task_group.py
[2024-04-19 02:07:56,386] {logging_mixin.py:104} INFO - [2024-04-19 02:07:56,385] {dag.py:1818} INFO - Sync 1 DAGs
[2024-04-19 02:07:56,399] {logging_mixin.py:104} INFO - [2024-04-19 02:07:56,398] {dag.py:2273} INFO - Setting next_dagrun for example_task_group to 2024-04-17 00:00:00+00:00
[2024-04-19 02:07:56,406] {scheduler_job.py:190} INFO - Processing /home/airflow/.local/lib/python3.6/site-packages/airflow/example_dags/example_task_group.py took 0.049 seconds
[2024-04-19 02:08:26,472] {scheduler_job.py:182} INFO - Started process (PID=3334) to work on /home/airflow/.local/lib/python3.6/site-packages/airflow/example_dags/example_task_group.py
[2024-04-19 02:08:26,473] {scheduler_job.py:629} INFO - Processing file /home/airflow/.local/lib/python3.6/site-packages/airflow/example_dags/example_task_group.py for tasks to queue
[2024-04-19 02:08:26,474] {logging_mixin.py:104} INFO - [2024-04-19 02:08:26,474] {dagbag.py:448} INFO - Filling up the DagBag from /home/airflow/.local/lib/python3.6/site-packages/airflow/example_dags/example_task_group.py
[2024-04-19 02:08:26,482] {scheduler_job.py:639} INFO - DAG(s) dict_keys(['example_task_group']) retrieved from /home/airflow/.local/lib/python3.6/site-packages/airflow/example_dags/example_task_group.py
[2024-04-19 02:08:26,500] {logging_mixin.py:104} INFO - [2024-04-19 02:08:26,500] {dag.py:1818} INFO - Sync 1 DAGs
[2024-04-19 02:08:26,510] {logging_mixin.py:104} INFO - [2024-04-19 02:08:26,510] {dag.py:2273} INFO - Setting next_dagrun for example_task_group to 2024-04-17 00:00:00+00:00
[2024-04-19 02:08:26,519] {scheduler_job.py:190} INFO - Processing /home/airflow/.local/lib/python3.6/site-packages/airflow/example_dags/example_task_group.py took 0.050 seconds
[2024-04-19 02:08:56,593] {scheduler_job.py:182} INFO - Started process (PID=3460) to work on /home/airflow/.local/lib/python3.6/site-packages/airflow/example_dags/example_task_group.py
[2024-04-19 02:08:56,594] {scheduler_job.py:629} INFO - Processing file /home/airflow/.local/lib/python3.6/site-packages/airflow/example_dags/example_task_group.py for tasks to queue
[2024-04-19 02:08:56,595] {logging_mixin.py:104} INFO - [2024-04-19 02:08:56,595] {dagbag.py:448} INFO - Filling up the DagBag from /home/airflow/.local/lib/python3.6/site-packages/airflow/example_dags/example_task_group.py
[2024-04-19 02:08:56,603] {scheduler_job.py:639} INFO - DAG(s) dict_keys(['example_task_group']) retrieved from /home/airflow/.local/lib/python3.6/site-packages/airflow/example_dags/example_task_group.py
[2024-04-19 02:08:56,620] {logging_mixin.py:104} INFO - [2024-04-19 02:08:56,620] {dag.py:1818} INFO - Sync 1 DAGs
[2024-04-19 02:08:56,630] {logging_mixin.py:104} INFO - [2024-04-19 02:08:56,630] {dag.py:2273} INFO - Setting next_dagrun for example_task_group to 2024-04-17 00:00:00+00:00
[2024-04-19 02:08:56,638] {scheduler_job.py:190} INFO - Processing /home/airflow/.local/lib/python3.6/site-packages/airflow/example_dags/example_task_group.py took 0.048 seconds
[2024-04-19 02:09:26,818] {scheduler_job.py:182} INFO - Started process (PID=3577) to work on /home/airflow/.local/lib/python3.6/site-packages/airflow/example_dags/example_task_group.py
[2024-04-19 02:09:26,819] {scheduler_job.py:629} INFO - Processing file /home/airflow/.local/lib/python3.6/site-packages/airflow/example_dags/example_task_group.py for tasks to queue
[2024-04-19 02:09:26,820] {logging_mixin.py:104} INFO - [2024-04-19 02:09:26,820] {dagbag.py:448} INFO - Filling up the DagBag from /home/airflow/.local/lib/python3.6/site-packages/airflow/example_dags/example_task_group.py
[2024-04-19 02:09:26,833] {scheduler_job.py:639} INFO - DAG(s) dict_keys(['example_task_group']) retrieved from /home/airflow/.local/lib/python3.6/site-packages/airflow/example_dags/example_task_group.py
[2024-04-19 02:09:26,850] {logging_mixin.py:104} INFO - [2024-04-19 02:09:26,850] {dag.py:1818} INFO - Sync 1 DAGs
[2024-04-19 02:09:26,861] {logging_mixin.py:104} INFO - [2024-04-19 02:09:26,861] {dag.py:2273} INFO - Setting next_dagrun for example_task_group to 2024-04-17 00:00:00+00:00
[2024-04-19 02:09:26,871] {scheduler_job.py:190} INFO - Processing /home/airflow/.local/lib/python3.6/site-packages/airflow/example_dags/example_task_group.py took 0.058 seconds
[2024-04-19 02:09:57,017] {scheduler_job.py:182} INFO - Started process (PID=3704) to work on /home/airflow/.local/lib/python3.6/site-packages/airflow/example_dags/example_task_group.py
[2024-04-19 02:09:57,018] {scheduler_job.py:629} INFO - Processing file /home/airflow/.local/lib/python3.6/site-packages/airflow/example_dags/example_task_group.py for tasks to queue
[2024-04-19 02:09:57,019] {logging_mixin.py:104} INFO - [2024-04-19 02:09:57,019] {dagbag.py:448} INFO - Filling up the DagBag from /home/airflow/.local/lib/python3.6/site-packages/airflow/example_dags/example_task_group.py
[2024-04-19 02:09:57,028] {scheduler_job.py:639} INFO - DAG(s) dict_keys(['example_task_group']) retrieved from /home/airflow/.local/lib/python3.6/site-packages/airflow/example_dags/example_task_group.py
[2024-04-19 02:09:57,047] {logging_mixin.py:104} INFO - [2024-04-19 02:09:57,047] {dag.py:1818} INFO - Sync 1 DAGs
[2024-04-19 02:09:57,057] {logging_mixin.py:104} INFO - [2024-04-19 02:09:57,057] {dag.py:2273} INFO - Setting next_dagrun for example_task_group to 2024-04-17 00:00:00+00:00
[2024-04-19 02:09:57,069] {scheduler_job.py:190} INFO - Processing /home/airflow/.local/lib/python3.6/site-packages/airflow/example_dags/example_task_group.py took 0.055 seconds
[2024-04-19 02:10:27,206] {scheduler_job.py:182} INFO - Started process (PID=3834) to work on /home/airflow/.local/lib/python3.6/site-packages/airflow/example_dags/example_task_group.py
[2024-04-19 02:10:27,207] {scheduler_job.py:629} INFO - Processing file /home/airflow/.local/lib/python3.6/site-packages/airflow/example_dags/example_task_group.py for tasks to queue
[2024-04-19 02:10:27,208] {logging_mixin.py:104} INFO - [2024-04-19 02:10:27,207] {dagbag.py:448} INFO - Filling up the DagBag from /home/airflow/.local/lib/python3.6/site-packages/airflow/example_dags/example_task_group.py
[2024-04-19 02:10:27,224] {scheduler_job.py:639} INFO - DAG(s) dict_keys(['example_task_group']) retrieved from /home/airflow/.local/lib/python3.6/site-packages/airflow/example_dags/example_task_group.py
[2024-04-19 02:10:27,243] {logging_mixin.py:104} INFO - [2024-04-19 02:10:27,243] {dag.py:1818} INFO - Sync 1 DAGs
[2024-04-19 02:10:27,253] {logging_mixin.py:104} INFO - [2024-04-19 02:10:27,253] {dag.py:2273} INFO - Setting next_dagrun for example_task_group to 2024-04-17 00:00:00+00:00
[2024-04-19 02:10:27,262] {scheduler_job.py:190} INFO - Processing /home/airflow/.local/lib/python3.6/site-packages/airflow/example_dags/example_task_group.py took 0.059 seconds
[2024-04-19 02:10:57,391] {scheduler_job.py:182} INFO - Started process (PID=3964) to work on /home/airflow/.local/lib/python3.6/site-packages/airflow/example_dags/example_task_group.py
[2024-04-19 02:10:57,392] {scheduler_job.py:629} INFO - Processing file /home/airflow/.local/lib/python3.6/site-packages/airflow/example_dags/example_task_group.py for tasks to queue
[2024-04-19 02:10:57,393] {logging_mixin.py:104} INFO - [2024-04-19 02:10:57,393] {dagbag.py:448} INFO - Filling up the DagBag from /home/airflow/.local/lib/python3.6/site-packages/airflow/example_dags/example_task_group.py
[2024-04-19 02:10:57,401] {scheduler_job.py:639} INFO - DAG(s) dict_keys(['example_task_group']) retrieved from /home/airflow/.local/lib/python3.6/site-packages/airflow/example_dags/example_task_group.py
[2024-04-19 02:10:57,415] {logging_mixin.py:104} INFO - [2024-04-19 02:10:57,415] {dag.py:1818} INFO - Sync 1 DAGs
[2024-04-19 02:10:57,425] {logging_mixin.py:104} INFO - [2024-04-19 02:10:57,424] {dag.py:2273} INFO - Setting next_dagrun for example_task_group to 2024-04-17 00:00:00+00:00
[2024-04-19 02:10:57,433] {scheduler_job.py:190} INFO - Processing /home/airflow/.local/lib/python3.6/site-packages/airflow/example_dags/example_task_group.py took 0.044 seconds
[2024-04-19 02:11:27,561] {scheduler_job.py:182} INFO - Started process (PID=4095) to work on /home/airflow/.local/lib/python3.6/site-packages/airflow/example_dags/example_task_group.py
[2024-04-19 02:11:27,563] {scheduler_job.py:629} INFO - Processing file /home/airflow/.local/lib/python3.6/site-packages/airflow/example_dags/example_task_group.py for tasks to queue
[2024-04-19 02:11:27,563] {logging_mixin.py:104} INFO - [2024-04-19 02:11:27,563] {dagbag.py:448} INFO - Filling up the DagBag from /home/airflow/.local/lib/python3.6/site-packages/airflow/example_dags/example_task_group.py
[2024-04-19 02:11:27,571] {scheduler_job.py:639} INFO - DAG(s) dict_keys(['example_task_group']) retrieved from /home/airflow/.local/lib/python3.6/site-packages/airflow/example_dags/example_task_group.py
[2024-04-19 02:11:27,587] {logging_mixin.py:104} INFO - [2024-04-19 02:11:27,587] {dag.py:1818} INFO - Sync 1 DAGs
[2024-04-19 02:11:27,602] {logging_mixin.py:104} INFO - [2024-04-19 02:11:27,602] {dag.py:2273} INFO - Setting next_dagrun for example_task_group to 2024-04-17 00:00:00+00:00
[2024-04-19 02:11:27,611] {scheduler_job.py:190} INFO - Processing /home/airflow/.local/lib/python3.6/site-packages/airflow/example_dags/example_task_group.py took 0.052 seconds
[2024-04-19 02:11:57,727] {scheduler_job.py:182} INFO - Started process (PID=4230) to work on /home/airflow/.local/lib/python3.6/site-packages/airflow/example_dags/example_task_group.py
[2024-04-19 02:11:57,729] {scheduler_job.py:629} INFO - Processing file /home/airflow/.local/lib/python3.6/site-packages/airflow/example_dags/example_task_group.py for tasks to queue
[2024-04-19 02:11:57,730] {logging_mixin.py:104} INFO - [2024-04-19 02:11:57,730] {dagbag.py:448} INFO - Filling up the DagBag from /home/airflow/.local/lib/python3.6/site-packages/airflow/example_dags/example_task_group.py
[2024-04-19 02:11:57,738] {scheduler_job.py:639} INFO - DAG(s) dict_keys(['example_task_group']) retrieved from /home/airflow/.local/lib/python3.6/site-packages/airflow/example_dags/example_task_group.py
[2024-04-19 02:11:57,756] {logging_mixin.py:104} INFO - [2024-04-19 02:11:57,756] {dag.py:1818} INFO - Sync 1 DAGs
[2024-04-19 02:11:57,768] {logging_mixin.py:104} INFO - [2024-04-19 02:11:57,768] {dag.py:2273} INFO - Setting next_dagrun for example_task_group to 2024-04-17 00:00:00+00:00
[2024-04-19 02:11:57,776] {scheduler_job.py:190} INFO - Processing /home/airflow/.local/lib/python3.6/site-packages/airflow/example_dags/example_task_group.py took 0.051 seconds
[2024-04-19 02:12:28,233] {scheduler_job.py:182} INFO - Started process (PID=4372) to work on /home/airflow/.local/lib/python3.6/site-packages/airflow/example_dags/example_task_group.py
[2024-04-19 02:12:28,235] {scheduler_job.py:629} INFO - Processing file /home/airflow/.local/lib/python3.6/site-packages/airflow/example_dags/example_task_group.py for tasks to queue
[2024-04-19 02:12:28,236] {logging_mixin.py:104} INFO - [2024-04-19 02:12:28,236] {dagbag.py:448} INFO - Filling up the DagBag from /home/airflow/.local/lib/python3.6/site-packages/airflow/example_dags/example_task_group.py
[2024-04-19 02:12:28,245] {scheduler_job.py:639} INFO - DAG(s) dict_keys(['example_task_group']) retrieved from /home/airflow/.local/lib/python3.6/site-packages/airflow/example_dags/example_task_group.py
[2024-04-19 02:12:28,269] {logging_mixin.py:104} INFO - [2024-04-19 02:12:28,269] {dag.py:1818} INFO - Sync 1 DAGs
[2024-04-19 02:12:28,284] {logging_mixin.py:104} INFO - [2024-04-19 02:12:28,283] {dag.py:2273} INFO - Setting next_dagrun for example_task_group to 2024-04-17 00:00:00+00:00
[2024-04-19 02:12:28,295] {scheduler_job.py:190} INFO - Processing /home/airflow/.local/lib/python3.6/site-packages/airflow/example_dags/example_task_group.py took 0.067 seconds
[2024-04-19 02:12:58,525] {scheduler_job.py:182} INFO - Started process (PID=4504) to work on /home/airflow/.local/lib/python3.6/site-packages/airflow/example_dags/example_task_group.py
[2024-04-19 02:12:58,526] {scheduler_job.py:629} INFO - Processing file /home/airflow/.local/lib/python3.6/site-packages/airflow/example_dags/example_task_group.py for tasks to queue
[2024-04-19 02:12:58,526] {logging_mixin.py:104} INFO - [2024-04-19 02:12:58,526] {dagbag.py:448} INFO - Filling up the DagBag from /home/airflow/.local/lib/python3.6/site-packages/airflow/example_dags/example_task_group.py
[2024-04-19 02:12:58,534] {scheduler_job.py:639} INFO - DAG(s) dict_keys(['example_task_group']) retrieved from /home/airflow/.local/lib/python3.6/site-packages/airflow/example_dags/example_task_group.py
[2024-04-19 02:12:58,550] {logging_mixin.py:104} INFO - [2024-04-19 02:12:58,549] {dag.py:1818} INFO - Sync 1 DAGs
[2024-04-19 02:12:58,560] {logging_mixin.py:104} INFO - [2024-04-19 02:12:58,560] {dag.py:2273} INFO - Setting next_dagrun for example_task_group to 2024-04-17 00:00:00+00:00
[2024-04-19 02:12:58,569] {scheduler_job.py:190} INFO - Processing /home/airflow/.local/lib/python3.6/site-packages/airflow/example_dags/example_task_group.py took 0.047 seconds
