[2024-04-19 01:51:18,809] {scheduler_job.py:182} INFO - Started process (PID=205) to work on /home/airflow/.local/lib/python3.6/site-packages/airflow/example_dags/example_complex.py
[2024-04-19 01:51:18,811] {scheduler_job.py:629} INFO - Processing file /home/airflow/.local/lib/python3.6/site-packages/airflow/example_dags/example_complex.py for tasks to queue
[2024-04-19 01:51:18,813] {logging_mixin.py:104} INFO - [2024-04-19 01:51:18,813] {dagbag.py:448} INFO - Filling up the DagBag from /home/airflow/.local/lib/python3.6/site-packages/airflow/example_dags/example_complex.py
[2024-04-19 01:51:18,837] {scheduler_job.py:639} INFO - DAG(s) dict_keys(['example_complex']) retrieved from /home/airflow/.local/lib/python3.6/site-packages/airflow/example_dags/example_complex.py
[2024-04-19 01:51:18,867] {logging_mixin.py:104} INFO - [2024-04-19 01:51:18,867] {dag.py:1818} INFO - Sync 1 DAGs
[2024-04-19 01:51:18,882] {logging_mixin.py:104} INFO - [2024-04-19 01:51:18,882] {dag.py:1837} INFO - Creating ORM DAG for example_complex
[2024-04-19 01:51:18,889] {logging_mixin.py:104} INFO - [2024-04-19 01:51:18,889] {dag.py:2273} INFO - Setting next_dagrun for example_complex to None
[2024-04-19 01:51:18,913] {scheduler_job.py:190} INFO - Processing /home/airflow/.local/lib/python3.6/site-packages/airflow/example_dags/example_complex.py took 0.106 seconds
[2024-04-19 01:51:49,376] {scheduler_job.py:182} INFO - Started process (PID=335) to work on /home/airflow/.local/lib/python3.6/site-packages/airflow/example_dags/example_complex.py
[2024-04-19 01:51:49,380] {scheduler_job.py:629} INFO - Processing file /home/airflow/.local/lib/python3.6/site-packages/airflow/example_dags/example_complex.py for tasks to queue
[2024-04-19 01:51:49,382] {logging_mixin.py:104} INFO - [2024-04-19 01:51:49,382] {dagbag.py:448} INFO - Filling up the DagBag from /home/airflow/.local/lib/python3.6/site-packages/airflow/example_dags/example_complex.py
[2024-04-19 01:51:49,421] {scheduler_job.py:639} INFO - DAG(s) dict_keys(['example_complex']) retrieved from /home/airflow/.local/lib/python3.6/site-packages/airflow/example_dags/example_complex.py
[2024-04-19 01:51:49,456] {logging_mixin.py:104} INFO - [2024-04-19 01:51:49,455] {dag.py:1818} INFO - Sync 1 DAGs
[2024-04-19 01:51:49,480] {logging_mixin.py:104} INFO - [2024-04-19 01:51:49,480] {dag.py:2273} INFO - Setting next_dagrun for example_complex to None
[2024-04-19 01:51:49,500] {scheduler_job.py:190} INFO - Processing /home/airflow/.local/lib/python3.6/site-packages/airflow/example_dags/example_complex.py took 0.127 seconds
[2024-04-19 01:52:20,181] {scheduler_job.py:182} INFO - Started process (PID=460) to work on /home/airflow/.local/lib/python3.6/site-packages/airflow/example_dags/example_complex.py
[2024-04-19 01:52:20,183] {scheduler_job.py:629} INFO - Processing file /home/airflow/.local/lib/python3.6/site-packages/airflow/example_dags/example_complex.py for tasks to queue
[2024-04-19 01:52:20,185] {logging_mixin.py:104} INFO - [2024-04-19 01:52:20,185] {dagbag.py:448} INFO - Filling up the DagBag from /home/airflow/.local/lib/python3.6/site-packages/airflow/example_dags/example_complex.py
[2024-04-19 01:52:20,205] {scheduler_job.py:639} INFO - DAG(s) dict_keys(['example_complex']) retrieved from /home/airflow/.local/lib/python3.6/site-packages/airflow/example_dags/example_complex.py
[2024-04-19 01:52:20,227] {logging_mixin.py:104} INFO - [2024-04-19 01:52:20,227] {dag.py:1818} INFO - Sync 1 DAGs
[2024-04-19 01:52:20,239] {logging_mixin.py:104} INFO - [2024-04-19 01:52:20,239] {dag.py:2273} INFO - Setting next_dagrun for example_complex to None
[2024-04-19 01:52:20,248] {scheduler_job.py:190} INFO - Processing /home/airflow/.local/lib/python3.6/site-packages/airflow/example_dags/example_complex.py took 0.070 seconds
[2024-04-19 01:52:50,404] {scheduler_job.py:182} INFO - Started process (PID=590) to work on /home/airflow/.local/lib/python3.6/site-packages/airflow/example_dags/example_complex.py
[2024-04-19 01:52:50,405] {scheduler_job.py:629} INFO - Processing file /home/airflow/.local/lib/python3.6/site-packages/airflow/example_dags/example_complex.py for tasks to queue
[2024-04-19 01:52:50,406] {logging_mixin.py:104} INFO - [2024-04-19 01:52:50,406] {dagbag.py:448} INFO - Filling up the DagBag from /home/airflow/.local/lib/python3.6/site-packages/airflow/example_dags/example_complex.py
[2024-04-19 01:52:50,420] {scheduler_job.py:639} INFO - DAG(s) dict_keys(['example_complex']) retrieved from /home/airflow/.local/lib/python3.6/site-packages/airflow/example_dags/example_complex.py
[2024-04-19 01:52:50,439] {logging_mixin.py:104} INFO - [2024-04-19 01:52:50,439] {dag.py:1818} INFO - Sync 1 DAGs
[2024-04-19 01:52:50,451] {logging_mixin.py:104} INFO - [2024-04-19 01:52:50,451] {dag.py:2273} INFO - Setting next_dagrun for example_complex to None
[2024-04-19 01:52:50,461] {scheduler_job.py:190} INFO - Processing /home/airflow/.local/lib/python3.6/site-packages/airflow/example_dags/example_complex.py took 0.059 seconds
[2024-04-19 01:53:20,974] {scheduler_job.py:182} INFO - Started process (PID=720) to work on /home/airflow/.local/lib/python3.6/site-packages/airflow/example_dags/example_complex.py
[2024-04-19 01:53:20,977] {scheduler_job.py:629} INFO - Processing file /home/airflow/.local/lib/python3.6/site-packages/airflow/example_dags/example_complex.py for tasks to queue
[2024-04-19 01:53:20,982] {logging_mixin.py:104} INFO - [2024-04-19 01:53:20,981] {dagbag.py:448} INFO - Filling up the DagBag from /home/airflow/.local/lib/python3.6/site-packages/airflow/example_dags/example_complex.py
[2024-04-19 01:53:21,004] {scheduler_job.py:639} INFO - DAG(s) dict_keys(['example_complex']) retrieved from /home/airflow/.local/lib/python3.6/site-packages/airflow/example_dags/example_complex.py
[2024-04-19 01:53:21,032] {logging_mixin.py:104} INFO - [2024-04-19 01:53:21,032] {dag.py:1818} INFO - Sync 1 DAGs
[2024-04-19 01:53:21,055] {logging_mixin.py:104} INFO - [2024-04-19 01:53:21,054] {dag.py:2273} INFO - Setting next_dagrun for example_complex to None
[2024-04-19 01:53:21,067] {scheduler_job.py:190} INFO - Processing /home/airflow/.local/lib/python3.6/site-packages/airflow/example_dags/example_complex.py took 0.100 seconds
[2024-04-19 01:53:51,675] {scheduler_job.py:182} INFO - Started process (PID=860) to work on /home/airflow/.local/lib/python3.6/site-packages/airflow/example_dags/example_complex.py
[2024-04-19 01:53:51,676] {scheduler_job.py:629} INFO - Processing file /home/airflow/.local/lib/python3.6/site-packages/airflow/example_dags/example_complex.py for tasks to queue
[2024-04-19 01:53:51,678] {logging_mixin.py:104} INFO - [2024-04-19 01:53:51,678] {dagbag.py:448} INFO - Filling up the DagBag from /home/airflow/.local/lib/python3.6/site-packages/airflow/example_dags/example_complex.py
[2024-04-19 01:53:51,704] {scheduler_job.py:639} INFO - DAG(s) dict_keys(['example_complex']) retrieved from /home/airflow/.local/lib/python3.6/site-packages/airflow/example_dags/example_complex.py
[2024-04-19 01:53:51,735] {logging_mixin.py:104} INFO - [2024-04-19 01:53:51,735] {dag.py:1818} INFO - Sync 1 DAGs
[2024-04-19 01:53:51,758] {logging_mixin.py:104} INFO - [2024-04-19 01:53:51,758] {dag.py:2273} INFO - Setting next_dagrun for example_complex to None
[2024-04-19 01:53:51,773] {scheduler_job.py:190} INFO - Processing /home/airflow/.local/lib/python3.6/site-packages/airflow/example_dags/example_complex.py took 0.103 seconds
[2024-04-19 01:54:22,016] {scheduler_job.py:182} INFO - Started process (PID=985) to work on /home/airflow/.local/lib/python3.6/site-packages/airflow/example_dags/example_complex.py
[2024-04-19 01:54:22,018] {scheduler_job.py:629} INFO - Processing file /home/airflow/.local/lib/python3.6/site-packages/airflow/example_dags/example_complex.py for tasks to queue
[2024-04-19 01:54:22,020] {logging_mixin.py:104} INFO - [2024-04-19 01:54:22,019] {dagbag.py:448} INFO - Filling up the DagBag from /home/airflow/.local/lib/python3.6/site-packages/airflow/example_dags/example_complex.py
[2024-04-19 01:54:22,034] {scheduler_job.py:639} INFO - DAG(s) dict_keys(['example_complex']) retrieved from /home/airflow/.local/lib/python3.6/site-packages/airflow/example_dags/example_complex.py
[2024-04-19 01:54:22,054] {logging_mixin.py:104} INFO - [2024-04-19 01:54:22,054] {dag.py:1818} INFO - Sync 1 DAGs
[2024-04-19 01:54:22,066] {logging_mixin.py:104} INFO - [2024-04-19 01:54:22,066] {dag.py:2273} INFO - Setting next_dagrun for example_complex to None
[2024-04-19 01:54:22,075] {scheduler_job.py:190} INFO - Processing /home/airflow/.local/lib/python3.6/site-packages/airflow/example_dags/example_complex.py took 0.062 seconds
[2024-04-19 01:54:52,459] {scheduler_job.py:182} INFO - Started process (PID=1120) to work on /home/airflow/.local/lib/python3.6/site-packages/airflow/example_dags/example_complex.py
[2024-04-19 01:54:52,462] {scheduler_job.py:629} INFO - Processing file /home/airflow/.local/lib/python3.6/site-packages/airflow/example_dags/example_complex.py for tasks to queue
[2024-04-19 01:54:52,463] {logging_mixin.py:104} INFO - [2024-04-19 01:54:52,463] {dagbag.py:448} INFO - Filling up the DagBag from /home/airflow/.local/lib/python3.6/site-packages/airflow/example_dags/example_complex.py
[2024-04-19 01:54:52,480] {scheduler_job.py:639} INFO - DAG(s) dict_keys(['example_complex']) retrieved from /home/airflow/.local/lib/python3.6/site-packages/airflow/example_dags/example_complex.py
[2024-04-19 01:54:52,502] {logging_mixin.py:104} INFO - [2024-04-19 01:54:52,502] {dag.py:1818} INFO - Sync 1 DAGs
[2024-04-19 01:54:52,521] {logging_mixin.py:104} INFO - [2024-04-19 01:54:52,521] {dag.py:2273} INFO - Setting next_dagrun for example_complex to None
[2024-04-19 01:54:52,531] {scheduler_job.py:190} INFO - Processing /home/airflow/.local/lib/python3.6/site-packages/airflow/example_dags/example_complex.py took 0.076 seconds
[2024-04-19 01:55:22,915] {scheduler_job.py:182} INFO - Started process (PID=1260) to work on /home/airflow/.local/lib/python3.6/site-packages/airflow/example_dags/example_complex.py
[2024-04-19 01:55:22,917] {scheduler_job.py:629} INFO - Processing file /home/airflow/.local/lib/python3.6/site-packages/airflow/example_dags/example_complex.py for tasks to queue
[2024-04-19 01:55:22,918] {logging_mixin.py:104} INFO - [2024-04-19 01:55:22,918] {dagbag.py:448} INFO - Filling up the DagBag from /home/airflow/.local/lib/python3.6/site-packages/airflow/example_dags/example_complex.py
[2024-04-19 01:55:22,933] {scheduler_job.py:639} INFO - DAG(s) dict_keys(['example_complex']) retrieved from /home/airflow/.local/lib/python3.6/site-packages/airflow/example_dags/example_complex.py
[2024-04-19 01:55:22,956] {logging_mixin.py:104} INFO - [2024-04-19 01:55:22,956] {dag.py:1818} INFO - Sync 1 DAGs
[2024-04-19 01:55:22,973] {logging_mixin.py:104} INFO - [2024-04-19 01:55:22,972] {dag.py:2273} INFO - Setting next_dagrun for example_complex to None
[2024-04-19 01:55:22,986] {scheduler_job.py:190} INFO - Processing /home/airflow/.local/lib/python3.6/site-packages/airflow/example_dags/example_complex.py took 0.074 seconds
[2024-04-19 01:55:53,373] {scheduler_job.py:182} INFO - Started process (PID=1395) to work on /home/airflow/.local/lib/python3.6/site-packages/airflow/example_dags/example_complex.py
[2024-04-19 01:55:53,375] {scheduler_job.py:629} INFO - Processing file /home/airflow/.local/lib/python3.6/site-packages/airflow/example_dags/example_complex.py for tasks to queue
[2024-04-19 01:55:53,378] {logging_mixin.py:104} INFO - [2024-04-19 01:55:53,378] {dagbag.py:448} INFO - Filling up the DagBag from /home/airflow/.local/lib/python3.6/site-packages/airflow/example_dags/example_complex.py
[2024-04-19 01:55:53,396] {scheduler_job.py:639} INFO - DAG(s) dict_keys(['example_complex']) retrieved from /home/airflow/.local/lib/python3.6/site-packages/airflow/example_dags/example_complex.py
[2024-04-19 01:55:53,420] {logging_mixin.py:104} INFO - [2024-04-19 01:55:53,420] {dag.py:1818} INFO - Sync 1 DAGs
[2024-04-19 01:55:53,436] {logging_mixin.py:104} INFO - [2024-04-19 01:55:53,436] {dag.py:2273} INFO - Setting next_dagrun for example_complex to None
[2024-04-19 01:55:53,447] {scheduler_job.py:190} INFO - Processing /home/airflow/.local/lib/python3.6/site-packages/airflow/example_dags/example_complex.py took 0.076 seconds
[2024-04-19 01:56:18,438] {scheduler_job.py:182} INFO - Started process (PID=215) to work on /home/airflow/.local/lib/python3.6/site-packages/airflow/example_dags/example_complex.py
[2024-04-19 01:56:18,440] {scheduler_job.py:629} INFO - Processing file /home/airflow/.local/lib/python3.6/site-packages/airflow/example_dags/example_complex.py for tasks to queue
[2024-04-19 01:56:18,441] {logging_mixin.py:104} INFO - [2024-04-19 01:56:18,440] {dagbag.py:448} INFO - Filling up the DagBag from /home/airflow/.local/lib/python3.6/site-packages/airflow/example_dags/example_complex.py
[2024-04-19 01:56:18,460] {scheduler_job.py:639} INFO - DAG(s) dict_keys(['example_complex']) retrieved from /home/airflow/.local/lib/python3.6/site-packages/airflow/example_dags/example_complex.py
[2024-04-19 01:56:18,488] {logging_mixin.py:104} INFO - [2024-04-19 01:56:18,488] {dag.py:1818} INFO - Sync 1 DAGs
[2024-04-19 01:56:18,504] {logging_mixin.py:104} INFO - [2024-04-19 01:56:18,504] {dag.py:2273} INFO - Setting next_dagrun for example_complex to None
[2024-04-19 01:56:18,517] {scheduler_job.py:190} INFO - Processing /home/airflow/.local/lib/python3.6/site-packages/airflow/example_dags/example_complex.py took 0.082 seconds
[2024-04-19 01:56:49,271] {scheduler_job.py:182} INFO - Started process (PID=370) to work on /home/airflow/.local/lib/python3.6/site-packages/airflow/example_dags/example_complex.py
[2024-04-19 01:56:49,272] {scheduler_job.py:629} INFO - Processing file /home/airflow/.local/lib/python3.6/site-packages/airflow/example_dags/example_complex.py for tasks to queue
[2024-04-19 01:56:49,273] {logging_mixin.py:104} INFO - [2024-04-19 01:56:49,273] {dagbag.py:448} INFO - Filling up the DagBag from /home/airflow/.local/lib/python3.6/site-packages/airflow/example_dags/example_complex.py
[2024-04-19 01:56:49,290] {scheduler_job.py:639} INFO - DAG(s) dict_keys(['example_complex']) retrieved from /home/airflow/.local/lib/python3.6/site-packages/airflow/example_dags/example_complex.py
[2024-04-19 01:56:49,319] {logging_mixin.py:104} INFO - [2024-04-19 01:56:49,318] {dag.py:1818} INFO - Sync 1 DAGs
[2024-04-19 01:56:49,338] {logging_mixin.py:104} INFO - [2024-04-19 01:56:49,338] {dag.py:2273} INFO - Setting next_dagrun for example_complex to None
[2024-04-19 01:56:49,350] {scheduler_job.py:190} INFO - Processing /home/airflow/.local/lib/python3.6/site-packages/airflow/example_dags/example_complex.py took 0.082 seconds
[2024-04-19 01:57:20,120] {scheduler_job.py:182} INFO - Started process (PID=509) to work on /home/airflow/.local/lib/python3.6/site-packages/airflow/example_dags/example_complex.py
[2024-04-19 01:57:20,121] {scheduler_job.py:629} INFO - Processing file /home/airflow/.local/lib/python3.6/site-packages/airflow/example_dags/example_complex.py for tasks to queue
[2024-04-19 01:57:20,122] {logging_mixin.py:104} INFO - [2024-04-19 01:57:20,122] {dagbag.py:448} INFO - Filling up the DagBag from /home/airflow/.local/lib/python3.6/site-packages/airflow/example_dags/example_complex.py
[2024-04-19 01:57:20,137] {scheduler_job.py:639} INFO - DAG(s) dict_keys(['example_complex']) retrieved from /home/airflow/.local/lib/python3.6/site-packages/airflow/example_dags/example_complex.py
[2024-04-19 01:57:20,159] {logging_mixin.py:104} INFO - [2024-04-19 01:57:20,159] {dag.py:1818} INFO - Sync 1 DAGs
[2024-04-19 01:57:20,172] {logging_mixin.py:104} INFO - [2024-04-19 01:57:20,172] {dag.py:2273} INFO - Setting next_dagrun for example_complex to None
[2024-04-19 01:57:20,186] {scheduler_job.py:190} INFO - Processing /home/airflow/.local/lib/python3.6/site-packages/airflow/example_dags/example_complex.py took 0.068 seconds
[2024-04-19 01:57:50,289] {scheduler_job.py:182} INFO - Started process (PID=610) to work on /home/airflow/.local/lib/python3.6/site-packages/airflow/example_dags/example_complex.py
[2024-04-19 01:57:50,290] {scheduler_job.py:629} INFO - Processing file /home/airflow/.local/lib/python3.6/site-packages/airflow/example_dags/example_complex.py for tasks to queue
[2024-04-19 01:57:50,291] {logging_mixin.py:104} INFO - [2024-04-19 01:57:50,291] {dagbag.py:448} INFO - Filling up the DagBag from /home/airflow/.local/lib/python3.6/site-packages/airflow/example_dags/example_complex.py
[2024-04-19 01:57:50,304] {scheduler_job.py:639} INFO - DAG(s) dict_keys(['example_complex']) retrieved from /home/airflow/.local/lib/python3.6/site-packages/airflow/example_dags/example_complex.py
[2024-04-19 01:57:50,326] {logging_mixin.py:104} INFO - [2024-04-19 01:57:50,326] {dag.py:1818} INFO - Sync 1 DAGs
[2024-04-19 01:57:50,336] {logging_mixin.py:104} INFO - [2024-04-19 01:57:50,336] {dag.py:2273} INFO - Setting next_dagrun for example_complex to None
[2024-04-19 01:57:50,344] {scheduler_job.py:190} INFO - Processing /home/airflow/.local/lib/python3.6/site-packages/airflow/example_dags/example_complex.py took 0.058 seconds
[2024-04-19 01:58:20,660] {scheduler_job.py:182} INFO - Started process (PID=747) to work on /home/airflow/.local/lib/python3.6/site-packages/airflow/example_dags/example_complex.py
[2024-04-19 01:58:20,662] {scheduler_job.py:629} INFO - Processing file /home/airflow/.local/lib/python3.6/site-packages/airflow/example_dags/example_complex.py for tasks to queue
[2024-04-19 01:58:20,663] {logging_mixin.py:104} INFO - [2024-04-19 01:58:20,663] {dagbag.py:448} INFO - Filling up the DagBag from /home/airflow/.local/lib/python3.6/site-packages/airflow/example_dags/example_complex.py
[2024-04-19 01:58:20,676] {scheduler_job.py:639} INFO - DAG(s) dict_keys(['example_complex']) retrieved from /home/airflow/.local/lib/python3.6/site-packages/airflow/example_dags/example_complex.py
[2024-04-19 01:58:20,695] {logging_mixin.py:104} INFO - [2024-04-19 01:58:20,695] {dag.py:1818} INFO - Sync 1 DAGs
[2024-04-19 01:58:20,705] {logging_mixin.py:104} INFO - [2024-04-19 01:58:20,705] {dag.py:2273} INFO - Setting next_dagrun for example_complex to None
[2024-04-19 01:58:20,715] {scheduler_job.py:190} INFO - Processing /home/airflow/.local/lib/python3.6/site-packages/airflow/example_dags/example_complex.py took 0.057 seconds
[2024-04-19 01:58:51,092] {scheduler_job.py:182} INFO - Started process (PID=894) to work on /home/airflow/.local/lib/python3.6/site-packages/airflow/example_dags/example_complex.py
[2024-04-19 01:58:51,093] {scheduler_job.py:629} INFO - Processing file /home/airflow/.local/lib/python3.6/site-packages/airflow/example_dags/example_complex.py for tasks to queue
[2024-04-19 01:58:51,094] {logging_mixin.py:104} INFO - [2024-04-19 01:58:51,094] {dagbag.py:448} INFO - Filling up the DagBag from /home/airflow/.local/lib/python3.6/site-packages/airflow/example_dags/example_complex.py
[2024-04-19 01:58:51,109] {scheduler_job.py:639} INFO - DAG(s) dict_keys(['example_complex']) retrieved from /home/airflow/.local/lib/python3.6/site-packages/airflow/example_dags/example_complex.py
[2024-04-19 01:58:51,130] {logging_mixin.py:104} INFO - [2024-04-19 01:58:51,130] {dag.py:1818} INFO - Sync 1 DAGs
[2024-04-19 01:58:51,141] {logging_mixin.py:104} INFO - [2024-04-19 01:58:51,141] {dag.py:2273} INFO - Setting next_dagrun for example_complex to None
[2024-04-19 01:58:51,151] {scheduler_job.py:190} INFO - Processing /home/airflow/.local/lib/python3.6/site-packages/airflow/example_dags/example_complex.py took 0.062 seconds
[2024-04-19 01:59:21,208] {scheduler_job.py:182} INFO - Started process (PID=1022) to work on /home/airflow/.local/lib/python3.6/site-packages/airflow/example_dags/example_complex.py
[2024-04-19 01:59:21,209] {scheduler_job.py:629} INFO - Processing file /home/airflow/.local/lib/python3.6/site-packages/airflow/example_dags/example_complex.py for tasks to queue
[2024-04-19 01:59:21,211] {logging_mixin.py:104} INFO - [2024-04-19 01:59:21,211] {dagbag.py:448} INFO - Filling up the DagBag from /home/airflow/.local/lib/python3.6/site-packages/airflow/example_dags/example_complex.py
[2024-04-19 01:59:21,228] {scheduler_job.py:639} INFO - DAG(s) dict_keys(['example_complex']) retrieved from /home/airflow/.local/lib/python3.6/site-packages/airflow/example_dags/example_complex.py
[2024-04-19 01:59:21,248] {logging_mixin.py:104} INFO - [2024-04-19 01:59:21,248] {dag.py:1818} INFO - Sync 1 DAGs
[2024-04-19 01:59:21,258] {logging_mixin.py:104} INFO - [2024-04-19 01:59:21,258] {dag.py:2273} INFO - Setting next_dagrun for example_complex to None
[2024-04-19 01:59:21,268] {scheduler_job.py:190} INFO - Processing /home/airflow/.local/lib/python3.6/site-packages/airflow/example_dags/example_complex.py took 0.062 seconds
[2024-04-19 01:59:51,346] {scheduler_job.py:182} INFO - Started process (PID=1155) to work on /home/airflow/.local/lib/python3.6/site-packages/airflow/example_dags/example_complex.py
[2024-04-19 01:59:51,348] {scheduler_job.py:629} INFO - Processing file /home/airflow/.local/lib/python3.6/site-packages/airflow/example_dags/example_complex.py for tasks to queue
[2024-04-19 01:59:51,348] {logging_mixin.py:104} INFO - [2024-04-19 01:59:51,348] {dagbag.py:448} INFO - Filling up the DagBag from /home/airflow/.local/lib/python3.6/site-packages/airflow/example_dags/example_complex.py
[2024-04-19 01:59:51,361] {scheduler_job.py:639} INFO - DAG(s) dict_keys(['example_complex']) retrieved from /home/airflow/.local/lib/python3.6/site-packages/airflow/example_dags/example_complex.py
[2024-04-19 01:59:51,379] {logging_mixin.py:104} INFO - [2024-04-19 01:59:51,379] {dag.py:1818} INFO - Sync 1 DAGs
[2024-04-19 01:59:51,388] {logging_mixin.py:104} INFO - [2024-04-19 01:59:51,388] {dag.py:2273} INFO - Setting next_dagrun for example_complex to None
[2024-04-19 01:59:51,395] {scheduler_job.py:190} INFO - Processing /home/airflow/.local/lib/python3.6/site-packages/airflow/example_dags/example_complex.py took 0.053 seconds
[2024-04-19 02:00:21,705] {scheduler_job.py:182} INFO - Started process (PID=1284) to work on /home/airflow/.local/lib/python3.6/site-packages/airflow/example_dags/example_complex.py
[2024-04-19 02:00:21,707] {scheduler_job.py:629} INFO - Processing file /home/airflow/.local/lib/python3.6/site-packages/airflow/example_dags/example_complex.py for tasks to queue
[2024-04-19 02:00:21,709] {logging_mixin.py:104} INFO - [2024-04-19 02:00:21,709] {dagbag.py:448} INFO - Filling up the DagBag from /home/airflow/.local/lib/python3.6/site-packages/airflow/example_dags/example_complex.py
[2024-04-19 02:00:21,724] {scheduler_job.py:639} INFO - DAG(s) dict_keys(['example_complex']) retrieved from /home/airflow/.local/lib/python3.6/site-packages/airflow/example_dags/example_complex.py
[2024-04-19 02:00:21,748] {logging_mixin.py:104} INFO - [2024-04-19 02:00:21,748] {dag.py:1818} INFO - Sync 1 DAGs
[2024-04-19 02:00:21,759] {logging_mixin.py:104} INFO - [2024-04-19 02:00:21,759] {dag.py:2273} INFO - Setting next_dagrun for example_complex to None
[2024-04-19 02:00:21,772] {scheduler_job.py:190} INFO - Processing /home/airflow/.local/lib/python3.6/site-packages/airflow/example_dags/example_complex.py took 0.071 seconds
[2024-04-19 02:00:51,845] {scheduler_job.py:182} INFO - Started process (PID=1412) to work on /home/airflow/.local/lib/python3.6/site-packages/airflow/example_dags/example_complex.py
[2024-04-19 02:00:51,847] {scheduler_job.py:629} INFO - Processing file /home/airflow/.local/lib/python3.6/site-packages/airflow/example_dags/example_complex.py for tasks to queue
[2024-04-19 02:00:51,848] {logging_mixin.py:104} INFO - [2024-04-19 02:00:51,848] {dagbag.py:448} INFO - Filling up the DagBag from /home/airflow/.local/lib/python3.6/site-packages/airflow/example_dags/example_complex.py
[2024-04-19 02:00:51,862] {scheduler_job.py:639} INFO - DAG(s) dict_keys(['example_complex']) retrieved from /home/airflow/.local/lib/python3.6/site-packages/airflow/example_dags/example_complex.py
[2024-04-19 02:00:51,894] {logging_mixin.py:104} INFO - [2024-04-19 02:00:51,894] {dag.py:1818} INFO - Sync 1 DAGs
[2024-04-19 02:00:51,905] {logging_mixin.py:104} INFO - [2024-04-19 02:00:51,905] {dag.py:2273} INFO - Setting next_dagrun for example_complex to None
[2024-04-19 02:00:51,914] {scheduler_job.py:190} INFO - Processing /home/airflow/.local/lib/python3.6/site-packages/airflow/example_dags/example_complex.py took 0.071 seconds
[2024-04-19 02:01:22,362] {scheduler_job.py:182} INFO - Started process (PID=1545) to work on /home/airflow/.local/lib/python3.6/site-packages/airflow/example_dags/example_complex.py
[2024-04-19 02:01:22,368] {scheduler_job.py:629} INFO - Processing file /home/airflow/.local/lib/python3.6/site-packages/airflow/example_dags/example_complex.py for tasks to queue
[2024-04-19 02:01:22,370] {logging_mixin.py:104} INFO - [2024-04-19 02:01:22,370] {dagbag.py:448} INFO - Filling up the DagBag from /home/airflow/.local/lib/python3.6/site-packages/airflow/example_dags/example_complex.py
[2024-04-19 02:01:22,399] {scheduler_job.py:639} INFO - DAG(s) dict_keys(['example_complex']) retrieved from /home/airflow/.local/lib/python3.6/site-packages/airflow/example_dags/example_complex.py
[2024-04-19 02:01:22,430] {logging_mixin.py:104} INFO - [2024-04-19 02:01:22,430] {dag.py:1818} INFO - Sync 1 DAGs
[2024-04-19 02:01:22,455] {logging_mixin.py:104} INFO - [2024-04-19 02:01:22,455] {dag.py:2273} INFO - Setting next_dagrun for example_complex to None
[2024-04-19 02:01:22,481] {scheduler_job.py:190} INFO - Processing /home/airflow/.local/lib/python3.6/site-packages/airflow/example_dags/example_complex.py took 0.127 seconds
[2024-04-19 02:01:53,480] {scheduler_job.py:182} INFO - Started process (PID=1700) to work on /home/airflow/.local/lib/python3.6/site-packages/airflow/example_dags/example_complex.py
[2024-04-19 02:01:53,482] {scheduler_job.py:629} INFO - Processing file /home/airflow/.local/lib/python3.6/site-packages/airflow/example_dags/example_complex.py for tasks to queue
[2024-04-19 02:01:53,483] {logging_mixin.py:104} INFO - [2024-04-19 02:01:53,483] {dagbag.py:448} INFO - Filling up the DagBag from /home/airflow/.local/lib/python3.6/site-packages/airflow/example_dags/example_complex.py
[2024-04-19 02:01:53,503] {scheduler_job.py:639} INFO - DAG(s) dict_keys(['example_complex']) retrieved from /home/airflow/.local/lib/python3.6/site-packages/airflow/example_dags/example_complex.py
[2024-04-19 02:01:53,536] {logging_mixin.py:104} INFO - [2024-04-19 02:01:53,535] {dag.py:1818} INFO - Sync 1 DAGs
[2024-04-19 02:01:53,550] {logging_mixin.py:104} INFO - [2024-04-19 02:01:53,550] {dag.py:2273} INFO - Setting next_dagrun for example_complex to None
[2024-04-19 02:01:53,561] {scheduler_job.py:190} INFO - Processing /home/airflow/.local/lib/python3.6/site-packages/airflow/example_dags/example_complex.py took 0.085 seconds
[2024-04-19 02:02:23,887] {scheduler_job.py:182} INFO - Started process (PID=1837) to work on /home/airflow/.local/lib/python3.6/site-packages/airflow/example_dags/example_complex.py
[2024-04-19 02:02:23,888] {scheduler_job.py:629} INFO - Processing file /home/airflow/.local/lib/python3.6/site-packages/airflow/example_dags/example_complex.py for tasks to queue
[2024-04-19 02:02:23,889] {logging_mixin.py:104} INFO - [2024-04-19 02:02:23,889] {dagbag.py:448} INFO - Filling up the DagBag from /home/airflow/.local/lib/python3.6/site-packages/airflow/example_dags/example_complex.py
[2024-04-19 02:02:23,901] {scheduler_job.py:639} INFO - DAG(s) dict_keys(['example_complex']) retrieved from /home/airflow/.local/lib/python3.6/site-packages/airflow/example_dags/example_complex.py
[2024-04-19 02:02:23,928] {logging_mixin.py:104} INFO - [2024-04-19 02:02:23,928] {dag.py:1818} INFO - Sync 1 DAGs
[2024-04-19 02:02:23,946] {logging_mixin.py:104} INFO - [2024-04-19 02:02:23,946] {dag.py:2273} INFO - Setting next_dagrun for example_complex to None
[2024-04-19 02:02:23,961] {scheduler_job.py:190} INFO - Processing /home/airflow/.local/lib/python3.6/site-packages/airflow/example_dags/example_complex.py took 0.077 seconds
[2024-04-19 02:02:53,992] {scheduler_job.py:182} INFO - Started process (PID=1972) to work on /home/airflow/.local/lib/python3.6/site-packages/airflow/example_dags/example_complex.py
[2024-04-19 02:02:53,993] {scheduler_job.py:629} INFO - Processing file /home/airflow/.local/lib/python3.6/site-packages/airflow/example_dags/example_complex.py for tasks to queue
[2024-04-19 02:02:53,994] {logging_mixin.py:104} INFO - [2024-04-19 02:02:53,994] {dagbag.py:448} INFO - Filling up the DagBag from /home/airflow/.local/lib/python3.6/site-packages/airflow/example_dags/example_complex.py
[2024-04-19 02:02:54,004] {scheduler_job.py:639} INFO - DAG(s) dict_keys(['example_complex']) retrieved from /home/airflow/.local/lib/python3.6/site-packages/airflow/example_dags/example_complex.py
[2024-04-19 02:02:54,025] {logging_mixin.py:104} INFO - [2024-04-19 02:02:54,024] {dag.py:1818} INFO - Sync 1 DAGs
[2024-04-19 02:02:54,037] {logging_mixin.py:104} INFO - [2024-04-19 02:02:54,037] {dag.py:2273} INFO - Setting next_dagrun for example_complex to None
[2024-04-19 02:02:54,047] {scheduler_job.py:190} INFO - Processing /home/airflow/.local/lib/python3.6/site-packages/airflow/example_dags/example_complex.py took 0.057 seconds
[2024-04-19 02:03:24,105] {scheduler_job.py:182} INFO - Started process (PID=2102) to work on /home/airflow/.local/lib/python3.6/site-packages/airflow/example_dags/example_complex.py
[2024-04-19 02:03:24,107] {scheduler_job.py:629} INFO - Processing file /home/airflow/.local/lib/python3.6/site-packages/airflow/example_dags/example_complex.py for tasks to queue
[2024-04-19 02:03:24,107] {logging_mixin.py:104} INFO - [2024-04-19 02:03:24,107] {dagbag.py:448} INFO - Filling up the DagBag from /home/airflow/.local/lib/python3.6/site-packages/airflow/example_dags/example_complex.py
[2024-04-19 02:03:24,120] {scheduler_job.py:639} INFO - DAG(s) dict_keys(['example_complex']) retrieved from /home/airflow/.local/lib/python3.6/site-packages/airflow/example_dags/example_complex.py
[2024-04-19 02:03:24,139] {logging_mixin.py:104} INFO - [2024-04-19 02:03:24,139] {dag.py:1818} INFO - Sync 1 DAGs
[2024-04-19 02:03:24,149] {logging_mixin.py:104} INFO - [2024-04-19 02:03:24,149] {dag.py:2273} INFO - Setting next_dagrun for example_complex to None
[2024-04-19 02:03:24,158] {scheduler_job.py:190} INFO - Processing /home/airflow/.local/lib/python3.6/site-packages/airflow/example_dags/example_complex.py took 0.055 seconds
[2024-04-19 02:03:54,287] {scheduler_job.py:182} INFO - Started process (PID=2230) to work on /home/airflow/.local/lib/python3.6/site-packages/airflow/example_dags/example_complex.py
[2024-04-19 02:03:54,289] {scheduler_job.py:629} INFO - Processing file /home/airflow/.local/lib/python3.6/site-packages/airflow/example_dags/example_complex.py for tasks to queue
[2024-04-19 02:03:54,290] {logging_mixin.py:104} INFO - [2024-04-19 02:03:54,289] {dagbag.py:448} INFO - Filling up the DagBag from /home/airflow/.local/lib/python3.6/site-packages/airflow/example_dags/example_complex.py
[2024-04-19 02:03:54,301] {scheduler_job.py:639} INFO - DAG(s) dict_keys(['example_complex']) retrieved from /home/airflow/.local/lib/python3.6/site-packages/airflow/example_dags/example_complex.py
[2024-04-19 02:03:54,324] {logging_mixin.py:104} INFO - [2024-04-19 02:03:54,324] {dag.py:1818} INFO - Sync 1 DAGs
[2024-04-19 02:03:54,337] {logging_mixin.py:104} INFO - [2024-04-19 02:03:54,337] {dag.py:2273} INFO - Setting next_dagrun for example_complex to None
[2024-04-19 02:03:54,347] {scheduler_job.py:190} INFO - Processing /home/airflow/.local/lib/python3.6/site-packages/airflow/example_dags/example_complex.py took 0.062 seconds
[2024-04-19 02:04:24,741] {scheduler_job.py:182} INFO - Started process (PID=2355) to work on /home/airflow/.local/lib/python3.6/site-packages/airflow/example_dags/example_complex.py
[2024-04-19 02:04:24,742] {scheduler_job.py:629} INFO - Processing file /home/airflow/.local/lib/python3.6/site-packages/airflow/example_dags/example_complex.py for tasks to queue
[2024-04-19 02:04:24,742] {logging_mixin.py:104} INFO - [2024-04-19 02:04:24,742] {dagbag.py:448} INFO - Filling up the DagBag from /home/airflow/.local/lib/python3.6/site-packages/airflow/example_dags/example_complex.py
[2024-04-19 02:04:24,756] {scheduler_job.py:639} INFO - DAG(s) dict_keys(['example_complex']) retrieved from /home/airflow/.local/lib/python3.6/site-packages/airflow/example_dags/example_complex.py
[2024-04-19 02:04:24,780] {logging_mixin.py:104} INFO - [2024-04-19 02:04:24,780] {dag.py:1818} INFO - Sync 1 DAGs
[2024-04-19 02:04:24,791] {logging_mixin.py:104} INFO - [2024-04-19 02:04:24,791] {dag.py:2273} INFO - Setting next_dagrun for example_complex to None
[2024-04-19 02:04:24,802] {scheduler_job.py:190} INFO - Processing /home/airflow/.local/lib/python3.6/site-packages/airflow/example_dags/example_complex.py took 0.063 seconds
[2024-04-19 02:04:55,215] {scheduler_job.py:182} INFO - Started process (PID=2485) to work on /home/airflow/.local/lib/python3.6/site-packages/airflow/example_dags/example_complex.py
[2024-04-19 02:04:55,216] {scheduler_job.py:629} INFO - Processing file /home/airflow/.local/lib/python3.6/site-packages/airflow/example_dags/example_complex.py for tasks to queue
[2024-04-19 02:04:55,217] {logging_mixin.py:104} INFO - [2024-04-19 02:04:55,217] {dagbag.py:448} INFO - Filling up the DagBag from /home/airflow/.local/lib/python3.6/site-packages/airflow/example_dags/example_complex.py
[2024-04-19 02:04:55,228] {scheduler_job.py:639} INFO - DAG(s) dict_keys(['example_complex']) retrieved from /home/airflow/.local/lib/python3.6/site-packages/airflow/example_dags/example_complex.py
[2024-04-19 02:04:55,251] {logging_mixin.py:104} INFO - [2024-04-19 02:04:55,251] {dag.py:1818} INFO - Sync 1 DAGs
[2024-04-19 02:04:55,268] {logging_mixin.py:104} INFO - [2024-04-19 02:04:55,268] {dag.py:2273} INFO - Setting next_dagrun for example_complex to None
[2024-04-19 02:04:55,276] {scheduler_job.py:190} INFO - Processing /home/airflow/.local/lib/python3.6/site-packages/airflow/example_dags/example_complex.py took 0.064 seconds
[2024-04-19 02:05:25,502] {scheduler_job.py:182} INFO - Started process (PID=2615) to work on /home/airflow/.local/lib/python3.6/site-packages/airflow/example_dags/example_complex.py
[2024-04-19 02:05:25,503] {scheduler_job.py:629} INFO - Processing file /home/airflow/.local/lib/python3.6/site-packages/airflow/example_dags/example_complex.py for tasks to queue
[2024-04-19 02:05:25,504] {logging_mixin.py:104} INFO - [2024-04-19 02:05:25,504] {dagbag.py:448} INFO - Filling up the DagBag from /home/airflow/.local/lib/python3.6/site-packages/airflow/example_dags/example_complex.py
[2024-04-19 02:05:25,516] {scheduler_job.py:639} INFO - DAG(s) dict_keys(['example_complex']) retrieved from /home/airflow/.local/lib/python3.6/site-packages/airflow/example_dags/example_complex.py
[2024-04-19 02:05:25,537] {logging_mixin.py:104} INFO - [2024-04-19 02:05:25,537] {dag.py:1818} INFO - Sync 1 DAGs
[2024-04-19 02:05:25,547] {logging_mixin.py:104} INFO - [2024-04-19 02:05:25,547] {dag.py:2273} INFO - Setting next_dagrun for example_complex to None
[2024-04-19 02:05:25,556] {scheduler_job.py:190} INFO - Processing /home/airflow/.local/lib/python3.6/site-packages/airflow/example_dags/example_complex.py took 0.056 seconds
[2024-04-19 02:05:55,672] {scheduler_job.py:182} INFO - Started process (PID=2742) to work on /home/airflow/.local/lib/python3.6/site-packages/airflow/example_dags/example_complex.py
[2024-04-19 02:05:55,673] {scheduler_job.py:629} INFO - Processing file /home/airflow/.local/lib/python3.6/site-packages/airflow/example_dags/example_complex.py for tasks to queue
[2024-04-19 02:05:55,673] {logging_mixin.py:104} INFO - [2024-04-19 02:05:55,673] {dagbag.py:448} INFO - Filling up the DagBag from /home/airflow/.local/lib/python3.6/site-packages/airflow/example_dags/example_complex.py
[2024-04-19 02:05:55,685] {scheduler_job.py:639} INFO - DAG(s) dict_keys(['example_complex']) retrieved from /home/airflow/.local/lib/python3.6/site-packages/airflow/example_dags/example_complex.py
[2024-04-19 02:05:55,704] {logging_mixin.py:104} INFO - [2024-04-19 02:05:55,704] {dag.py:1818} INFO - Sync 1 DAGs
[2024-04-19 02:05:55,715] {logging_mixin.py:104} INFO - [2024-04-19 02:05:55,714] {dag.py:2273} INFO - Setting next_dagrun for example_complex to None
[2024-04-19 02:05:55,724] {scheduler_job.py:190} INFO - Processing /home/airflow/.local/lib/python3.6/site-packages/airflow/example_dags/example_complex.py took 0.054 seconds
[2024-04-19 02:06:25,916] {scheduler_job.py:182} INFO - Started process (PID=2870) to work on /home/airflow/.local/lib/python3.6/site-packages/airflow/example_dags/example_complex.py
[2024-04-19 02:06:25,918] {scheduler_job.py:629} INFO - Processing file /home/airflow/.local/lib/python3.6/site-packages/airflow/example_dags/example_complex.py for tasks to queue
[2024-04-19 02:06:25,918] {logging_mixin.py:104} INFO - [2024-04-19 02:06:25,918] {dagbag.py:448} INFO - Filling up the DagBag from /home/airflow/.local/lib/python3.6/site-packages/airflow/example_dags/example_complex.py
[2024-04-19 02:06:25,929] {scheduler_job.py:639} INFO - DAG(s) dict_keys(['example_complex']) retrieved from /home/airflow/.local/lib/python3.6/site-packages/airflow/example_dags/example_complex.py
[2024-04-19 02:06:25,948] {logging_mixin.py:104} INFO - [2024-04-19 02:06:25,948] {dag.py:1818} INFO - Sync 1 DAGs
[2024-04-19 02:06:25,958] {logging_mixin.py:104} INFO - [2024-04-19 02:06:25,958] {dag.py:2273} INFO - Setting next_dagrun for example_complex to None
[2024-04-19 02:06:25,966] {scheduler_job.py:190} INFO - Processing /home/airflow/.local/lib/python3.6/site-packages/airflow/example_dags/example_complex.py took 0.051 seconds
[2024-04-19 02:06:56,144] {scheduler_job.py:182} INFO - Started process (PID=2997) to work on /home/airflow/.local/lib/python3.6/site-packages/airflow/example_dags/example_complex.py
[2024-04-19 02:06:56,145] {scheduler_job.py:629} INFO - Processing file /home/airflow/.local/lib/python3.6/site-packages/airflow/example_dags/example_complex.py for tasks to queue
[2024-04-19 02:06:56,146] {logging_mixin.py:104} INFO - [2024-04-19 02:06:56,146] {dagbag.py:448} INFO - Filling up the DagBag from /home/airflow/.local/lib/python3.6/site-packages/airflow/example_dags/example_complex.py
[2024-04-19 02:06:56,156] {scheduler_job.py:639} INFO - DAG(s) dict_keys(['example_complex']) retrieved from /home/airflow/.local/lib/python3.6/site-packages/airflow/example_dags/example_complex.py
[2024-04-19 02:06:56,173] {logging_mixin.py:104} INFO - [2024-04-19 02:06:56,173] {dag.py:1818} INFO - Sync 1 DAGs
[2024-04-19 02:06:56,182] {logging_mixin.py:104} INFO - [2024-04-19 02:06:56,182] {dag.py:2273} INFO - Setting next_dagrun for example_complex to None
[2024-04-19 02:06:56,189] {scheduler_job.py:190} INFO - Processing /home/airflow/.local/lib/python3.6/site-packages/airflow/example_dags/example_complex.py took 0.047 seconds
[2024-04-19 02:07:26,384] {scheduler_job.py:182} INFO - Started process (PID=3125) to work on /home/airflow/.local/lib/python3.6/site-packages/airflow/example_dags/example_complex.py
[2024-04-19 02:07:26,385] {scheduler_job.py:629} INFO - Processing file /home/airflow/.local/lib/python3.6/site-packages/airflow/example_dags/example_complex.py for tasks to queue
[2024-04-19 02:07:26,385] {logging_mixin.py:104} INFO - [2024-04-19 02:07:26,385] {dagbag.py:448} INFO - Filling up the DagBag from /home/airflow/.local/lib/python3.6/site-packages/airflow/example_dags/example_complex.py
[2024-04-19 02:07:26,397] {scheduler_job.py:639} INFO - DAG(s) dict_keys(['example_complex']) retrieved from /home/airflow/.local/lib/python3.6/site-packages/airflow/example_dags/example_complex.py
[2024-04-19 02:07:26,414] {logging_mixin.py:104} INFO - [2024-04-19 02:07:26,414] {dag.py:1818} INFO - Sync 1 DAGs
[2024-04-19 02:07:26,425] {logging_mixin.py:104} INFO - [2024-04-19 02:07:26,425] {dag.py:2273} INFO - Setting next_dagrun for example_complex to None
[2024-04-19 02:07:26,434] {scheduler_job.py:190} INFO - Processing /home/airflow/.local/lib/python3.6/site-packages/airflow/example_dags/example_complex.py took 0.054 seconds
[2024-04-19 02:07:56,650] {scheduler_job.py:182} INFO - Started process (PID=3259) to work on /home/airflow/.local/lib/python3.6/site-packages/airflow/example_dags/example_complex.py
[2024-04-19 02:07:56,652] {scheduler_job.py:629} INFO - Processing file /home/airflow/.local/lib/python3.6/site-packages/airflow/example_dags/example_complex.py for tasks to queue
[2024-04-19 02:07:56,652] {logging_mixin.py:104} INFO - [2024-04-19 02:07:56,652] {dagbag.py:448} INFO - Filling up the DagBag from /home/airflow/.local/lib/python3.6/site-packages/airflow/example_dags/example_complex.py
[2024-04-19 02:07:56,663] {scheduler_job.py:639} INFO - DAG(s) dict_keys(['example_complex']) retrieved from /home/airflow/.local/lib/python3.6/site-packages/airflow/example_dags/example_complex.py
[2024-04-19 02:07:56,680] {logging_mixin.py:104} INFO - [2024-04-19 02:07:56,680] {dag.py:1818} INFO - Sync 1 DAGs
[2024-04-19 02:07:56,690] {logging_mixin.py:104} INFO - [2024-04-19 02:07:56,690] {dag.py:2273} INFO - Setting next_dagrun for example_complex to None
[2024-04-19 02:07:56,700] {scheduler_job.py:190} INFO - Processing /home/airflow/.local/lib/python3.6/site-packages/airflow/example_dags/example_complex.py took 0.051 seconds
[2024-04-19 02:08:26,762] {scheduler_job.py:182} INFO - Started process (PID=3369) to work on /home/airflow/.local/lib/python3.6/site-packages/airflow/example_dags/example_complex.py
[2024-04-19 02:08:26,764] {scheduler_job.py:629} INFO - Processing file /home/airflow/.local/lib/python3.6/site-packages/airflow/example_dags/example_complex.py for tasks to queue
[2024-04-19 02:08:26,765] {logging_mixin.py:104} INFO - [2024-04-19 02:08:26,765] {dagbag.py:448} INFO - Filling up the DagBag from /home/airflow/.local/lib/python3.6/site-packages/airflow/example_dags/example_complex.py
[2024-04-19 02:08:26,775] {scheduler_job.py:639} INFO - DAG(s) dict_keys(['example_complex']) retrieved from /home/airflow/.local/lib/python3.6/site-packages/airflow/example_dags/example_complex.py
[2024-04-19 02:08:26,792] {logging_mixin.py:104} INFO - [2024-04-19 02:08:26,792] {dag.py:1818} INFO - Sync 1 DAGs
[2024-04-19 02:08:26,804] {logging_mixin.py:104} INFO - [2024-04-19 02:08:26,804] {dag.py:2273} INFO - Setting next_dagrun for example_complex to None
[2024-04-19 02:08:26,816] {scheduler_job.py:190} INFO - Processing /home/airflow/.local/lib/python3.6/site-packages/airflow/example_dags/example_complex.py took 0.056 seconds
[2024-04-19 02:08:56,881] {scheduler_job.py:182} INFO - Started process (PID=3489) to work on /home/airflow/.local/lib/python3.6/site-packages/airflow/example_dags/example_complex.py
[2024-04-19 02:08:56,882] {scheduler_job.py:629} INFO - Processing file /home/airflow/.local/lib/python3.6/site-packages/airflow/example_dags/example_complex.py for tasks to queue
[2024-04-19 02:08:56,883] {logging_mixin.py:104} INFO - [2024-04-19 02:08:56,883] {dagbag.py:448} INFO - Filling up the DagBag from /home/airflow/.local/lib/python3.6/site-packages/airflow/example_dags/example_complex.py
[2024-04-19 02:08:56,894] {scheduler_job.py:639} INFO - DAG(s) dict_keys(['example_complex']) retrieved from /home/airflow/.local/lib/python3.6/site-packages/airflow/example_dags/example_complex.py
[2024-04-19 02:08:56,913] {logging_mixin.py:104} INFO - [2024-04-19 02:08:56,913] {dag.py:1818} INFO - Sync 1 DAGs
[2024-04-19 02:08:56,923] {logging_mixin.py:104} INFO - [2024-04-19 02:08:56,923] {dag.py:2273} INFO - Setting next_dagrun for example_complex to None
[2024-04-19 02:08:56,933] {scheduler_job.py:190} INFO - Processing /home/airflow/.local/lib/python3.6/site-packages/airflow/example_dags/example_complex.py took 0.054 seconds
[2024-04-19 02:09:27,201] {scheduler_job.py:182} INFO - Started process (PID=3620) to work on /home/airflow/.local/lib/python3.6/site-packages/airflow/example_dags/example_complex.py
[2024-04-19 02:09:27,202] {scheduler_job.py:629} INFO - Processing file /home/airflow/.local/lib/python3.6/site-packages/airflow/example_dags/example_complex.py for tasks to queue
[2024-04-19 02:09:27,203] {logging_mixin.py:104} INFO - [2024-04-19 02:09:27,203] {dagbag.py:448} INFO - Filling up the DagBag from /home/airflow/.local/lib/python3.6/site-packages/airflow/example_dags/example_complex.py
[2024-04-19 02:09:27,213] {scheduler_job.py:639} INFO - DAG(s) dict_keys(['example_complex']) retrieved from /home/airflow/.local/lib/python3.6/site-packages/airflow/example_dags/example_complex.py
[2024-04-19 02:09:27,233] {logging_mixin.py:104} INFO - [2024-04-19 02:09:27,233] {dag.py:1818} INFO - Sync 1 DAGs
[2024-04-19 02:09:27,242] {logging_mixin.py:104} INFO - [2024-04-19 02:09:27,242] {dag.py:2273} INFO - Setting next_dagrun for example_complex to None
[2024-04-19 02:09:27,249] {scheduler_job.py:190} INFO - Processing /home/airflow/.local/lib/python3.6/site-packages/airflow/example_dags/example_complex.py took 0.050 seconds
[2024-04-19 02:09:57,453] {scheduler_job.py:182} INFO - Started process (PID=3752) to work on /home/airflow/.local/lib/python3.6/site-packages/airflow/example_dags/example_complex.py
[2024-04-19 02:09:57,454] {scheduler_job.py:629} INFO - Processing file /home/airflow/.local/lib/python3.6/site-packages/airflow/example_dags/example_complex.py for tasks to queue
[2024-04-19 02:09:57,454] {logging_mixin.py:104} INFO - [2024-04-19 02:09:57,454] {dagbag.py:448} INFO - Filling up the DagBag from /home/airflow/.local/lib/python3.6/site-packages/airflow/example_dags/example_complex.py
[2024-04-19 02:09:57,465] {scheduler_job.py:639} INFO - DAG(s) dict_keys(['example_complex']) retrieved from /home/airflow/.local/lib/python3.6/site-packages/airflow/example_dags/example_complex.py
[2024-04-19 02:09:57,482] {logging_mixin.py:104} INFO - [2024-04-19 02:09:57,482] {dag.py:1818} INFO - Sync 1 DAGs
[2024-04-19 02:09:57,492] {logging_mixin.py:104} INFO - [2024-04-19 02:09:57,492] {dag.py:2273} INFO - Setting next_dagrun for example_complex to None
[2024-04-19 02:09:57,500] {scheduler_job.py:190} INFO - Processing /home/airflow/.local/lib/python3.6/site-packages/airflow/example_dags/example_complex.py took 0.049 seconds
[2024-04-19 02:10:27,735] {scheduler_job.py:182} INFO - Started process (PID=3890) to work on /home/airflow/.local/lib/python3.6/site-packages/airflow/example_dags/example_complex.py
[2024-04-19 02:10:27,737] {scheduler_job.py:629} INFO - Processing file /home/airflow/.local/lib/python3.6/site-packages/airflow/example_dags/example_complex.py for tasks to queue
[2024-04-19 02:10:27,738] {logging_mixin.py:104} INFO - [2024-04-19 02:10:27,738] {dagbag.py:448} INFO - Filling up the DagBag from /home/airflow/.local/lib/python3.6/site-packages/airflow/example_dags/example_complex.py
[2024-04-19 02:10:27,750] {scheduler_job.py:639} INFO - DAG(s) dict_keys(['example_complex']) retrieved from /home/airflow/.local/lib/python3.6/site-packages/airflow/example_dags/example_complex.py
[2024-04-19 02:10:27,771] {logging_mixin.py:104} INFO - [2024-04-19 02:10:27,771] {dag.py:1818} INFO - Sync 1 DAGs
[2024-04-19 02:10:27,785] {logging_mixin.py:104} INFO - [2024-04-19 02:10:27,785] {dag.py:2273} INFO - Setting next_dagrun for example_complex to None
[2024-04-19 02:10:27,793] {scheduler_job.py:190} INFO - Processing /home/airflow/.local/lib/python3.6/site-packages/airflow/example_dags/example_complex.py took 0.060 seconds
[2024-04-19 02:10:57,843] {scheduler_job.py:182} INFO - Started process (PID=4020) to work on /home/airflow/.local/lib/python3.6/site-packages/airflow/example_dags/example_complex.py
[2024-04-19 02:10:57,844] {scheduler_job.py:629} INFO - Processing file /home/airflow/.local/lib/python3.6/site-packages/airflow/example_dags/example_complex.py for tasks to queue
[2024-04-19 02:10:57,845] {logging_mixin.py:104} INFO - [2024-04-19 02:10:57,845] {dagbag.py:448} INFO - Filling up the DagBag from /home/airflow/.local/lib/python3.6/site-packages/airflow/example_dags/example_complex.py
[2024-04-19 02:10:57,856] {scheduler_job.py:639} INFO - DAG(s) dict_keys(['example_complex']) retrieved from /home/airflow/.local/lib/python3.6/site-packages/airflow/example_dags/example_complex.py
[2024-04-19 02:10:57,877] {logging_mixin.py:104} INFO - [2024-04-19 02:10:57,877] {dag.py:1818} INFO - Sync 1 DAGs
[2024-04-19 02:10:57,888] {logging_mixin.py:104} INFO - [2024-04-19 02:10:57,888] {dag.py:2273} INFO - Setting next_dagrun for example_complex to None
[2024-04-19 02:10:57,896] {scheduler_job.py:190} INFO - Processing /home/airflow/.local/lib/python3.6/site-packages/airflow/example_dags/example_complex.py took 0.056 seconds
[2024-04-19 02:11:27,941] {scheduler_job.py:182} INFO - Started process (PID=4147) to work on /home/airflow/.local/lib/python3.6/site-packages/airflow/example_dags/example_complex.py
[2024-04-19 02:11:27,943] {scheduler_job.py:629} INFO - Processing file /home/airflow/.local/lib/python3.6/site-packages/airflow/example_dags/example_complex.py for tasks to queue
[2024-04-19 02:11:27,944] {logging_mixin.py:104} INFO - [2024-04-19 02:11:27,943] {dagbag.py:448} INFO - Filling up the DagBag from /home/airflow/.local/lib/python3.6/site-packages/airflow/example_dags/example_complex.py
[2024-04-19 02:11:27,956] {scheduler_job.py:639} INFO - DAG(s) dict_keys(['example_complex']) retrieved from /home/airflow/.local/lib/python3.6/site-packages/airflow/example_dags/example_complex.py
[2024-04-19 02:11:27,979] {logging_mixin.py:104} INFO - [2024-04-19 02:11:27,978] {dag.py:1818} INFO - Sync 1 DAGs
[2024-04-19 02:11:27,991] {logging_mixin.py:104} INFO - [2024-04-19 02:11:27,990] {dag.py:2273} INFO - Setting next_dagrun for example_complex to None
[2024-04-19 02:11:27,999] {scheduler_job.py:190} INFO - Processing /home/airflow/.local/lib/python3.6/site-packages/airflow/example_dags/example_complex.py took 0.065 seconds
[2024-04-19 02:11:58,067] {scheduler_job.py:182} INFO - Started process (PID=4275) to work on /home/airflow/.local/lib/python3.6/site-packages/airflow/example_dags/example_complex.py
[2024-04-19 02:11:58,068] {scheduler_job.py:629} INFO - Processing file /home/airflow/.local/lib/python3.6/site-packages/airflow/example_dags/example_complex.py for tasks to queue
[2024-04-19 02:11:58,069] {logging_mixin.py:104} INFO - [2024-04-19 02:11:58,069] {dagbag.py:448} INFO - Filling up the DagBag from /home/airflow/.local/lib/python3.6/site-packages/airflow/example_dags/example_complex.py
[2024-04-19 02:11:58,080] {scheduler_job.py:639} INFO - DAG(s) dict_keys(['example_complex']) retrieved from /home/airflow/.local/lib/python3.6/site-packages/airflow/example_dags/example_complex.py
[2024-04-19 02:11:58,097] {logging_mixin.py:104} INFO - [2024-04-19 02:11:58,097] {dag.py:1818} INFO - Sync 1 DAGs
[2024-04-19 02:11:58,106] {logging_mixin.py:104} INFO - [2024-04-19 02:11:58,106] {dag.py:2273} INFO - Setting next_dagrun for example_complex to None
[2024-04-19 02:11:58,115] {scheduler_job.py:190} INFO - Processing /home/airflow/.local/lib/python3.6/site-packages/airflow/example_dags/example_complex.py took 0.052 seconds
[2024-04-19 02:12:28,703] {scheduler_job.py:182} INFO - Started process (PID=4420) to work on /home/airflow/.local/lib/python3.6/site-packages/airflow/example_dags/example_complex.py
[2024-04-19 02:12:28,704] {scheduler_job.py:629} INFO - Processing file /home/airflow/.local/lib/python3.6/site-packages/airflow/example_dags/example_complex.py for tasks to queue
[2024-04-19 02:12:28,705] {logging_mixin.py:104} INFO - [2024-04-19 02:12:28,705] {dagbag.py:448} INFO - Filling up the DagBag from /home/airflow/.local/lib/python3.6/site-packages/airflow/example_dags/example_complex.py
[2024-04-19 02:12:28,721] {scheduler_job.py:639} INFO - DAG(s) dict_keys(['example_complex']) retrieved from /home/airflow/.local/lib/python3.6/site-packages/airflow/example_dags/example_complex.py
[2024-04-19 02:12:28,742] {logging_mixin.py:104} INFO - [2024-04-19 02:12:28,742] {dag.py:1818} INFO - Sync 1 DAGs
[2024-04-19 02:12:28,753] {logging_mixin.py:104} INFO - [2024-04-19 02:12:28,753] {dag.py:2273} INFO - Setting next_dagrun for example_complex to None
[2024-04-19 02:12:28,761] {scheduler_job.py:190} INFO - Processing /home/airflow/.local/lib/python3.6/site-packages/airflow/example_dags/example_complex.py took 0.060 seconds
[2024-04-19 02:12:58,945] {scheduler_job.py:182} INFO - Started process (PID=4550) to work on /home/airflow/.local/lib/python3.6/site-packages/airflow/example_dags/example_complex.py
[2024-04-19 02:12:58,946] {scheduler_job.py:629} INFO - Processing file /home/airflow/.local/lib/python3.6/site-packages/airflow/example_dags/example_complex.py for tasks to queue
[2024-04-19 02:12:58,947] {logging_mixin.py:104} INFO - [2024-04-19 02:12:58,947] {dagbag.py:448} INFO - Filling up the DagBag from /home/airflow/.local/lib/python3.6/site-packages/airflow/example_dags/example_complex.py
[2024-04-19 02:12:58,958] {scheduler_job.py:639} INFO - DAG(s) dict_keys(['example_complex']) retrieved from /home/airflow/.local/lib/python3.6/site-packages/airflow/example_dags/example_complex.py
[2024-04-19 02:12:58,979] {logging_mixin.py:104} INFO - [2024-04-19 02:12:58,979] {dag.py:1818} INFO - Sync 1 DAGs
[2024-04-19 02:12:58,989] {logging_mixin.py:104} INFO - [2024-04-19 02:12:58,989] {dag.py:2273} INFO - Setting next_dagrun for example_complex to None
[2024-04-19 02:12:58,996] {scheduler_job.py:190} INFO - Processing /home/airflow/.local/lib/python3.6/site-packages/airflow/example_dags/example_complex.py took 0.054 seconds
