[2024-04-19 01:51:18,455] {scheduler_job.py:182} INFO - Started process (PID=180) to work on /home/airflow/.local/lib/python3.6/site-packages/airflow/example_dags/example_branch_python_dop_operator_3.py
[2024-04-19 01:51:18,456] {scheduler_job.py:629} INFO - Processing file /home/airflow/.local/lib/python3.6/site-packages/airflow/example_dags/example_branch_python_dop_operator_3.py for tasks to queue
[2024-04-19 01:51:18,457] {logging_mixin.py:104} INFO - [2024-04-19 01:51:18,457] {dagbag.py:448} INFO - Filling up the DagBag from /home/airflow/.local/lib/python3.6/site-packages/airflow/example_dags/example_branch_python_dop_operator_3.py
[2024-04-19 01:51:18,477] {scheduler_job.py:639} INFO - DAG(s) dict_keys(['example_branch_dop_operator_v3']) retrieved from /home/airflow/.local/lib/python3.6/site-packages/airflow/example_dags/example_branch_python_dop_operator_3.py
[2024-04-19 01:51:18,515] {logging_mixin.py:104} INFO - [2024-04-19 01:51:18,514] {dag.py:1818} INFO - Sync 1 DAGs
[2024-04-19 01:51:18,533] {logging_mixin.py:104} INFO - [2024-04-19 01:51:18,533] {dag.py:1837} INFO - Creating ORM DAG for example_branch_dop_operator_v3
[2024-04-19 01:51:18,559] {logging_mixin.py:104} INFO - [2024-04-19 01:51:18,558] {dag.py:2273} INFO - Setting next_dagrun for example_branch_dop_operator_v3 to 2024-04-17 00:00:00+00:00
[2024-04-19 01:51:18,582] {scheduler_job.py:190} INFO - Processing /home/airflow/.local/lib/python3.6/site-packages/airflow/example_dags/example_branch_python_dop_operator_3.py took 0.130 seconds
[2024-04-19 01:51:49,068] {scheduler_job.py:182} INFO - Started process (PID=312) to work on /home/airflow/.local/lib/python3.6/site-packages/airflow/example_dags/example_branch_python_dop_operator_3.py
[2024-04-19 01:51:49,070] {scheduler_job.py:629} INFO - Processing file /home/airflow/.local/lib/python3.6/site-packages/airflow/example_dags/example_branch_python_dop_operator_3.py for tasks to queue
[2024-04-19 01:51:49,072] {logging_mixin.py:104} INFO - [2024-04-19 01:51:49,072] {dagbag.py:448} INFO - Filling up the DagBag from /home/airflow/.local/lib/python3.6/site-packages/airflow/example_dags/example_branch_python_dop_operator_3.py
[2024-04-19 01:51:49,100] {scheduler_job.py:639} INFO - DAG(s) dict_keys(['example_branch_dop_operator_v3']) retrieved from /home/airflow/.local/lib/python3.6/site-packages/airflow/example_dags/example_branch_python_dop_operator_3.py
[2024-04-19 01:51:49,141] {logging_mixin.py:104} INFO - [2024-04-19 01:51:49,141] {dag.py:1818} INFO - Sync 1 DAGs
[2024-04-19 01:51:49,187] {logging_mixin.py:104} INFO - [2024-04-19 01:51:49,187] {dag.py:2273} INFO - Setting next_dagrun for example_branch_dop_operator_v3 to 2024-04-17 00:00:00+00:00
[2024-04-19 01:51:49,200] {scheduler_job.py:190} INFO - Processing /home/airflow/.local/lib/python3.6/site-packages/airflow/example_dags/example_branch_python_dop_operator_3.py took 0.135 seconds
[2024-04-19 01:52:19,803] {scheduler_job.py:182} INFO - Started process (PID=429) to work on /home/airflow/.local/lib/python3.6/site-packages/airflow/example_dags/example_branch_python_dop_operator_3.py
[2024-04-19 01:52:19,805] {scheduler_job.py:629} INFO - Processing file /home/airflow/.local/lib/python3.6/site-packages/airflow/example_dags/example_branch_python_dop_operator_3.py for tasks to queue
[2024-04-19 01:52:19,806] {logging_mixin.py:104} INFO - [2024-04-19 01:52:19,806] {dagbag.py:448} INFO - Filling up the DagBag from /home/airflow/.local/lib/python3.6/site-packages/airflow/example_dags/example_branch_python_dop_operator_3.py
[2024-04-19 01:52:19,825] {scheduler_job.py:639} INFO - DAG(s) dict_keys(['example_branch_dop_operator_v3']) retrieved from /home/airflow/.local/lib/python3.6/site-packages/airflow/example_dags/example_branch_python_dop_operator_3.py
[2024-04-19 01:52:19,856] {logging_mixin.py:104} INFO - [2024-04-19 01:52:19,856] {dag.py:1818} INFO - Sync 1 DAGs
[2024-04-19 01:52:19,884] {logging_mixin.py:104} INFO - [2024-04-19 01:52:19,884] {dag.py:2273} INFO - Setting next_dagrun for example_branch_dop_operator_v3 to 2024-04-17 00:00:00+00:00
[2024-04-19 01:52:19,897] {scheduler_job.py:190} INFO - Processing /home/airflow/.local/lib/python3.6/site-packages/airflow/example_dags/example_branch_python_dop_operator_3.py took 0.101 seconds
[2024-04-19 01:52:50,170] {scheduler_job.py:182} INFO - Started process (PID=560) to work on /home/airflow/.local/lib/python3.6/site-packages/airflow/example_dags/example_branch_python_dop_operator_3.py
[2024-04-19 01:52:50,171] {scheduler_job.py:629} INFO - Processing file /home/airflow/.local/lib/python3.6/site-packages/airflow/example_dags/example_branch_python_dop_operator_3.py for tasks to queue
[2024-04-19 01:52:50,172] {logging_mixin.py:104} INFO - [2024-04-19 01:52:50,172] {dagbag.py:448} INFO - Filling up the DagBag from /home/airflow/.local/lib/python3.6/site-packages/airflow/example_dags/example_branch_python_dop_operator_3.py
[2024-04-19 01:52:50,183] {scheduler_job.py:639} INFO - DAG(s) dict_keys(['example_branch_dop_operator_v3']) retrieved from /home/airflow/.local/lib/python3.6/site-packages/airflow/example_dags/example_branch_python_dop_operator_3.py
[2024-04-19 01:52:50,200] {logging_mixin.py:104} INFO - [2024-04-19 01:52:50,200] {dag.py:1818} INFO - Sync 1 DAGs
[2024-04-19 01:52:50,219] {logging_mixin.py:104} INFO - [2024-04-19 01:52:50,219] {dag.py:2273} INFO - Setting next_dagrun for example_branch_dop_operator_v3 to 2024-04-17 00:00:00+00:00
[2024-04-19 01:52:50,229] {scheduler_job.py:190} INFO - Processing /home/airflow/.local/lib/python3.6/site-packages/airflow/example_dags/example_branch_python_dop_operator_3.py took 0.061 seconds
[2024-04-19 01:53:20,574] {scheduler_job.py:182} INFO - Started process (PID=689) to work on /home/airflow/.local/lib/python3.6/site-packages/airflow/example_dags/example_branch_python_dop_operator_3.py
[2024-04-19 01:53:20,576] {scheduler_job.py:629} INFO - Processing file /home/airflow/.local/lib/python3.6/site-packages/airflow/example_dags/example_branch_python_dop_operator_3.py for tasks to queue
[2024-04-19 01:53:20,579] {logging_mixin.py:104} INFO - [2024-04-19 01:53:20,579] {dagbag.py:448} INFO - Filling up the DagBag from /home/airflow/.local/lib/python3.6/site-packages/airflow/example_dags/example_branch_python_dop_operator_3.py
[2024-04-19 01:53:20,606] {scheduler_job.py:639} INFO - DAG(s) dict_keys(['example_branch_dop_operator_v3']) retrieved from /home/airflow/.local/lib/python3.6/site-packages/airflow/example_dags/example_branch_python_dop_operator_3.py
[2024-04-19 01:53:20,639] {logging_mixin.py:104} INFO - [2024-04-19 01:53:20,638] {dag.py:1818} INFO - Sync 1 DAGs
[2024-04-19 01:53:20,679] {logging_mixin.py:104} INFO - [2024-04-19 01:53:20,678] {dag.py:2273} INFO - Setting next_dagrun for example_branch_dop_operator_v3 to 2024-04-17 00:00:00+00:00
[2024-04-19 01:53:20,691] {scheduler_job.py:190} INFO - Processing /home/airflow/.local/lib/python3.6/site-packages/airflow/example_dags/example_branch_python_dop_operator_3.py took 0.121 seconds
[2024-04-19 01:53:51,262] {scheduler_job.py:182} INFO - Started process (PID=819) to work on /home/airflow/.local/lib/python3.6/site-packages/airflow/example_dags/example_branch_python_dop_operator_3.py
[2024-04-19 01:53:51,263] {scheduler_job.py:629} INFO - Processing file /home/airflow/.local/lib/python3.6/site-packages/airflow/example_dags/example_branch_python_dop_operator_3.py for tasks to queue
[2024-04-19 01:53:51,265] {logging_mixin.py:104} INFO - [2024-04-19 01:53:51,265] {dagbag.py:448} INFO - Filling up the DagBag from /home/airflow/.local/lib/python3.6/site-packages/airflow/example_dags/example_branch_python_dop_operator_3.py
[2024-04-19 01:53:51,285] {scheduler_job.py:639} INFO - DAG(s) dict_keys(['example_branch_dop_operator_v3']) retrieved from /home/airflow/.local/lib/python3.6/site-packages/airflow/example_dags/example_branch_python_dop_operator_3.py
[2024-04-19 01:53:51,310] {logging_mixin.py:104} INFO - [2024-04-19 01:53:51,310] {dag.py:1818} INFO - Sync 1 DAGs
[2024-04-19 01:53:51,333] {logging_mixin.py:104} INFO - [2024-04-19 01:53:51,332] {dag.py:2273} INFO - Setting next_dagrun for example_branch_dop_operator_v3 to 2024-04-17 00:00:00+00:00
[2024-04-19 01:53:51,344] {scheduler_job.py:190} INFO - Processing /home/airflow/.local/lib/python3.6/site-packages/airflow/example_dags/example_branch_python_dop_operator_3.py took 0.087 seconds
[2024-04-19 01:54:21,628] {scheduler_job.py:182} INFO - Started process (PID=949) to work on /home/airflow/.local/lib/python3.6/site-packages/airflow/example_dags/example_branch_python_dop_operator_3.py
[2024-04-19 01:54:21,632] {scheduler_job.py:629} INFO - Processing file /home/airflow/.local/lib/python3.6/site-packages/airflow/example_dags/example_branch_python_dop_operator_3.py for tasks to queue
[2024-04-19 01:54:21,633] {logging_mixin.py:104} INFO - [2024-04-19 01:54:21,633] {dagbag.py:448} INFO - Filling up the DagBag from /home/airflow/.local/lib/python3.6/site-packages/airflow/example_dags/example_branch_python_dop_operator_3.py
[2024-04-19 01:54:21,647] {scheduler_job.py:639} INFO - DAG(s) dict_keys(['example_branch_dop_operator_v3']) retrieved from /home/airflow/.local/lib/python3.6/site-packages/airflow/example_dags/example_branch_python_dop_operator_3.py
[2024-04-19 01:54:21,666] {logging_mixin.py:104} INFO - [2024-04-19 01:54:21,666] {dag.py:1818} INFO - Sync 1 DAGs
[2024-04-19 01:54:21,686] {logging_mixin.py:104} INFO - [2024-04-19 01:54:21,685] {dag.py:2273} INFO - Setting next_dagrun for example_branch_dop_operator_v3 to 2024-04-17 00:00:00+00:00
[2024-04-19 01:54:21,694] {scheduler_job.py:190} INFO - Processing /home/airflow/.local/lib/python3.6/site-packages/airflow/example_dags/example_branch_python_dop_operator_3.py took 0.069 seconds
[2024-04-19 01:54:51,911] {scheduler_job.py:182} INFO - Started process (PID=1077) to work on /home/airflow/.local/lib/python3.6/site-packages/airflow/example_dags/example_branch_python_dop_operator_3.py
[2024-04-19 01:54:51,913] {scheduler_job.py:629} INFO - Processing file /home/airflow/.local/lib/python3.6/site-packages/airflow/example_dags/example_branch_python_dop_operator_3.py for tasks to queue
[2024-04-19 01:54:51,914] {logging_mixin.py:104} INFO - [2024-04-19 01:54:51,914] {dagbag.py:448} INFO - Filling up the DagBag from /home/airflow/.local/lib/python3.6/site-packages/airflow/example_dags/example_branch_python_dop_operator_3.py
[2024-04-19 01:54:51,928] {scheduler_job.py:639} INFO - DAG(s) dict_keys(['example_branch_dop_operator_v3']) retrieved from /home/airflow/.local/lib/python3.6/site-packages/airflow/example_dags/example_branch_python_dop_operator_3.py
[2024-04-19 01:54:51,948] {logging_mixin.py:104} INFO - [2024-04-19 01:54:51,948] {dag.py:1818} INFO - Sync 1 DAGs
[2024-04-19 01:54:51,967] {logging_mixin.py:104} INFO - [2024-04-19 01:54:51,967] {dag.py:2273} INFO - Setting next_dagrun for example_branch_dop_operator_v3 to 2024-04-17 00:00:00+00:00
[2024-04-19 01:54:51,976] {scheduler_job.py:190} INFO - Processing /home/airflow/.local/lib/python3.6/site-packages/airflow/example_dags/example_branch_python_dop_operator_3.py took 0.067 seconds
[2024-04-19 01:55:22,502] {scheduler_job.py:182} INFO - Started process (PID=1215) to work on /home/airflow/.local/lib/python3.6/site-packages/airflow/example_dags/example_branch_python_dop_operator_3.py
[2024-04-19 01:55:22,504] {scheduler_job.py:629} INFO - Processing file /home/airflow/.local/lib/python3.6/site-packages/airflow/example_dags/example_branch_python_dop_operator_3.py for tasks to queue
[2024-04-19 01:55:22,505] {logging_mixin.py:104} INFO - [2024-04-19 01:55:22,505] {dagbag.py:448} INFO - Filling up the DagBag from /home/airflow/.local/lib/python3.6/site-packages/airflow/example_dags/example_branch_python_dop_operator_3.py
[2024-04-19 01:55:22,524] {scheduler_job.py:639} INFO - DAG(s) dict_keys(['example_branch_dop_operator_v3']) retrieved from /home/airflow/.local/lib/python3.6/site-packages/airflow/example_dags/example_branch_python_dop_operator_3.py
[2024-04-19 01:55:22,547] {logging_mixin.py:104} INFO - [2024-04-19 01:55:22,547] {dag.py:1818} INFO - Sync 1 DAGs
[2024-04-19 01:55:22,566] {logging_mixin.py:104} INFO - [2024-04-19 01:55:22,566] {dag.py:2273} INFO - Setting next_dagrun for example_branch_dop_operator_v3 to 2024-04-17 00:00:00+00:00
[2024-04-19 01:55:22,575] {scheduler_job.py:190} INFO - Processing /home/airflow/.local/lib/python3.6/site-packages/airflow/example_dags/example_branch_python_dop_operator_3.py took 0.077 seconds
[2024-04-19 01:55:52,949] {scheduler_job.py:182} INFO - Started process (PID=1347) to work on /home/airflow/.local/lib/python3.6/site-packages/airflow/example_dags/example_branch_python_dop_operator_3.py
[2024-04-19 01:55:52,950] {scheduler_job.py:629} INFO - Processing file /home/airflow/.local/lib/python3.6/site-packages/airflow/example_dags/example_branch_python_dop_operator_3.py for tasks to queue
[2024-04-19 01:55:52,951] {logging_mixin.py:104} INFO - [2024-04-19 01:55:52,950] {dagbag.py:448} INFO - Filling up the DagBag from /home/airflow/.local/lib/python3.6/site-packages/airflow/example_dags/example_branch_python_dop_operator_3.py
[2024-04-19 01:55:52,965] {scheduler_job.py:639} INFO - DAG(s) dict_keys(['example_branch_dop_operator_v3']) retrieved from /home/airflow/.local/lib/python3.6/site-packages/airflow/example_dags/example_branch_python_dop_operator_3.py
[2024-04-19 01:55:52,983] {logging_mixin.py:104} INFO - [2024-04-19 01:55:52,983] {dag.py:1818} INFO - Sync 1 DAGs
[2024-04-19 01:55:53,000] {logging_mixin.py:104} INFO - [2024-04-19 01:55:53,000] {dag.py:2273} INFO - Setting next_dagrun for example_branch_dop_operator_v3 to 2024-04-17 00:00:00+00:00
[2024-04-19 01:55:53,013] {scheduler_job.py:190} INFO - Processing /home/airflow/.local/lib/python3.6/site-packages/airflow/example_dags/example_branch_python_dop_operator_3.py took 0.067 seconds
[2024-04-19 01:56:18,456] {scheduler_job.py:182} INFO - Started process (PID=220) to work on /home/airflow/.local/lib/python3.6/site-packages/airflow/example_dags/example_branch_python_dop_operator_3.py
[2024-04-19 01:56:18,458] {scheduler_job.py:629} INFO - Processing file /home/airflow/.local/lib/python3.6/site-packages/airflow/example_dags/example_branch_python_dop_operator_3.py for tasks to queue
[2024-04-19 01:56:18,459] {logging_mixin.py:104} INFO - [2024-04-19 01:56:18,459] {dagbag.py:448} INFO - Filling up the DagBag from /home/airflow/.local/lib/python3.6/site-packages/airflow/example_dags/example_branch_python_dop_operator_3.py
[2024-04-19 01:56:18,469] {scheduler_job.py:639} INFO - DAG(s) dict_keys(['example_branch_dop_operator_v3']) retrieved from /home/airflow/.local/lib/python3.6/site-packages/airflow/example_dags/example_branch_python_dop_operator_3.py
[2024-04-19 01:56:18,495] {logging_mixin.py:104} INFO - [2024-04-19 01:56:18,495] {dag.py:1818} INFO - Sync 1 DAGs
[2024-04-19 01:56:18,514] {logging_mixin.py:104} INFO - [2024-04-19 01:56:18,513] {dag.py:2273} INFO - Setting next_dagrun for example_branch_dop_operator_v3 to 2024-04-17 00:00:00+00:00
[2024-04-19 01:56:18,522] {scheduler_job.py:190} INFO - Processing /home/airflow/.local/lib/python3.6/site-packages/airflow/example_dags/example_branch_python_dop_operator_3.py took 0.069 seconds
[2024-04-19 01:56:49,291] {scheduler_job.py:182} INFO - Started process (PID=375) to work on /home/airflow/.local/lib/python3.6/site-packages/airflow/example_dags/example_branch_python_dop_operator_3.py
[2024-04-19 01:56:49,293] {scheduler_job.py:629} INFO - Processing file /home/airflow/.local/lib/python3.6/site-packages/airflow/example_dags/example_branch_python_dop_operator_3.py for tasks to queue
[2024-04-19 01:56:49,296] {logging_mixin.py:104} INFO - [2024-04-19 01:56:49,296] {dagbag.py:448} INFO - Filling up the DagBag from /home/airflow/.local/lib/python3.6/site-packages/airflow/example_dags/example_branch_python_dop_operator_3.py
[2024-04-19 01:56:49,306] {scheduler_job.py:639} INFO - DAG(s) dict_keys(['example_branch_dop_operator_v3']) retrieved from /home/airflow/.local/lib/python3.6/site-packages/airflow/example_dags/example_branch_python_dop_operator_3.py
[2024-04-19 01:56:49,338] {logging_mixin.py:104} INFO - [2024-04-19 01:56:49,338] {dag.py:1818} INFO - Sync 1 DAGs
[2024-04-19 01:56:49,368] {logging_mixin.py:104} INFO - [2024-04-19 01:56:49,368] {dag.py:2273} INFO - Setting next_dagrun for example_branch_dop_operator_v3 to 2024-04-17 00:00:00+00:00
[2024-04-19 01:56:49,383] {scheduler_job.py:190} INFO - Processing /home/airflow/.local/lib/python3.6/site-packages/airflow/example_dags/example_branch_python_dop_operator_3.py took 0.094 seconds
[2024-04-19 01:57:20,224] {scheduler_job.py:182} INFO - Started process (PID=517) to work on /home/airflow/.local/lib/python3.6/site-packages/airflow/example_dags/example_branch_python_dop_operator_3.py
[2024-04-19 01:57:20,226] {scheduler_job.py:629} INFO - Processing file /home/airflow/.local/lib/python3.6/site-packages/airflow/example_dags/example_branch_python_dop_operator_3.py for tasks to queue
[2024-04-19 01:57:20,227] {logging_mixin.py:104} INFO - [2024-04-19 01:57:20,227] {dagbag.py:448} INFO - Filling up the DagBag from /home/airflow/.local/lib/python3.6/site-packages/airflow/example_dags/example_branch_python_dop_operator_3.py
[2024-04-19 01:57:20,238] {scheduler_job.py:639} INFO - DAG(s) dict_keys(['example_branch_dop_operator_v3']) retrieved from /home/airflow/.local/lib/python3.6/site-packages/airflow/example_dags/example_branch_python_dop_operator_3.py
[2024-04-19 01:57:20,257] {logging_mixin.py:104} INFO - [2024-04-19 01:57:20,257] {dag.py:1818} INFO - Sync 1 DAGs
[2024-04-19 01:57:20,283] {logging_mixin.py:104} INFO - [2024-04-19 01:57:20,283] {dag.py:2273} INFO - Setting next_dagrun for example_branch_dop_operator_v3 to 2024-04-17 00:00:00+00:00
[2024-04-19 01:57:20,294] {scheduler_job.py:190} INFO - Processing /home/airflow/.local/lib/python3.6/site-packages/airflow/example_dags/example_branch_python_dop_operator_3.py took 0.072 seconds
[2024-04-19 01:57:50,900] {scheduler_job.py:182} INFO - Started process (PID=672) to work on /home/airflow/.local/lib/python3.6/site-packages/airflow/example_dags/example_branch_python_dop_operator_3.py
[2024-04-19 01:57:50,901] {scheduler_job.py:629} INFO - Processing file /home/airflow/.local/lib/python3.6/site-packages/airflow/example_dags/example_branch_python_dop_operator_3.py for tasks to queue
[2024-04-19 01:57:50,902] {logging_mixin.py:104} INFO - [2024-04-19 01:57:50,902] {dagbag.py:448} INFO - Filling up the DagBag from /home/airflow/.local/lib/python3.6/site-packages/airflow/example_dags/example_branch_python_dop_operator_3.py
[2024-04-19 01:57:50,910] {scheduler_job.py:639} INFO - DAG(s) dict_keys(['example_branch_dop_operator_v3']) retrieved from /home/airflow/.local/lib/python3.6/site-packages/airflow/example_dags/example_branch_python_dop_operator_3.py
[2024-04-19 01:57:50,925] {logging_mixin.py:104} INFO - [2024-04-19 01:57:50,925] {dag.py:1818} INFO - Sync 1 DAGs
[2024-04-19 01:57:50,943] {logging_mixin.py:104} INFO - [2024-04-19 01:57:50,943] {dag.py:2273} INFO - Setting next_dagrun for example_branch_dop_operator_v3 to 2024-04-17 00:00:00+00:00
[2024-04-19 01:57:50,951] {scheduler_job.py:190} INFO - Processing /home/airflow/.local/lib/python3.6/site-packages/airflow/example_dags/example_branch_python_dop_operator_3.py took 0.054 seconds
[2024-04-19 01:58:21,010] {scheduler_job.py:182} INFO - Started process (PID=785) to work on /home/airflow/.local/lib/python3.6/site-packages/airflow/example_dags/example_branch_python_dop_operator_3.py
[2024-04-19 01:58:21,012] {scheduler_job.py:629} INFO - Processing file /home/airflow/.local/lib/python3.6/site-packages/airflow/example_dags/example_branch_python_dop_operator_3.py for tasks to queue
[2024-04-19 01:58:21,012] {logging_mixin.py:104} INFO - [2024-04-19 01:58:21,012] {dagbag.py:448} INFO - Filling up the DagBag from /home/airflow/.local/lib/python3.6/site-packages/airflow/example_dags/example_branch_python_dop_operator_3.py
[2024-04-19 01:58:21,023] {scheduler_job.py:639} INFO - DAG(s) dict_keys(['example_branch_dop_operator_v3']) retrieved from /home/airflow/.local/lib/python3.6/site-packages/airflow/example_dags/example_branch_python_dop_operator_3.py
[2024-04-19 01:58:21,039] {logging_mixin.py:104} INFO - [2024-04-19 01:58:21,039] {dag.py:1818} INFO - Sync 1 DAGs
[2024-04-19 01:58:21,059] {logging_mixin.py:104} INFO - [2024-04-19 01:58:21,058] {dag.py:2273} INFO - Setting next_dagrun for example_branch_dop_operator_v3 to 2024-04-17 00:00:00+00:00
[2024-04-19 01:58:21,068] {scheduler_job.py:190} INFO - Processing /home/airflow/.local/lib/python3.6/site-packages/airflow/example_dags/example_branch_python_dop_operator_3.py took 0.060 seconds
[2024-04-19 01:58:51,318] {scheduler_job.py:182} INFO - Started process (PID=917) to work on /home/airflow/.local/lib/python3.6/site-packages/airflow/example_dags/example_branch_python_dop_operator_3.py
[2024-04-19 01:58:51,320] {scheduler_job.py:629} INFO - Processing file /home/airflow/.local/lib/python3.6/site-packages/airflow/example_dags/example_branch_python_dop_operator_3.py for tasks to queue
[2024-04-19 01:58:51,321] {logging_mixin.py:104} INFO - [2024-04-19 01:58:51,320] {dagbag.py:448} INFO - Filling up the DagBag from /home/airflow/.local/lib/python3.6/site-packages/airflow/example_dags/example_branch_python_dop_operator_3.py
[2024-04-19 01:58:51,332] {scheduler_job.py:639} INFO - DAG(s) dict_keys(['example_branch_dop_operator_v3']) retrieved from /home/airflow/.local/lib/python3.6/site-packages/airflow/example_dags/example_branch_python_dop_operator_3.py
[2024-04-19 01:58:51,346] {logging_mixin.py:104} INFO - [2024-04-19 01:58:51,346] {dag.py:1818} INFO - Sync 1 DAGs
[2024-04-19 01:58:51,365] {logging_mixin.py:104} INFO - [2024-04-19 01:58:51,365] {dag.py:2273} INFO - Setting next_dagrun for example_branch_dop_operator_v3 to 2024-04-17 00:00:00+00:00
[2024-04-19 01:58:51,374] {scheduler_job.py:190} INFO - Processing /home/airflow/.local/lib/python3.6/site-packages/airflow/example_dags/example_branch_python_dop_operator_3.py took 0.058 seconds
[2024-04-19 01:59:21,497] {scheduler_job.py:182} INFO - Started process (PID=1052) to work on /home/airflow/.local/lib/python3.6/site-packages/airflow/example_dags/example_branch_python_dop_operator_3.py
[2024-04-19 01:59:21,499] {scheduler_job.py:629} INFO - Processing file /home/airflow/.local/lib/python3.6/site-packages/airflow/example_dags/example_branch_python_dop_operator_3.py for tasks to queue
[2024-04-19 01:59:21,499] {logging_mixin.py:104} INFO - [2024-04-19 01:59:21,499] {dagbag.py:448} INFO - Filling up the DagBag from /home/airflow/.local/lib/python3.6/site-packages/airflow/example_dags/example_branch_python_dop_operator_3.py
[2024-04-19 01:59:21,509] {scheduler_job.py:639} INFO - DAG(s) dict_keys(['example_branch_dop_operator_v3']) retrieved from /home/airflow/.local/lib/python3.6/site-packages/airflow/example_dags/example_branch_python_dop_operator_3.py
[2024-04-19 01:59:21,524] {logging_mixin.py:104} INFO - [2024-04-19 01:59:21,523] {dag.py:1818} INFO - Sync 1 DAGs
[2024-04-19 01:59:21,542] {logging_mixin.py:104} INFO - [2024-04-19 01:59:21,542] {dag.py:2273} INFO - Setting next_dagrun for example_branch_dop_operator_v3 to 2024-04-17 00:00:00+00:00
[2024-04-19 01:59:21,552] {scheduler_job.py:190} INFO - Processing /home/airflow/.local/lib/python3.6/site-packages/airflow/example_dags/example_branch_python_dop_operator_3.py took 0.057 seconds
[2024-04-19 01:59:51,633] {scheduler_job.py:182} INFO - Started process (PID=1182) to work on /home/airflow/.local/lib/python3.6/site-packages/airflow/example_dags/example_branch_python_dop_operator_3.py
[2024-04-19 01:59:51,634] {scheduler_job.py:629} INFO - Processing file /home/airflow/.local/lib/python3.6/site-packages/airflow/example_dags/example_branch_python_dop_operator_3.py for tasks to queue
[2024-04-19 01:59:51,635] {logging_mixin.py:104} INFO - [2024-04-19 01:59:51,635] {dagbag.py:448} INFO - Filling up the DagBag from /home/airflow/.local/lib/python3.6/site-packages/airflow/example_dags/example_branch_python_dop_operator_3.py
[2024-04-19 01:59:51,653] {scheduler_job.py:639} INFO - DAG(s) dict_keys(['example_branch_dop_operator_v3']) retrieved from /home/airflow/.local/lib/python3.6/site-packages/airflow/example_dags/example_branch_python_dop_operator_3.py
[2024-04-19 01:59:51,672] {logging_mixin.py:104} INFO - [2024-04-19 01:59:51,672] {dag.py:1818} INFO - Sync 1 DAGs
[2024-04-19 01:59:51,690] {logging_mixin.py:104} INFO - [2024-04-19 01:59:51,690] {dag.py:2273} INFO - Setting next_dagrun for example_branch_dop_operator_v3 to 2024-04-17 00:00:00+00:00
[2024-04-19 01:59:51,699] {scheduler_job.py:190} INFO - Processing /home/airflow/.local/lib/python3.6/site-packages/airflow/example_dags/example_branch_python_dop_operator_3.py took 0.068 seconds
[2024-04-19 02:00:21,909] {scheduler_job.py:182} INFO - Started process (PID=1309) to work on /home/airflow/.local/lib/python3.6/site-packages/airflow/example_dags/example_branch_python_dop_operator_3.py
[2024-04-19 02:00:21,911] {scheduler_job.py:629} INFO - Processing file /home/airflow/.local/lib/python3.6/site-packages/airflow/example_dags/example_branch_python_dop_operator_3.py for tasks to queue
[2024-04-19 02:00:21,912] {logging_mixin.py:104} INFO - [2024-04-19 02:00:21,912] {dagbag.py:448} INFO - Filling up the DagBag from /home/airflow/.local/lib/python3.6/site-packages/airflow/example_dags/example_branch_python_dop_operator_3.py
[2024-04-19 02:00:21,922] {scheduler_job.py:639} INFO - DAG(s) dict_keys(['example_branch_dop_operator_v3']) retrieved from /home/airflow/.local/lib/python3.6/site-packages/airflow/example_dags/example_branch_python_dop_operator_3.py
[2024-04-19 02:00:21,937] {logging_mixin.py:104} INFO - [2024-04-19 02:00:21,937] {dag.py:1818} INFO - Sync 1 DAGs
[2024-04-19 02:00:21,955] {logging_mixin.py:104} INFO - [2024-04-19 02:00:21,955] {dag.py:2273} INFO - Setting next_dagrun for example_branch_dop_operator_v3 to 2024-04-17 00:00:00+00:00
[2024-04-19 02:00:21,962] {scheduler_job.py:190} INFO - Processing /home/airflow/.local/lib/python3.6/site-packages/airflow/example_dags/example_branch_python_dop_operator_3.py took 0.055 seconds
[2024-04-19 02:00:52,130] {scheduler_job.py:182} INFO - Started process (PID=1442) to work on /home/airflow/.local/lib/python3.6/site-packages/airflow/example_dags/example_branch_python_dop_operator_3.py
[2024-04-19 02:00:52,133] {scheduler_job.py:629} INFO - Processing file /home/airflow/.local/lib/python3.6/site-packages/airflow/example_dags/example_branch_python_dop_operator_3.py for tasks to queue
[2024-04-19 02:00:52,134] {logging_mixin.py:104} INFO - [2024-04-19 02:00:52,134] {dagbag.py:448} INFO - Filling up the DagBag from /home/airflow/.local/lib/python3.6/site-packages/airflow/example_dags/example_branch_python_dop_operator_3.py
[2024-04-19 02:00:52,146] {scheduler_job.py:639} INFO - DAG(s) dict_keys(['example_branch_dop_operator_v3']) retrieved from /home/airflow/.local/lib/python3.6/site-packages/airflow/example_dags/example_branch_python_dop_operator_3.py
[2024-04-19 02:00:52,162] {logging_mixin.py:104} INFO - [2024-04-19 02:00:52,161] {dag.py:1818} INFO - Sync 1 DAGs
[2024-04-19 02:00:52,181] {logging_mixin.py:104} INFO - [2024-04-19 02:00:52,181] {dag.py:2273} INFO - Setting next_dagrun for example_branch_dop_operator_v3 to 2024-04-17 00:00:00+00:00
[2024-04-19 02:00:52,190] {scheduler_job.py:190} INFO - Processing /home/airflow/.local/lib/python3.6/site-packages/airflow/example_dags/example_branch_python_dop_operator_3.py took 0.063 seconds
[2024-04-19 02:01:23,057] {scheduler_job.py:182} INFO - Started process (PID=1585) to work on /home/airflow/.local/lib/python3.6/site-packages/airflow/example_dags/example_branch_python_dop_operator_3.py
[2024-04-19 02:01:23,061] {scheduler_job.py:629} INFO - Processing file /home/airflow/.local/lib/python3.6/site-packages/airflow/example_dags/example_branch_python_dop_operator_3.py for tasks to queue
[2024-04-19 02:01:23,062] {logging_mixin.py:104} INFO - [2024-04-19 02:01:23,062] {dagbag.py:448} INFO - Filling up the DagBag from /home/airflow/.local/lib/python3.6/site-packages/airflow/example_dags/example_branch_python_dop_operator_3.py
[2024-04-19 02:01:23,099] {scheduler_job.py:639} INFO - DAG(s) dict_keys(['example_branch_dop_operator_v3']) retrieved from /home/airflow/.local/lib/python3.6/site-packages/airflow/example_dags/example_branch_python_dop_operator_3.py
[2024-04-19 02:01:23,133] {logging_mixin.py:104} INFO - [2024-04-19 02:01:23,133] {dag.py:1818} INFO - Sync 1 DAGs
[2024-04-19 02:01:23,162] {logging_mixin.py:104} INFO - [2024-04-19 02:01:23,161] {dag.py:2273} INFO - Setting next_dagrun for example_branch_dop_operator_v3 to 2024-04-17 00:00:00+00:00
[2024-04-19 02:01:23,172] {scheduler_job.py:190} INFO - Processing /home/airflow/.local/lib/python3.6/site-packages/airflow/example_dags/example_branch_python_dop_operator_3.py took 0.129 seconds
[2024-04-19 02:01:53,565] {scheduler_job.py:182} INFO - Started process (PID=1710) to work on /home/airflow/.local/lib/python3.6/site-packages/airflow/example_dags/example_branch_python_dop_operator_3.py
[2024-04-19 02:01:53,568] {scheduler_job.py:629} INFO - Processing file /home/airflow/.local/lib/python3.6/site-packages/airflow/example_dags/example_branch_python_dop_operator_3.py for tasks to queue
[2024-04-19 02:01:53,570] {logging_mixin.py:104} INFO - [2024-04-19 02:01:53,570] {dagbag.py:448} INFO - Filling up the DagBag from /home/airflow/.local/lib/python3.6/site-packages/airflow/example_dags/example_branch_python_dop_operator_3.py
[2024-04-19 02:01:53,589] {scheduler_job.py:639} INFO - DAG(s) dict_keys(['example_branch_dop_operator_v3']) retrieved from /home/airflow/.local/lib/python3.6/site-packages/airflow/example_dags/example_branch_python_dop_operator_3.py
[2024-04-19 02:01:53,619] {logging_mixin.py:104} INFO - [2024-04-19 02:01:53,619] {dag.py:1818} INFO - Sync 1 DAGs
[2024-04-19 02:01:53,650] {logging_mixin.py:104} INFO - [2024-04-19 02:01:53,650] {dag.py:2273} INFO - Setting next_dagrun for example_branch_dop_operator_v3 to 2024-04-17 00:00:00+00:00
[2024-04-19 02:01:53,660] {scheduler_job.py:190} INFO - Processing /home/airflow/.local/lib/python3.6/site-packages/airflow/example_dags/example_branch_python_dop_operator_3.py took 0.097 seconds
[2024-04-19 02:02:23,936] {scheduler_job.py:182} INFO - Started process (PID=1845) to work on /home/airflow/.local/lib/python3.6/site-packages/airflow/example_dags/example_branch_python_dop_operator_3.py
[2024-04-19 02:02:23,938] {scheduler_job.py:629} INFO - Processing file /home/airflow/.local/lib/python3.6/site-packages/airflow/example_dags/example_branch_python_dop_operator_3.py for tasks to queue
[2024-04-19 02:02:23,939] {logging_mixin.py:104} INFO - [2024-04-19 02:02:23,939] {dagbag.py:448} INFO - Filling up the DagBag from /home/airflow/.local/lib/python3.6/site-packages/airflow/example_dags/example_branch_python_dop_operator_3.py
[2024-04-19 02:02:23,952] {scheduler_job.py:639} INFO - DAG(s) dict_keys(['example_branch_dop_operator_v3']) retrieved from /home/airflow/.local/lib/python3.6/site-packages/airflow/example_dags/example_branch_python_dop_operator_3.py
[2024-04-19 02:02:23,974] {logging_mixin.py:104} INFO - [2024-04-19 02:02:23,973] {dag.py:1818} INFO - Sync 1 DAGs
[2024-04-19 02:02:23,999] {logging_mixin.py:104} INFO - [2024-04-19 02:02:23,999] {dag.py:2273} INFO - Setting next_dagrun for example_branch_dop_operator_v3 to 2024-04-17 00:00:00+00:00
[2024-04-19 02:02:24,007] {scheduler_job.py:190} INFO - Processing /home/airflow/.local/lib/python3.6/site-packages/airflow/example_dags/example_branch_python_dop_operator_3.py took 0.074 seconds
[2024-04-19 02:02:54,078] {scheduler_job.py:182} INFO - Started process (PID=1977) to work on /home/airflow/.local/lib/python3.6/site-packages/airflow/example_dags/example_branch_python_dop_operator_3.py
[2024-04-19 02:02:54,079] {scheduler_job.py:629} INFO - Processing file /home/airflow/.local/lib/python3.6/site-packages/airflow/example_dags/example_branch_python_dop_operator_3.py for tasks to queue
[2024-04-19 02:02:54,080] {logging_mixin.py:104} INFO - [2024-04-19 02:02:54,080] {dagbag.py:448} INFO - Filling up the DagBag from /home/airflow/.local/lib/python3.6/site-packages/airflow/example_dags/example_branch_python_dop_operator_3.py
[2024-04-19 02:02:54,090] {scheduler_job.py:639} INFO - DAG(s) dict_keys(['example_branch_dop_operator_v3']) retrieved from /home/airflow/.local/lib/python3.6/site-packages/airflow/example_dags/example_branch_python_dop_operator_3.py
[2024-04-19 02:02:54,113] {logging_mixin.py:104} INFO - [2024-04-19 02:02:54,113] {dag.py:1818} INFO - Sync 1 DAGs
[2024-04-19 02:02:54,144] {logging_mixin.py:104} INFO - [2024-04-19 02:02:54,144] {dag.py:2273} INFO - Setting next_dagrun for example_branch_dop_operator_v3 to 2024-04-17 00:00:00+00:00
[2024-04-19 02:02:54,154] {scheduler_job.py:190} INFO - Processing /home/airflow/.local/lib/python3.6/site-packages/airflow/example_dags/example_branch_python_dop_operator_3.py took 0.078 seconds
[2024-04-19 02:03:24,185] {scheduler_job.py:182} INFO - Started process (PID=2107) to work on /home/airflow/.local/lib/python3.6/site-packages/airflow/example_dags/example_branch_python_dop_operator_3.py
[2024-04-19 02:03:24,187] {scheduler_job.py:629} INFO - Processing file /home/airflow/.local/lib/python3.6/site-packages/airflow/example_dags/example_branch_python_dop_operator_3.py for tasks to queue
[2024-04-19 02:03:24,188] {logging_mixin.py:104} INFO - [2024-04-19 02:03:24,188] {dagbag.py:448} INFO - Filling up the DagBag from /home/airflow/.local/lib/python3.6/site-packages/airflow/example_dags/example_branch_python_dop_operator_3.py
[2024-04-19 02:03:24,197] {scheduler_job.py:639} INFO - DAG(s) dict_keys(['example_branch_dop_operator_v3']) retrieved from /home/airflow/.local/lib/python3.6/site-packages/airflow/example_dags/example_branch_python_dop_operator_3.py
[2024-04-19 02:03:24,217] {logging_mixin.py:104} INFO - [2024-04-19 02:03:24,217] {dag.py:1818} INFO - Sync 1 DAGs
[2024-04-19 02:03:24,236] {logging_mixin.py:104} INFO - [2024-04-19 02:03:24,236] {dag.py:2273} INFO - Setting next_dagrun for example_branch_dop_operator_v3 to 2024-04-17 00:00:00+00:00
[2024-04-19 02:03:24,245] {scheduler_job.py:190} INFO - Processing /home/airflow/.local/lib/python3.6/site-packages/airflow/example_dags/example_branch_python_dop_operator_3.py took 0.063 seconds
[2024-04-19 02:03:54,358] {scheduler_job.py:182} INFO - Started process (PID=2235) to work on /home/airflow/.local/lib/python3.6/site-packages/airflow/example_dags/example_branch_python_dop_operator_3.py
[2024-04-19 02:03:54,359] {scheduler_job.py:629} INFO - Processing file /home/airflow/.local/lib/python3.6/site-packages/airflow/example_dags/example_branch_python_dop_operator_3.py for tasks to queue
[2024-04-19 02:03:54,360] {logging_mixin.py:104} INFO - [2024-04-19 02:03:54,360] {dagbag.py:448} INFO - Filling up the DagBag from /home/airflow/.local/lib/python3.6/site-packages/airflow/example_dags/example_branch_python_dop_operator_3.py
[2024-04-19 02:03:54,368] {scheduler_job.py:639} INFO - DAG(s) dict_keys(['example_branch_dop_operator_v3']) retrieved from /home/airflow/.local/lib/python3.6/site-packages/airflow/example_dags/example_branch_python_dop_operator_3.py
[2024-04-19 02:03:54,390] {logging_mixin.py:104} INFO - [2024-04-19 02:03:54,390] {dag.py:1818} INFO - Sync 1 DAGs
[2024-04-19 02:03:54,406] {logging_mixin.py:104} INFO - [2024-04-19 02:03:54,406] {dag.py:2273} INFO - Setting next_dagrun for example_branch_dop_operator_v3 to 2024-04-17 00:00:00+00:00
[2024-04-19 02:03:54,415] {scheduler_job.py:190} INFO - Processing /home/airflow/.local/lib/python3.6/site-packages/airflow/example_dags/example_branch_python_dop_operator_3.py took 0.060 seconds
[2024-04-19 02:04:24,828] {scheduler_job.py:182} INFO - Started process (PID=2367) to work on /home/airflow/.local/lib/python3.6/site-packages/airflow/example_dags/example_branch_python_dop_operator_3.py
[2024-04-19 02:04:24,830] {scheduler_job.py:629} INFO - Processing file /home/airflow/.local/lib/python3.6/site-packages/airflow/example_dags/example_branch_python_dop_operator_3.py for tasks to queue
[2024-04-19 02:04:24,830] {logging_mixin.py:104} INFO - [2024-04-19 02:04:24,830] {dagbag.py:448} INFO - Filling up the DagBag from /home/airflow/.local/lib/python3.6/site-packages/airflow/example_dags/example_branch_python_dop_operator_3.py
[2024-04-19 02:04:24,841] {scheduler_job.py:639} INFO - DAG(s) dict_keys(['example_branch_dop_operator_v3']) retrieved from /home/airflow/.local/lib/python3.6/site-packages/airflow/example_dags/example_branch_python_dop_operator_3.py
[2024-04-19 02:04:24,860] {logging_mixin.py:104} INFO - [2024-04-19 02:04:24,860] {dag.py:1818} INFO - Sync 1 DAGs
[2024-04-19 02:04:24,879] {logging_mixin.py:104} INFO - [2024-04-19 02:04:24,879] {dag.py:2273} INFO - Setting next_dagrun for example_branch_dop_operator_v3 to 2024-04-17 00:00:00+00:00
[2024-04-19 02:04:24,888] {scheduler_job.py:190} INFO - Processing /home/airflow/.local/lib/python3.6/site-packages/airflow/example_dags/example_branch_python_dop_operator_3.py took 0.063 seconds
[2024-04-19 02:04:55,301] {scheduler_job.py:182} INFO - Started process (PID=2495) to work on /home/airflow/.local/lib/python3.6/site-packages/airflow/example_dags/example_branch_python_dop_operator_3.py
[2024-04-19 02:04:55,302] {scheduler_job.py:629} INFO - Processing file /home/airflow/.local/lib/python3.6/site-packages/airflow/example_dags/example_branch_python_dop_operator_3.py for tasks to queue
[2024-04-19 02:04:55,304] {logging_mixin.py:104} INFO - [2024-04-19 02:04:55,303] {dagbag.py:448} INFO - Filling up the DagBag from /home/airflow/.local/lib/python3.6/site-packages/airflow/example_dags/example_branch_python_dop_operator_3.py
[2024-04-19 02:04:55,317] {scheduler_job.py:639} INFO - DAG(s) dict_keys(['example_branch_dop_operator_v3']) retrieved from /home/airflow/.local/lib/python3.6/site-packages/airflow/example_dags/example_branch_python_dop_operator_3.py
[2024-04-19 02:04:55,337] {logging_mixin.py:104} INFO - [2024-04-19 02:04:55,337] {dag.py:1818} INFO - Sync 1 DAGs
[2024-04-19 02:04:55,355] {logging_mixin.py:104} INFO - [2024-04-19 02:04:55,355] {dag.py:2273} INFO - Setting next_dagrun for example_branch_dop_operator_v3 to 2024-04-17 00:00:00+00:00
[2024-04-19 02:04:55,364] {scheduler_job.py:190} INFO - Processing /home/airflow/.local/lib/python3.6/site-packages/airflow/example_dags/example_branch_python_dop_operator_3.py took 0.065 seconds
[2024-04-19 02:05:25,589] {scheduler_job.py:182} INFO - Started process (PID=2625) to work on /home/airflow/.local/lib/python3.6/site-packages/airflow/example_dags/example_branch_python_dop_operator_3.py
[2024-04-19 02:05:25,590] {scheduler_job.py:629} INFO - Processing file /home/airflow/.local/lib/python3.6/site-packages/airflow/example_dags/example_branch_python_dop_operator_3.py for tasks to queue
[2024-04-19 02:05:25,591] {logging_mixin.py:104} INFO - [2024-04-19 02:05:25,591] {dagbag.py:448} INFO - Filling up the DagBag from /home/airflow/.local/lib/python3.6/site-packages/airflow/example_dags/example_branch_python_dop_operator_3.py
[2024-04-19 02:05:25,601] {scheduler_job.py:639} INFO - DAG(s) dict_keys(['example_branch_dop_operator_v3']) retrieved from /home/airflow/.local/lib/python3.6/site-packages/airflow/example_dags/example_branch_python_dop_operator_3.py
[2024-04-19 02:05:25,616] {logging_mixin.py:104} INFO - [2024-04-19 02:05:25,616] {dag.py:1818} INFO - Sync 1 DAGs
[2024-04-19 02:05:25,637] {logging_mixin.py:104} INFO - [2024-04-19 02:05:25,637] {dag.py:2273} INFO - Setting next_dagrun for example_branch_dop_operator_v3 to 2024-04-17 00:00:00+00:00
[2024-04-19 02:05:25,648] {scheduler_job.py:190} INFO - Processing /home/airflow/.local/lib/python3.6/site-packages/airflow/example_dags/example_branch_python_dop_operator_3.py took 0.062 seconds
[2024-04-19 02:05:55,712] {scheduler_job.py:182} INFO - Started process (PID=2750) to work on /home/airflow/.local/lib/python3.6/site-packages/airflow/example_dags/example_branch_python_dop_operator_3.py
[2024-04-19 02:05:55,713] {scheduler_job.py:629} INFO - Processing file /home/airflow/.local/lib/python3.6/site-packages/airflow/example_dags/example_branch_python_dop_operator_3.py for tasks to queue
[2024-04-19 02:05:55,714] {logging_mixin.py:104} INFO - [2024-04-19 02:05:55,714] {dagbag.py:448} INFO - Filling up the DagBag from /home/airflow/.local/lib/python3.6/site-packages/airflow/example_dags/example_branch_python_dop_operator_3.py
[2024-04-19 02:05:55,723] {scheduler_job.py:639} INFO - DAG(s) dict_keys(['example_branch_dop_operator_v3']) retrieved from /home/airflow/.local/lib/python3.6/site-packages/airflow/example_dags/example_branch_python_dop_operator_3.py
[2024-04-19 02:05:55,739] {logging_mixin.py:104} INFO - [2024-04-19 02:05:55,739] {dag.py:1818} INFO - Sync 1 DAGs
[2024-04-19 02:05:55,756] {logging_mixin.py:104} INFO - [2024-04-19 02:05:55,756] {dag.py:2273} INFO - Setting next_dagrun for example_branch_dop_operator_v3 to 2024-04-17 00:00:00+00:00
[2024-04-19 02:05:55,763] {scheduler_job.py:190} INFO - Processing /home/airflow/.local/lib/python3.6/site-packages/airflow/example_dags/example_branch_python_dop_operator_3.py took 0.054 seconds
[2024-04-19 02:06:25,987] {scheduler_job.py:182} INFO - Started process (PID=2880) to work on /home/airflow/.local/lib/python3.6/site-packages/airflow/example_dags/example_branch_python_dop_operator_3.py
[2024-04-19 02:06:25,988] {scheduler_job.py:629} INFO - Processing file /home/airflow/.local/lib/python3.6/site-packages/airflow/example_dags/example_branch_python_dop_operator_3.py for tasks to queue
[2024-04-19 02:06:25,989] {logging_mixin.py:104} INFO - [2024-04-19 02:06:25,989] {dagbag.py:448} INFO - Filling up the DagBag from /home/airflow/.local/lib/python3.6/site-packages/airflow/example_dags/example_branch_python_dop_operator_3.py
[2024-04-19 02:06:25,998] {scheduler_job.py:639} INFO - DAG(s) dict_keys(['example_branch_dop_operator_v3']) retrieved from /home/airflow/.local/lib/python3.6/site-packages/airflow/example_dags/example_branch_python_dop_operator_3.py
[2024-04-19 02:06:26,011] {logging_mixin.py:104} INFO - [2024-04-19 02:06:26,011] {dag.py:1818} INFO - Sync 1 DAGs
[2024-04-19 02:06:26,030] {logging_mixin.py:104} INFO - [2024-04-19 02:06:26,030] {dag.py:2273} INFO - Setting next_dagrun for example_branch_dop_operator_v3 to 2024-04-17 00:00:00+00:00
[2024-04-19 02:06:26,039] {scheduler_job.py:190} INFO - Processing /home/airflow/.local/lib/python3.6/site-packages/airflow/example_dags/example_branch_python_dop_operator_3.py took 0.055 seconds
[2024-04-19 02:06:56,210] {scheduler_job.py:182} INFO - Started process (PID=3010) to work on /home/airflow/.local/lib/python3.6/site-packages/airflow/example_dags/example_branch_python_dop_operator_3.py
[2024-04-19 02:06:56,211] {scheduler_job.py:629} INFO - Processing file /home/airflow/.local/lib/python3.6/site-packages/airflow/example_dags/example_branch_python_dop_operator_3.py for tasks to queue
[2024-04-19 02:06:56,211] {logging_mixin.py:104} INFO - [2024-04-19 02:06:56,211] {dagbag.py:448} INFO - Filling up the DagBag from /home/airflow/.local/lib/python3.6/site-packages/airflow/example_dags/example_branch_python_dop_operator_3.py
[2024-04-19 02:06:56,221] {scheduler_job.py:639} INFO - DAG(s) dict_keys(['example_branch_dop_operator_v3']) retrieved from /home/airflow/.local/lib/python3.6/site-packages/airflow/example_dags/example_branch_python_dop_operator_3.py
[2024-04-19 02:06:56,239] {logging_mixin.py:104} INFO - [2024-04-19 02:06:56,239] {dag.py:1818} INFO - Sync 1 DAGs
[2024-04-19 02:06:56,257] {logging_mixin.py:104} INFO - [2024-04-19 02:06:56,257] {dag.py:2273} INFO - Setting next_dagrun for example_branch_dop_operator_v3 to 2024-04-17 00:00:00+00:00
[2024-04-19 02:06:56,267] {scheduler_job.py:190} INFO - Processing /home/airflow/.local/lib/python3.6/site-packages/airflow/example_dags/example_branch_python_dop_operator_3.py took 0.059 seconds
[2024-04-19 02:07:26,443] {scheduler_job.py:182} INFO - Started process (PID=3135) to work on /home/airflow/.local/lib/python3.6/site-packages/airflow/example_dags/example_branch_python_dop_operator_3.py
[2024-04-19 02:07:26,444] {scheduler_job.py:629} INFO - Processing file /home/airflow/.local/lib/python3.6/site-packages/airflow/example_dags/example_branch_python_dop_operator_3.py for tasks to queue
[2024-04-19 02:07:26,445] {logging_mixin.py:104} INFO - [2024-04-19 02:07:26,445] {dagbag.py:448} INFO - Filling up the DagBag from /home/airflow/.local/lib/python3.6/site-packages/airflow/example_dags/example_branch_python_dop_operator_3.py
[2024-04-19 02:07:26,454] {scheduler_job.py:639} INFO - DAG(s) dict_keys(['example_branch_dop_operator_v3']) retrieved from /home/airflow/.local/lib/python3.6/site-packages/airflow/example_dags/example_branch_python_dop_operator_3.py
[2024-04-19 02:07:26,470] {logging_mixin.py:104} INFO - [2024-04-19 02:07:26,470] {dag.py:1818} INFO - Sync 1 DAGs
[2024-04-19 02:07:26,490] {logging_mixin.py:104} INFO - [2024-04-19 02:07:26,490] {dag.py:2273} INFO - Setting next_dagrun for example_branch_dop_operator_v3 to 2024-04-17 00:00:00+00:00
[2024-04-19 02:07:26,502] {scheduler_job.py:190} INFO - Processing /home/airflow/.local/lib/python3.6/site-packages/airflow/example_dags/example_branch_python_dop_operator_3.py took 0.062 seconds
[2024-04-19 02:07:56,764] {scheduler_job.py:182} INFO - Started process (PID=3272) to work on /home/airflow/.local/lib/python3.6/site-packages/airflow/example_dags/example_branch_python_dop_operator_3.py
[2024-04-19 02:07:56,765] {scheduler_job.py:629} INFO - Processing file /home/airflow/.local/lib/python3.6/site-packages/airflow/example_dags/example_branch_python_dop_operator_3.py for tasks to queue
[2024-04-19 02:07:56,766] {logging_mixin.py:104} INFO - [2024-04-19 02:07:56,766] {dagbag.py:448} INFO - Filling up the DagBag from /home/airflow/.local/lib/python3.6/site-packages/airflow/example_dags/example_branch_python_dop_operator_3.py
[2024-04-19 02:07:56,775] {scheduler_job.py:639} INFO - DAG(s) dict_keys(['example_branch_dop_operator_v3']) retrieved from /home/airflow/.local/lib/python3.6/site-packages/airflow/example_dags/example_branch_python_dop_operator_3.py
[2024-04-19 02:07:56,791] {logging_mixin.py:104} INFO - [2024-04-19 02:07:56,791] {dag.py:1818} INFO - Sync 1 DAGs
[2024-04-19 02:07:56,809] {logging_mixin.py:104} INFO - [2024-04-19 02:07:56,809] {dag.py:2273} INFO - Setting next_dagrun for example_branch_dop_operator_v3 to 2024-04-17 00:00:00+00:00
[2024-04-19 02:07:56,818] {scheduler_job.py:190} INFO - Processing /home/airflow/.local/lib/python3.6/site-packages/airflow/example_dags/example_branch_python_dop_operator_3.py took 0.056 seconds
[2024-04-19 02:08:27,007] {scheduler_job.py:182} INFO - Started process (PID=3400) to work on /home/airflow/.local/lib/python3.6/site-packages/airflow/example_dags/example_branch_python_dop_operator_3.py
[2024-04-19 02:08:27,008] {scheduler_job.py:629} INFO - Processing file /home/airflow/.local/lib/python3.6/site-packages/airflow/example_dags/example_branch_python_dop_operator_3.py for tasks to queue
[2024-04-19 02:08:27,009] {logging_mixin.py:104} INFO - [2024-04-19 02:08:27,009] {dagbag.py:448} INFO - Filling up the DagBag from /home/airflow/.local/lib/python3.6/site-packages/airflow/example_dags/example_branch_python_dop_operator_3.py
[2024-04-19 02:08:27,020] {scheduler_job.py:639} INFO - DAG(s) dict_keys(['example_branch_dop_operator_v3']) retrieved from /home/airflow/.local/lib/python3.6/site-packages/airflow/example_dags/example_branch_python_dop_operator_3.py
[2024-04-19 02:08:27,039] {logging_mixin.py:104} INFO - [2024-04-19 02:08:27,039] {dag.py:1818} INFO - Sync 1 DAGs
[2024-04-19 02:08:27,059] {logging_mixin.py:104} INFO - [2024-04-19 02:08:27,059] {dag.py:2273} INFO - Setting next_dagrun for example_branch_dop_operator_v3 to 2024-04-17 00:00:00+00:00
[2024-04-19 02:08:27,070] {scheduler_job.py:190} INFO - Processing /home/airflow/.local/lib/python3.6/site-packages/airflow/example_dags/example_branch_python_dop_operator_3.py took 0.065 seconds
[2024-04-19 02:08:57,199] {scheduler_job.py:182} INFO - Started process (PID=3520) to work on /home/airflow/.local/lib/python3.6/site-packages/airflow/example_dags/example_branch_python_dop_operator_3.py
[2024-04-19 02:08:57,200] {scheduler_job.py:629} INFO - Processing file /home/airflow/.local/lib/python3.6/site-packages/airflow/example_dags/example_branch_python_dop_operator_3.py for tasks to queue
[2024-04-19 02:08:57,201] {logging_mixin.py:104} INFO - [2024-04-19 02:08:57,201] {dagbag.py:448} INFO - Filling up the DagBag from /home/airflow/.local/lib/python3.6/site-packages/airflow/example_dags/example_branch_python_dop_operator_3.py
[2024-04-19 02:08:57,210] {scheduler_job.py:639} INFO - DAG(s) dict_keys(['example_branch_dop_operator_v3']) retrieved from /home/airflow/.local/lib/python3.6/site-packages/airflow/example_dags/example_branch_python_dop_operator_3.py
[2024-04-19 02:08:57,225] {logging_mixin.py:104} INFO - [2024-04-19 02:08:57,225] {dag.py:1818} INFO - Sync 1 DAGs
[2024-04-19 02:08:57,253] {logging_mixin.py:104} INFO - [2024-04-19 02:08:57,253] {dag.py:2273} INFO - Setting next_dagrun for example_branch_dop_operator_v3 to 2024-04-17 00:00:00+00:00
[2024-04-19 02:08:57,264] {scheduler_job.py:190} INFO - Processing /home/airflow/.local/lib/python3.6/site-packages/airflow/example_dags/example_branch_python_dop_operator_3.py took 0.067 seconds
[2024-04-19 02:09:27,472] {scheduler_job.py:182} INFO - Started process (PID=3655) to work on /home/airflow/.local/lib/python3.6/site-packages/airflow/example_dags/example_branch_python_dop_operator_3.py
[2024-04-19 02:09:27,473] {scheduler_job.py:629} INFO - Processing file /home/airflow/.local/lib/python3.6/site-packages/airflow/example_dags/example_branch_python_dop_operator_3.py for tasks to queue
[2024-04-19 02:09:27,474] {logging_mixin.py:104} INFO - [2024-04-19 02:09:27,474] {dagbag.py:448} INFO - Filling up the DagBag from /home/airflow/.local/lib/python3.6/site-packages/airflow/example_dags/example_branch_python_dop_operator_3.py
[2024-04-19 02:09:27,485] {scheduler_job.py:639} INFO - DAG(s) dict_keys(['example_branch_dop_operator_v3']) retrieved from /home/airflow/.local/lib/python3.6/site-packages/airflow/example_dags/example_branch_python_dop_operator_3.py
[2024-04-19 02:09:27,511] {logging_mixin.py:104} INFO - [2024-04-19 02:09:27,511] {dag.py:1818} INFO - Sync 1 DAGs
[2024-04-19 02:09:27,538] {logging_mixin.py:104} INFO - [2024-04-19 02:09:27,538] {dag.py:2273} INFO - Setting next_dagrun for example_branch_dop_operator_v3 to 2024-04-17 00:00:00+00:00
[2024-04-19 02:09:27,547] {scheduler_job.py:190} INFO - Processing /home/airflow/.local/lib/python3.6/site-packages/airflow/example_dags/example_branch_python_dop_operator_3.py took 0.077 seconds
[2024-04-19 02:09:57,631] {scheduler_job.py:182} INFO - Started process (PID=3780) to work on /home/airflow/.local/lib/python3.6/site-packages/airflow/example_dags/example_branch_python_dop_operator_3.py
[2024-04-19 02:09:57,632] {scheduler_job.py:629} INFO - Processing file /home/airflow/.local/lib/python3.6/site-packages/airflow/example_dags/example_branch_python_dop_operator_3.py for tasks to queue
[2024-04-19 02:09:57,633] {logging_mixin.py:104} INFO - [2024-04-19 02:09:57,633] {dagbag.py:448} INFO - Filling up the DagBag from /home/airflow/.local/lib/python3.6/site-packages/airflow/example_dags/example_branch_python_dop_operator_3.py
[2024-04-19 02:09:57,643] {scheduler_job.py:639} INFO - DAG(s) dict_keys(['example_branch_dop_operator_v3']) retrieved from /home/airflow/.local/lib/python3.6/site-packages/airflow/example_dags/example_branch_python_dop_operator_3.py
[2024-04-19 02:09:57,659] {logging_mixin.py:104} INFO - [2024-04-19 02:09:57,659] {dag.py:1818} INFO - Sync 1 DAGs
[2024-04-19 02:09:57,681] {logging_mixin.py:104} INFO - [2024-04-19 02:09:57,681] {dag.py:2273} INFO - Setting next_dagrun for example_branch_dop_operator_v3 to 2024-04-17 00:00:00+00:00
[2024-04-19 02:09:57,689] {scheduler_job.py:190} INFO - Processing /home/airflow/.local/lib/python3.6/site-packages/airflow/example_dags/example_branch_python_dop_operator_3.py took 0.062 seconds
[2024-04-19 02:10:27,927] {scheduler_job.py:182} INFO - Started process (PID=3915) to work on /home/airflow/.local/lib/python3.6/site-packages/airflow/example_dags/example_branch_python_dop_operator_3.py
[2024-04-19 02:10:27,928] {scheduler_job.py:629} INFO - Processing file /home/airflow/.local/lib/python3.6/site-packages/airflow/example_dags/example_branch_python_dop_operator_3.py for tasks to queue
[2024-04-19 02:10:27,929] {logging_mixin.py:104} INFO - [2024-04-19 02:10:27,929] {dagbag.py:448} INFO - Filling up the DagBag from /home/airflow/.local/lib/python3.6/site-packages/airflow/example_dags/example_branch_python_dop_operator_3.py
[2024-04-19 02:10:27,939] {scheduler_job.py:639} INFO - DAG(s) dict_keys(['example_branch_dop_operator_v3']) retrieved from /home/airflow/.local/lib/python3.6/site-packages/airflow/example_dags/example_branch_python_dop_operator_3.py
[2024-04-19 02:10:27,955] {logging_mixin.py:104} INFO - [2024-04-19 02:10:27,955] {dag.py:1818} INFO - Sync 1 DAGs
[2024-04-19 02:10:27,974] {logging_mixin.py:104} INFO - [2024-04-19 02:10:27,973] {dag.py:2273} INFO - Setting next_dagrun for example_branch_dop_operator_v3 to 2024-04-17 00:00:00+00:00
[2024-04-19 02:10:27,982] {scheduler_job.py:190} INFO - Processing /home/airflow/.local/lib/python3.6/site-packages/airflow/example_dags/example_branch_python_dop_operator_3.py took 0.059 seconds
[2024-04-19 02:10:58,036] {scheduler_job.py:182} INFO - Started process (PID=4045) to work on /home/airflow/.local/lib/python3.6/site-packages/airflow/example_dags/example_branch_python_dop_operator_3.py
[2024-04-19 02:10:58,037] {scheduler_job.py:629} INFO - Processing file /home/airflow/.local/lib/python3.6/site-packages/airflow/example_dags/example_branch_python_dop_operator_3.py for tasks to queue
[2024-04-19 02:10:58,038] {logging_mixin.py:104} INFO - [2024-04-19 02:10:58,038] {dagbag.py:448} INFO - Filling up the DagBag from /home/airflow/.local/lib/python3.6/site-packages/airflow/example_dags/example_branch_python_dop_operator_3.py
[2024-04-19 02:10:58,050] {scheduler_job.py:639} INFO - DAG(s) dict_keys(['example_branch_dop_operator_v3']) retrieved from /home/airflow/.local/lib/python3.6/site-packages/airflow/example_dags/example_branch_python_dop_operator_3.py
[2024-04-19 02:10:58,068] {logging_mixin.py:104} INFO - [2024-04-19 02:10:58,068] {dag.py:1818} INFO - Sync 1 DAGs
[2024-04-19 02:10:58,085] {logging_mixin.py:104} INFO - [2024-04-19 02:10:58,085] {dag.py:2273} INFO - Setting next_dagrun for example_branch_dop_operator_v3 to 2024-04-17 00:00:00+00:00
[2024-04-19 02:10:58,092] {scheduler_job.py:190} INFO - Processing /home/airflow/.local/lib/python3.6/site-packages/airflow/example_dags/example_branch_python_dop_operator_3.py took 0.059 seconds
[2024-04-19 02:11:28,248] {scheduler_job.py:182} INFO - Started process (PID=4177) to work on /home/airflow/.local/lib/python3.6/site-packages/airflow/example_dags/example_branch_python_dop_operator_3.py
[2024-04-19 02:11:28,249] {scheduler_job.py:629} INFO - Processing file /home/airflow/.local/lib/python3.6/site-packages/airflow/example_dags/example_branch_python_dop_operator_3.py for tasks to queue
[2024-04-19 02:11:28,249] {logging_mixin.py:104} INFO - [2024-04-19 02:11:28,249] {dagbag.py:448} INFO - Filling up the DagBag from /home/airflow/.local/lib/python3.6/site-packages/airflow/example_dags/example_branch_python_dop_operator_3.py
[2024-04-19 02:11:28,258] {scheduler_job.py:639} INFO - DAG(s) dict_keys(['example_branch_dop_operator_v3']) retrieved from /home/airflow/.local/lib/python3.6/site-packages/airflow/example_dags/example_branch_python_dop_operator_3.py
[2024-04-19 02:11:28,271] {logging_mixin.py:104} INFO - [2024-04-19 02:11:28,271] {dag.py:1818} INFO - Sync 1 DAGs
[2024-04-19 02:11:28,287] {logging_mixin.py:104} INFO - [2024-04-19 02:11:28,287] {dag.py:2273} INFO - Setting next_dagrun for example_branch_dop_operator_v3 to 2024-04-17 00:00:00+00:00
[2024-04-19 02:11:28,295] {scheduler_job.py:190} INFO - Processing /home/airflow/.local/lib/python3.6/site-packages/airflow/example_dags/example_branch_python_dop_operator_3.py took 0.050 seconds
[2024-04-19 02:11:58,449] {scheduler_job.py:182} INFO - Started process (PID=4307) to work on /home/airflow/.local/lib/python3.6/site-packages/airflow/example_dags/example_branch_python_dop_operator_3.py
[2024-04-19 02:11:58,450] {scheduler_job.py:629} INFO - Processing file /home/airflow/.local/lib/python3.6/site-packages/airflow/example_dags/example_branch_python_dop_operator_3.py for tasks to queue
[2024-04-19 02:11:58,451] {logging_mixin.py:104} INFO - [2024-04-19 02:11:58,451] {dagbag.py:448} INFO - Filling up the DagBag from /home/airflow/.local/lib/python3.6/site-packages/airflow/example_dags/example_branch_python_dop_operator_3.py
[2024-04-19 02:11:58,460] {scheduler_job.py:639} INFO - DAG(s) dict_keys(['example_branch_dop_operator_v3']) retrieved from /home/airflow/.local/lib/python3.6/site-packages/airflow/example_dags/example_branch_python_dop_operator_3.py
[2024-04-19 02:11:58,479] {logging_mixin.py:104} INFO - [2024-04-19 02:11:58,479] {dag.py:1818} INFO - Sync 1 DAGs
[2024-04-19 02:11:58,499] {logging_mixin.py:104} INFO - [2024-04-19 02:11:58,499] {dag.py:2273} INFO - Setting next_dagrun for example_branch_dop_operator_v3 to 2024-04-17 00:00:00+00:00
[2024-04-19 02:11:58,507] {scheduler_job.py:190} INFO - Processing /home/airflow/.local/lib/python3.6/site-packages/airflow/example_dags/example_branch_python_dop_operator_3.py took 0.060 seconds
[2024-04-19 02:12:28,809] {scheduler_job.py:182} INFO - Started process (PID=4435) to work on /home/airflow/.local/lib/python3.6/site-packages/airflow/example_dags/example_branch_python_dop_operator_3.py
[2024-04-19 02:12:28,810] {scheduler_job.py:629} INFO - Processing file /home/airflow/.local/lib/python3.6/site-packages/airflow/example_dags/example_branch_python_dop_operator_3.py for tasks to queue
[2024-04-19 02:12:28,811] {logging_mixin.py:104} INFO - [2024-04-19 02:12:28,811] {dagbag.py:448} INFO - Filling up the DagBag from /home/airflow/.local/lib/python3.6/site-packages/airflow/example_dags/example_branch_python_dop_operator_3.py
[2024-04-19 02:12:28,827] {scheduler_job.py:639} INFO - DAG(s) dict_keys(['example_branch_dop_operator_v3']) retrieved from /home/airflow/.local/lib/python3.6/site-packages/airflow/example_dags/example_branch_python_dop_operator_3.py
[2024-04-19 02:12:28,852] {logging_mixin.py:104} INFO - [2024-04-19 02:12:28,852] {dag.py:1818} INFO - Sync 1 DAGs
[2024-04-19 02:12:28,875] {logging_mixin.py:104} INFO - [2024-04-19 02:12:28,875] {dag.py:2273} INFO - Setting next_dagrun for example_branch_dop_operator_v3 to 2024-04-17 00:00:00+00:00
[2024-04-19 02:12:28,886] {scheduler_job.py:190} INFO - Processing /home/airflow/.local/lib/python3.6/site-packages/airflow/example_dags/example_branch_python_dop_operator_3.py took 0.079 seconds
[2024-04-19 02:12:58,984] {scheduler_job.py:182} INFO - Started process (PID=4555) to work on /home/airflow/.local/lib/python3.6/site-packages/airflow/example_dags/example_branch_python_dop_operator_3.py
[2024-04-19 02:12:58,985] {scheduler_job.py:629} INFO - Processing file /home/airflow/.local/lib/python3.6/site-packages/airflow/example_dags/example_branch_python_dop_operator_3.py for tasks to queue
[2024-04-19 02:12:58,985] {logging_mixin.py:104} INFO - [2024-04-19 02:12:58,985] {dagbag.py:448} INFO - Filling up the DagBag from /home/airflow/.local/lib/python3.6/site-packages/airflow/example_dags/example_branch_python_dop_operator_3.py
[2024-04-19 02:12:58,995] {scheduler_job.py:639} INFO - DAG(s) dict_keys(['example_branch_dop_operator_v3']) retrieved from /home/airflow/.local/lib/python3.6/site-packages/airflow/example_dags/example_branch_python_dop_operator_3.py
[2024-04-19 02:12:59,010] {logging_mixin.py:104} INFO - [2024-04-19 02:12:59,010] {dag.py:1818} INFO - Sync 1 DAGs
[2024-04-19 02:12:59,028] {logging_mixin.py:104} INFO - [2024-04-19 02:12:59,028] {dag.py:2273} INFO - Setting next_dagrun for example_branch_dop_operator_v3 to 2024-04-17 00:00:00+00:00
[2024-04-19 02:12:59,035] {scheduler_job.py:190} INFO - Processing /home/airflow/.local/lib/python3.6/site-packages/airflow/example_dags/example_branch_python_dop_operator_3.py took 0.053 seconds
