[2024-04-19 01:51:18,622] {scheduler_job.py:182} INFO - Started process (PID=190) to work on /home/airflow/.local/lib/python3.6/site-packages/airflow/example_dags/example_xcom.py
[2024-04-19 01:51:18,624] {scheduler_job.py:629} INFO - Processing file /home/airflow/.local/lib/python3.6/site-packages/airflow/example_dags/example_xcom.py for tasks to queue
[2024-04-19 01:51:18,625] {logging_mixin.py:104} INFO - [2024-04-19 01:51:18,625] {dagbag.py:448} INFO - Filling up the DagBag from /home/airflow/.local/lib/python3.6/site-packages/airflow/example_dags/example_xcom.py
[2024-04-19 01:51:18,639] {scheduler_job.py:639} INFO - DAG(s) dict_keys(['example_xcom']) retrieved from /home/airflow/.local/lib/python3.6/site-packages/airflow/example_dags/example_xcom.py
[2024-04-19 01:51:18,673] {logging_mixin.py:104} INFO - [2024-04-19 01:51:18,673] {dag.py:1818} INFO - Sync 1 DAGs
[2024-04-19 01:51:18,686] {logging_mixin.py:104} INFO - [2024-04-19 01:51:18,686] {dag.py:1837} INFO - Creating ORM DAG for example_xcom
[2024-04-19 01:51:18,695] {logging_mixin.py:104} INFO - [2024-04-19 01:51:18,695] {dag.py:2273} INFO - Setting next_dagrun for example_xcom to 2024-04-17 00:00:00+00:00
[2024-04-19 01:51:18,713] {scheduler_job.py:190} INFO - Processing /home/airflow/.local/lib/python3.6/site-packages/airflow/example_dags/example_xcom.py took 0.094 seconds
[2024-04-19 01:51:49,233] {scheduler_job.py:182} INFO - Started process (PID=325) to work on /home/airflow/.local/lib/python3.6/site-packages/airflow/example_dags/example_xcom.py
[2024-04-19 01:51:49,235] {scheduler_job.py:629} INFO - Processing file /home/airflow/.local/lib/python3.6/site-packages/airflow/example_dags/example_xcom.py for tasks to queue
[2024-04-19 01:51:49,237] {logging_mixin.py:104} INFO - [2024-04-19 01:51:49,237] {dagbag.py:448} INFO - Filling up the DagBag from /home/airflow/.local/lib/python3.6/site-packages/airflow/example_dags/example_xcom.py
[2024-04-19 01:51:49,253] {scheduler_job.py:639} INFO - DAG(s) dict_keys(['example_xcom']) retrieved from /home/airflow/.local/lib/python3.6/site-packages/airflow/example_dags/example_xcom.py
[2024-04-19 01:51:49,295] {logging_mixin.py:104} INFO - [2024-04-19 01:51:49,294] {dag.py:1818} INFO - Sync 1 DAGs
[2024-04-19 01:51:49,319] {logging_mixin.py:104} INFO - [2024-04-19 01:51:49,319] {dag.py:2273} INFO - Setting next_dagrun for example_xcom to 2024-04-17 00:00:00+00:00
[2024-04-19 01:51:49,336] {scheduler_job.py:190} INFO - Processing /home/airflow/.local/lib/python3.6/site-packages/airflow/example_dags/example_xcom.py took 0.108 seconds
[2024-04-19 01:52:20,085] {scheduler_job.py:182} INFO - Started process (PID=450) to work on /home/airflow/.local/lib/python3.6/site-packages/airflow/example_dags/example_xcom.py
[2024-04-19 01:52:20,087] {scheduler_job.py:629} INFO - Processing file /home/airflow/.local/lib/python3.6/site-packages/airflow/example_dags/example_xcom.py for tasks to queue
[2024-04-19 01:52:20,088] {logging_mixin.py:104} INFO - [2024-04-19 01:52:20,088] {dagbag.py:448} INFO - Filling up the DagBag from /home/airflow/.local/lib/python3.6/site-packages/airflow/example_dags/example_xcom.py
[2024-04-19 01:52:20,097] {scheduler_job.py:639} INFO - DAG(s) dict_keys(['example_xcom']) retrieved from /home/airflow/.local/lib/python3.6/site-packages/airflow/example_dags/example_xcom.py
[2024-04-19 01:52:20,117] {logging_mixin.py:104} INFO - [2024-04-19 01:52:20,117] {dag.py:1818} INFO - Sync 1 DAGs
[2024-04-19 01:52:20,128] {logging_mixin.py:104} INFO - [2024-04-19 01:52:20,127] {dag.py:2273} INFO - Setting next_dagrun for example_xcom to 2024-04-17 00:00:00+00:00
[2024-04-19 01:52:20,141] {scheduler_job.py:190} INFO - Processing /home/airflow/.local/lib/python3.6/site-packages/airflow/example_dags/example_xcom.py took 0.060 seconds
[2024-04-19 01:52:50,328] {scheduler_job.py:182} INFO - Started process (PID=580) to work on /home/airflow/.local/lib/python3.6/site-packages/airflow/example_dags/example_xcom.py
[2024-04-19 01:52:50,329] {scheduler_job.py:629} INFO - Processing file /home/airflow/.local/lib/python3.6/site-packages/airflow/example_dags/example_xcom.py for tasks to queue
[2024-04-19 01:52:50,330] {logging_mixin.py:104} INFO - [2024-04-19 01:52:50,330] {dagbag.py:448} INFO - Filling up the DagBag from /home/airflow/.local/lib/python3.6/site-packages/airflow/example_dags/example_xcom.py
[2024-04-19 01:52:50,340] {scheduler_job.py:639} INFO - DAG(s) dict_keys(['example_xcom']) retrieved from /home/airflow/.local/lib/python3.6/site-packages/airflow/example_dags/example_xcom.py
[2024-04-19 01:52:50,360] {logging_mixin.py:104} INFO - [2024-04-19 01:52:50,360] {dag.py:1818} INFO - Sync 1 DAGs
[2024-04-19 01:52:50,371] {logging_mixin.py:104} INFO - [2024-04-19 01:52:50,371] {dag.py:2273} INFO - Setting next_dagrun for example_xcom to 2024-04-17 00:00:00+00:00
[2024-04-19 01:52:50,381] {scheduler_job.py:190} INFO - Processing /home/airflow/.local/lib/python3.6/site-packages/airflow/example_dags/example_xcom.py took 0.056 seconds
[2024-04-19 01:53:20,826] {scheduler_job.py:182} INFO - Started process (PID=710) to work on /home/airflow/.local/lib/python3.6/site-packages/airflow/example_dags/example_xcom.py
[2024-04-19 01:53:20,829] {scheduler_job.py:629} INFO - Processing file /home/airflow/.local/lib/python3.6/site-packages/airflow/example_dags/example_xcom.py for tasks to queue
[2024-04-19 01:53:20,831] {logging_mixin.py:104} INFO - [2024-04-19 01:53:20,830] {dagbag.py:448} INFO - Filling up the DagBag from /home/airflow/.local/lib/python3.6/site-packages/airflow/example_dags/example_xcom.py
[2024-04-19 01:53:20,851] {scheduler_job.py:639} INFO - DAG(s) dict_keys(['example_xcom']) retrieved from /home/airflow/.local/lib/python3.6/site-packages/airflow/example_dags/example_xcom.py
[2024-04-19 01:53:20,884] {logging_mixin.py:104} INFO - [2024-04-19 01:53:20,884] {dag.py:1818} INFO - Sync 1 DAGs
[2024-04-19 01:53:20,900] {logging_mixin.py:104} INFO - [2024-04-19 01:53:20,900] {dag.py:2273} INFO - Setting next_dagrun for example_xcom to 2024-04-17 00:00:00+00:00
[2024-04-19 01:53:20,910] {scheduler_job.py:190} INFO - Processing /home/airflow/.local/lib/python3.6/site-packages/airflow/example_dags/example_xcom.py took 0.086 seconds
[2024-04-19 01:53:51,562] {scheduler_job.py:182} INFO - Started process (PID=850) to work on /home/airflow/.local/lib/python3.6/site-packages/airflow/example_dags/example_xcom.py
[2024-04-19 01:53:51,563] {scheduler_job.py:629} INFO - Processing file /home/airflow/.local/lib/python3.6/site-packages/airflow/example_dags/example_xcom.py for tasks to queue
[2024-04-19 01:53:51,564] {logging_mixin.py:104} INFO - [2024-04-19 01:53:51,564] {dagbag.py:448} INFO - Filling up the DagBag from /home/airflow/.local/lib/python3.6/site-packages/airflow/example_dags/example_xcom.py
[2024-04-19 01:53:51,579] {scheduler_job.py:639} INFO - DAG(s) dict_keys(['example_xcom']) retrieved from /home/airflow/.local/lib/python3.6/site-packages/airflow/example_dags/example_xcom.py
[2024-04-19 01:53:51,605] {logging_mixin.py:104} INFO - [2024-04-19 01:53:51,605] {dag.py:1818} INFO - Sync 1 DAGs
[2024-04-19 01:53:51,625] {logging_mixin.py:104} INFO - [2024-04-19 01:53:51,625] {dag.py:2273} INFO - Setting next_dagrun for example_xcom to 2024-04-17 00:00:00+00:00
[2024-04-19 01:53:51,641] {scheduler_job.py:190} INFO - Processing /home/airflow/.local/lib/python3.6/site-packages/airflow/example_dags/example_xcom.py took 0.084 seconds
[2024-04-19 01:54:22,159] {scheduler_job.py:182} INFO - Started process (PID=1000) to work on /home/airflow/.local/lib/python3.6/site-packages/airflow/example_dags/example_xcom.py
[2024-04-19 01:54:22,161] {scheduler_job.py:629} INFO - Processing file /home/airflow/.local/lib/python3.6/site-packages/airflow/example_dags/example_xcom.py for tasks to queue
[2024-04-19 01:54:22,162] {logging_mixin.py:104} INFO - [2024-04-19 01:54:22,162] {dagbag.py:448} INFO - Filling up the DagBag from /home/airflow/.local/lib/python3.6/site-packages/airflow/example_dags/example_xcom.py
[2024-04-19 01:54:22,171] {scheduler_job.py:639} INFO - DAG(s) dict_keys(['example_xcom']) retrieved from /home/airflow/.local/lib/python3.6/site-packages/airflow/example_dags/example_xcom.py
[2024-04-19 01:54:22,191] {logging_mixin.py:104} INFO - [2024-04-19 01:54:22,191] {dag.py:1818} INFO - Sync 1 DAGs
[2024-04-19 01:54:22,206] {logging_mixin.py:104} INFO - [2024-04-19 01:54:22,205] {dag.py:2273} INFO - Setting next_dagrun for example_xcom to 2024-04-17 00:00:00+00:00
[2024-04-19 01:54:22,215] {scheduler_job.py:190} INFO - Processing /home/airflow/.local/lib/python3.6/site-packages/airflow/example_dags/example_xcom.py took 0.058 seconds
[2024-04-19 01:54:52,617] {scheduler_job.py:182} INFO - Started process (PID=1135) to work on /home/airflow/.local/lib/python3.6/site-packages/airflow/example_dags/example_xcom.py
[2024-04-19 01:54:52,619] {scheduler_job.py:629} INFO - Processing file /home/airflow/.local/lib/python3.6/site-packages/airflow/example_dags/example_xcom.py for tasks to queue
[2024-04-19 01:54:52,620] {logging_mixin.py:104} INFO - [2024-04-19 01:54:52,620] {dagbag.py:448} INFO - Filling up the DagBag from /home/airflow/.local/lib/python3.6/site-packages/airflow/example_dags/example_xcom.py
[2024-04-19 01:54:52,636] {scheduler_job.py:639} INFO - DAG(s) dict_keys(['example_xcom']) retrieved from /home/airflow/.local/lib/python3.6/site-packages/airflow/example_dags/example_xcom.py
[2024-04-19 01:54:52,659] {logging_mixin.py:104} INFO - [2024-04-19 01:54:52,659] {dag.py:1818} INFO - Sync 1 DAGs
[2024-04-19 01:54:52,676] {logging_mixin.py:104} INFO - [2024-04-19 01:54:52,676] {dag.py:2273} INFO - Setting next_dagrun for example_xcom to 2024-04-17 00:00:00+00:00
[2024-04-19 01:54:52,685] {scheduler_job.py:190} INFO - Processing /home/airflow/.local/lib/python3.6/site-packages/airflow/example_dags/example_xcom.py took 0.071 seconds
[2024-04-19 01:55:23,181] {scheduler_job.py:182} INFO - Started process (PID=1285) to work on /home/airflow/.local/lib/python3.6/site-packages/airflow/example_dags/example_xcom.py
[2024-04-19 01:55:23,182] {scheduler_job.py:629} INFO - Processing file /home/airflow/.local/lib/python3.6/site-packages/airflow/example_dags/example_xcom.py for tasks to queue
[2024-04-19 01:55:23,183] {logging_mixin.py:104} INFO - [2024-04-19 01:55:23,183] {dagbag.py:448} INFO - Filling up the DagBag from /home/airflow/.local/lib/python3.6/site-packages/airflow/example_dags/example_xcom.py
[2024-04-19 01:55:23,193] {scheduler_job.py:639} INFO - DAG(s) dict_keys(['example_xcom']) retrieved from /home/airflow/.local/lib/python3.6/site-packages/airflow/example_dags/example_xcom.py
[2024-04-19 01:55:23,211] {logging_mixin.py:104} INFO - [2024-04-19 01:55:23,211] {dag.py:1818} INFO - Sync 1 DAGs
[2024-04-19 01:55:23,223] {logging_mixin.py:104} INFO - [2024-04-19 01:55:23,223] {dag.py:2273} INFO - Setting next_dagrun for example_xcom to 2024-04-17 00:00:00+00:00
[2024-04-19 01:55:23,234] {scheduler_job.py:190} INFO - Processing /home/airflow/.local/lib/python3.6/site-packages/airflow/example_dags/example_xcom.py took 0.057 seconds
[2024-04-19 01:55:53,677] {scheduler_job.py:182} INFO - Started process (PID=1430) to work on /home/airflow/.local/lib/python3.6/site-packages/airflow/example_dags/example_xcom.py
[2024-04-19 01:55:53,679] {scheduler_job.py:629} INFO - Processing file /home/airflow/.local/lib/python3.6/site-packages/airflow/example_dags/example_xcom.py for tasks to queue
[2024-04-19 01:55:53,680] {logging_mixin.py:104} INFO - [2024-04-19 01:55:53,680] {dagbag.py:448} INFO - Filling up the DagBag from /home/airflow/.local/lib/python3.6/site-packages/airflow/example_dags/example_xcom.py
[2024-04-19 01:55:53,689] {scheduler_job.py:639} INFO - DAG(s) dict_keys(['example_xcom']) retrieved from /home/airflow/.local/lib/python3.6/site-packages/airflow/example_dags/example_xcom.py
[2024-04-19 01:55:53,705] {logging_mixin.py:104} INFO - [2024-04-19 01:55:53,705] {dag.py:1818} INFO - Sync 1 DAGs
[2024-04-19 01:55:53,715] {logging_mixin.py:104} INFO - [2024-04-19 01:55:53,715] {dag.py:2273} INFO - Setting next_dagrun for example_xcom to 2024-04-17 00:00:00+00:00
[2024-04-19 01:55:53,724] {scheduler_job.py:190} INFO - Processing /home/airflow/.local/lib/python3.6/site-packages/airflow/example_dags/example_xcom.py took 0.050 seconds
[2024-04-19 01:56:18,734] {scheduler_job.py:182} INFO - Started process (PID=242) to work on /home/airflow/.local/lib/python3.6/site-packages/airflow/example_dags/example_xcom.py
[2024-04-19 01:56:18,736] {scheduler_job.py:629} INFO - Processing file /home/airflow/.local/lib/python3.6/site-packages/airflow/example_dags/example_xcom.py for tasks to queue
[2024-04-19 01:56:18,737] {logging_mixin.py:104} INFO - [2024-04-19 01:56:18,737] {dagbag.py:448} INFO - Filling up the DagBag from /home/airflow/.local/lib/python3.6/site-packages/airflow/example_dags/example_xcom.py
[2024-04-19 01:56:18,745] {scheduler_job.py:639} INFO - DAG(s) dict_keys(['example_xcom']) retrieved from /home/airflow/.local/lib/python3.6/site-packages/airflow/example_dags/example_xcom.py
[2024-04-19 01:56:18,766] {logging_mixin.py:104} INFO - [2024-04-19 01:56:18,766] {dag.py:1818} INFO - Sync 1 DAGs
[2024-04-19 01:56:18,782] {logging_mixin.py:104} INFO - [2024-04-19 01:56:18,782] {dag.py:2273} INFO - Setting next_dagrun for example_xcom to 2024-04-17 00:00:00+00:00
[2024-04-19 01:56:18,795] {scheduler_job.py:190} INFO - Processing /home/airflow/.local/lib/python3.6/site-packages/airflow/example_dags/example_xcom.py took 0.063 seconds
[2024-04-19 01:56:49,065] {scheduler_job.py:182} INFO - Started process (PID=352) to work on /home/airflow/.local/lib/python3.6/site-packages/airflow/example_dags/example_xcom.py
[2024-04-19 01:56:49,066] {scheduler_job.py:629} INFO - Processing file /home/airflow/.local/lib/python3.6/site-packages/airflow/example_dags/example_xcom.py for tasks to queue
[2024-04-19 01:56:49,067] {logging_mixin.py:104} INFO - [2024-04-19 01:56:49,067] {dagbag.py:448} INFO - Filling up the DagBag from /home/airflow/.local/lib/python3.6/site-packages/airflow/example_dags/example_xcom.py
[2024-04-19 01:56:49,075] {scheduler_job.py:639} INFO - DAG(s) dict_keys(['example_xcom']) retrieved from /home/airflow/.local/lib/python3.6/site-packages/airflow/example_dags/example_xcom.py
[2024-04-19 01:56:49,100] {logging_mixin.py:104} INFO - [2024-04-19 01:56:49,099] {dag.py:1818} INFO - Sync 1 DAGs
[2024-04-19 01:56:49,114] {logging_mixin.py:104} INFO - [2024-04-19 01:56:49,113] {dag.py:2273} INFO - Setting next_dagrun for example_xcom to 2024-04-17 00:00:00+00:00
[2024-04-19 01:56:49,126] {scheduler_job.py:190} INFO - Processing /home/airflow/.local/lib/python3.6/site-packages/airflow/example_dags/example_xcom.py took 0.066 seconds
[2024-04-19 01:57:19,764] {scheduler_job.py:182} INFO - Started process (PID=480) to work on /home/airflow/.local/lib/python3.6/site-packages/airflow/example_dags/example_xcom.py
[2024-04-19 01:57:19,765] {scheduler_job.py:629} INFO - Processing file /home/airflow/.local/lib/python3.6/site-packages/airflow/example_dags/example_xcom.py for tasks to queue
[2024-04-19 01:57:19,766] {logging_mixin.py:104} INFO - [2024-04-19 01:57:19,766] {dagbag.py:448} INFO - Filling up the DagBag from /home/airflow/.local/lib/python3.6/site-packages/airflow/example_dags/example_xcom.py
[2024-04-19 01:57:19,775] {scheduler_job.py:639} INFO - DAG(s) dict_keys(['example_xcom']) retrieved from /home/airflow/.local/lib/python3.6/site-packages/airflow/example_dags/example_xcom.py
[2024-04-19 01:57:19,802] {logging_mixin.py:104} INFO - [2024-04-19 01:57:19,802] {dag.py:1818} INFO - Sync 1 DAGs
[2024-04-19 01:57:19,817] {logging_mixin.py:104} INFO - [2024-04-19 01:57:19,816] {dag.py:2273} INFO - Setting next_dagrun for example_xcom to 2024-04-17 00:00:00+00:00
[2024-04-19 01:57:19,827] {scheduler_job.py:190} INFO - Processing /home/airflow/.local/lib/python3.6/site-packages/airflow/example_dags/example_xcom.py took 0.068 seconds
[2024-04-19 01:57:50,367] {scheduler_job.py:182} INFO - Started process (PID=620) to work on /home/airflow/.local/lib/python3.6/site-packages/airflow/example_dags/example_xcom.py
[2024-04-19 01:57:50,368] {scheduler_job.py:629} INFO - Processing file /home/airflow/.local/lib/python3.6/site-packages/airflow/example_dags/example_xcom.py for tasks to queue
[2024-04-19 01:57:50,369] {logging_mixin.py:104} INFO - [2024-04-19 01:57:50,369] {dagbag.py:448} INFO - Filling up the DagBag from /home/airflow/.local/lib/python3.6/site-packages/airflow/example_dags/example_xcom.py
[2024-04-19 01:57:50,376] {scheduler_job.py:639} INFO - DAG(s) dict_keys(['example_xcom']) retrieved from /home/airflow/.local/lib/python3.6/site-packages/airflow/example_dags/example_xcom.py
[2024-04-19 01:57:50,397] {logging_mixin.py:104} INFO - [2024-04-19 01:57:50,396] {dag.py:1818} INFO - Sync 1 DAGs
[2024-04-19 01:57:50,406] {logging_mixin.py:104} INFO - [2024-04-19 01:57:50,406] {dag.py:2273} INFO - Setting next_dagrun for example_xcom to 2024-04-17 00:00:00+00:00
[2024-04-19 01:57:50,414] {scheduler_job.py:190} INFO - Processing /home/airflow/.local/lib/python3.6/site-packages/airflow/example_dags/example_xcom.py took 0.050 seconds
[2024-04-19 01:58:20,740] {scheduler_job.py:182} INFO - Started process (PID=754) to work on /home/airflow/.local/lib/python3.6/site-packages/airflow/example_dags/example_xcom.py
[2024-04-19 01:58:20,741] {scheduler_job.py:629} INFO - Processing file /home/airflow/.local/lib/python3.6/site-packages/airflow/example_dags/example_xcom.py for tasks to queue
[2024-04-19 01:58:20,741] {logging_mixin.py:104} INFO - [2024-04-19 01:58:20,741] {dagbag.py:448} INFO - Filling up the DagBag from /home/airflow/.local/lib/python3.6/site-packages/airflow/example_dags/example_xcom.py
[2024-04-19 01:58:20,752] {scheduler_job.py:639} INFO - DAG(s) dict_keys(['example_xcom']) retrieved from /home/airflow/.local/lib/python3.6/site-packages/airflow/example_dags/example_xcom.py
[2024-04-19 01:58:20,768] {logging_mixin.py:104} INFO - [2024-04-19 01:58:20,768] {dag.py:1818} INFO - Sync 1 DAGs
[2024-04-19 01:58:20,779] {logging_mixin.py:104} INFO - [2024-04-19 01:58:20,779] {dag.py:2273} INFO - Setting next_dagrun for example_xcom to 2024-04-17 00:00:00+00:00
[2024-04-19 01:58:20,787] {scheduler_job.py:190} INFO - Processing /home/airflow/.local/lib/python3.6/site-packages/airflow/example_dags/example_xcom.py took 0.049 seconds
[2024-04-19 01:58:51,090] {scheduler_job.py:182} INFO - Started process (PID=892) to work on /home/airflow/.local/lib/python3.6/site-packages/airflow/example_dags/example_xcom.py
[2024-04-19 01:58:51,093] {scheduler_job.py:629} INFO - Processing file /home/airflow/.local/lib/python3.6/site-packages/airflow/example_dags/example_xcom.py for tasks to queue
[2024-04-19 01:58:51,094] {logging_mixin.py:104} INFO - [2024-04-19 01:58:51,094] {dagbag.py:448} INFO - Filling up the DagBag from /home/airflow/.local/lib/python3.6/site-packages/airflow/example_dags/example_xcom.py
[2024-04-19 01:58:51,104] {scheduler_job.py:639} INFO - DAG(s) dict_keys(['example_xcom']) retrieved from /home/airflow/.local/lib/python3.6/site-packages/airflow/example_dags/example_xcom.py
[2024-04-19 01:58:51,123] {logging_mixin.py:104} INFO - [2024-04-19 01:58:51,123] {dag.py:1818} INFO - Sync 1 DAGs
[2024-04-19 01:58:51,136] {logging_mixin.py:104} INFO - [2024-04-19 01:58:51,136] {dag.py:2273} INFO - Setting next_dagrun for example_xcom to 2024-04-17 00:00:00+00:00
[2024-04-19 01:58:51,145] {scheduler_job.py:190} INFO - Processing /home/airflow/.local/lib/python3.6/site-packages/airflow/example_dags/example_xcom.py took 0.057 seconds
[2024-04-19 01:59:21,208] {scheduler_job.py:182} INFO - Started process (PID=1024) to work on /home/airflow/.local/lib/python3.6/site-packages/airflow/example_dags/example_xcom.py
[2024-04-19 01:59:21,210] {scheduler_job.py:629} INFO - Processing file /home/airflow/.local/lib/python3.6/site-packages/airflow/example_dags/example_xcom.py for tasks to queue
[2024-04-19 01:59:21,213] {logging_mixin.py:104} INFO - [2024-04-19 01:59:21,212] {dagbag.py:448} INFO - Filling up the DagBag from /home/airflow/.local/lib/python3.6/site-packages/airflow/example_dags/example_xcom.py
[2024-04-19 01:59:21,224] {scheduler_job.py:639} INFO - DAG(s) dict_keys(['example_xcom']) retrieved from /home/airflow/.local/lib/python3.6/site-packages/airflow/example_dags/example_xcom.py
[2024-04-19 01:59:21,242] {logging_mixin.py:104} INFO - [2024-04-19 01:59:21,242] {dag.py:1818} INFO - Sync 1 DAGs
[2024-04-19 01:59:21,255] {logging_mixin.py:104} INFO - [2024-04-19 01:59:21,255] {dag.py:2273} INFO - Setting next_dagrun for example_xcom to 2024-04-17 00:00:00+00:00
[2024-04-19 01:59:21,263] {scheduler_job.py:190} INFO - Processing /home/airflow/.local/lib/python3.6/site-packages/airflow/example_dags/example_xcom.py took 0.057 seconds
[2024-04-19 01:59:51,288] {scheduler_job.py:182} INFO - Started process (PID=1150) to work on /home/airflow/.local/lib/python3.6/site-packages/airflow/example_dags/example_xcom.py
[2024-04-19 01:59:51,290] {scheduler_job.py:629} INFO - Processing file /home/airflow/.local/lib/python3.6/site-packages/airflow/example_dags/example_xcom.py for tasks to queue
[2024-04-19 01:59:51,291] {logging_mixin.py:104} INFO - [2024-04-19 01:59:51,291] {dagbag.py:448} INFO - Filling up the DagBag from /home/airflow/.local/lib/python3.6/site-packages/airflow/example_dags/example_xcom.py
[2024-04-19 01:59:51,300] {scheduler_job.py:639} INFO - DAG(s) dict_keys(['example_xcom']) retrieved from /home/airflow/.local/lib/python3.6/site-packages/airflow/example_dags/example_xcom.py
[2024-04-19 01:59:51,317] {logging_mixin.py:104} INFO - [2024-04-19 01:59:51,317] {dag.py:1818} INFO - Sync 1 DAGs
[2024-04-19 01:59:51,328] {logging_mixin.py:104} INFO - [2024-04-19 01:59:51,328] {dag.py:2273} INFO - Setting next_dagrun for example_xcom to 2024-04-17 00:00:00+00:00
[2024-04-19 01:59:51,336] {scheduler_job.py:190} INFO - Processing /home/airflow/.local/lib/python3.6/site-packages/airflow/example_dags/example_xcom.py took 0.050 seconds
[2024-04-19 02:00:21,705] {scheduler_job.py:182} INFO - Started process (PID=1282) to work on /home/airflow/.local/lib/python3.6/site-packages/airflow/example_dags/example_xcom.py
[2024-04-19 02:00:21,707] {scheduler_job.py:629} INFO - Processing file /home/airflow/.local/lib/python3.6/site-packages/airflow/example_dags/example_xcom.py for tasks to queue
[2024-04-19 02:00:21,709] {logging_mixin.py:104} INFO - [2024-04-19 02:00:21,709] {dagbag.py:448} INFO - Filling up the DagBag from /home/airflow/.local/lib/python3.6/site-packages/airflow/example_dags/example_xcom.py
[2024-04-19 02:00:21,721] {scheduler_job.py:639} INFO - DAG(s) dict_keys(['example_xcom']) retrieved from /home/airflow/.local/lib/python3.6/site-packages/airflow/example_dags/example_xcom.py
[2024-04-19 02:00:21,740] {logging_mixin.py:104} INFO - [2024-04-19 02:00:21,740] {dag.py:1818} INFO - Sync 1 DAGs
[2024-04-19 02:00:21,750] {logging_mixin.py:104} INFO - [2024-04-19 02:00:21,750] {dag.py:2273} INFO - Setting next_dagrun for example_xcom to 2024-04-17 00:00:00+00:00
[2024-04-19 02:00:21,762] {scheduler_job.py:190} INFO - Processing /home/airflow/.local/lib/python3.6/site-packages/airflow/example_dags/example_xcom.py took 0.062 seconds
[2024-04-19 02:00:51,847] {scheduler_job.py:182} INFO - Started process (PID=1414) to work on /home/airflow/.local/lib/python3.6/site-packages/airflow/example_dags/example_xcom.py
[2024-04-19 02:00:51,848] {scheduler_job.py:629} INFO - Processing file /home/airflow/.local/lib/python3.6/site-packages/airflow/example_dags/example_xcom.py for tasks to queue
[2024-04-19 02:00:51,849] {logging_mixin.py:104} INFO - [2024-04-19 02:00:51,849] {dagbag.py:448} INFO - Filling up the DagBag from /home/airflow/.local/lib/python3.6/site-packages/airflow/example_dags/example_xcom.py
[2024-04-19 02:00:51,858] {scheduler_job.py:639} INFO - DAG(s) dict_keys(['example_xcom']) retrieved from /home/airflow/.local/lib/python3.6/site-packages/airflow/example_dags/example_xcom.py
[2024-04-19 02:00:51,889] {logging_mixin.py:104} INFO - [2024-04-19 02:00:51,888] {dag.py:1818} INFO - Sync 1 DAGs
[2024-04-19 02:00:51,901] {logging_mixin.py:104} INFO - [2024-04-19 02:00:51,901] {dag.py:2273} INFO - Setting next_dagrun for example_xcom to 2024-04-17 00:00:00+00:00
[2024-04-19 02:00:51,910] {scheduler_job.py:190} INFO - Processing /home/airflow/.local/lib/python3.6/site-packages/airflow/example_dags/example_xcom.py took 0.067 seconds
[2024-04-19 02:01:21,993] {scheduler_job.py:182} INFO - Started process (PID=1510) to work on /home/airflow/.local/lib/python3.6/site-packages/airflow/example_dags/example_xcom.py
[2024-04-19 02:01:21,994] {scheduler_job.py:629} INFO - Processing file /home/airflow/.local/lib/python3.6/site-packages/airflow/example_dags/example_xcom.py for tasks to queue
[2024-04-19 02:01:21,995] {logging_mixin.py:104} INFO - [2024-04-19 02:01:21,995] {dagbag.py:448} INFO - Filling up the DagBag from /home/airflow/.local/lib/python3.6/site-packages/airflow/example_dags/example_xcom.py
[2024-04-19 02:01:22,002] {scheduler_job.py:639} INFO - DAG(s) dict_keys(['example_xcom']) retrieved from /home/airflow/.local/lib/python3.6/site-packages/airflow/example_dags/example_xcom.py
[2024-04-19 02:01:22,020] {logging_mixin.py:104} INFO - [2024-04-19 02:01:22,020] {dag.py:1818} INFO - Sync 1 DAGs
[2024-04-19 02:01:22,030] {logging_mixin.py:104} INFO - [2024-04-19 02:01:22,030] {dag.py:2273} INFO - Setting next_dagrun for example_xcom to 2024-04-17 00:00:00+00:00
[2024-04-19 02:01:22,036] {scheduler_job.py:190} INFO - Processing /home/airflow/.local/lib/python3.6/site-packages/airflow/example_dags/example_xcom.py took 0.047 seconds
[2024-04-19 02:01:52,480] {scheduler_job.py:182} INFO - Started process (PID=1614) to work on /home/airflow/.local/lib/python3.6/site-packages/airflow/example_dags/example_xcom.py
[2024-04-19 02:01:52,481] {scheduler_job.py:629} INFO - Processing file /home/airflow/.local/lib/python3.6/site-packages/airflow/example_dags/example_xcom.py for tasks to queue
[2024-04-19 02:01:52,482] {logging_mixin.py:104} INFO - [2024-04-19 02:01:52,481] {dagbag.py:448} INFO - Filling up the DagBag from /home/airflow/.local/lib/python3.6/site-packages/airflow/example_dags/example_xcom.py
[2024-04-19 02:01:52,489] {scheduler_job.py:639} INFO - DAG(s) dict_keys(['example_xcom']) retrieved from /home/airflow/.local/lib/python3.6/site-packages/airflow/example_dags/example_xcom.py
[2024-04-19 02:01:52,505] {logging_mixin.py:104} INFO - [2024-04-19 02:01:52,504] {dag.py:1818} INFO - Sync 1 DAGs
[2024-04-19 02:01:52,516] {logging_mixin.py:104} INFO - [2024-04-19 02:01:52,516] {dag.py:2273} INFO - Setting next_dagrun for example_xcom to 2024-04-17 00:00:00+00:00
[2024-04-19 02:01:52,524] {scheduler_job.py:190} INFO - Processing /home/airflow/.local/lib/python3.6/site-packages/airflow/example_dags/example_xcom.py took 0.047 seconds
[2024-04-19 02:02:22,958] {scheduler_job.py:182} INFO - Started process (PID=1747) to work on /home/airflow/.local/lib/python3.6/site-packages/airflow/example_dags/example_xcom.py
[2024-04-19 02:02:22,959] {scheduler_job.py:629} INFO - Processing file /home/airflow/.local/lib/python3.6/site-packages/airflow/example_dags/example_xcom.py for tasks to queue
[2024-04-19 02:02:22,960] {logging_mixin.py:104} INFO - [2024-04-19 02:02:22,960] {dagbag.py:448} INFO - Filling up the DagBag from /home/airflow/.local/lib/python3.6/site-packages/airflow/example_dags/example_xcom.py
[2024-04-19 02:02:22,969] {scheduler_job.py:639} INFO - DAG(s) dict_keys(['example_xcom']) retrieved from /home/airflow/.local/lib/python3.6/site-packages/airflow/example_dags/example_xcom.py
[2024-04-19 02:02:22,988] {logging_mixin.py:104} INFO - [2024-04-19 02:02:22,988] {dag.py:1818} INFO - Sync 1 DAGs
[2024-04-19 02:02:22,999] {logging_mixin.py:104} INFO - [2024-04-19 02:02:22,999] {dag.py:2273} INFO - Setting next_dagrun for example_xcom to 2024-04-17 00:00:00+00:00
[2024-04-19 02:02:23,008] {scheduler_job.py:190} INFO - Processing /home/airflow/.local/lib/python3.6/site-packages/airflow/example_dags/example_xcom.py took 0.052 seconds
[2024-04-19 02:02:53,275] {scheduler_job.py:182} INFO - Started process (PID=1874) to work on /home/airflow/.local/lib/python3.6/site-packages/airflow/example_dags/example_xcom.py
[2024-04-19 02:02:53,276] {scheduler_job.py:629} INFO - Processing file /home/airflow/.local/lib/python3.6/site-packages/airflow/example_dags/example_xcom.py for tasks to queue
[2024-04-19 02:02:53,277] {logging_mixin.py:104} INFO - [2024-04-19 02:02:53,277] {dagbag.py:448} INFO - Filling up the DagBag from /home/airflow/.local/lib/python3.6/site-packages/airflow/example_dags/example_xcom.py
[2024-04-19 02:02:53,284] {scheduler_job.py:639} INFO - DAG(s) dict_keys(['example_xcom']) retrieved from /home/airflow/.local/lib/python3.6/site-packages/airflow/example_dags/example_xcom.py
[2024-04-19 02:02:53,299] {logging_mixin.py:104} INFO - [2024-04-19 02:02:53,299] {dag.py:1818} INFO - Sync 1 DAGs
[2024-04-19 02:02:53,308] {logging_mixin.py:104} INFO - [2024-04-19 02:02:53,308] {dag.py:2273} INFO - Setting next_dagrun for example_xcom to 2024-04-17 00:00:00+00:00
[2024-04-19 02:02:53,315] {scheduler_job.py:190} INFO - Processing /home/airflow/.local/lib/python3.6/site-packages/airflow/example_dags/example_xcom.py took 0.043 seconds
[2024-04-19 02:03:23,416] {scheduler_job.py:182} INFO - Started process (PID=2004) to work on /home/airflow/.local/lib/python3.6/site-packages/airflow/example_dags/example_xcom.py
[2024-04-19 02:03:23,418] {scheduler_job.py:629} INFO - Processing file /home/airflow/.local/lib/python3.6/site-packages/airflow/example_dags/example_xcom.py for tasks to queue
[2024-04-19 02:03:23,419] {logging_mixin.py:104} INFO - [2024-04-19 02:03:23,419] {dagbag.py:448} INFO - Filling up the DagBag from /home/airflow/.local/lib/python3.6/site-packages/airflow/example_dags/example_xcom.py
[2024-04-19 02:03:23,428] {scheduler_job.py:639} INFO - DAG(s) dict_keys(['example_xcom']) retrieved from /home/airflow/.local/lib/python3.6/site-packages/airflow/example_dags/example_xcom.py
[2024-04-19 02:03:23,444] {logging_mixin.py:104} INFO - [2024-04-19 02:03:23,443] {dag.py:1818} INFO - Sync 1 DAGs
[2024-04-19 02:03:23,454] {logging_mixin.py:104} INFO - [2024-04-19 02:03:23,454] {dag.py:2273} INFO - Setting next_dagrun for example_xcom to 2024-04-17 00:00:00+00:00
[2024-04-19 02:03:23,462] {scheduler_job.py:190} INFO - Processing /home/airflow/.local/lib/python3.6/site-packages/airflow/example_dags/example_xcom.py took 0.048 seconds
[2024-04-19 02:03:53,502] {scheduler_job.py:182} INFO - Started process (PID=2134) to work on /home/airflow/.local/lib/python3.6/site-packages/airflow/example_dags/example_xcom.py
[2024-04-19 02:03:53,504] {scheduler_job.py:629} INFO - Processing file /home/airflow/.local/lib/python3.6/site-packages/airflow/example_dags/example_xcom.py for tasks to queue
[2024-04-19 02:03:53,505] {logging_mixin.py:104} INFO - [2024-04-19 02:03:53,505] {dagbag.py:448} INFO - Filling up the DagBag from /home/airflow/.local/lib/python3.6/site-packages/airflow/example_dags/example_xcom.py
[2024-04-19 02:03:53,512] {scheduler_job.py:639} INFO - DAG(s) dict_keys(['example_xcom']) retrieved from /home/airflow/.local/lib/python3.6/site-packages/airflow/example_dags/example_xcom.py
[2024-04-19 02:03:53,526] {logging_mixin.py:104} INFO - [2024-04-19 02:03:53,526] {dag.py:1818} INFO - Sync 1 DAGs
[2024-04-19 02:03:53,537] {logging_mixin.py:104} INFO - [2024-04-19 02:03:53,537] {dag.py:2273} INFO - Setting next_dagrun for example_xcom to 2024-04-17 00:00:00+00:00
[2024-04-19 02:03:53,546] {scheduler_job.py:190} INFO - Processing /home/airflow/.local/lib/python3.6/site-packages/airflow/example_dags/example_xcom.py took 0.047 seconds
[2024-04-19 02:04:23,791] {scheduler_job.py:182} INFO - Started process (PID=2274) to work on /home/airflow/.local/lib/python3.6/site-packages/airflow/example_dags/example_xcom.py
[2024-04-19 02:04:23,793] {scheduler_job.py:629} INFO - Processing file /home/airflow/.local/lib/python3.6/site-packages/airflow/example_dags/example_xcom.py for tasks to queue
[2024-04-19 02:04:23,793] {logging_mixin.py:104} INFO - [2024-04-19 02:04:23,793] {dagbag.py:448} INFO - Filling up the DagBag from /home/airflow/.local/lib/python3.6/site-packages/airflow/example_dags/example_xcom.py
[2024-04-19 02:04:23,805] {scheduler_job.py:639} INFO - DAG(s) dict_keys(['example_xcom']) retrieved from /home/airflow/.local/lib/python3.6/site-packages/airflow/example_dags/example_xcom.py
[2024-04-19 02:04:23,825] {logging_mixin.py:104} INFO - [2024-04-19 02:04:23,825] {dag.py:1818} INFO - Sync 1 DAGs
[2024-04-19 02:04:23,842] {logging_mixin.py:104} INFO - [2024-04-19 02:04:23,842] {dag.py:2273} INFO - Setting next_dagrun for example_xcom to 2024-04-17 00:00:00+00:00
[2024-04-19 02:04:23,858] {scheduler_job.py:190} INFO - Processing /home/airflow/.local/lib/python3.6/site-packages/airflow/example_dags/example_xcom.py took 0.069 seconds
[2024-04-19 02:04:54,354] {scheduler_job.py:182} INFO - Started process (PID=2407) to work on /home/airflow/.local/lib/python3.6/site-packages/airflow/example_dags/example_xcom.py
[2024-04-19 02:04:54,355] {scheduler_job.py:629} INFO - Processing file /home/airflow/.local/lib/python3.6/site-packages/airflow/example_dags/example_xcom.py for tasks to queue
[2024-04-19 02:04:54,356] {logging_mixin.py:104} INFO - [2024-04-19 02:04:54,356] {dagbag.py:448} INFO - Filling up the DagBag from /home/airflow/.local/lib/python3.6/site-packages/airflow/example_dags/example_xcom.py
[2024-04-19 02:04:54,365] {scheduler_job.py:639} INFO - DAG(s) dict_keys(['example_xcom']) retrieved from /home/airflow/.local/lib/python3.6/site-packages/airflow/example_dags/example_xcom.py
[2024-04-19 02:04:54,382] {logging_mixin.py:104} INFO - [2024-04-19 02:04:54,382] {dag.py:1818} INFO - Sync 1 DAGs
[2024-04-19 02:04:54,393] {logging_mixin.py:104} INFO - [2024-04-19 02:04:54,393] {dag.py:2273} INFO - Setting next_dagrun for example_xcom to 2024-04-17 00:00:00+00:00
[2024-04-19 02:04:54,401] {scheduler_job.py:190} INFO - Processing /home/airflow/.local/lib/python3.6/site-packages/airflow/example_dags/example_xcom.py took 0.051 seconds
[2024-04-19 02:05:24,756] {scheduler_job.py:182} INFO - Started process (PID=2536) to work on /home/airflow/.local/lib/python3.6/site-packages/airflow/example_dags/example_xcom.py
[2024-04-19 02:05:24,758] {scheduler_job.py:629} INFO - Processing file /home/airflow/.local/lib/python3.6/site-packages/airflow/example_dags/example_xcom.py for tasks to queue
[2024-04-19 02:05:24,758] {logging_mixin.py:104} INFO - [2024-04-19 02:05:24,758] {dagbag.py:448} INFO - Filling up the DagBag from /home/airflow/.local/lib/python3.6/site-packages/airflow/example_dags/example_xcom.py
[2024-04-19 02:05:24,768] {scheduler_job.py:639} INFO - DAG(s) dict_keys(['example_xcom']) retrieved from /home/airflow/.local/lib/python3.6/site-packages/airflow/example_dags/example_xcom.py
[2024-04-19 02:05:24,785] {logging_mixin.py:104} INFO - [2024-04-19 02:05:24,785] {dag.py:1818} INFO - Sync 1 DAGs
[2024-04-19 02:05:24,795] {logging_mixin.py:104} INFO - [2024-04-19 02:05:24,795] {dag.py:2273} INFO - Setting next_dagrun for example_xcom to 2024-04-17 00:00:00+00:00
[2024-04-19 02:05:24,804] {scheduler_job.py:190} INFO - Processing /home/airflow/.local/lib/python3.6/site-packages/airflow/example_dags/example_xcom.py took 0.050 seconds
[2024-04-19 02:05:55,179] {scheduler_job.py:182} INFO - Started process (PID=2687) to work on /home/airflow/.local/lib/python3.6/site-packages/airflow/example_dags/example_xcom.py
[2024-04-19 02:05:55,180] {scheduler_job.py:629} INFO - Processing file /home/airflow/.local/lib/python3.6/site-packages/airflow/example_dags/example_xcom.py for tasks to queue
[2024-04-19 02:05:55,181] {logging_mixin.py:104} INFO - [2024-04-19 02:05:55,181] {dagbag.py:448} INFO - Filling up the DagBag from /home/airflow/.local/lib/python3.6/site-packages/airflow/example_dags/example_xcom.py
[2024-04-19 02:05:55,188] {scheduler_job.py:639} INFO - DAG(s) dict_keys(['example_xcom']) retrieved from /home/airflow/.local/lib/python3.6/site-packages/airflow/example_dags/example_xcom.py
[2024-04-19 02:05:55,202] {logging_mixin.py:104} INFO - [2024-04-19 02:05:55,202] {dag.py:1818} INFO - Sync 1 DAGs
[2024-04-19 02:05:55,213] {logging_mixin.py:104} INFO - [2024-04-19 02:05:55,213] {dag.py:2273} INFO - Setting next_dagrun for example_xcom to 2024-04-17 00:00:00+00:00
[2024-04-19 02:05:55,221] {scheduler_job.py:190} INFO - Processing /home/airflow/.local/lib/python3.6/site-packages/airflow/example_dags/example_xcom.py took 0.045 seconds
[2024-04-19 02:06:25,462] {scheduler_job.py:182} INFO - Started process (PID=2825) to work on /home/airflow/.local/lib/python3.6/site-packages/airflow/example_dags/example_xcom.py
[2024-04-19 02:06:25,463] {scheduler_job.py:629} INFO - Processing file /home/airflow/.local/lib/python3.6/site-packages/airflow/example_dags/example_xcom.py for tasks to queue
[2024-04-19 02:06:25,464] {logging_mixin.py:104} INFO - [2024-04-19 02:06:25,464] {dagbag.py:448} INFO - Filling up the DagBag from /home/airflow/.local/lib/python3.6/site-packages/airflow/example_dags/example_xcom.py
[2024-04-19 02:06:25,474] {scheduler_job.py:639} INFO - DAG(s) dict_keys(['example_xcom']) retrieved from /home/airflow/.local/lib/python3.6/site-packages/airflow/example_dags/example_xcom.py
[2024-04-19 02:06:25,491] {logging_mixin.py:104} INFO - [2024-04-19 02:06:25,491] {dag.py:1818} INFO - Sync 1 DAGs
[2024-04-19 02:06:25,506] {logging_mixin.py:104} INFO - [2024-04-19 02:06:25,505] {dag.py:2273} INFO - Setting next_dagrun for example_xcom to 2024-04-17 00:00:00+00:00
[2024-04-19 02:06:25,516] {scheduler_job.py:190} INFO - Processing /home/airflow/.local/lib/python3.6/site-packages/airflow/example_dags/example_xcom.py took 0.058 seconds
[2024-04-19 02:06:55,728] {scheduler_job.py:182} INFO - Started process (PID=2957) to work on /home/airflow/.local/lib/python3.6/site-packages/airflow/example_dags/example_xcom.py
[2024-04-19 02:06:55,729] {scheduler_job.py:629} INFO - Processing file /home/airflow/.local/lib/python3.6/site-packages/airflow/example_dags/example_xcom.py for tasks to queue
[2024-04-19 02:06:55,730] {logging_mixin.py:104} INFO - [2024-04-19 02:06:55,730] {dagbag.py:448} INFO - Filling up the DagBag from /home/airflow/.local/lib/python3.6/site-packages/airflow/example_dags/example_xcom.py
[2024-04-19 02:06:55,737] {scheduler_job.py:639} INFO - DAG(s) dict_keys(['example_xcom']) retrieved from /home/airflow/.local/lib/python3.6/site-packages/airflow/example_dags/example_xcom.py
[2024-04-19 02:06:55,752] {logging_mixin.py:104} INFO - [2024-04-19 02:06:55,751] {dag.py:1818} INFO - Sync 1 DAGs
[2024-04-19 02:06:55,761] {logging_mixin.py:104} INFO - [2024-04-19 02:06:55,761] {dag.py:2273} INFO - Setting next_dagrun for example_xcom to 2024-04-17 00:00:00+00:00
[2024-04-19 02:06:55,768] {scheduler_job.py:190} INFO - Processing /home/airflow/.local/lib/python3.6/site-packages/airflow/example_dags/example_xcom.py took 0.043 seconds
[2024-04-19 02:07:25,962] {scheduler_job.py:182} INFO - Started process (PID=3082) to work on /home/airflow/.local/lib/python3.6/site-packages/airflow/example_dags/example_xcom.py
[2024-04-19 02:07:25,963] {scheduler_job.py:629} INFO - Processing file /home/airflow/.local/lib/python3.6/site-packages/airflow/example_dags/example_xcom.py for tasks to queue
[2024-04-19 02:07:25,963] {logging_mixin.py:104} INFO - [2024-04-19 02:07:25,963] {dagbag.py:448} INFO - Filling up the DagBag from /home/airflow/.local/lib/python3.6/site-packages/airflow/example_dags/example_xcom.py
[2024-04-19 02:07:25,970] {scheduler_job.py:639} INFO - DAG(s) dict_keys(['example_xcom']) retrieved from /home/airflow/.local/lib/python3.6/site-packages/airflow/example_dags/example_xcom.py
[2024-04-19 02:07:25,983] {logging_mixin.py:104} INFO - [2024-04-19 02:07:25,983] {dag.py:1818} INFO - Sync 1 DAGs
[2024-04-19 02:07:25,994] {logging_mixin.py:104} INFO - [2024-04-19 02:07:25,994] {dag.py:2273} INFO - Setting next_dagrun for example_xcom to 2024-04-17 00:00:00+00:00
[2024-04-19 02:07:26,000] {scheduler_job.py:190} INFO - Processing /home/airflow/.local/lib/python3.6/site-packages/airflow/example_dags/example_xcom.py took 0.041 seconds
[2024-04-19 02:07:56,216] {scheduler_job.py:182} INFO - Started process (PID=3214) to work on /home/airflow/.local/lib/python3.6/site-packages/airflow/example_dags/example_xcom.py
[2024-04-19 02:07:56,217] {scheduler_job.py:629} INFO - Processing file /home/airflow/.local/lib/python3.6/site-packages/airflow/example_dags/example_xcom.py for tasks to queue
[2024-04-19 02:07:56,218] {logging_mixin.py:104} INFO - [2024-04-19 02:07:56,218] {dagbag.py:448} INFO - Filling up the DagBag from /home/airflow/.local/lib/python3.6/site-packages/airflow/example_dags/example_xcom.py
[2024-04-19 02:07:56,225] {scheduler_job.py:639} INFO - DAG(s) dict_keys(['example_xcom']) retrieved from /home/airflow/.local/lib/python3.6/site-packages/airflow/example_dags/example_xcom.py
[2024-04-19 02:07:56,240] {logging_mixin.py:104} INFO - [2024-04-19 02:07:56,240] {dag.py:1818} INFO - Sync 1 DAGs
[2024-04-19 02:07:56,249] {logging_mixin.py:104} INFO - [2024-04-19 02:07:56,249] {dag.py:2273} INFO - Setting next_dagrun for example_xcom to 2024-04-17 00:00:00+00:00
[2024-04-19 02:07:56,257] {scheduler_job.py:190} INFO - Processing /home/airflow/.local/lib/python3.6/site-packages/airflow/example_dags/example_xcom.py took 0.043 seconds
[2024-04-19 02:08:26,615] {scheduler_job.py:182} INFO - Started process (PID=3349) to work on /home/airflow/.local/lib/python3.6/site-packages/airflow/example_dags/example_xcom.py
[2024-04-19 02:08:26,617] {scheduler_job.py:629} INFO - Processing file /home/airflow/.local/lib/python3.6/site-packages/airflow/example_dags/example_xcom.py for tasks to queue
[2024-04-19 02:08:26,618] {logging_mixin.py:104} INFO - [2024-04-19 02:08:26,618] {dagbag.py:448} INFO - Filling up the DagBag from /home/airflow/.local/lib/python3.6/site-packages/airflow/example_dags/example_xcom.py
[2024-04-19 02:08:26,625] {scheduler_job.py:639} INFO - DAG(s) dict_keys(['example_xcom']) retrieved from /home/airflow/.local/lib/python3.6/site-packages/airflow/example_dags/example_xcom.py
[2024-04-19 02:08:26,641] {logging_mixin.py:104} INFO - [2024-04-19 02:08:26,641] {dag.py:1818} INFO - Sync 1 DAGs
[2024-04-19 02:08:26,654] {logging_mixin.py:104} INFO - [2024-04-19 02:08:26,654] {dag.py:2273} INFO - Setting next_dagrun for example_xcom to 2024-04-17 00:00:00+00:00
[2024-04-19 02:08:26,665] {scheduler_job.py:190} INFO - Processing /home/airflow/.local/lib/python3.6/site-packages/airflow/example_dags/example_xcom.py took 0.052 seconds
[2024-04-19 02:08:56,816] {scheduler_job.py:182} INFO - Started process (PID=3482) to work on /home/airflow/.local/lib/python3.6/site-packages/airflow/example_dags/example_xcom.py
[2024-04-19 02:08:56,817] {scheduler_job.py:629} INFO - Processing file /home/airflow/.local/lib/python3.6/site-packages/airflow/example_dags/example_xcom.py for tasks to queue
[2024-04-19 02:08:56,818] {logging_mixin.py:104} INFO - [2024-04-19 02:08:56,818] {dagbag.py:448} INFO - Filling up the DagBag from /home/airflow/.local/lib/python3.6/site-packages/airflow/example_dags/example_xcom.py
[2024-04-19 02:08:56,825] {scheduler_job.py:639} INFO - DAG(s) dict_keys(['example_xcom']) retrieved from /home/airflow/.local/lib/python3.6/site-packages/airflow/example_dags/example_xcom.py
[2024-04-19 02:08:56,839] {logging_mixin.py:104} INFO - [2024-04-19 02:08:56,839] {dag.py:1818} INFO - Sync 1 DAGs
[2024-04-19 02:08:56,849] {logging_mixin.py:104} INFO - [2024-04-19 02:08:56,849] {dag.py:2273} INFO - Setting next_dagrun for example_xcom to 2024-04-17 00:00:00+00:00
[2024-04-19 02:08:56,856] {scheduler_job.py:190} INFO - Processing /home/airflow/.local/lib/python3.6/site-packages/airflow/example_dags/example_xcom.py took 0.043 seconds
[2024-04-19 02:09:27,130] {scheduler_job.py:182} INFO - Started process (PID=3612) to work on /home/airflow/.local/lib/python3.6/site-packages/airflow/example_dags/example_xcom.py
[2024-04-19 02:09:27,131] {scheduler_job.py:629} INFO - Processing file /home/airflow/.local/lib/python3.6/site-packages/airflow/example_dags/example_xcom.py for tasks to queue
[2024-04-19 02:09:27,132] {logging_mixin.py:104} INFO - [2024-04-19 02:09:27,132] {dagbag.py:448} INFO - Filling up the DagBag from /home/airflow/.local/lib/python3.6/site-packages/airflow/example_dags/example_xcom.py
[2024-04-19 02:09:27,138] {scheduler_job.py:639} INFO - DAG(s) dict_keys(['example_xcom']) retrieved from /home/airflow/.local/lib/python3.6/site-packages/airflow/example_dags/example_xcom.py
[2024-04-19 02:09:27,152] {logging_mixin.py:104} INFO - [2024-04-19 02:09:27,152] {dag.py:1818} INFO - Sync 1 DAGs
[2024-04-19 02:09:27,163] {logging_mixin.py:104} INFO - [2024-04-19 02:09:27,163] {dag.py:2273} INFO - Setting next_dagrun for example_xcom to 2024-04-17 00:00:00+00:00
[2024-04-19 02:09:27,173] {scheduler_job.py:190} INFO - Processing /home/airflow/.local/lib/python3.6/site-packages/airflow/example_dags/example_xcom.py took 0.046 seconds
[2024-04-19 02:09:57,241] {scheduler_job.py:182} INFO - Started process (PID=3727) to work on /home/airflow/.local/lib/python3.6/site-packages/airflow/example_dags/example_xcom.py
[2024-04-19 02:09:57,242] {scheduler_job.py:629} INFO - Processing file /home/airflow/.local/lib/python3.6/site-packages/airflow/example_dags/example_xcom.py for tasks to queue
[2024-04-19 02:09:57,242] {logging_mixin.py:104} INFO - [2024-04-19 02:09:57,242] {dagbag.py:448} INFO - Filling up the DagBag from /home/airflow/.local/lib/python3.6/site-packages/airflow/example_dags/example_xcom.py
[2024-04-19 02:09:57,249] {scheduler_job.py:639} INFO - DAG(s) dict_keys(['example_xcom']) retrieved from /home/airflow/.local/lib/python3.6/site-packages/airflow/example_dags/example_xcom.py
[2024-04-19 02:09:57,264] {logging_mixin.py:104} INFO - [2024-04-19 02:09:57,264] {dag.py:1818} INFO - Sync 1 DAGs
[2024-04-19 02:09:57,274] {logging_mixin.py:104} INFO - [2024-04-19 02:09:57,274] {dag.py:2273} INFO - Setting next_dagrun for example_xcom to 2024-04-17 00:00:00+00:00
[2024-04-19 02:09:57,283] {scheduler_job.py:190} INFO - Processing /home/airflow/.local/lib/python3.6/site-packages/airflow/example_dags/example_xcom.py took 0.045 seconds
[2024-04-19 02:10:27,521] {scheduler_job.py:182} INFO - Started process (PID=3869) to work on /home/airflow/.local/lib/python3.6/site-packages/airflow/example_dags/example_xcom.py
[2024-04-19 02:10:27,522] {scheduler_job.py:629} INFO - Processing file /home/airflow/.local/lib/python3.6/site-packages/airflow/example_dags/example_xcom.py for tasks to queue
[2024-04-19 02:10:27,522] {logging_mixin.py:104} INFO - [2024-04-19 02:10:27,522] {dagbag.py:448} INFO - Filling up the DagBag from /home/airflow/.local/lib/python3.6/site-packages/airflow/example_dags/example_xcom.py
[2024-04-19 02:10:27,529] {scheduler_job.py:639} INFO - DAG(s) dict_keys(['example_xcom']) retrieved from /home/airflow/.local/lib/python3.6/site-packages/airflow/example_dags/example_xcom.py
[2024-04-19 02:10:27,544] {logging_mixin.py:104} INFO - [2024-04-19 02:10:27,544] {dag.py:1818} INFO - Sync 1 DAGs
[2024-04-19 02:10:27,554] {logging_mixin.py:104} INFO - [2024-04-19 02:10:27,554] {dag.py:2273} INFO - Setting next_dagrun for example_xcom to 2024-04-17 00:00:00+00:00
[2024-04-19 02:10:27,562] {scheduler_job.py:190} INFO - Processing /home/airflow/.local/lib/python3.6/site-packages/airflow/example_dags/example_xcom.py took 0.045 seconds
[2024-04-19 02:10:57,611] {scheduler_job.py:182} INFO - Started process (PID=3985) to work on /home/airflow/.local/lib/python3.6/site-packages/airflow/example_dags/example_xcom.py
[2024-04-19 02:10:57,612] {scheduler_job.py:629} INFO - Processing file /home/airflow/.local/lib/python3.6/site-packages/airflow/example_dags/example_xcom.py for tasks to queue
[2024-04-19 02:10:57,613] {logging_mixin.py:104} INFO - [2024-04-19 02:10:57,613] {dagbag.py:448} INFO - Filling up the DagBag from /home/airflow/.local/lib/python3.6/site-packages/airflow/example_dags/example_xcom.py
[2024-04-19 02:10:57,622] {scheduler_job.py:639} INFO - DAG(s) dict_keys(['example_xcom']) retrieved from /home/airflow/.local/lib/python3.6/site-packages/airflow/example_dags/example_xcom.py
[2024-04-19 02:10:57,638] {logging_mixin.py:104} INFO - [2024-04-19 02:10:57,638] {dag.py:1818} INFO - Sync 1 DAGs
[2024-04-19 02:10:57,649] {logging_mixin.py:104} INFO - [2024-04-19 02:10:57,649] {dag.py:2273} INFO - Setting next_dagrun for example_xcom to 2024-04-17 00:00:00+00:00
[2024-04-19 02:10:57,658] {scheduler_job.py:190} INFO - Processing /home/airflow/.local/lib/python3.6/site-packages/airflow/example_dags/example_xcom.py took 0.049 seconds
[2024-04-19 02:11:27,735] {scheduler_job.py:182} INFO - Started process (PID=4120) to work on /home/airflow/.local/lib/python3.6/site-packages/airflow/example_dags/example_xcom.py
[2024-04-19 02:11:27,736] {scheduler_job.py:629} INFO - Processing file /home/airflow/.local/lib/python3.6/site-packages/airflow/example_dags/example_xcom.py for tasks to queue
[2024-04-19 02:11:27,737] {logging_mixin.py:104} INFO - [2024-04-19 02:11:27,737] {dagbag.py:448} INFO - Filling up the DagBag from /home/airflow/.local/lib/python3.6/site-packages/airflow/example_dags/example_xcom.py
[2024-04-19 02:11:27,746] {scheduler_job.py:639} INFO - DAG(s) dict_keys(['example_xcom']) retrieved from /home/airflow/.local/lib/python3.6/site-packages/airflow/example_dags/example_xcom.py
[2024-04-19 02:11:27,764] {logging_mixin.py:104} INFO - [2024-04-19 02:11:27,764] {dag.py:1818} INFO - Sync 1 DAGs
[2024-04-19 02:11:27,775] {logging_mixin.py:104} INFO - [2024-04-19 02:11:27,775] {dag.py:2273} INFO - Setting next_dagrun for example_xcom to 2024-04-17 00:00:00+00:00
[2024-04-19 02:11:27,783] {scheduler_job.py:190} INFO - Processing /home/airflow/.local/lib/python3.6/site-packages/airflow/example_dags/example_xcom.py took 0.051 seconds
[2024-04-19 02:11:57,938] {scheduler_job.py:182} INFO - Started process (PID=4255) to work on /home/airflow/.local/lib/python3.6/site-packages/airflow/example_dags/example_xcom.py
[2024-04-19 02:11:57,940] {scheduler_job.py:629} INFO - Processing file /home/airflow/.local/lib/python3.6/site-packages/airflow/example_dags/example_xcom.py for tasks to queue
[2024-04-19 02:11:57,941] {logging_mixin.py:104} INFO - [2024-04-19 02:11:57,941] {dagbag.py:448} INFO - Filling up the DagBag from /home/airflow/.local/lib/python3.6/site-packages/airflow/example_dags/example_xcom.py
[2024-04-19 02:11:57,950] {scheduler_job.py:639} INFO - DAG(s) dict_keys(['example_xcom']) retrieved from /home/airflow/.local/lib/python3.6/site-packages/airflow/example_dags/example_xcom.py
[2024-04-19 02:11:57,971] {logging_mixin.py:104} INFO - [2024-04-19 02:11:57,971] {dag.py:1818} INFO - Sync 1 DAGs
[2024-04-19 02:11:57,984] {logging_mixin.py:104} INFO - [2024-04-19 02:11:57,984] {dag.py:2273} INFO - Setting next_dagrun for example_xcom to 2024-04-17 00:00:00+00:00
[2024-04-19 02:11:57,996] {scheduler_job.py:190} INFO - Processing /home/airflow/.local/lib/python3.6/site-packages/airflow/example_dags/example_xcom.py took 0.060 seconds
[2024-04-19 02:12:28,410] {scheduler_job.py:182} INFO - Started process (PID=4389) to work on /home/airflow/.local/lib/python3.6/site-packages/airflow/example_dags/example_xcom.py
[2024-04-19 02:12:28,411] {scheduler_job.py:629} INFO - Processing file /home/airflow/.local/lib/python3.6/site-packages/airflow/example_dags/example_xcom.py for tasks to queue
[2024-04-19 02:12:28,412] {logging_mixin.py:104} INFO - [2024-04-19 02:12:28,412] {dagbag.py:448} INFO - Filling up the DagBag from /home/airflow/.local/lib/python3.6/site-packages/airflow/example_dags/example_xcom.py
[2024-04-19 02:12:28,421] {scheduler_job.py:639} INFO - DAG(s) dict_keys(['example_xcom']) retrieved from /home/airflow/.local/lib/python3.6/site-packages/airflow/example_dags/example_xcom.py
[2024-04-19 02:12:28,435] {logging_mixin.py:104} INFO - [2024-04-19 02:12:28,435] {dag.py:1818} INFO - Sync 1 DAGs
[2024-04-19 02:12:28,446] {logging_mixin.py:104} INFO - [2024-04-19 02:12:28,446] {dag.py:2273} INFO - Setting next_dagrun for example_xcom to 2024-04-17 00:00:00+00:00
[2024-04-19 02:12:28,454] {scheduler_job.py:190} INFO - Processing /home/airflow/.local/lib/python3.6/site-packages/airflow/example_dags/example_xcom.py took 0.048 seconds
[2024-04-19 02:12:58,676] {scheduler_job.py:182} INFO - Started process (PID=4519) to work on /home/airflow/.local/lib/python3.6/site-packages/airflow/example_dags/example_xcom.py
[2024-04-19 02:12:58,678] {scheduler_job.py:629} INFO - Processing file /home/airflow/.local/lib/python3.6/site-packages/airflow/example_dags/example_xcom.py for tasks to queue
[2024-04-19 02:12:58,678] {logging_mixin.py:104} INFO - [2024-04-19 02:12:58,678] {dagbag.py:448} INFO - Filling up the DagBag from /home/airflow/.local/lib/python3.6/site-packages/airflow/example_dags/example_xcom.py
[2024-04-19 02:12:58,686] {scheduler_job.py:639} INFO - DAG(s) dict_keys(['example_xcom']) retrieved from /home/airflow/.local/lib/python3.6/site-packages/airflow/example_dags/example_xcom.py
[2024-04-19 02:12:58,702] {logging_mixin.py:104} INFO - [2024-04-19 02:12:58,702] {dag.py:1818} INFO - Sync 1 DAGs
[2024-04-19 02:12:58,714] {logging_mixin.py:104} INFO - [2024-04-19 02:12:58,714] {dag.py:2273} INFO - Setting next_dagrun for example_xcom to 2024-04-17 00:00:00+00:00
[2024-04-19 02:12:58,721] {scheduler_job.py:190} INFO - Processing /home/airflow/.local/lib/python3.6/site-packages/airflow/example_dags/example_xcom.py took 0.047 seconds
