[2024-04-19 01:51:19,347] {scheduler_job.py:182} INFO - Started process (PID=245) to work on /home/airflow/.local/lib/python3.6/site-packages/airflow/example_dags/example_trigger_target_dag.py
[2024-04-19 01:51:19,349] {scheduler_job.py:629} INFO - Processing file /home/airflow/.local/lib/python3.6/site-packages/airflow/example_dags/example_trigger_target_dag.py for tasks to queue
[2024-04-19 01:51:19,351] {logging_mixin.py:104} INFO - [2024-04-19 01:51:19,351] {dagbag.py:448} INFO - Filling up the DagBag from /home/airflow/.local/lib/python3.6/site-packages/airflow/example_dags/example_trigger_target_dag.py
[2024-04-19 01:51:19,369] {scheduler_job.py:639} INFO - DAG(s) dict_keys(['example_trigger_target_dag']) retrieved from /home/airflow/.local/lib/python3.6/site-packages/airflow/example_dags/example_trigger_target_dag.py
[2024-04-19 01:51:19,415] {logging_mixin.py:104} INFO - [2024-04-19 01:51:19,415] {dag.py:1818} INFO - Sync 1 DAGs
[2024-04-19 01:51:19,432] {logging_mixin.py:104} INFO - [2024-04-19 01:51:19,432] {dag.py:1837} INFO - Creating ORM DAG for example_trigger_target_dag
[2024-04-19 01:51:19,440] {logging_mixin.py:104} INFO - [2024-04-19 01:51:19,440] {dag.py:2273} INFO - Setting next_dagrun for example_trigger_target_dag to None
[2024-04-19 01:51:19,467] {scheduler_job.py:190} INFO - Processing /home/airflow/.local/lib/python3.6/site-packages/airflow/example_dags/example_trigger_target_dag.py took 0.125 seconds
[2024-04-19 01:51:50,126] {scheduler_job.py:182} INFO - Started process (PID=385) to work on /home/airflow/.local/lib/python3.6/site-packages/airflow/example_dags/example_trigger_target_dag.py
[2024-04-19 01:51:50,129] {scheduler_job.py:629} INFO - Processing file /home/airflow/.local/lib/python3.6/site-packages/airflow/example_dags/example_trigger_target_dag.py for tasks to queue
[2024-04-19 01:51:50,132] {logging_mixin.py:104} INFO - [2024-04-19 01:51:50,131] {dagbag.py:448} INFO - Filling up the DagBag from /home/airflow/.local/lib/python3.6/site-packages/airflow/example_dags/example_trigger_target_dag.py
[2024-04-19 01:51:50,154] {scheduler_job.py:639} INFO - DAG(s) dict_keys(['example_trigger_target_dag']) retrieved from /home/airflow/.local/lib/python3.6/site-packages/airflow/example_dags/example_trigger_target_dag.py
[2024-04-19 01:51:50,191] {logging_mixin.py:104} INFO - [2024-04-19 01:51:50,191] {dag.py:1818} INFO - Sync 1 DAGs
[2024-04-19 01:51:50,213] {logging_mixin.py:104} INFO - [2024-04-19 01:51:50,212] {dag.py:2273} INFO - Setting next_dagrun for example_trigger_target_dag to None
[2024-04-19 01:51:50,223] {scheduler_job.py:190} INFO - Processing /home/airflow/.local/lib/python3.6/site-packages/airflow/example_dags/example_trigger_target_dag.py took 0.101 seconds
[2024-04-19 01:52:20,569] {scheduler_job.py:182} INFO - Started process (PID=500) to work on /home/airflow/.local/lib/python3.6/site-packages/airflow/example_dags/example_trigger_target_dag.py
[2024-04-19 01:52:20,571] {scheduler_job.py:629} INFO - Processing file /home/airflow/.local/lib/python3.6/site-packages/airflow/example_dags/example_trigger_target_dag.py for tasks to queue
[2024-04-19 01:52:20,572] {logging_mixin.py:104} INFO - [2024-04-19 01:52:20,572] {dagbag.py:448} INFO - Filling up the DagBag from /home/airflow/.local/lib/python3.6/site-packages/airflow/example_dags/example_trigger_target_dag.py
[2024-04-19 01:52:20,584] {scheduler_job.py:639} INFO - DAG(s) dict_keys(['example_trigger_target_dag']) retrieved from /home/airflow/.local/lib/python3.6/site-packages/airflow/example_dags/example_trigger_target_dag.py
[2024-04-19 01:52:20,607] {logging_mixin.py:104} INFO - [2024-04-19 01:52:20,606] {dag.py:1818} INFO - Sync 1 DAGs
[2024-04-19 01:52:20,623] {logging_mixin.py:104} INFO - [2024-04-19 01:52:20,622] {dag.py:2273} INFO - Setting next_dagrun for example_trigger_target_dag to None
[2024-04-19 01:52:20,635] {scheduler_job.py:190} INFO - Processing /home/airflow/.local/lib/python3.6/site-packages/airflow/example_dags/example_trigger_target_dag.py took 0.070 seconds
[2024-04-19 01:52:50,889] {scheduler_job.py:182} INFO - Started process (PID=635) to work on /home/airflow/.local/lib/python3.6/site-packages/airflow/example_dags/example_trigger_target_dag.py
[2024-04-19 01:52:50,891] {scheduler_job.py:629} INFO - Processing file /home/airflow/.local/lib/python3.6/site-packages/airflow/example_dags/example_trigger_target_dag.py for tasks to queue
[2024-04-19 01:52:50,893] {logging_mixin.py:104} INFO - [2024-04-19 01:52:50,893] {dagbag.py:448} INFO - Filling up the DagBag from /home/airflow/.local/lib/python3.6/site-packages/airflow/example_dags/example_trigger_target_dag.py
[2024-04-19 01:52:50,907] {scheduler_job.py:639} INFO - DAG(s) dict_keys(['example_trigger_target_dag']) retrieved from /home/airflow/.local/lib/python3.6/site-packages/airflow/example_dags/example_trigger_target_dag.py
[2024-04-19 01:52:50,935] {logging_mixin.py:104} INFO - [2024-04-19 01:52:50,934] {dag.py:1818} INFO - Sync 1 DAGs
[2024-04-19 01:52:50,949] {logging_mixin.py:104} INFO - [2024-04-19 01:52:50,949] {dag.py:2273} INFO - Setting next_dagrun for example_trigger_target_dag to None
[2024-04-19 01:52:50,958] {scheduler_job.py:190} INFO - Processing /home/airflow/.local/lib/python3.6/site-packages/airflow/example_dags/example_trigger_target_dag.py took 0.073 seconds
[2024-04-19 01:53:21,217] {scheduler_job.py:182} INFO - Started process (PID=740) to work on /home/airflow/.local/lib/python3.6/site-packages/airflow/example_dags/example_trigger_target_dag.py
[2024-04-19 01:53:21,219] {scheduler_job.py:629} INFO - Processing file /home/airflow/.local/lib/python3.6/site-packages/airflow/example_dags/example_trigger_target_dag.py for tasks to queue
[2024-04-19 01:53:21,221] {logging_mixin.py:104} INFO - [2024-04-19 01:53:21,220] {dagbag.py:448} INFO - Filling up the DagBag from /home/airflow/.local/lib/python3.6/site-packages/airflow/example_dags/example_trigger_target_dag.py
[2024-04-19 01:53:21,231] {scheduler_job.py:639} INFO - DAG(s) dict_keys(['example_trigger_target_dag']) retrieved from /home/airflow/.local/lib/python3.6/site-packages/airflow/example_dags/example_trigger_target_dag.py
[2024-04-19 01:53:21,264] {logging_mixin.py:104} INFO - [2024-04-19 01:53:21,264] {dag.py:1818} INFO - Sync 1 DAGs
[2024-04-19 01:53:21,282] {logging_mixin.py:104} INFO - [2024-04-19 01:53:21,282] {dag.py:2273} INFO - Setting next_dagrun for example_trigger_target_dag to None
[2024-04-19 01:53:21,296] {scheduler_job.py:190} INFO - Processing /home/airflow/.local/lib/python3.6/site-packages/airflow/example_dags/example_trigger_target_dag.py took 0.084 seconds
[2024-04-19 01:53:51,858] {scheduler_job.py:182} INFO - Started process (PID=875) to work on /home/airflow/.local/lib/python3.6/site-packages/airflow/example_dags/example_trigger_target_dag.py
[2024-04-19 01:53:51,859] {scheduler_job.py:629} INFO - Processing file /home/airflow/.local/lib/python3.6/site-packages/airflow/example_dags/example_trigger_target_dag.py for tasks to queue
[2024-04-19 01:53:51,861] {logging_mixin.py:104} INFO - [2024-04-19 01:53:51,861] {dagbag.py:448} INFO - Filling up the DagBag from /home/airflow/.local/lib/python3.6/site-packages/airflow/example_dags/example_trigger_target_dag.py
[2024-04-19 01:53:51,880] {scheduler_job.py:639} INFO - DAG(s) dict_keys(['example_trigger_target_dag']) retrieved from /home/airflow/.local/lib/python3.6/site-packages/airflow/example_dags/example_trigger_target_dag.py
[2024-04-19 01:53:51,908] {logging_mixin.py:104} INFO - [2024-04-19 01:53:51,908] {dag.py:1818} INFO - Sync 1 DAGs
[2024-04-19 01:53:51,930] {logging_mixin.py:104} INFO - [2024-04-19 01:53:51,930] {dag.py:2273} INFO - Setting next_dagrun for example_trigger_target_dag to None
[2024-04-19 01:53:51,944] {scheduler_job.py:190} INFO - Processing /home/airflow/.local/lib/python3.6/site-packages/airflow/example_dags/example_trigger_target_dag.py took 0.089 seconds
[2024-04-19 01:54:22,285] {scheduler_job.py:182} INFO - Started process (PID=1015) to work on /home/airflow/.local/lib/python3.6/site-packages/airflow/example_dags/example_trigger_target_dag.py
[2024-04-19 01:54:22,287] {scheduler_job.py:629} INFO - Processing file /home/airflow/.local/lib/python3.6/site-packages/airflow/example_dags/example_trigger_target_dag.py for tasks to queue
[2024-04-19 01:54:22,288] {logging_mixin.py:104} INFO - [2024-04-19 01:54:22,288] {dagbag.py:448} INFO - Filling up the DagBag from /home/airflow/.local/lib/python3.6/site-packages/airflow/example_dags/example_trigger_target_dag.py
[2024-04-19 01:54:22,300] {scheduler_job.py:639} INFO - DAG(s) dict_keys(['example_trigger_target_dag']) retrieved from /home/airflow/.local/lib/python3.6/site-packages/airflow/example_dags/example_trigger_target_dag.py
[2024-04-19 01:54:22,320] {logging_mixin.py:104} INFO - [2024-04-19 01:54:22,320] {dag.py:1818} INFO - Sync 1 DAGs
[2024-04-19 01:54:22,333] {logging_mixin.py:104} INFO - [2024-04-19 01:54:22,333] {dag.py:2273} INFO - Setting next_dagrun for example_trigger_target_dag to None
[2024-04-19 01:54:22,344] {scheduler_job.py:190} INFO - Processing /home/airflow/.local/lib/python3.6/site-packages/airflow/example_dags/example_trigger_target_dag.py took 0.061 seconds
[2024-04-19 01:54:52,558] {scheduler_job.py:182} INFO - Started process (PID=1130) to work on /home/airflow/.local/lib/python3.6/site-packages/airflow/example_dags/example_trigger_target_dag.py
[2024-04-19 01:54:52,560] {scheduler_job.py:629} INFO - Processing file /home/airflow/.local/lib/python3.6/site-packages/airflow/example_dags/example_trigger_target_dag.py for tasks to queue
[2024-04-19 01:54:52,561] {logging_mixin.py:104} INFO - [2024-04-19 01:54:52,561] {dagbag.py:448} INFO - Filling up the DagBag from /home/airflow/.local/lib/python3.6/site-packages/airflow/example_dags/example_trigger_target_dag.py
[2024-04-19 01:54:52,574] {scheduler_job.py:639} INFO - DAG(s) dict_keys(['example_trigger_target_dag']) retrieved from /home/airflow/.local/lib/python3.6/site-packages/airflow/example_dags/example_trigger_target_dag.py
[2024-04-19 01:54:52,598] {logging_mixin.py:104} INFO - [2024-04-19 01:54:52,598] {dag.py:1818} INFO - Sync 1 DAGs
[2024-04-19 01:54:52,612] {logging_mixin.py:104} INFO - [2024-04-19 01:54:52,612] {dag.py:2273} INFO - Setting next_dagrun for example_trigger_target_dag to None
[2024-04-19 01:54:52,624] {scheduler_job.py:190} INFO - Processing /home/airflow/.local/lib/python3.6/site-packages/airflow/example_dags/example_trigger_target_dag.py took 0.068 seconds
[2024-04-19 01:55:22,882] {scheduler_job.py:182} INFO - Started process (PID=1255) to work on /home/airflow/.local/lib/python3.6/site-packages/airflow/example_dags/example_trigger_target_dag.py
[2024-04-19 01:55:22,883] {scheduler_job.py:629} INFO - Processing file /home/airflow/.local/lib/python3.6/site-packages/airflow/example_dags/example_trigger_target_dag.py for tasks to queue
[2024-04-19 01:55:22,884] {logging_mixin.py:104} INFO - [2024-04-19 01:55:22,884] {dagbag.py:448} INFO - Filling up the DagBag from /home/airflow/.local/lib/python3.6/site-packages/airflow/example_dags/example_trigger_target_dag.py
[2024-04-19 01:55:22,896] {scheduler_job.py:639} INFO - DAG(s) dict_keys(['example_trigger_target_dag']) retrieved from /home/airflow/.local/lib/python3.6/site-packages/airflow/example_dags/example_trigger_target_dag.py
[2024-04-19 01:55:22,916] {logging_mixin.py:104} INFO - [2024-04-19 01:55:22,916] {dag.py:1818} INFO - Sync 1 DAGs
[2024-04-19 01:55:22,929] {logging_mixin.py:104} INFO - [2024-04-19 01:55:22,929] {dag.py:2273} INFO - Setting next_dagrun for example_trigger_target_dag to None
[2024-04-19 01:55:22,938] {scheduler_job.py:190} INFO - Processing /home/airflow/.local/lib/python3.6/site-packages/airflow/example_dags/example_trigger_target_dag.py took 0.059 seconds
[2024-04-19 01:55:53,298] {scheduler_job.py:182} INFO - Started process (PID=1385) to work on /home/airflow/.local/lib/python3.6/site-packages/airflow/example_dags/example_trigger_target_dag.py
[2024-04-19 01:55:53,299] {scheduler_job.py:629} INFO - Processing file /home/airflow/.local/lib/python3.6/site-packages/airflow/example_dags/example_trigger_target_dag.py for tasks to queue
[2024-04-19 01:55:53,299] {logging_mixin.py:104} INFO - [2024-04-19 01:55:53,299] {dagbag.py:448} INFO - Filling up the DagBag from /home/airflow/.local/lib/python3.6/site-packages/airflow/example_dags/example_trigger_target_dag.py
[2024-04-19 01:55:53,308] {scheduler_job.py:639} INFO - DAG(s) dict_keys(['example_trigger_target_dag']) retrieved from /home/airflow/.local/lib/python3.6/site-packages/airflow/example_dags/example_trigger_target_dag.py
[2024-04-19 01:55:53,325] {logging_mixin.py:104} INFO - [2024-04-19 01:55:53,325] {dag.py:1818} INFO - Sync 1 DAGs
[2024-04-19 01:55:53,337] {logging_mixin.py:104} INFO - [2024-04-19 01:55:53,337] {dag.py:2273} INFO - Setting next_dagrun for example_trigger_target_dag to None
[2024-04-19 01:55:53,347] {scheduler_job.py:190} INFO - Processing /home/airflow/.local/lib/python3.6/site-packages/airflow/example_dags/example_trigger_target_dag.py took 0.053 seconds
[2024-04-19 01:56:18,212] {scheduler_job.py:182} INFO - Started process (PID=200) to work on /home/airflow/.local/lib/python3.6/site-packages/airflow/example_dags/example_trigger_target_dag.py
[2024-04-19 01:56:18,214] {scheduler_job.py:629} INFO - Processing file /home/airflow/.local/lib/python3.6/site-packages/airflow/example_dags/example_trigger_target_dag.py for tasks to queue
[2024-04-19 01:56:18,215] {logging_mixin.py:104} INFO - [2024-04-19 01:56:18,215] {dagbag.py:448} INFO - Filling up the DagBag from /home/airflow/.local/lib/python3.6/site-packages/airflow/example_dags/example_trigger_target_dag.py
[2024-04-19 01:56:18,225] {scheduler_job.py:639} INFO - DAG(s) dict_keys(['example_trigger_target_dag']) retrieved from /home/airflow/.local/lib/python3.6/site-packages/airflow/example_dags/example_trigger_target_dag.py
[2024-04-19 01:56:18,250] {logging_mixin.py:104} INFO - [2024-04-19 01:56:18,250] {dag.py:1818} INFO - Sync 1 DAGs
[2024-04-19 01:56:18,272] {logging_mixin.py:104} INFO - [2024-04-19 01:56:18,271] {dag.py:2273} INFO - Setting next_dagrun for example_trigger_target_dag to None
[2024-04-19 01:56:18,285] {scheduler_job.py:190} INFO - Processing /home/airflow/.local/lib/python3.6/site-packages/airflow/example_dags/example_trigger_target_dag.py took 0.074 seconds
[2024-04-19 01:56:48,849] {scheduler_job.py:182} INFO - Started process (PID=330) to work on /home/airflow/.local/lib/python3.6/site-packages/airflow/example_dags/example_trigger_target_dag.py
[2024-04-19 01:56:48,850] {scheduler_job.py:629} INFO - Processing file /home/airflow/.local/lib/python3.6/site-packages/airflow/example_dags/example_trigger_target_dag.py for tasks to queue
[2024-04-19 01:56:48,851] {logging_mixin.py:104} INFO - [2024-04-19 01:56:48,851] {dagbag.py:448} INFO - Filling up the DagBag from /home/airflow/.local/lib/python3.6/site-packages/airflow/example_dags/example_trigger_target_dag.py
[2024-04-19 01:56:48,863] {scheduler_job.py:639} INFO - DAG(s) dict_keys(['example_trigger_target_dag']) retrieved from /home/airflow/.local/lib/python3.6/site-packages/airflow/example_dags/example_trigger_target_dag.py
[2024-04-19 01:56:48,887] {logging_mixin.py:104} INFO - [2024-04-19 01:56:48,886] {dag.py:1818} INFO - Sync 1 DAGs
[2024-04-19 01:56:48,901] {logging_mixin.py:104} INFO - [2024-04-19 01:56:48,901] {dag.py:2273} INFO - Setting next_dagrun for example_trigger_target_dag to None
[2024-04-19 01:56:48,914] {scheduler_job.py:190} INFO - Processing /home/airflow/.local/lib/python3.6/site-packages/airflow/example_dags/example_trigger_target_dag.py took 0.069 seconds
[2024-04-19 01:57:19,541] {scheduler_job.py:182} INFO - Started process (PID=465) to work on /home/airflow/.local/lib/python3.6/site-packages/airflow/example_dags/example_trigger_target_dag.py
[2024-04-19 01:57:19,542] {scheduler_job.py:629} INFO - Processing file /home/airflow/.local/lib/python3.6/site-packages/airflow/example_dags/example_trigger_target_dag.py for tasks to queue
[2024-04-19 01:57:19,544] {logging_mixin.py:104} INFO - [2024-04-19 01:57:19,544] {dagbag.py:448} INFO - Filling up the DagBag from /home/airflow/.local/lib/python3.6/site-packages/airflow/example_dags/example_trigger_target_dag.py
[2024-04-19 01:57:19,566] {scheduler_job.py:639} INFO - DAG(s) dict_keys(['example_trigger_target_dag']) retrieved from /home/airflow/.local/lib/python3.6/site-packages/airflow/example_dags/example_trigger_target_dag.py
[2024-04-19 01:57:19,591] {logging_mixin.py:104} INFO - [2024-04-19 01:57:19,591] {dag.py:1818} INFO - Sync 1 DAGs
[2024-04-19 01:57:19,607] {logging_mixin.py:104} INFO - [2024-04-19 01:57:19,607] {dag.py:2273} INFO - Setting next_dagrun for example_trigger_target_dag to None
[2024-04-19 01:57:19,624] {scheduler_job.py:190} INFO - Processing /home/airflow/.local/lib/python3.6/site-packages/airflow/example_dags/example_trigger_target_dag.py took 0.087 seconds
[2024-04-19 01:57:50,277] {scheduler_job.py:182} INFO - Started process (PID=605) to work on /home/airflow/.local/lib/python3.6/site-packages/airflow/example_dags/example_trigger_target_dag.py
[2024-04-19 01:57:50,278] {scheduler_job.py:629} INFO - Processing file /home/airflow/.local/lib/python3.6/site-packages/airflow/example_dags/example_trigger_target_dag.py for tasks to queue
[2024-04-19 01:57:50,279] {logging_mixin.py:104} INFO - [2024-04-19 01:57:50,279] {dagbag.py:448} INFO - Filling up the DagBag from /home/airflow/.local/lib/python3.6/site-packages/airflow/example_dags/example_trigger_target_dag.py
[2024-04-19 01:57:50,286] {scheduler_job.py:639} INFO - DAG(s) dict_keys(['example_trigger_target_dag']) retrieved from /home/airflow/.local/lib/python3.6/site-packages/airflow/example_dags/example_trigger_target_dag.py
[2024-04-19 01:57:50,303] {logging_mixin.py:104} INFO - [2024-04-19 01:57:50,303] {dag.py:1818} INFO - Sync 1 DAGs
[2024-04-19 01:57:50,314] {logging_mixin.py:104} INFO - [2024-04-19 01:57:50,313] {dag.py:2273} INFO - Setting next_dagrun for example_trigger_target_dag to None
[2024-04-19 01:57:50,321] {scheduler_job.py:190} INFO - Processing /home/airflow/.local/lib/python3.6/site-packages/airflow/example_dags/example_trigger_target_dag.py took 0.047 seconds
[2024-04-19 01:58:20,421] {scheduler_job.py:182} INFO - Started process (PID=719) to work on /home/airflow/.local/lib/python3.6/site-packages/airflow/example_dags/example_trigger_target_dag.py
[2024-04-19 01:58:20,422] {scheduler_job.py:629} INFO - Processing file /home/airflow/.local/lib/python3.6/site-packages/airflow/example_dags/example_trigger_target_dag.py for tasks to queue
[2024-04-19 01:58:20,423] {logging_mixin.py:104} INFO - [2024-04-19 01:58:20,423] {dagbag.py:448} INFO - Filling up the DagBag from /home/airflow/.local/lib/python3.6/site-packages/airflow/example_dags/example_trigger_target_dag.py
[2024-04-19 01:58:20,432] {scheduler_job.py:639} INFO - DAG(s) dict_keys(['example_trigger_target_dag']) retrieved from /home/airflow/.local/lib/python3.6/site-packages/airflow/example_dags/example_trigger_target_dag.py
[2024-04-19 01:58:20,446] {logging_mixin.py:104} INFO - [2024-04-19 01:58:20,446] {dag.py:1818} INFO - Sync 1 DAGs
[2024-04-19 01:58:20,455] {logging_mixin.py:104} INFO - [2024-04-19 01:58:20,455] {dag.py:2273} INFO - Setting next_dagrun for example_trigger_target_dag to None
[2024-04-19 01:58:20,463] {scheduler_job.py:190} INFO - Processing /home/airflow/.local/lib/python3.6/site-packages/airflow/example_dags/example_trigger_target_dag.py took 0.044 seconds
[2024-04-19 01:58:50,622] {scheduler_job.py:182} INFO - Started process (PID=852) to work on /home/airflow/.local/lib/python3.6/site-packages/airflow/example_dags/example_trigger_target_dag.py
[2024-04-19 01:58:50,623] {scheduler_job.py:629} INFO - Processing file /home/airflow/.local/lib/python3.6/site-packages/airflow/example_dags/example_trigger_target_dag.py for tasks to queue
[2024-04-19 01:58:50,624] {logging_mixin.py:104} INFO - [2024-04-19 01:58:50,624] {dagbag.py:448} INFO - Filling up the DagBag from /home/airflow/.local/lib/python3.6/site-packages/airflow/example_dags/example_trigger_target_dag.py
[2024-04-19 01:58:50,633] {scheduler_job.py:639} INFO - DAG(s) dict_keys(['example_trigger_target_dag']) retrieved from /home/airflow/.local/lib/python3.6/site-packages/airflow/example_dags/example_trigger_target_dag.py
[2024-04-19 01:58:50,646] {logging_mixin.py:104} INFO - [2024-04-19 01:58:50,646] {dag.py:1818} INFO - Sync 1 DAGs
[2024-04-19 01:58:50,656] {logging_mixin.py:104} INFO - [2024-04-19 01:58:50,656] {dag.py:2273} INFO - Setting next_dagrun for example_trigger_target_dag to None
[2024-04-19 01:58:50,664] {scheduler_job.py:190} INFO - Processing /home/airflow/.local/lib/python3.6/site-packages/airflow/example_dags/example_trigger_target_dag.py took 0.045 seconds
[2024-04-19 01:59:20,830] {scheduler_job.py:182} INFO - Started process (PID=975) to work on /home/airflow/.local/lib/python3.6/site-packages/airflow/example_dags/example_trigger_target_dag.py
[2024-04-19 01:59:20,831] {scheduler_job.py:629} INFO - Processing file /home/airflow/.local/lib/python3.6/site-packages/airflow/example_dags/example_trigger_target_dag.py for tasks to queue
[2024-04-19 01:59:20,832] {logging_mixin.py:104} INFO - [2024-04-19 01:59:20,832] {dagbag.py:448} INFO - Filling up the DagBag from /home/airflow/.local/lib/python3.6/site-packages/airflow/example_dags/example_trigger_target_dag.py
[2024-04-19 01:59:20,840] {scheduler_job.py:639} INFO - DAG(s) dict_keys(['example_trigger_target_dag']) retrieved from /home/airflow/.local/lib/python3.6/site-packages/airflow/example_dags/example_trigger_target_dag.py
[2024-04-19 01:59:20,861] {logging_mixin.py:104} INFO - [2024-04-19 01:59:20,860] {dag.py:1818} INFO - Sync 1 DAGs
[2024-04-19 01:59:20,875] {logging_mixin.py:104} INFO - [2024-04-19 01:59:20,875] {dag.py:2273} INFO - Setting next_dagrun for example_trigger_target_dag to None
[2024-04-19 01:59:20,888] {scheduler_job.py:190} INFO - Processing /home/airflow/.local/lib/python3.6/site-packages/airflow/example_dags/example_trigger_target_dag.py took 0.060 seconds
[2024-04-19 01:59:50,965] {scheduler_job.py:182} INFO - Started process (PID=1105) to work on /home/airflow/.local/lib/python3.6/site-packages/airflow/example_dags/example_trigger_target_dag.py
[2024-04-19 01:59:50,966] {scheduler_job.py:629} INFO - Processing file /home/airflow/.local/lib/python3.6/site-packages/airflow/example_dags/example_trigger_target_dag.py for tasks to queue
[2024-04-19 01:59:50,967] {logging_mixin.py:104} INFO - [2024-04-19 01:59:50,967] {dagbag.py:448} INFO - Filling up the DagBag from /home/airflow/.local/lib/python3.6/site-packages/airflow/example_dags/example_trigger_target_dag.py
[2024-04-19 01:59:50,977] {scheduler_job.py:639} INFO - DAG(s) dict_keys(['example_trigger_target_dag']) retrieved from /home/airflow/.local/lib/python3.6/site-packages/airflow/example_dags/example_trigger_target_dag.py
[2024-04-19 01:59:50,992] {logging_mixin.py:104} INFO - [2024-04-19 01:59:50,992] {dag.py:1818} INFO - Sync 1 DAGs
[2024-04-19 01:59:51,004] {logging_mixin.py:104} INFO - [2024-04-19 01:59:51,004] {dag.py:2273} INFO - Setting next_dagrun for example_trigger_target_dag to None
[2024-04-19 01:59:51,011] {scheduler_job.py:190} INFO - Processing /home/airflow/.local/lib/python3.6/site-packages/airflow/example_dags/example_trigger_target_dag.py took 0.048 seconds
[2024-04-19 02:00:21,148] {scheduler_job.py:182} INFO - Started process (PID=1232) to work on /home/airflow/.local/lib/python3.6/site-packages/airflow/example_dags/example_trigger_target_dag.py
[2024-04-19 02:00:21,149] {scheduler_job.py:629} INFO - Processing file /home/airflow/.local/lib/python3.6/site-packages/airflow/example_dags/example_trigger_target_dag.py for tasks to queue
[2024-04-19 02:00:21,150] {logging_mixin.py:104} INFO - [2024-04-19 02:00:21,150] {dagbag.py:448} INFO - Filling up the DagBag from /home/airflow/.local/lib/python3.6/site-packages/airflow/example_dags/example_trigger_target_dag.py
[2024-04-19 02:00:21,165] {scheduler_job.py:639} INFO - DAG(s) dict_keys(['example_trigger_target_dag']) retrieved from /home/airflow/.local/lib/python3.6/site-packages/airflow/example_dags/example_trigger_target_dag.py
[2024-04-19 02:00:21,182] {logging_mixin.py:104} INFO - [2024-04-19 02:00:21,182] {dag.py:1818} INFO - Sync 1 DAGs
[2024-04-19 02:00:21,191] {logging_mixin.py:104} INFO - [2024-04-19 02:00:21,191] {dag.py:2273} INFO - Setting next_dagrun for example_trigger_target_dag to None
[2024-04-19 02:00:21,202] {scheduler_job.py:190} INFO - Processing /home/airflow/.local/lib/python3.6/site-packages/airflow/example_dags/example_trigger_target_dag.py took 0.055 seconds
[2024-04-19 02:00:51,464] {scheduler_job.py:182} INFO - Started process (PID=1370) to work on /home/airflow/.local/lib/python3.6/site-packages/airflow/example_dags/example_trigger_target_dag.py
[2024-04-19 02:00:51,465] {scheduler_job.py:629} INFO - Processing file /home/airflow/.local/lib/python3.6/site-packages/airflow/example_dags/example_trigger_target_dag.py for tasks to queue
[2024-04-19 02:00:51,466] {logging_mixin.py:104} INFO - [2024-04-19 02:00:51,466] {dagbag.py:448} INFO - Filling up the DagBag from /home/airflow/.local/lib/python3.6/site-packages/airflow/example_dags/example_trigger_target_dag.py
[2024-04-19 02:00:51,476] {scheduler_job.py:639} INFO - DAG(s) dict_keys(['example_trigger_target_dag']) retrieved from /home/airflow/.local/lib/python3.6/site-packages/airflow/example_dags/example_trigger_target_dag.py
[2024-04-19 02:00:51,491] {logging_mixin.py:104} INFO - [2024-04-19 02:00:51,491] {dag.py:1818} INFO - Sync 1 DAGs
[2024-04-19 02:00:51,502] {logging_mixin.py:104} INFO - [2024-04-19 02:00:51,502] {dag.py:2273} INFO - Setting next_dagrun for example_trigger_target_dag to None
[2024-04-19 02:00:51,511] {scheduler_job.py:190} INFO - Processing /home/airflow/.local/lib/python3.6/site-packages/airflow/example_dags/example_trigger_target_dag.py took 0.050 seconds
[2024-04-19 02:01:21,913] {scheduler_job.py:182} INFO - Started process (PID=1497) to work on /home/airflow/.local/lib/python3.6/site-packages/airflow/example_dags/example_trigger_target_dag.py
[2024-04-19 02:01:21,914] {scheduler_job.py:629} INFO - Processing file /home/airflow/.local/lib/python3.6/site-packages/airflow/example_dags/example_trigger_target_dag.py for tasks to queue
[2024-04-19 02:01:21,915] {logging_mixin.py:104} INFO - [2024-04-19 02:01:21,914] {dagbag.py:448} INFO - Filling up the DagBag from /home/airflow/.local/lib/python3.6/site-packages/airflow/example_dags/example_trigger_target_dag.py
[2024-04-19 02:01:21,928] {scheduler_job.py:639} INFO - DAG(s) dict_keys(['example_trigger_target_dag']) retrieved from /home/airflow/.local/lib/python3.6/site-packages/airflow/example_dags/example_trigger_target_dag.py
[2024-04-19 02:01:21,944] {logging_mixin.py:104} INFO - [2024-04-19 02:01:21,944] {dag.py:1818} INFO - Sync 1 DAGs
[2024-04-19 02:01:21,955] {logging_mixin.py:104} INFO - [2024-04-19 02:01:21,955] {dag.py:2273} INFO - Setting next_dagrun for example_trigger_target_dag to None
[2024-04-19 02:01:21,963] {scheduler_job.py:190} INFO - Processing /home/airflow/.local/lib/python3.6/site-packages/airflow/example_dags/example_trigger_target_dag.py took 0.052 seconds
[2024-04-19 02:01:52,869] {scheduler_job.py:182} INFO - Started process (PID=1650) to work on /home/airflow/.local/lib/python3.6/site-packages/airflow/example_dags/example_trigger_target_dag.py
[2024-04-19 02:01:52,870] {scheduler_job.py:629} INFO - Processing file /home/airflow/.local/lib/python3.6/site-packages/airflow/example_dags/example_trigger_target_dag.py for tasks to queue
[2024-04-19 02:01:52,871] {logging_mixin.py:104} INFO - [2024-04-19 02:01:52,871] {dagbag.py:448} INFO - Filling up the DagBag from /home/airflow/.local/lib/python3.6/site-packages/airflow/example_dags/example_trigger_target_dag.py
[2024-04-19 02:01:52,886] {scheduler_job.py:639} INFO - DAG(s) dict_keys(['example_trigger_target_dag']) retrieved from /home/airflow/.local/lib/python3.6/site-packages/airflow/example_dags/example_trigger_target_dag.py
[2024-04-19 02:01:52,904] {logging_mixin.py:104} INFO - [2024-04-19 02:01:52,904] {dag.py:1818} INFO - Sync 1 DAGs
[2024-04-19 02:01:52,916] {logging_mixin.py:104} INFO - [2024-04-19 02:01:52,916] {dag.py:2273} INFO - Setting next_dagrun for example_trigger_target_dag to None
[2024-04-19 02:01:52,927] {scheduler_job.py:190} INFO - Processing /home/airflow/.local/lib/python3.6/site-packages/airflow/example_dags/example_trigger_target_dag.py took 0.059 seconds
[2024-04-19 02:02:23,287] {scheduler_job.py:182} INFO - Started process (PID=1775) to work on /home/airflow/.local/lib/python3.6/site-packages/airflow/example_dags/example_trigger_target_dag.py
[2024-04-19 02:02:23,288] {scheduler_job.py:629} INFO - Processing file /home/airflow/.local/lib/python3.6/site-packages/airflow/example_dags/example_trigger_target_dag.py for tasks to queue
[2024-04-19 02:02:23,289] {logging_mixin.py:104} INFO - [2024-04-19 02:02:23,288] {dagbag.py:448} INFO - Filling up the DagBag from /home/airflow/.local/lib/python3.6/site-packages/airflow/example_dags/example_trigger_target_dag.py
[2024-04-19 02:02:23,297] {scheduler_job.py:639} INFO - DAG(s) dict_keys(['example_trigger_target_dag']) retrieved from /home/airflow/.local/lib/python3.6/site-packages/airflow/example_dags/example_trigger_target_dag.py
[2024-04-19 02:02:23,315] {logging_mixin.py:104} INFO - [2024-04-19 02:02:23,315] {dag.py:1818} INFO - Sync 1 DAGs
[2024-04-19 02:02:23,327] {logging_mixin.py:104} INFO - [2024-04-19 02:02:23,327] {dag.py:2273} INFO - Setting next_dagrun for example_trigger_target_dag to None
[2024-04-19 02:02:23,338] {scheduler_job.py:190} INFO - Processing /home/airflow/.local/lib/python3.6/site-packages/airflow/example_dags/example_trigger_target_dag.py took 0.054 seconds
[2024-04-19 02:02:53,555] {scheduler_job.py:182} INFO - Started process (PID=1910) to work on /home/airflow/.local/lib/python3.6/site-packages/airflow/example_dags/example_trigger_target_dag.py
[2024-04-19 02:02:53,556] {scheduler_job.py:629} INFO - Processing file /home/airflow/.local/lib/python3.6/site-packages/airflow/example_dags/example_trigger_target_dag.py for tasks to queue
[2024-04-19 02:02:53,557] {logging_mixin.py:104} INFO - [2024-04-19 02:02:53,557] {dagbag.py:448} INFO - Filling up the DagBag from /home/airflow/.local/lib/python3.6/site-packages/airflow/example_dags/example_trigger_target_dag.py
[2024-04-19 02:02:53,565] {scheduler_job.py:639} INFO - DAG(s) dict_keys(['example_trigger_target_dag']) retrieved from /home/airflow/.local/lib/python3.6/site-packages/airflow/example_dags/example_trigger_target_dag.py
[2024-04-19 02:02:53,578] {logging_mixin.py:104} INFO - [2024-04-19 02:02:53,578] {dag.py:1818} INFO - Sync 1 DAGs
[2024-04-19 02:02:53,588] {logging_mixin.py:104} INFO - [2024-04-19 02:02:53,588] {dag.py:2273} INFO - Setting next_dagrun for example_trigger_target_dag to None
[2024-04-19 02:02:53,596] {scheduler_job.py:190} INFO - Processing /home/airflow/.local/lib/python3.6/site-packages/airflow/example_dags/example_trigger_target_dag.py took 0.044 seconds
[2024-04-19 02:03:23,680] {scheduler_job.py:182} INFO - Started process (PID=2040) to work on /home/airflow/.local/lib/python3.6/site-packages/airflow/example_dags/example_trigger_target_dag.py
[2024-04-19 02:03:23,681] {scheduler_job.py:629} INFO - Processing file /home/airflow/.local/lib/python3.6/site-packages/airflow/example_dags/example_trigger_target_dag.py for tasks to queue
[2024-04-19 02:03:23,682] {logging_mixin.py:104} INFO - [2024-04-19 02:03:23,682] {dagbag.py:448} INFO - Filling up the DagBag from /home/airflow/.local/lib/python3.6/site-packages/airflow/example_dags/example_trigger_target_dag.py
[2024-04-19 02:03:23,690] {scheduler_job.py:639} INFO - DAG(s) dict_keys(['example_trigger_target_dag']) retrieved from /home/airflow/.local/lib/python3.6/site-packages/airflow/example_dags/example_trigger_target_dag.py
[2024-04-19 02:03:23,708] {logging_mixin.py:104} INFO - [2024-04-19 02:03:23,707] {dag.py:1818} INFO - Sync 1 DAGs
[2024-04-19 02:03:23,721] {logging_mixin.py:104} INFO - [2024-04-19 02:03:23,721] {dag.py:2273} INFO - Setting next_dagrun for example_trigger_target_dag to None
[2024-04-19 02:03:23,731] {scheduler_job.py:190} INFO - Processing /home/airflow/.local/lib/python3.6/site-packages/airflow/example_dags/example_trigger_target_dag.py took 0.054 seconds
[2024-04-19 02:03:53,906] {scheduler_job.py:182} INFO - Started process (PID=2179) to work on /home/airflow/.local/lib/python3.6/site-packages/airflow/example_dags/example_trigger_target_dag.py
[2024-04-19 02:03:53,907] {scheduler_job.py:629} INFO - Processing file /home/airflow/.local/lib/python3.6/site-packages/airflow/example_dags/example_trigger_target_dag.py for tasks to queue
[2024-04-19 02:03:53,908] {logging_mixin.py:104} INFO - [2024-04-19 02:03:53,908] {dagbag.py:448} INFO - Filling up the DagBag from /home/airflow/.local/lib/python3.6/site-packages/airflow/example_dags/example_trigger_target_dag.py
[2024-04-19 02:03:53,915] {scheduler_job.py:639} INFO - DAG(s) dict_keys(['example_trigger_target_dag']) retrieved from /home/airflow/.local/lib/python3.6/site-packages/airflow/example_dags/example_trigger_target_dag.py
[2024-04-19 02:03:53,929] {logging_mixin.py:104} INFO - [2024-04-19 02:03:53,929] {dag.py:1818} INFO - Sync 1 DAGs
[2024-04-19 02:03:53,939] {logging_mixin.py:104} INFO - [2024-04-19 02:03:53,939] {dag.py:2273} INFO - Setting next_dagrun for example_trigger_target_dag to None
[2024-04-19 02:03:53,945] {scheduler_job.py:190} INFO - Processing /home/airflow/.local/lib/python3.6/site-packages/airflow/example_dags/example_trigger_target_dag.py took 0.041 seconds
[2024-04-19 02:04:24,293] {scheduler_job.py:182} INFO - Started process (PID=2312) to work on /home/airflow/.local/lib/python3.6/site-packages/airflow/example_dags/example_trigger_target_dag.py
[2024-04-19 02:04:24,294] {scheduler_job.py:629} INFO - Processing file /home/airflow/.local/lib/python3.6/site-packages/airflow/example_dags/example_trigger_target_dag.py for tasks to queue
[2024-04-19 02:04:24,297] {logging_mixin.py:104} INFO - [2024-04-19 02:04:24,297] {dagbag.py:448} INFO - Filling up the DagBag from /home/airflow/.local/lib/python3.6/site-packages/airflow/example_dags/example_trigger_target_dag.py
[2024-04-19 02:04:24,305] {scheduler_job.py:639} INFO - DAG(s) dict_keys(['example_trigger_target_dag']) retrieved from /home/airflow/.local/lib/python3.6/site-packages/airflow/example_dags/example_trigger_target_dag.py
[2024-04-19 02:04:24,325] {logging_mixin.py:104} INFO - [2024-04-19 02:04:24,325] {dag.py:1818} INFO - Sync 1 DAGs
[2024-04-19 02:04:24,342] {logging_mixin.py:104} INFO - [2024-04-19 02:04:24,342] {dag.py:2273} INFO - Setting next_dagrun for example_trigger_target_dag to None
[2024-04-19 02:04:24,358] {scheduler_job.py:190} INFO - Processing /home/airflow/.local/lib/python3.6/site-packages/airflow/example_dags/example_trigger_target_dag.py took 0.067 seconds
[2024-04-19 02:04:54,765] {scheduler_job.py:182} INFO - Started process (PID=2442) to work on /home/airflow/.local/lib/python3.6/site-packages/airflow/example_dags/example_trigger_target_dag.py
[2024-04-19 02:04:54,767] {scheduler_job.py:629} INFO - Processing file /home/airflow/.local/lib/python3.6/site-packages/airflow/example_dags/example_trigger_target_dag.py for tasks to queue
[2024-04-19 02:04:54,768] {logging_mixin.py:104} INFO - [2024-04-19 02:04:54,768] {dagbag.py:448} INFO - Filling up the DagBag from /home/airflow/.local/lib/python3.6/site-packages/airflow/example_dags/example_trigger_target_dag.py
[2024-04-19 02:04:54,775] {scheduler_job.py:639} INFO - DAG(s) dict_keys(['example_trigger_target_dag']) retrieved from /home/airflow/.local/lib/python3.6/site-packages/airflow/example_dags/example_trigger_target_dag.py
[2024-04-19 02:04:54,795] {logging_mixin.py:104} INFO - [2024-04-19 02:04:54,795] {dag.py:1818} INFO - Sync 1 DAGs
[2024-04-19 02:04:54,807] {logging_mixin.py:104} INFO - [2024-04-19 02:04:54,807] {dag.py:2273} INFO - Setting next_dagrun for example_trigger_target_dag to None
[2024-04-19 02:04:54,816] {scheduler_job.py:190} INFO - Processing /home/airflow/.local/lib/python3.6/site-packages/airflow/example_dags/example_trigger_target_dag.py took 0.054 seconds
[2024-04-19 02:05:25,155] {scheduler_job.py:182} INFO - Started process (PID=2572) to work on /home/airflow/.local/lib/python3.6/site-packages/airflow/example_dags/example_trigger_target_dag.py
[2024-04-19 02:05:25,156] {scheduler_job.py:629} INFO - Processing file /home/airflow/.local/lib/python3.6/site-packages/airflow/example_dags/example_trigger_target_dag.py for tasks to queue
[2024-04-19 02:05:25,157] {logging_mixin.py:104} INFO - [2024-04-19 02:05:25,157] {dagbag.py:448} INFO - Filling up the DagBag from /home/airflow/.local/lib/python3.6/site-packages/airflow/example_dags/example_trigger_target_dag.py
[2024-04-19 02:05:25,165] {scheduler_job.py:639} INFO - DAG(s) dict_keys(['example_trigger_target_dag']) retrieved from /home/airflow/.local/lib/python3.6/site-packages/airflow/example_dags/example_trigger_target_dag.py
[2024-04-19 02:05:25,183] {logging_mixin.py:104} INFO - [2024-04-19 02:05:25,183] {dag.py:1818} INFO - Sync 1 DAGs
[2024-04-19 02:05:25,194] {logging_mixin.py:104} INFO - [2024-04-19 02:05:25,193] {dag.py:2273} INFO - Setting next_dagrun for example_trigger_target_dag to None
[2024-04-19 02:05:25,201] {scheduler_job.py:190} INFO - Processing /home/airflow/.local/lib/python3.6/site-packages/airflow/example_dags/example_trigger_target_dag.py took 0.049 seconds
[2024-04-19 02:05:55,248] {scheduler_job.py:182} INFO - Started process (PID=2694) to work on /home/airflow/.local/lib/python3.6/site-packages/airflow/example_dags/example_trigger_target_dag.py
[2024-04-19 02:05:55,249] {scheduler_job.py:629} INFO - Processing file /home/airflow/.local/lib/python3.6/site-packages/airflow/example_dags/example_trigger_target_dag.py for tasks to queue
[2024-04-19 02:05:55,250] {logging_mixin.py:104} INFO - [2024-04-19 02:05:55,250] {dagbag.py:448} INFO - Filling up the DagBag from /home/airflow/.local/lib/python3.6/site-packages/airflow/example_dags/example_trigger_target_dag.py
[2024-04-19 02:05:55,260] {scheduler_job.py:639} INFO - DAG(s) dict_keys(['example_trigger_target_dag']) retrieved from /home/airflow/.local/lib/python3.6/site-packages/airflow/example_dags/example_trigger_target_dag.py
[2024-04-19 02:05:55,278] {logging_mixin.py:104} INFO - [2024-04-19 02:05:55,278] {dag.py:1818} INFO - Sync 1 DAGs
[2024-04-19 02:05:55,289] {logging_mixin.py:104} INFO - [2024-04-19 02:05:55,288] {dag.py:2273} INFO - Setting next_dagrun for example_trigger_target_dag to None
[2024-04-19 02:05:55,297] {scheduler_job.py:190} INFO - Processing /home/airflow/.local/lib/python3.6/site-packages/airflow/example_dags/example_trigger_target_dag.py took 0.051 seconds
[2024-04-19 02:06:25,461] {scheduler_job.py:182} INFO - Started process (PID=2822) to work on /home/airflow/.local/lib/python3.6/site-packages/airflow/example_dags/example_trigger_target_dag.py
[2024-04-19 02:06:25,462] {scheduler_job.py:629} INFO - Processing file /home/airflow/.local/lib/python3.6/site-packages/airflow/example_dags/example_trigger_target_dag.py for tasks to queue
[2024-04-19 02:06:25,463] {logging_mixin.py:104} INFO - [2024-04-19 02:06:25,463] {dagbag.py:448} INFO - Filling up the DagBag from /home/airflow/.local/lib/python3.6/site-packages/airflow/example_dags/example_trigger_target_dag.py
[2024-04-19 02:06:25,474] {scheduler_job.py:639} INFO - DAG(s) dict_keys(['example_trigger_target_dag']) retrieved from /home/airflow/.local/lib/python3.6/site-packages/airflow/example_dags/example_trigger_target_dag.py
[2024-04-19 02:06:25,491] {logging_mixin.py:104} INFO - [2024-04-19 02:06:25,491] {dag.py:1818} INFO - Sync 1 DAGs
[2024-04-19 02:06:25,505] {logging_mixin.py:104} INFO - [2024-04-19 02:06:25,504] {dag.py:2273} INFO - Setting next_dagrun for example_trigger_target_dag to None
[2024-04-19 02:06:25,514] {scheduler_job.py:190} INFO - Processing /home/airflow/.local/lib/python3.6/site-packages/airflow/example_dags/example_trigger_target_dag.py took 0.056 seconds
[2024-04-19 02:06:55,652] {scheduler_job.py:182} INFO - Started process (PID=2952) to work on /home/airflow/.local/lib/python3.6/site-packages/airflow/example_dags/example_trigger_target_dag.py
[2024-04-19 02:06:55,653] {scheduler_job.py:629} INFO - Processing file /home/airflow/.local/lib/python3.6/site-packages/airflow/example_dags/example_trigger_target_dag.py for tasks to queue
[2024-04-19 02:06:55,654] {logging_mixin.py:104} INFO - [2024-04-19 02:06:55,653] {dagbag.py:448} INFO - Filling up the DagBag from /home/airflow/.local/lib/python3.6/site-packages/airflow/example_dags/example_trigger_target_dag.py
[2024-04-19 02:06:55,665] {scheduler_job.py:639} INFO - DAG(s) dict_keys(['example_trigger_target_dag']) retrieved from /home/airflow/.local/lib/python3.6/site-packages/airflow/example_dags/example_trigger_target_dag.py
[2024-04-19 02:06:55,679] {logging_mixin.py:104} INFO - [2024-04-19 02:06:55,679] {dag.py:1818} INFO - Sync 1 DAGs
[2024-04-19 02:06:55,689] {logging_mixin.py:104} INFO - [2024-04-19 02:06:55,689] {dag.py:2273} INFO - Setting next_dagrun for example_trigger_target_dag to None
[2024-04-19 02:06:55,696] {scheduler_job.py:190} INFO - Processing /home/airflow/.local/lib/python3.6/site-packages/airflow/example_dags/example_trigger_target_dag.py took 0.047 seconds
[2024-04-19 02:07:25,899] {scheduler_job.py:182} INFO - Started process (PID=3074) to work on /home/airflow/.local/lib/python3.6/site-packages/airflow/example_dags/example_trigger_target_dag.py
[2024-04-19 02:07:25,899] {scheduler_job.py:629} INFO - Processing file /home/airflow/.local/lib/python3.6/site-packages/airflow/example_dags/example_trigger_target_dag.py for tasks to queue
[2024-04-19 02:07:25,900] {logging_mixin.py:104} INFO - [2024-04-19 02:07:25,900] {dagbag.py:448} INFO - Filling up the DagBag from /home/airflow/.local/lib/python3.6/site-packages/airflow/example_dags/example_trigger_target_dag.py
[2024-04-19 02:07:25,908] {scheduler_job.py:639} INFO - DAG(s) dict_keys(['example_trigger_target_dag']) retrieved from /home/airflow/.local/lib/python3.6/site-packages/airflow/example_dags/example_trigger_target_dag.py
[2024-04-19 02:07:25,922] {logging_mixin.py:104} INFO - [2024-04-19 02:07:25,922] {dag.py:1818} INFO - Sync 1 DAGs
[2024-04-19 02:07:25,931] {logging_mixin.py:104} INFO - [2024-04-19 02:07:25,931] {dag.py:2273} INFO - Setting next_dagrun for example_trigger_target_dag to None
[2024-04-19 02:07:25,939] {scheduler_job.py:190} INFO - Processing /home/airflow/.local/lib/python3.6/site-packages/airflow/example_dags/example_trigger_target_dag.py took 0.042 seconds
[2024-04-19 02:07:56,215] {scheduler_job.py:182} INFO - Started process (PID=3212) to work on /home/airflow/.local/lib/python3.6/site-packages/airflow/example_dags/example_trigger_target_dag.py
[2024-04-19 02:07:56,217] {scheduler_job.py:629} INFO - Processing file /home/airflow/.local/lib/python3.6/site-packages/airflow/example_dags/example_trigger_target_dag.py for tasks to queue
[2024-04-19 02:07:56,217] {logging_mixin.py:104} INFO - [2024-04-19 02:07:56,217] {dagbag.py:448} INFO - Filling up the DagBag from /home/airflow/.local/lib/python3.6/site-packages/airflow/example_dags/example_trigger_target_dag.py
[2024-04-19 02:07:56,226] {scheduler_job.py:639} INFO - DAG(s) dict_keys(['example_trigger_target_dag']) retrieved from /home/airflow/.local/lib/python3.6/site-packages/airflow/example_dags/example_trigger_target_dag.py
[2024-04-19 02:07:56,240] {logging_mixin.py:104} INFO - [2024-04-19 02:07:56,240] {dag.py:1818} INFO - Sync 1 DAGs
[2024-04-19 02:07:56,250] {logging_mixin.py:104} INFO - [2024-04-19 02:07:56,249] {dag.py:2273} INFO - Setting next_dagrun for example_trigger_target_dag to None
[2024-04-19 02:07:56,258] {scheduler_job.py:190} INFO - Processing /home/airflow/.local/lib/python3.6/site-packages/airflow/example_dags/example_trigger_target_dag.py took 0.045 seconds
[2024-04-19 02:08:26,546] {scheduler_job.py:182} INFO - Started process (PID=3342) to work on /home/airflow/.local/lib/python3.6/site-packages/airflow/example_dags/example_trigger_target_dag.py
[2024-04-19 02:08:26,548] {scheduler_job.py:629} INFO - Processing file /home/airflow/.local/lib/python3.6/site-packages/airflow/example_dags/example_trigger_target_dag.py for tasks to queue
[2024-04-19 02:08:26,548] {logging_mixin.py:104} INFO - [2024-04-19 02:08:26,548] {dagbag.py:448} INFO - Filling up the DagBag from /home/airflow/.local/lib/python3.6/site-packages/airflow/example_dags/example_trigger_target_dag.py
[2024-04-19 02:08:26,556] {scheduler_job.py:639} INFO - DAG(s) dict_keys(['example_trigger_target_dag']) retrieved from /home/airflow/.local/lib/python3.6/site-packages/airflow/example_dags/example_trigger_target_dag.py
[2024-04-19 02:08:26,570] {logging_mixin.py:104} INFO - [2024-04-19 02:08:26,570] {dag.py:1818} INFO - Sync 1 DAGs
[2024-04-19 02:08:26,580] {logging_mixin.py:104} INFO - [2024-04-19 02:08:26,580] {dag.py:2273} INFO - Setting next_dagrun for example_trigger_target_dag to None
[2024-04-19 02:08:26,588] {scheduler_job.py:190} INFO - Processing /home/airflow/.local/lib/python3.6/site-packages/airflow/example_dags/example_trigger_target_dag.py took 0.045 seconds
[2024-04-19 02:08:56,740] {scheduler_job.py:182} INFO - Started process (PID=3474) to work on /home/airflow/.local/lib/python3.6/site-packages/airflow/example_dags/example_trigger_target_dag.py
[2024-04-19 02:08:56,741] {scheduler_job.py:629} INFO - Processing file /home/airflow/.local/lib/python3.6/site-packages/airflow/example_dags/example_trigger_target_dag.py for tasks to queue
[2024-04-19 02:08:56,742] {logging_mixin.py:104} INFO - [2024-04-19 02:08:56,742] {dagbag.py:448} INFO - Filling up the DagBag from /home/airflow/.local/lib/python3.6/site-packages/airflow/example_dags/example_trigger_target_dag.py
[2024-04-19 02:08:56,751] {scheduler_job.py:639} INFO - DAG(s) dict_keys(['example_trigger_target_dag']) retrieved from /home/airflow/.local/lib/python3.6/site-packages/airflow/example_dags/example_trigger_target_dag.py
[2024-04-19 02:08:56,768] {logging_mixin.py:104} INFO - [2024-04-19 02:08:56,767] {dag.py:1818} INFO - Sync 1 DAGs
[2024-04-19 02:08:56,778] {logging_mixin.py:104} INFO - [2024-04-19 02:08:56,778] {dag.py:2273} INFO - Setting next_dagrun for example_trigger_target_dag to None
[2024-04-19 02:08:56,787] {scheduler_job.py:190} INFO - Processing /home/airflow/.local/lib/python3.6/site-packages/airflow/example_dags/example_trigger_target_dag.py took 0.049 seconds
[2024-04-19 02:09:27,058] {scheduler_job.py:182} INFO - Started process (PID=3602) to work on /home/airflow/.local/lib/python3.6/site-packages/airflow/example_dags/example_trigger_target_dag.py
[2024-04-19 02:09:27,059] {scheduler_job.py:629} INFO - Processing file /home/airflow/.local/lib/python3.6/site-packages/airflow/example_dags/example_trigger_target_dag.py for tasks to queue
[2024-04-19 02:09:27,060] {logging_mixin.py:104} INFO - [2024-04-19 02:09:27,060] {dagbag.py:448} INFO - Filling up the DagBag from /home/airflow/.local/lib/python3.6/site-packages/airflow/example_dags/example_trigger_target_dag.py
[2024-04-19 02:09:27,068] {scheduler_job.py:639} INFO - DAG(s) dict_keys(['example_trigger_target_dag']) retrieved from /home/airflow/.local/lib/python3.6/site-packages/airflow/example_dags/example_trigger_target_dag.py
[2024-04-19 02:09:27,086] {logging_mixin.py:104} INFO - [2024-04-19 02:09:27,085] {dag.py:1818} INFO - Sync 1 DAGs
[2024-04-19 02:09:27,098] {logging_mixin.py:104} INFO - [2024-04-19 02:09:27,097] {dag.py:2273} INFO - Setting next_dagrun for example_trigger_target_dag to None
[2024-04-19 02:09:27,105] {scheduler_job.py:190} INFO - Processing /home/airflow/.local/lib/python3.6/site-packages/airflow/example_dags/example_trigger_target_dag.py took 0.049 seconds
[2024-04-19 02:09:57,240] {scheduler_job.py:182} INFO - Started process (PID=3729) to work on /home/airflow/.local/lib/python3.6/site-packages/airflow/example_dags/example_trigger_target_dag.py
[2024-04-19 02:09:57,241] {scheduler_job.py:629} INFO - Processing file /home/airflow/.local/lib/python3.6/site-packages/airflow/example_dags/example_trigger_target_dag.py for tasks to queue
[2024-04-19 02:09:57,242] {logging_mixin.py:104} INFO - [2024-04-19 02:09:57,242] {dagbag.py:448} INFO - Filling up the DagBag from /home/airflow/.local/lib/python3.6/site-packages/airflow/example_dags/example_trigger_target_dag.py
[2024-04-19 02:09:57,249] {scheduler_job.py:639} INFO - DAG(s) dict_keys(['example_trigger_target_dag']) retrieved from /home/airflow/.local/lib/python3.6/site-packages/airflow/example_dags/example_trigger_target_dag.py
[2024-04-19 02:09:57,264] {logging_mixin.py:104} INFO - [2024-04-19 02:09:57,264] {dag.py:1818} INFO - Sync 1 DAGs
[2024-04-19 02:09:57,274] {logging_mixin.py:104} INFO - [2024-04-19 02:09:57,274] {dag.py:2273} INFO - Setting next_dagrun for example_trigger_target_dag to None
[2024-04-19 02:09:57,282] {scheduler_job.py:190} INFO - Processing /home/airflow/.local/lib/python3.6/site-packages/airflow/example_dags/example_trigger_target_dag.py took 0.044 seconds
[2024-04-19 02:10:27,452] {scheduler_job.py:182} INFO - Started process (PID=3859) to work on /home/airflow/.local/lib/python3.6/site-packages/airflow/example_dags/example_trigger_target_dag.py
[2024-04-19 02:10:27,454] {scheduler_job.py:629} INFO - Processing file /home/airflow/.local/lib/python3.6/site-packages/airflow/example_dags/example_trigger_target_dag.py for tasks to queue
[2024-04-19 02:10:27,454] {logging_mixin.py:104} INFO - [2024-04-19 02:10:27,454] {dagbag.py:448} INFO - Filling up the DagBag from /home/airflow/.local/lib/python3.6/site-packages/airflow/example_dags/example_trigger_target_dag.py
[2024-04-19 02:10:27,462] {scheduler_job.py:639} INFO - DAG(s) dict_keys(['example_trigger_target_dag']) retrieved from /home/airflow/.local/lib/python3.6/site-packages/airflow/example_dags/example_trigger_target_dag.py
[2024-04-19 02:10:27,477] {logging_mixin.py:104} INFO - [2024-04-19 02:10:27,477] {dag.py:1818} INFO - Sync 1 DAGs
[2024-04-19 02:10:27,487] {logging_mixin.py:104} INFO - [2024-04-19 02:10:27,487] {dag.py:2273} INFO - Setting next_dagrun for example_trigger_target_dag to None
[2024-04-19 02:10:27,495] {scheduler_job.py:190} INFO - Processing /home/airflow/.local/lib/python3.6/site-packages/airflow/example_dags/example_trigger_target_dag.py took 0.045 seconds
[2024-04-19 02:10:57,620] {scheduler_job.py:182} INFO - Started process (PID=3990) to work on /home/airflow/.local/lib/python3.6/site-packages/airflow/example_dags/example_trigger_target_dag.py
[2024-04-19 02:10:57,621] {scheduler_job.py:629} INFO - Processing file /home/airflow/.local/lib/python3.6/site-packages/airflow/example_dags/example_trigger_target_dag.py for tasks to queue
[2024-04-19 02:10:57,622] {logging_mixin.py:104} INFO - [2024-04-19 02:10:57,622] {dagbag.py:448} INFO - Filling up the DagBag from /home/airflow/.local/lib/python3.6/site-packages/airflow/example_dags/example_trigger_target_dag.py
[2024-04-19 02:10:57,630] {scheduler_job.py:639} INFO - DAG(s) dict_keys(['example_trigger_target_dag']) retrieved from /home/airflow/.local/lib/python3.6/site-packages/airflow/example_dags/example_trigger_target_dag.py
[2024-04-19 02:10:57,646] {logging_mixin.py:104} INFO - [2024-04-19 02:10:57,646] {dag.py:1818} INFO - Sync 1 DAGs
[2024-04-19 02:10:57,656] {logging_mixin.py:104} INFO - [2024-04-19 02:10:57,656] {dag.py:2273} INFO - Setting next_dagrun for example_trigger_target_dag to None
[2024-04-19 02:10:57,664] {scheduler_job.py:190} INFO - Processing /home/airflow/.local/lib/python3.6/site-packages/airflow/example_dags/example_trigger_target_dag.py took 0.046 seconds
[2024-04-19 02:11:27,713] {scheduler_job.py:182} INFO - Started process (PID=4115) to work on /home/airflow/.local/lib/python3.6/site-packages/airflow/example_dags/example_trigger_target_dag.py
[2024-04-19 02:11:27,715] {scheduler_job.py:629} INFO - Processing file /home/airflow/.local/lib/python3.6/site-packages/airflow/example_dags/example_trigger_target_dag.py for tasks to queue
[2024-04-19 02:11:27,716] {logging_mixin.py:104} INFO - [2024-04-19 02:11:27,716] {dagbag.py:448} INFO - Filling up the DagBag from /home/airflow/.local/lib/python3.6/site-packages/airflow/example_dags/example_trigger_target_dag.py
[2024-04-19 02:11:27,723] {scheduler_job.py:639} INFO - DAG(s) dict_keys(['example_trigger_target_dag']) retrieved from /home/airflow/.local/lib/python3.6/site-packages/airflow/example_dags/example_trigger_target_dag.py
[2024-04-19 02:11:27,740] {logging_mixin.py:104} INFO - [2024-04-19 02:11:27,740] {dag.py:1818} INFO - Sync 1 DAGs
[2024-04-19 02:11:27,751] {logging_mixin.py:104} INFO - [2024-04-19 02:11:27,751] {dag.py:2273} INFO - Setting next_dagrun for example_trigger_target_dag to None
[2024-04-19 02:11:27,758] {scheduler_job.py:190} INFO - Processing /home/airflow/.local/lib/python3.6/site-packages/airflow/example_dags/example_trigger_target_dag.py took 0.048 seconds
[2024-04-19 02:11:57,862] {scheduler_job.py:182} INFO - Started process (PID=4245) to work on /home/airflow/.local/lib/python3.6/site-packages/airflow/example_dags/example_trigger_target_dag.py
[2024-04-19 02:11:57,863] {scheduler_job.py:629} INFO - Processing file /home/airflow/.local/lib/python3.6/site-packages/airflow/example_dags/example_trigger_target_dag.py for tasks to queue
[2024-04-19 02:11:57,865] {logging_mixin.py:104} INFO - [2024-04-19 02:11:57,865] {dagbag.py:448} INFO - Filling up the DagBag from /home/airflow/.local/lib/python3.6/site-packages/airflow/example_dags/example_trigger_target_dag.py
[2024-04-19 02:11:57,874] {scheduler_job.py:639} INFO - DAG(s) dict_keys(['example_trigger_target_dag']) retrieved from /home/airflow/.local/lib/python3.6/site-packages/airflow/example_dags/example_trigger_target_dag.py
[2024-04-19 02:11:57,890] {logging_mixin.py:104} INFO - [2024-04-19 02:11:57,890] {dag.py:1818} INFO - Sync 1 DAGs
[2024-04-19 02:11:57,903] {logging_mixin.py:104} INFO - [2024-04-19 02:11:57,902] {dag.py:2273} INFO - Setting next_dagrun for example_trigger_target_dag to None
[2024-04-19 02:11:57,910] {scheduler_job.py:190} INFO - Processing /home/airflow/.local/lib/python3.6/site-packages/airflow/example_dags/example_trigger_target_dag.py took 0.051 seconds
[2024-04-19 02:12:28,234] {scheduler_job.py:182} INFO - Started process (PID=4374) to work on /home/airflow/.local/lib/python3.6/site-packages/airflow/example_dags/example_trigger_target_dag.py
[2024-04-19 02:12:28,236] {scheduler_job.py:629} INFO - Processing file /home/airflow/.local/lib/python3.6/site-packages/airflow/example_dags/example_trigger_target_dag.py for tasks to queue
[2024-04-19 02:12:28,238] {logging_mixin.py:104} INFO - [2024-04-19 02:12:28,238] {dagbag.py:448} INFO - Filling up the DagBag from /home/airflow/.local/lib/python3.6/site-packages/airflow/example_dags/example_trigger_target_dag.py
[2024-04-19 02:12:28,246] {scheduler_job.py:639} INFO - DAG(s) dict_keys(['example_trigger_target_dag']) retrieved from /home/airflow/.local/lib/python3.6/site-packages/airflow/example_dags/example_trigger_target_dag.py
[2024-04-19 02:12:28,267] {logging_mixin.py:104} INFO - [2024-04-19 02:12:28,267] {dag.py:1818} INFO - Sync 1 DAGs
[2024-04-19 02:12:28,284] {logging_mixin.py:104} INFO - [2024-04-19 02:12:28,284] {dag.py:2273} INFO - Setting next_dagrun for example_trigger_target_dag to None
[2024-04-19 02:12:28,294] {scheduler_job.py:190} INFO - Processing /home/airflow/.local/lib/python3.6/site-packages/airflow/example_dags/example_trigger_target_dag.py took 0.064 seconds
[2024-04-19 02:12:58,600] {scheduler_job.py:182} INFO - Started process (PID=4512) to work on /home/airflow/.local/lib/python3.6/site-packages/airflow/example_dags/example_trigger_target_dag.py
[2024-04-19 02:12:58,601] {scheduler_job.py:629} INFO - Processing file /home/airflow/.local/lib/python3.6/site-packages/airflow/example_dags/example_trigger_target_dag.py for tasks to queue
[2024-04-19 02:12:58,602] {logging_mixin.py:104} INFO - [2024-04-19 02:12:58,602] {dagbag.py:448} INFO - Filling up the DagBag from /home/airflow/.local/lib/python3.6/site-packages/airflow/example_dags/example_trigger_target_dag.py
[2024-04-19 02:12:58,609] {scheduler_job.py:639} INFO - DAG(s) dict_keys(['example_trigger_target_dag']) retrieved from /home/airflow/.local/lib/python3.6/site-packages/airflow/example_dags/example_trigger_target_dag.py
[2024-04-19 02:12:58,624] {logging_mixin.py:104} INFO - [2024-04-19 02:12:58,624] {dag.py:1818} INFO - Sync 1 DAGs
[2024-04-19 02:12:58,638] {logging_mixin.py:104} INFO - [2024-04-19 02:12:58,638] {dag.py:2273} INFO - Setting next_dagrun for example_trigger_target_dag to None
[2024-04-19 02:12:58,648] {scheduler_job.py:190} INFO - Processing /home/airflow/.local/lib/python3.6/site-packages/airflow/example_dags/example_trigger_target_dag.py took 0.051 seconds
