[2024-04-19 01:51:19,202] {scheduler_job.py:182} INFO - Started process (PID=235) to work on /home/airflow/.local/lib/python3.6/site-packages/airflow/example_dags/example_latest_only.py
[2024-04-19 01:51:19,204] {scheduler_job.py:629} INFO - Processing file /home/airflow/.local/lib/python3.6/site-packages/airflow/example_dags/example_latest_only.py for tasks to queue
[2024-04-19 01:51:19,205] {logging_mixin.py:104} INFO - [2024-04-19 01:51:19,205] {dagbag.py:448} INFO - Filling up the DagBag from /home/airflow/.local/lib/python3.6/site-packages/airflow/example_dags/example_latest_only.py
[2024-04-19 01:51:19,221] {scheduler_job.py:639} INFO - DAG(s) dict_keys(['latest_only']) retrieved from /home/airflow/.local/lib/python3.6/site-packages/airflow/example_dags/example_latest_only.py
[2024-04-19 01:51:19,256] {logging_mixin.py:104} INFO - [2024-04-19 01:51:19,256] {dag.py:1818} INFO - Sync 1 DAGs
[2024-04-19 01:51:19,270] {logging_mixin.py:104} INFO - [2024-04-19 01:51:19,270] {dag.py:1837} INFO - Creating ORM DAG for latest_only
[2024-04-19 01:51:19,279] {logging_mixin.py:104} INFO - [2024-04-19 01:51:19,279] {dag.py:2273} INFO - Setting next_dagrun for latest_only to 2024-04-17 00:00:00+00:00
[2024-04-19 01:51:19,306] {scheduler_job.py:190} INFO - Processing /home/airflow/.local/lib/python3.6/site-packages/airflow/example_dags/example_latest_only.py took 0.109 seconds
[2024-04-19 01:51:49,988] {scheduler_job.py:182} INFO - Started process (PID=375) to work on /home/airflow/.local/lib/python3.6/site-packages/airflow/example_dags/example_latest_only.py
[2024-04-19 01:51:49,990] {scheduler_job.py:629} INFO - Processing file /home/airflow/.local/lib/python3.6/site-packages/airflow/example_dags/example_latest_only.py for tasks to queue
[2024-04-19 01:51:49,991] {logging_mixin.py:104} INFO - [2024-04-19 01:51:49,991] {dagbag.py:448} INFO - Filling up the DagBag from /home/airflow/.local/lib/python3.6/site-packages/airflow/example_dags/example_latest_only.py
[2024-04-19 01:51:50,004] {scheduler_job.py:639} INFO - DAG(s) dict_keys(['latest_only']) retrieved from /home/airflow/.local/lib/python3.6/site-packages/airflow/example_dags/example_latest_only.py
[2024-04-19 01:51:50,033] {logging_mixin.py:104} INFO - [2024-04-19 01:51:50,033] {dag.py:1818} INFO - Sync 1 DAGs
[2024-04-19 01:51:50,068] {logging_mixin.py:104} INFO - [2024-04-19 01:51:50,067] {dag.py:2273} INFO - Setting next_dagrun for latest_only to 2024-04-17 00:00:00+00:00
[2024-04-19 01:51:50,085] {scheduler_job.py:190} INFO - Processing /home/airflow/.local/lib/python3.6/site-packages/airflow/example_dags/example_latest_only.py took 0.101 seconds
[2024-04-19 01:52:20,474] {scheduler_job.py:182} INFO - Started process (PID=490) to work on /home/airflow/.local/lib/python3.6/site-packages/airflow/example_dags/example_latest_only.py
[2024-04-19 01:52:20,476] {scheduler_job.py:629} INFO - Processing file /home/airflow/.local/lib/python3.6/site-packages/airflow/example_dags/example_latest_only.py for tasks to queue
[2024-04-19 01:52:20,477] {logging_mixin.py:104} INFO - [2024-04-19 01:52:20,477] {dagbag.py:448} INFO - Filling up the DagBag from /home/airflow/.local/lib/python3.6/site-packages/airflow/example_dags/example_latest_only.py
[2024-04-19 01:52:20,486] {scheduler_job.py:639} INFO - DAG(s) dict_keys(['latest_only']) retrieved from /home/airflow/.local/lib/python3.6/site-packages/airflow/example_dags/example_latest_only.py
[2024-04-19 01:52:20,511] {logging_mixin.py:104} INFO - [2024-04-19 01:52:20,511] {dag.py:1818} INFO - Sync 1 DAGs
[2024-04-19 01:52:20,526] {logging_mixin.py:104} INFO - [2024-04-19 01:52:20,526] {dag.py:2273} INFO - Setting next_dagrun for latest_only to 2024-04-17 00:00:00+00:00
[2024-04-19 01:52:20,538] {scheduler_job.py:190} INFO - Processing /home/airflow/.local/lib/python3.6/site-packages/airflow/example_dags/example_latest_only.py took 0.067 seconds
[2024-04-19 01:52:50,610] {scheduler_job.py:182} INFO - Started process (PID=610) to work on /home/airflow/.local/lib/python3.6/site-packages/airflow/example_dags/example_latest_only.py
[2024-04-19 01:52:50,612] {scheduler_job.py:629} INFO - Processing file /home/airflow/.local/lib/python3.6/site-packages/airflow/example_dags/example_latest_only.py for tasks to queue
[2024-04-19 01:52:50,614] {logging_mixin.py:104} INFO - [2024-04-19 01:52:50,614] {dagbag.py:448} INFO - Filling up the DagBag from /home/airflow/.local/lib/python3.6/site-packages/airflow/example_dags/example_latest_only.py
[2024-04-19 01:52:50,624] {scheduler_job.py:639} INFO - DAG(s) dict_keys(['latest_only']) retrieved from /home/airflow/.local/lib/python3.6/site-packages/airflow/example_dags/example_latest_only.py
[2024-04-19 01:52:50,648] {logging_mixin.py:104} INFO - [2024-04-19 01:52:50,648] {dag.py:1818} INFO - Sync 1 DAGs
[2024-04-19 01:52:50,668] {logging_mixin.py:104} INFO - [2024-04-19 01:52:50,668] {dag.py:2273} INFO - Setting next_dagrun for latest_only to 2024-04-17 00:00:00+00:00
[2024-04-19 01:52:50,681] {scheduler_job.py:190} INFO - Processing /home/airflow/.local/lib/python3.6/site-packages/airflow/example_dags/example_latest_only.py took 0.075 seconds
[2024-04-19 01:53:21,099] {scheduler_job.py:182} INFO - Started process (PID=730) to work on /home/airflow/.local/lib/python3.6/site-packages/airflow/example_dags/example_latest_only.py
[2024-04-19 01:53:21,101] {scheduler_job.py:629} INFO - Processing file /home/airflow/.local/lib/python3.6/site-packages/airflow/example_dags/example_latest_only.py for tasks to queue
[2024-04-19 01:53:21,103] {logging_mixin.py:104} INFO - [2024-04-19 01:53:21,102] {dagbag.py:448} INFO - Filling up the DagBag from /home/airflow/.local/lib/python3.6/site-packages/airflow/example_dags/example_latest_only.py
[2024-04-19 01:53:21,117] {scheduler_job.py:639} INFO - DAG(s) dict_keys(['latest_only']) retrieved from /home/airflow/.local/lib/python3.6/site-packages/airflow/example_dags/example_latest_only.py
[2024-04-19 01:53:21,153] {logging_mixin.py:104} INFO - [2024-04-19 01:53:21,153] {dag.py:1818} INFO - Sync 1 DAGs
[2024-04-19 01:53:21,171] {logging_mixin.py:104} INFO - [2024-04-19 01:53:21,170] {dag.py:2273} INFO - Setting next_dagrun for latest_only to 2024-04-17 00:00:00+00:00
[2024-04-19 01:53:21,183] {scheduler_job.py:190} INFO - Processing /home/airflow/.local/lib/python3.6/site-packages/airflow/example_dags/example_latest_only.py took 0.087 seconds
[2024-04-19 01:53:51,492] {scheduler_job.py:182} INFO - Started process (PID=845) to work on /home/airflow/.local/lib/python3.6/site-packages/airflow/example_dags/example_latest_only.py
[2024-04-19 01:53:51,494] {scheduler_job.py:629} INFO - Processing file /home/airflow/.local/lib/python3.6/site-packages/airflow/example_dags/example_latest_only.py for tasks to queue
[2024-04-19 01:53:51,495] {logging_mixin.py:104} INFO - [2024-04-19 01:53:51,495] {dagbag.py:448} INFO - Filling up the DagBag from /home/airflow/.local/lib/python3.6/site-packages/airflow/example_dags/example_latest_only.py
[2024-04-19 01:53:51,507] {scheduler_job.py:639} INFO - DAG(s) dict_keys(['latest_only']) retrieved from /home/airflow/.local/lib/python3.6/site-packages/airflow/example_dags/example_latest_only.py
[2024-04-19 01:53:51,536] {logging_mixin.py:104} INFO - [2024-04-19 01:53:51,535] {dag.py:1818} INFO - Sync 1 DAGs
[2024-04-19 01:53:51,552] {logging_mixin.py:104} INFO - [2024-04-19 01:53:51,552] {dag.py:2273} INFO - Setting next_dagrun for latest_only to 2024-04-17 00:00:00+00:00
[2024-04-19 01:53:51,563] {scheduler_job.py:190} INFO - Processing /home/airflow/.local/lib/python3.6/site-packages/airflow/example_dags/example_latest_only.py took 0.073 seconds
[2024-04-19 01:54:21,835] {scheduler_job.py:182} INFO - Started process (PID=965) to work on /home/airflow/.local/lib/python3.6/site-packages/airflow/example_dags/example_latest_only.py
[2024-04-19 01:54:21,837] {scheduler_job.py:629} INFO - Processing file /home/airflow/.local/lib/python3.6/site-packages/airflow/example_dags/example_latest_only.py for tasks to queue
[2024-04-19 01:54:21,838] {logging_mixin.py:104} INFO - [2024-04-19 01:54:21,838] {dagbag.py:448} INFO - Filling up the DagBag from /home/airflow/.local/lib/python3.6/site-packages/airflow/example_dags/example_latest_only.py
[2024-04-19 01:54:21,848] {scheduler_job.py:639} INFO - DAG(s) dict_keys(['latest_only']) retrieved from /home/airflow/.local/lib/python3.6/site-packages/airflow/example_dags/example_latest_only.py
[2024-04-19 01:54:21,874] {logging_mixin.py:104} INFO - [2024-04-19 01:54:21,874] {dag.py:1818} INFO - Sync 1 DAGs
[2024-04-19 01:54:21,886] {logging_mixin.py:104} INFO - [2024-04-19 01:54:21,886] {dag.py:2273} INFO - Setting next_dagrun for latest_only to 2024-04-17 00:00:00+00:00
[2024-04-19 01:54:21,897] {scheduler_job.py:190} INFO - Processing /home/airflow/.local/lib/python3.6/site-packages/airflow/example_dags/example_latest_only.py took 0.065 seconds
[2024-04-19 01:54:52,191] {scheduler_job.py:182} INFO - Started process (PID=1100) to work on /home/airflow/.local/lib/python3.6/site-packages/airflow/example_dags/example_latest_only.py
[2024-04-19 01:54:52,193] {scheduler_job.py:629} INFO - Processing file /home/airflow/.local/lib/python3.6/site-packages/airflow/example_dags/example_latest_only.py for tasks to queue
[2024-04-19 01:54:52,196] {logging_mixin.py:104} INFO - [2024-04-19 01:54:52,195] {dagbag.py:448} INFO - Filling up the DagBag from /home/airflow/.local/lib/python3.6/site-packages/airflow/example_dags/example_latest_only.py
[2024-04-19 01:54:52,213] {scheduler_job.py:639} INFO - DAG(s) dict_keys(['latest_only']) retrieved from /home/airflow/.local/lib/python3.6/site-packages/airflow/example_dags/example_latest_only.py
[2024-04-19 01:54:52,247] {logging_mixin.py:104} INFO - [2024-04-19 01:54:52,247] {dag.py:1818} INFO - Sync 1 DAGs
[2024-04-19 01:54:52,270] {logging_mixin.py:104} INFO - [2024-04-19 01:54:52,270] {dag.py:2273} INFO - Setting next_dagrun for latest_only to 2024-04-17 00:00:00+00:00
[2024-04-19 01:54:52,281] {scheduler_job.py:190} INFO - Processing /home/airflow/.local/lib/python3.6/site-packages/airflow/example_dags/example_latest_only.py took 0.093 seconds
[2024-04-19 01:55:22,630] {scheduler_job.py:182} INFO - Started process (PID=1230) to work on /home/airflow/.local/lib/python3.6/site-packages/airflow/example_dags/example_latest_only.py
[2024-04-19 01:55:22,631] {scheduler_job.py:629} INFO - Processing file /home/airflow/.local/lib/python3.6/site-packages/airflow/example_dags/example_latest_only.py for tasks to queue
[2024-04-19 01:55:22,632] {logging_mixin.py:104} INFO - [2024-04-19 01:55:22,632] {dagbag.py:448} INFO - Filling up the DagBag from /home/airflow/.local/lib/python3.6/site-packages/airflow/example_dags/example_latest_only.py
[2024-04-19 01:55:22,643] {scheduler_job.py:639} INFO - DAG(s) dict_keys(['latest_only']) retrieved from /home/airflow/.local/lib/python3.6/site-packages/airflow/example_dags/example_latest_only.py
[2024-04-19 01:55:22,670] {logging_mixin.py:104} INFO - [2024-04-19 01:55:22,670] {dag.py:1818} INFO - Sync 1 DAGs
[2024-04-19 01:55:22,685] {logging_mixin.py:104} INFO - [2024-04-19 01:55:22,685] {dag.py:2273} INFO - Setting next_dagrun for latest_only to 2024-04-17 00:00:00+00:00
[2024-04-19 01:55:22,697] {scheduler_job.py:190} INFO - Processing /home/airflow/.local/lib/python3.6/site-packages/airflow/example_dags/example_latest_only.py took 0.071 seconds
[2024-04-19 01:55:53,141] {scheduler_job.py:182} INFO - Started process (PID=1365) to work on /home/airflow/.local/lib/python3.6/site-packages/airflow/example_dags/example_latest_only.py
[2024-04-19 01:55:53,143] {scheduler_job.py:629} INFO - Processing file /home/airflow/.local/lib/python3.6/site-packages/airflow/example_dags/example_latest_only.py for tasks to queue
[2024-04-19 01:55:53,144] {logging_mixin.py:104} INFO - [2024-04-19 01:55:53,144] {dagbag.py:448} INFO - Filling up the DagBag from /home/airflow/.local/lib/python3.6/site-packages/airflow/example_dags/example_latest_only.py
[2024-04-19 01:55:53,154] {scheduler_job.py:639} INFO - DAG(s) dict_keys(['latest_only']) retrieved from /home/airflow/.local/lib/python3.6/site-packages/airflow/example_dags/example_latest_only.py
[2024-04-19 01:55:53,172] {logging_mixin.py:104} INFO - [2024-04-19 01:55:53,172] {dag.py:1818} INFO - Sync 1 DAGs
[2024-04-19 01:55:53,188] {logging_mixin.py:104} INFO - [2024-04-19 01:55:53,188] {dag.py:2273} INFO - Setting next_dagrun for latest_only to 2024-04-17 00:00:00+00:00
[2024-04-19 01:55:53,198] {scheduler_job.py:190} INFO - Processing /home/airflow/.local/lib/python3.6/site-packages/airflow/example_dags/example_latest_only.py took 0.061 seconds
[2024-04-19 01:56:18,026] {scheduler_job.py:182} INFO - Started process (PID=180) to work on /home/airflow/.local/lib/python3.6/site-packages/airflow/example_dags/example_latest_only.py
[2024-04-19 01:56:18,029] {scheduler_job.py:629} INFO - Processing file /home/airflow/.local/lib/python3.6/site-packages/airflow/example_dags/example_latest_only.py for tasks to queue
[2024-04-19 01:56:18,030] {logging_mixin.py:104} INFO - [2024-04-19 01:56:18,030] {dagbag.py:448} INFO - Filling up the DagBag from /home/airflow/.local/lib/python3.6/site-packages/airflow/example_dags/example_latest_only.py
[2024-04-19 01:56:18,040] {scheduler_job.py:639} INFO - DAG(s) dict_keys(['latest_only']) retrieved from /home/airflow/.local/lib/python3.6/site-packages/airflow/example_dags/example_latest_only.py
[2024-04-19 01:56:18,061] {logging_mixin.py:104} INFO - [2024-04-19 01:56:18,060] {dag.py:1818} INFO - Sync 1 DAGs
[2024-04-19 01:56:18,075] {logging_mixin.py:104} INFO - [2024-04-19 01:56:18,075] {dag.py:2273} INFO - Setting next_dagrun for latest_only to 2024-04-17 00:00:00+00:00
[2024-04-19 01:56:18,084] {scheduler_job.py:190} INFO - Processing /home/airflow/.local/lib/python3.6/site-packages/airflow/example_dags/example_latest_only.py took 0.062 seconds
[2024-04-19 01:56:48,626] {scheduler_job.py:182} INFO - Started process (PID=312) to work on /home/airflow/.local/lib/python3.6/site-packages/airflow/example_dags/example_latest_only.py
[2024-04-19 01:56:48,630] {scheduler_job.py:629} INFO - Processing file /home/airflow/.local/lib/python3.6/site-packages/airflow/example_dags/example_latest_only.py for tasks to queue
[2024-04-19 01:56:48,633] {logging_mixin.py:104} INFO - [2024-04-19 01:56:48,633] {dagbag.py:448} INFO - Filling up the DagBag from /home/airflow/.local/lib/python3.6/site-packages/airflow/example_dags/example_latest_only.py
[2024-04-19 01:56:48,641] {scheduler_job.py:639} INFO - DAG(s) dict_keys(['latest_only']) retrieved from /home/airflow/.local/lib/python3.6/site-packages/airflow/example_dags/example_latest_only.py
[2024-04-19 01:56:48,677] {logging_mixin.py:104} INFO - [2024-04-19 01:56:48,677] {dag.py:1818} INFO - Sync 1 DAGs
[2024-04-19 01:56:48,697] {logging_mixin.py:104} INFO - [2024-04-19 01:56:48,697] {dag.py:2273} INFO - Setting next_dagrun for latest_only to 2024-04-17 00:00:00+00:00
[2024-04-19 01:56:48,707] {scheduler_job.py:190} INFO - Processing /home/airflow/.local/lib/python3.6/site-packages/airflow/example_dags/example_latest_only.py took 0.084 seconds
[2024-04-19 01:57:19,271] {scheduler_job.py:182} INFO - Started process (PID=445) to work on /home/airflow/.local/lib/python3.6/site-packages/airflow/example_dags/example_latest_only.py
[2024-04-19 01:57:19,274] {scheduler_job.py:629} INFO - Processing file /home/airflow/.local/lib/python3.6/site-packages/airflow/example_dags/example_latest_only.py for tasks to queue
[2024-04-19 01:57:19,275] {logging_mixin.py:104} INFO - [2024-04-19 01:57:19,275] {dagbag.py:448} INFO - Filling up the DagBag from /home/airflow/.local/lib/python3.6/site-packages/airflow/example_dags/example_latest_only.py
[2024-04-19 01:57:19,287] {scheduler_job.py:639} INFO - DAG(s) dict_keys(['latest_only']) retrieved from /home/airflow/.local/lib/python3.6/site-packages/airflow/example_dags/example_latest_only.py
[2024-04-19 01:57:19,309] {logging_mixin.py:104} INFO - [2024-04-19 01:57:19,309] {dag.py:1818} INFO - Sync 1 DAGs
[2024-04-19 01:57:19,333] {logging_mixin.py:104} INFO - [2024-04-19 01:57:19,333] {dag.py:2273} INFO - Setting next_dagrun for latest_only to 2024-04-17 00:00:00+00:00
[2024-04-19 01:57:19,353] {scheduler_job.py:190} INFO - Processing /home/airflow/.local/lib/python3.6/site-packages/airflow/example_dags/example_latest_only.py took 0.090 seconds
[2024-04-19 01:57:50,143] {scheduler_job.py:182} INFO - Started process (PID=587) to work on /home/airflow/.local/lib/python3.6/site-packages/airflow/example_dags/example_latest_only.py
[2024-04-19 01:57:50,144] {scheduler_job.py:629} INFO - Processing file /home/airflow/.local/lib/python3.6/site-packages/airflow/example_dags/example_latest_only.py for tasks to queue
[2024-04-19 01:57:50,144] {logging_mixin.py:104} INFO - [2024-04-19 01:57:50,144] {dagbag.py:448} INFO - Filling up the DagBag from /home/airflow/.local/lib/python3.6/site-packages/airflow/example_dags/example_latest_only.py
[2024-04-19 01:57:50,151] {scheduler_job.py:639} INFO - DAG(s) dict_keys(['latest_only']) retrieved from /home/airflow/.local/lib/python3.6/site-packages/airflow/example_dags/example_latest_only.py
[2024-04-19 01:57:50,167] {logging_mixin.py:104} INFO - [2024-04-19 01:57:50,167] {dag.py:1818} INFO - Sync 1 DAGs
[2024-04-19 01:57:50,177] {logging_mixin.py:104} INFO - [2024-04-19 01:57:50,177] {dag.py:2273} INFO - Setting next_dagrun for latest_only to 2024-04-17 00:00:00+00:00
[2024-04-19 01:57:50,185] {scheduler_job.py:190} INFO - Processing /home/airflow/.local/lib/python3.6/site-packages/airflow/example_dags/example_latest_only.py took 0.045 seconds
[2024-04-19 01:58:20,492] {scheduler_job.py:182} INFO - Started process (PID=730) to work on /home/airflow/.local/lib/python3.6/site-packages/airflow/example_dags/example_latest_only.py
[2024-04-19 01:58:20,493] {scheduler_job.py:629} INFO - Processing file /home/airflow/.local/lib/python3.6/site-packages/airflow/example_dags/example_latest_only.py for tasks to queue
[2024-04-19 01:58:20,494] {logging_mixin.py:104} INFO - [2024-04-19 01:58:20,494] {dagbag.py:448} INFO - Filling up the DagBag from /home/airflow/.local/lib/python3.6/site-packages/airflow/example_dags/example_latest_only.py
[2024-04-19 01:58:20,502] {scheduler_job.py:639} INFO - DAG(s) dict_keys(['latest_only']) retrieved from /home/airflow/.local/lib/python3.6/site-packages/airflow/example_dags/example_latest_only.py
[2024-04-19 01:58:20,521] {logging_mixin.py:104} INFO - [2024-04-19 01:58:20,521] {dag.py:1818} INFO - Sync 1 DAGs
[2024-04-19 01:58:20,532] {logging_mixin.py:104} INFO - [2024-04-19 01:58:20,532] {dag.py:2273} INFO - Setting next_dagrun for latest_only to 2024-04-17 00:00:00+00:00
[2024-04-19 01:58:20,540] {scheduler_job.py:190} INFO - Processing /home/airflow/.local/lib/python3.6/site-packages/airflow/example_dags/example_latest_only.py took 0.050 seconds
[2024-04-19 01:58:50,767] {scheduler_job.py:182} INFO - Started process (PID=867) to work on /home/airflow/.local/lib/python3.6/site-packages/airflow/example_dags/example_latest_only.py
[2024-04-19 01:58:50,769] {scheduler_job.py:629} INFO - Processing file /home/airflow/.local/lib/python3.6/site-packages/airflow/example_dags/example_latest_only.py for tasks to queue
[2024-04-19 01:58:50,769] {logging_mixin.py:104} INFO - [2024-04-19 01:58:50,769] {dagbag.py:448} INFO - Filling up the DagBag from /home/airflow/.local/lib/python3.6/site-packages/airflow/example_dags/example_latest_only.py
[2024-04-19 01:58:50,777] {scheduler_job.py:639} INFO - DAG(s) dict_keys(['latest_only']) retrieved from /home/airflow/.local/lib/python3.6/site-packages/airflow/example_dags/example_latest_only.py
[2024-04-19 01:58:50,796] {logging_mixin.py:104} INFO - [2024-04-19 01:58:50,796] {dag.py:1818} INFO - Sync 1 DAGs
[2024-04-19 01:58:50,807] {logging_mixin.py:104} INFO - [2024-04-19 01:58:50,807] {dag.py:2273} INFO - Setting next_dagrun for latest_only to 2024-04-17 00:00:00+00:00
[2024-04-19 01:58:50,816] {scheduler_job.py:190} INFO - Processing /home/airflow/.local/lib/python3.6/site-packages/airflow/example_dags/example_latest_only.py took 0.052 seconds
[2024-04-19 01:59:20,991] {scheduler_job.py:182} INFO - Started process (PID=995) to work on /home/airflow/.local/lib/python3.6/site-packages/airflow/example_dags/example_latest_only.py
[2024-04-19 01:59:20,992] {scheduler_job.py:629} INFO - Processing file /home/airflow/.local/lib/python3.6/site-packages/airflow/example_dags/example_latest_only.py for tasks to queue
[2024-04-19 01:59:20,993] {logging_mixin.py:104} INFO - [2024-04-19 01:59:20,993] {dagbag.py:448} INFO - Filling up the DagBag from /home/airflow/.local/lib/python3.6/site-packages/airflow/example_dags/example_latest_only.py
[2024-04-19 01:59:21,002] {scheduler_job.py:639} INFO - DAG(s) dict_keys(['latest_only']) retrieved from /home/airflow/.local/lib/python3.6/site-packages/airflow/example_dags/example_latest_only.py
[2024-04-19 01:59:21,018] {logging_mixin.py:104} INFO - [2024-04-19 01:59:21,017] {dag.py:1818} INFO - Sync 1 DAGs
[2024-04-19 01:59:21,028] {logging_mixin.py:104} INFO - [2024-04-19 01:59:21,028] {dag.py:2273} INFO - Setting next_dagrun for latest_only to 2024-04-17 00:00:00+00:00
[2024-04-19 01:59:21,035] {scheduler_job.py:190} INFO - Processing /home/airflow/.local/lib/python3.6/site-packages/airflow/example_dags/example_latest_only.py took 0.045 seconds
[2024-04-19 01:59:51,107] {scheduler_job.py:182} INFO - Started process (PID=1125) to work on /home/airflow/.local/lib/python3.6/site-packages/airflow/example_dags/example_latest_only.py
[2024-04-19 01:59:51,108] {scheduler_job.py:629} INFO - Processing file /home/airflow/.local/lib/python3.6/site-packages/airflow/example_dags/example_latest_only.py for tasks to queue
[2024-04-19 01:59:51,109] {logging_mixin.py:104} INFO - [2024-04-19 01:59:51,109] {dagbag.py:448} INFO - Filling up the DagBag from /home/airflow/.local/lib/python3.6/site-packages/airflow/example_dags/example_latest_only.py
[2024-04-19 01:59:51,119] {scheduler_job.py:639} INFO - DAG(s) dict_keys(['latest_only']) retrieved from /home/airflow/.local/lib/python3.6/site-packages/airflow/example_dags/example_latest_only.py
[2024-04-19 01:59:51,135] {logging_mixin.py:104} INFO - [2024-04-19 01:59:51,135] {dag.py:1818} INFO - Sync 1 DAGs
[2024-04-19 01:59:51,146] {logging_mixin.py:104} INFO - [2024-04-19 01:59:51,146] {dag.py:2273} INFO - Setting next_dagrun for latest_only to 2024-04-17 00:00:00+00:00
[2024-04-19 01:59:51,153] {scheduler_job.py:190} INFO - Processing /home/airflow/.local/lib/python3.6/site-packages/airflow/example_dags/example_latest_only.py took 0.049 seconds
[2024-04-19 02:00:21,315] {scheduler_job.py:182} INFO - Started process (PID=1255) to work on /home/airflow/.local/lib/python3.6/site-packages/airflow/example_dags/example_latest_only.py
[2024-04-19 02:00:21,317] {scheduler_job.py:629} INFO - Processing file /home/airflow/.local/lib/python3.6/site-packages/airflow/example_dags/example_latest_only.py for tasks to queue
[2024-04-19 02:00:21,318] {logging_mixin.py:104} INFO - [2024-04-19 02:00:21,318] {dagbag.py:448} INFO - Filling up the DagBag from /home/airflow/.local/lib/python3.6/site-packages/airflow/example_dags/example_latest_only.py
[2024-04-19 02:00:21,326] {scheduler_job.py:639} INFO - DAG(s) dict_keys(['latest_only']) retrieved from /home/airflow/.local/lib/python3.6/site-packages/airflow/example_dags/example_latest_only.py
[2024-04-19 02:00:21,345] {logging_mixin.py:104} INFO - [2024-04-19 02:00:21,345] {dag.py:1818} INFO - Sync 1 DAGs
[2024-04-19 02:00:21,355] {logging_mixin.py:104} INFO - [2024-04-19 02:00:21,355] {dag.py:2273} INFO - Setting next_dagrun for latest_only to 2024-04-17 00:00:00+00:00
[2024-04-19 02:00:21,365] {scheduler_job.py:190} INFO - Processing /home/airflow/.local/lib/python3.6/site-packages/airflow/example_dags/example_latest_only.py took 0.052 seconds
[2024-04-19 02:00:51,593] {scheduler_job.py:182} INFO - Started process (PID=1385) to work on /home/airflow/.local/lib/python3.6/site-packages/airflow/example_dags/example_latest_only.py
[2024-04-19 02:00:51,594] {scheduler_job.py:629} INFO - Processing file /home/airflow/.local/lib/python3.6/site-packages/airflow/example_dags/example_latest_only.py for tasks to queue
[2024-04-19 02:00:51,595] {logging_mixin.py:104} INFO - [2024-04-19 02:00:51,595] {dagbag.py:448} INFO - Filling up the DagBag from /home/airflow/.local/lib/python3.6/site-packages/airflow/example_dags/example_latest_only.py
[2024-04-19 02:00:51,604] {scheduler_job.py:639} INFO - DAG(s) dict_keys(['latest_only']) retrieved from /home/airflow/.local/lib/python3.6/site-packages/airflow/example_dags/example_latest_only.py
[2024-04-19 02:00:51,622] {logging_mixin.py:104} INFO - [2024-04-19 02:00:51,622] {dag.py:1818} INFO - Sync 1 DAGs
[2024-04-19 02:00:51,636] {logging_mixin.py:104} INFO - [2024-04-19 02:00:51,636] {dag.py:2273} INFO - Setting next_dagrun for latest_only to 2024-04-17 00:00:00+00:00
[2024-04-19 02:00:51,644] {scheduler_job.py:190} INFO - Processing /home/airflow/.local/lib/python3.6/site-packages/airflow/example_dags/example_latest_only.py took 0.054 seconds
[2024-04-19 02:01:22,135] {scheduler_job.py:182} INFO - Started process (PID=1522) to work on /home/airflow/.local/lib/python3.6/site-packages/airflow/example_dags/example_latest_only.py
[2024-04-19 02:01:22,136] {scheduler_job.py:629} INFO - Processing file /home/airflow/.local/lib/python3.6/site-packages/airflow/example_dags/example_latest_only.py for tasks to queue
[2024-04-19 02:01:22,137] {logging_mixin.py:104} INFO - [2024-04-19 02:01:22,137] {dagbag.py:448} INFO - Filling up the DagBag from /home/airflow/.local/lib/python3.6/site-packages/airflow/example_dags/example_latest_only.py
[2024-04-19 02:01:22,143] {scheduler_job.py:639} INFO - DAG(s) dict_keys(['latest_only']) retrieved from /home/airflow/.local/lib/python3.6/site-packages/airflow/example_dags/example_latest_only.py
[2024-04-19 02:01:22,159] {logging_mixin.py:104} INFO - [2024-04-19 02:01:22,159] {dag.py:1818} INFO - Sync 1 DAGs
[2024-04-19 02:01:22,169] {logging_mixin.py:104} INFO - [2024-04-19 02:01:22,169] {dag.py:2273} INFO - Setting next_dagrun for latest_only to 2024-04-17 00:00:00+00:00
[2024-04-19 02:01:22,178] {scheduler_job.py:190} INFO - Processing /home/airflow/.local/lib/python3.6/site-packages/airflow/example_dags/example_latest_only.py took 0.045 seconds
[2024-04-19 02:01:52,643] {scheduler_job.py:182} INFO - Started process (PID=1630) to work on /home/airflow/.local/lib/python3.6/site-packages/airflow/example_dags/example_latest_only.py
[2024-04-19 02:01:52,650] {scheduler_job.py:629} INFO - Processing file /home/airflow/.local/lib/python3.6/site-packages/airflow/example_dags/example_latest_only.py for tasks to queue
[2024-04-19 02:01:52,652] {logging_mixin.py:104} INFO - [2024-04-19 02:01:52,651] {dagbag.py:448} INFO - Filling up the DagBag from /home/airflow/.local/lib/python3.6/site-packages/airflow/example_dags/example_latest_only.py
[2024-04-19 02:01:52,668] {scheduler_job.py:639} INFO - DAG(s) dict_keys(['latest_only']) retrieved from /home/airflow/.local/lib/python3.6/site-packages/airflow/example_dags/example_latest_only.py
[2024-04-19 02:01:52,699] {logging_mixin.py:104} INFO - [2024-04-19 02:01:52,698] {dag.py:1818} INFO - Sync 1 DAGs
[2024-04-19 02:01:52,715] {logging_mixin.py:104} INFO - [2024-04-19 02:01:52,714] {dag.py:2273} INFO - Setting next_dagrun for latest_only to 2024-04-17 00:00:00+00:00
[2024-04-19 02:01:52,732] {scheduler_job.py:190} INFO - Processing /home/airflow/.local/lib/python3.6/site-packages/airflow/example_dags/example_latest_only.py took 0.092 seconds
[2024-04-19 02:02:23,139] {scheduler_job.py:182} INFO - Started process (PID=1762) to work on /home/airflow/.local/lib/python3.6/site-packages/airflow/example_dags/example_latest_only.py
[2024-04-19 02:02:23,140] {scheduler_job.py:629} INFO - Processing file /home/airflow/.local/lib/python3.6/site-packages/airflow/example_dags/example_latest_only.py for tasks to queue
[2024-04-19 02:02:23,141] {logging_mixin.py:104} INFO - [2024-04-19 02:02:23,141] {dagbag.py:448} INFO - Filling up the DagBag from /home/airflow/.local/lib/python3.6/site-packages/airflow/example_dags/example_latest_only.py
[2024-04-19 02:02:23,148] {scheduler_job.py:639} INFO - DAG(s) dict_keys(['latest_only']) retrieved from /home/airflow/.local/lib/python3.6/site-packages/airflow/example_dags/example_latest_only.py
[2024-04-19 02:02:23,164] {logging_mixin.py:104} INFO - [2024-04-19 02:02:23,164] {dag.py:1818} INFO - Sync 1 DAGs
[2024-04-19 02:02:23,175] {logging_mixin.py:104} INFO - [2024-04-19 02:02:23,175] {dag.py:2273} INFO - Setting next_dagrun for latest_only to 2024-04-17 00:00:00+00:00
[2024-04-19 02:02:23,185] {scheduler_job.py:190} INFO - Processing /home/airflow/.local/lib/python3.6/site-packages/airflow/example_dags/example_latest_only.py took 0.048 seconds
[2024-04-19 02:02:53,486] {scheduler_job.py:182} INFO - Started process (PID=1899) to work on /home/airflow/.local/lib/python3.6/site-packages/airflow/example_dags/example_latest_only.py
[2024-04-19 02:02:53,487] {scheduler_job.py:629} INFO - Processing file /home/airflow/.local/lib/python3.6/site-packages/airflow/example_dags/example_latest_only.py for tasks to queue
[2024-04-19 02:02:53,488] {logging_mixin.py:104} INFO - [2024-04-19 02:02:53,488] {dagbag.py:448} INFO - Filling up the DagBag from /home/airflow/.local/lib/python3.6/site-packages/airflow/example_dags/example_latest_only.py
[2024-04-19 02:02:53,494] {scheduler_job.py:639} INFO - DAG(s) dict_keys(['latest_only']) retrieved from /home/airflow/.local/lib/python3.6/site-packages/airflow/example_dags/example_latest_only.py
[2024-04-19 02:02:53,509] {logging_mixin.py:104} INFO - [2024-04-19 02:02:53,509] {dag.py:1818} INFO - Sync 1 DAGs
[2024-04-19 02:02:53,519] {logging_mixin.py:104} INFO - [2024-04-19 02:02:53,519] {dag.py:2273} INFO - Setting next_dagrun for latest_only to 2024-04-17 00:00:00+00:00
[2024-04-19 02:02:53,527] {scheduler_job.py:190} INFO - Processing /home/airflow/.local/lib/python3.6/site-packages/airflow/example_dags/example_latest_only.py took 0.043 seconds
[2024-04-19 02:03:23,619] {scheduler_job.py:182} INFO - Started process (PID=2030) to work on /home/airflow/.local/lib/python3.6/site-packages/airflow/example_dags/example_latest_only.py
[2024-04-19 02:03:23,620] {scheduler_job.py:629} INFO - Processing file /home/airflow/.local/lib/python3.6/site-packages/airflow/example_dags/example_latest_only.py for tasks to queue
[2024-04-19 02:03:23,621] {logging_mixin.py:104} INFO - [2024-04-19 02:03:23,621] {dagbag.py:448} INFO - Filling up the DagBag from /home/airflow/.local/lib/python3.6/site-packages/airflow/example_dags/example_latest_only.py
[2024-04-19 02:03:23,628] {scheduler_job.py:639} INFO - DAG(s) dict_keys(['latest_only']) retrieved from /home/airflow/.local/lib/python3.6/site-packages/airflow/example_dags/example_latest_only.py
[2024-04-19 02:03:23,642] {logging_mixin.py:104} INFO - [2024-04-19 02:03:23,642] {dag.py:1818} INFO - Sync 1 DAGs
[2024-04-19 02:03:23,651] {logging_mixin.py:104} INFO - [2024-04-19 02:03:23,651] {dag.py:2273} INFO - Setting next_dagrun for latest_only to 2024-04-17 00:00:00+00:00
[2024-04-19 02:03:23,658] {scheduler_job.py:190} INFO - Processing /home/airflow/.local/lib/python3.6/site-packages/airflow/example_dags/example_latest_only.py took 0.042 seconds
[2024-04-19 02:03:53,774] {scheduler_job.py:182} INFO - Started process (PID=2165) to work on /home/airflow/.local/lib/python3.6/site-packages/airflow/example_dags/example_latest_only.py
[2024-04-19 02:03:53,774] {scheduler_job.py:629} INFO - Processing file /home/airflow/.local/lib/python3.6/site-packages/airflow/example_dags/example_latest_only.py for tasks to queue
[2024-04-19 02:03:53,775] {logging_mixin.py:104} INFO - [2024-04-19 02:03:53,775] {dagbag.py:448} INFO - Filling up the DagBag from /home/airflow/.local/lib/python3.6/site-packages/airflow/example_dags/example_latest_only.py
[2024-04-19 02:03:53,781] {scheduler_job.py:639} INFO - DAG(s) dict_keys(['latest_only']) retrieved from /home/airflow/.local/lib/python3.6/site-packages/airflow/example_dags/example_latest_only.py
[2024-04-19 02:03:53,795] {logging_mixin.py:104} INFO - [2024-04-19 02:03:53,795] {dag.py:1818} INFO - Sync 1 DAGs
[2024-04-19 02:03:53,806] {logging_mixin.py:104} INFO - [2024-04-19 02:03:53,806] {dag.py:2273} INFO - Setting next_dagrun for latest_only to 2024-04-17 00:00:00+00:00
[2024-04-19 02:03:53,814] {scheduler_job.py:190} INFO - Processing /home/airflow/.local/lib/python3.6/site-packages/airflow/example_dags/example_latest_only.py took 0.043 seconds
[2024-04-19 02:04:24,052] {scheduler_job.py:182} INFO - Started process (PID=2295) to work on /home/airflow/.local/lib/python3.6/site-packages/airflow/example_dags/example_latest_only.py
[2024-04-19 02:04:24,054] {scheduler_job.py:629} INFO - Processing file /home/airflow/.local/lib/python3.6/site-packages/airflow/example_dags/example_latest_only.py for tasks to queue
[2024-04-19 02:04:24,056] {logging_mixin.py:104} INFO - [2024-04-19 02:04:24,055] {dagbag.py:448} INFO - Filling up the DagBag from /home/airflow/.local/lib/python3.6/site-packages/airflow/example_dags/example_latest_only.py
[2024-04-19 02:04:24,070] {scheduler_job.py:639} INFO - DAG(s) dict_keys(['latest_only']) retrieved from /home/airflow/.local/lib/python3.6/site-packages/airflow/example_dags/example_latest_only.py
[2024-04-19 02:04:24,103] {logging_mixin.py:104} INFO - [2024-04-19 02:04:24,103] {dag.py:1818} INFO - Sync 1 DAGs
[2024-04-19 02:04:24,125] {logging_mixin.py:104} INFO - [2024-04-19 02:04:24,125] {dag.py:2273} INFO - Setting next_dagrun for latest_only to 2024-04-17 00:00:00+00:00
[2024-04-19 02:04:24,141] {scheduler_job.py:190} INFO - Processing /home/airflow/.local/lib/python3.6/site-packages/airflow/example_dags/example_latest_only.py took 0.095 seconds
[2024-04-19 02:04:54,428] {scheduler_job.py:182} INFO - Started process (PID=2414) to work on /home/airflow/.local/lib/python3.6/site-packages/airflow/example_dags/example_latest_only.py
[2024-04-19 02:04:54,430] {scheduler_job.py:629} INFO - Processing file /home/airflow/.local/lib/python3.6/site-packages/airflow/example_dags/example_latest_only.py for tasks to queue
[2024-04-19 02:04:54,431] {logging_mixin.py:104} INFO - [2024-04-19 02:04:54,431] {dagbag.py:448} INFO - Filling up the DagBag from /home/airflow/.local/lib/python3.6/site-packages/airflow/example_dags/example_latest_only.py
[2024-04-19 02:04:54,438] {scheduler_job.py:639} INFO - DAG(s) dict_keys(['latest_only']) retrieved from /home/airflow/.local/lib/python3.6/site-packages/airflow/example_dags/example_latest_only.py
[2024-04-19 02:04:54,454] {logging_mixin.py:104} INFO - [2024-04-19 02:04:54,454] {dag.py:1818} INFO - Sync 1 DAGs
[2024-04-19 02:04:54,466] {logging_mixin.py:104} INFO - [2024-04-19 02:04:54,466] {dag.py:2273} INFO - Setting next_dagrun for latest_only to 2024-04-17 00:00:00+00:00
[2024-04-19 02:04:54,474] {scheduler_job.py:190} INFO - Processing /home/airflow/.local/lib/python3.6/site-packages/airflow/example_dags/example_latest_only.py took 0.048 seconds
[2024-04-19 02:05:25,064] {scheduler_job.py:182} INFO - Started process (PID=2567) to work on /home/airflow/.local/lib/python3.6/site-packages/airflow/example_dags/example_latest_only.py
[2024-04-19 02:05:25,066] {scheduler_job.py:629} INFO - Processing file /home/airflow/.local/lib/python3.6/site-packages/airflow/example_dags/example_latest_only.py for tasks to queue
[2024-04-19 02:05:25,067] {logging_mixin.py:104} INFO - [2024-04-19 02:05:25,067] {dagbag.py:448} INFO - Filling up the DagBag from /home/airflow/.local/lib/python3.6/site-packages/airflow/example_dags/example_latest_only.py
[2024-04-19 02:05:25,075] {scheduler_job.py:639} INFO - DAG(s) dict_keys(['latest_only']) retrieved from /home/airflow/.local/lib/python3.6/site-packages/airflow/example_dags/example_latest_only.py
[2024-04-19 02:05:25,092] {logging_mixin.py:104} INFO - [2024-04-19 02:05:25,092] {dag.py:1818} INFO - Sync 1 DAGs
[2024-04-19 02:05:25,104] {logging_mixin.py:104} INFO - [2024-04-19 02:05:25,104] {dag.py:2273} INFO - Setting next_dagrun for latest_only to 2024-04-17 00:00:00+00:00
[2024-04-19 02:05:25,117] {scheduler_job.py:190} INFO - Processing /home/airflow/.local/lib/python3.6/site-packages/airflow/example_dags/example_latest_only.py took 0.055 seconds
[2024-04-19 02:05:55,321] {scheduler_job.py:182} INFO - Started process (PID=2700) to work on /home/airflow/.local/lib/python3.6/site-packages/airflow/example_dags/example_latest_only.py
[2024-04-19 02:05:55,322] {scheduler_job.py:629} INFO - Processing file /home/airflow/.local/lib/python3.6/site-packages/airflow/example_dags/example_latest_only.py for tasks to queue
[2024-04-19 02:05:55,323] {logging_mixin.py:104} INFO - [2024-04-19 02:05:55,323] {dagbag.py:448} INFO - Filling up the DagBag from /home/airflow/.local/lib/python3.6/site-packages/airflow/example_dags/example_latest_only.py
[2024-04-19 02:05:55,330] {scheduler_job.py:639} INFO - DAG(s) dict_keys(['latest_only']) retrieved from /home/airflow/.local/lib/python3.6/site-packages/airflow/example_dags/example_latest_only.py
[2024-04-19 02:05:55,350] {logging_mixin.py:104} INFO - [2024-04-19 02:05:55,350] {dag.py:1818} INFO - Sync 1 DAGs
[2024-04-19 02:05:55,362] {logging_mixin.py:104} INFO - [2024-04-19 02:05:55,362] {dag.py:2273} INFO - Setting next_dagrun for latest_only to 2024-04-17 00:00:00+00:00
[2024-04-19 02:05:55,370] {scheduler_job.py:190} INFO - Processing /home/airflow/.local/lib/python3.6/site-packages/airflow/example_dags/example_latest_only.py took 0.051 seconds
[2024-04-19 02:06:25,710] {scheduler_job.py:182} INFO - Started process (PID=2847) to work on /home/airflow/.local/lib/python3.6/site-packages/airflow/example_dags/example_latest_only.py
[2024-04-19 02:06:25,711] {scheduler_job.py:629} INFO - Processing file /home/airflow/.local/lib/python3.6/site-packages/airflow/example_dags/example_latest_only.py for tasks to queue
[2024-04-19 02:06:25,712] {logging_mixin.py:104} INFO - [2024-04-19 02:06:25,712] {dagbag.py:448} INFO - Filling up the DagBag from /home/airflow/.local/lib/python3.6/site-packages/airflow/example_dags/example_latest_only.py
[2024-04-19 02:06:25,718] {scheduler_job.py:639} INFO - DAG(s) dict_keys(['latest_only']) retrieved from /home/airflow/.local/lib/python3.6/site-packages/airflow/example_dags/example_latest_only.py
[2024-04-19 02:06:25,732] {logging_mixin.py:104} INFO - [2024-04-19 02:06:25,732] {dag.py:1818} INFO - Sync 1 DAGs
[2024-04-19 02:06:25,741] {logging_mixin.py:104} INFO - [2024-04-19 02:06:25,741] {dag.py:2273} INFO - Setting next_dagrun for latest_only to 2024-04-17 00:00:00+00:00
[2024-04-19 02:06:25,748] {scheduler_job.py:190} INFO - Processing /home/airflow/.local/lib/python3.6/site-packages/airflow/example_dags/example_latest_only.py took 0.041 seconds
[2024-04-19 02:06:55,923] {scheduler_job.py:182} INFO - Started process (PID=2977) to work on /home/airflow/.local/lib/python3.6/site-packages/airflow/example_dags/example_latest_only.py
[2024-04-19 02:06:55,924] {scheduler_job.py:629} INFO - Processing file /home/airflow/.local/lib/python3.6/site-packages/airflow/example_dags/example_latest_only.py for tasks to queue
[2024-04-19 02:06:55,925] {logging_mixin.py:104} INFO - [2024-04-19 02:06:55,925] {dagbag.py:448} INFO - Filling up the DagBag from /home/airflow/.local/lib/python3.6/site-packages/airflow/example_dags/example_latest_only.py
[2024-04-19 02:06:55,931] {scheduler_job.py:639} INFO - DAG(s) dict_keys(['latest_only']) retrieved from /home/airflow/.local/lib/python3.6/site-packages/airflow/example_dags/example_latest_only.py
[2024-04-19 02:06:55,949] {logging_mixin.py:104} INFO - [2024-04-19 02:06:55,949] {dag.py:1818} INFO - Sync 1 DAGs
[2024-04-19 02:06:55,961] {logging_mixin.py:104} INFO - [2024-04-19 02:06:55,961] {dag.py:2273} INFO - Setting next_dagrun for latest_only to 2024-04-17 00:00:00+00:00
[2024-04-19 02:06:55,970] {scheduler_job.py:190} INFO - Processing /home/airflow/.local/lib/python3.6/site-packages/airflow/example_dags/example_latest_only.py took 0.049 seconds
[2024-04-19 02:07:26,317] {scheduler_job.py:182} INFO - Started process (PID=3116) to work on /home/airflow/.local/lib/python3.6/site-packages/airflow/example_dags/example_latest_only.py
[2024-04-19 02:07:26,318] {scheduler_job.py:629} INFO - Processing file /home/airflow/.local/lib/python3.6/site-packages/airflow/example_dags/example_latest_only.py for tasks to queue
[2024-04-19 02:07:26,319] {logging_mixin.py:104} INFO - [2024-04-19 02:07:26,318] {dagbag.py:448} INFO - Filling up the DagBag from /home/airflow/.local/lib/python3.6/site-packages/airflow/example_dags/example_latest_only.py
[2024-04-19 02:07:26,327] {scheduler_job.py:639} INFO - DAG(s) dict_keys(['latest_only']) retrieved from /home/airflow/.local/lib/python3.6/site-packages/airflow/example_dags/example_latest_only.py
[2024-04-19 02:07:26,342] {logging_mixin.py:104} INFO - [2024-04-19 02:07:26,342] {dag.py:1818} INFO - Sync 1 DAGs
[2024-04-19 02:07:26,353] {logging_mixin.py:104} INFO - [2024-04-19 02:07:26,353] {dag.py:2273} INFO - Setting next_dagrun for latest_only to 2024-04-17 00:00:00+00:00
[2024-04-19 02:07:26,360] {scheduler_job.py:190} INFO - Processing /home/airflow/.local/lib/python3.6/site-packages/airflow/example_dags/example_latest_only.py took 0.046 seconds
[2024-04-19 02:07:56,580] {scheduler_job.py:182} INFO - Started process (PID=3252) to work on /home/airflow/.local/lib/python3.6/site-packages/airflow/example_dags/example_latest_only.py
[2024-04-19 02:07:56,581] {scheduler_job.py:629} INFO - Processing file /home/airflow/.local/lib/python3.6/site-packages/airflow/example_dags/example_latest_only.py for tasks to queue
[2024-04-19 02:07:56,582] {logging_mixin.py:104} INFO - [2024-04-19 02:07:56,582] {dagbag.py:448} INFO - Filling up the DagBag from /home/airflow/.local/lib/python3.6/site-packages/airflow/example_dags/example_latest_only.py
[2024-04-19 02:07:56,590] {scheduler_job.py:639} INFO - DAG(s) dict_keys(['latest_only']) retrieved from /home/airflow/.local/lib/python3.6/site-packages/airflow/example_dags/example_latest_only.py
[2024-04-19 02:07:56,605] {logging_mixin.py:104} INFO - [2024-04-19 02:07:56,604] {dag.py:1818} INFO - Sync 1 DAGs
[2024-04-19 02:07:56,618] {logging_mixin.py:104} INFO - [2024-04-19 02:07:56,618] {dag.py:2273} INFO - Setting next_dagrun for latest_only to 2024-04-17 00:00:00+00:00
[2024-04-19 02:07:56,626] {scheduler_job.py:190} INFO - Processing /home/airflow/.local/lib/python3.6/site-packages/airflow/example_dags/example_latest_only.py took 0.050 seconds
[2024-04-19 02:08:26,917] {scheduler_job.py:182} INFO - Started process (PID=3385) to work on /home/airflow/.local/lib/python3.6/site-packages/airflow/example_dags/example_latest_only.py
[2024-04-19 02:08:26,919] {scheduler_job.py:629} INFO - Processing file /home/airflow/.local/lib/python3.6/site-packages/airflow/example_dags/example_latest_only.py for tasks to queue
[2024-04-19 02:08:26,920] {logging_mixin.py:104} INFO - [2024-04-19 02:08:26,919] {dagbag.py:448} INFO - Filling up the DagBag from /home/airflow/.local/lib/python3.6/site-packages/airflow/example_dags/example_latest_only.py
[2024-04-19 02:08:26,928] {scheduler_job.py:639} INFO - DAG(s) dict_keys(['latest_only']) retrieved from /home/airflow/.local/lib/python3.6/site-packages/airflow/example_dags/example_latest_only.py
[2024-04-19 02:08:26,947] {logging_mixin.py:104} INFO - [2024-04-19 02:08:26,947] {dag.py:1818} INFO - Sync 1 DAGs
[2024-04-19 02:08:26,957] {logging_mixin.py:104} INFO - [2024-04-19 02:08:26,957] {dag.py:2273} INFO - Setting next_dagrun for latest_only to 2024-04-17 00:00:00+00:00
[2024-04-19 02:08:26,964] {scheduler_job.py:190} INFO - Processing /home/airflow/.local/lib/python3.6/site-packages/airflow/example_dags/example_latest_only.py took 0.050 seconds
[2024-04-19 02:08:57,292] {scheduler_job.py:182} INFO - Started process (PID=3530) to work on /home/airflow/.local/lib/python3.6/site-packages/airflow/example_dags/example_latest_only.py
[2024-04-19 02:08:57,293] {scheduler_job.py:629} INFO - Processing file /home/airflow/.local/lib/python3.6/site-packages/airflow/example_dags/example_latest_only.py for tasks to queue
[2024-04-19 02:08:57,294] {logging_mixin.py:104} INFO - [2024-04-19 02:08:57,294] {dagbag.py:448} INFO - Filling up the DagBag from /home/airflow/.local/lib/python3.6/site-packages/airflow/example_dags/example_latest_only.py
[2024-04-19 02:08:57,301] {scheduler_job.py:639} INFO - DAG(s) dict_keys(['latest_only']) retrieved from /home/airflow/.local/lib/python3.6/site-packages/airflow/example_dags/example_latest_only.py
[2024-04-19 02:08:57,318] {logging_mixin.py:104} INFO - [2024-04-19 02:08:57,318] {dag.py:1818} INFO - Sync 1 DAGs
[2024-04-19 02:08:57,331] {logging_mixin.py:104} INFO - [2024-04-19 02:08:57,331] {dag.py:2273} INFO - Setting next_dagrun for latest_only to 2024-04-17 00:00:00+00:00
[2024-04-19 02:08:57,341] {scheduler_job.py:190} INFO - Processing /home/airflow/.local/lib/python3.6/site-packages/airflow/example_dags/example_latest_only.py took 0.051 seconds
[2024-04-19 02:09:27,583] {scheduler_job.py:182} INFO - Started process (PID=3665) to work on /home/airflow/.local/lib/python3.6/site-packages/airflow/example_dags/example_latest_only.py
[2024-04-19 02:09:27,587] {scheduler_job.py:629} INFO - Processing file /home/airflow/.local/lib/python3.6/site-packages/airflow/example_dags/example_latest_only.py for tasks to queue
[2024-04-19 02:09:27,589] {logging_mixin.py:104} INFO - [2024-04-19 02:09:27,589] {dagbag.py:448} INFO - Filling up the DagBag from /home/airflow/.local/lib/python3.6/site-packages/airflow/example_dags/example_latest_only.py
[2024-04-19 02:09:27,605] {scheduler_job.py:639} INFO - DAG(s) dict_keys(['latest_only']) retrieved from /home/airflow/.local/lib/python3.6/site-packages/airflow/example_dags/example_latest_only.py
[2024-04-19 02:09:27,632] {logging_mixin.py:104} INFO - [2024-04-19 02:09:27,632] {dag.py:1818} INFO - Sync 1 DAGs
[2024-04-19 02:09:27,656] {logging_mixin.py:104} INFO - [2024-04-19 02:09:27,656] {dag.py:2273} INFO - Setting next_dagrun for latest_only to 2024-04-17 00:00:00+00:00
[2024-04-19 02:09:27,668] {scheduler_job.py:190} INFO - Processing /home/airflow/.local/lib/python3.6/site-packages/airflow/example_dags/example_latest_only.py took 0.090 seconds
[2024-04-19 02:09:57,760] {scheduler_job.py:182} INFO - Started process (PID=3795) to work on /home/airflow/.local/lib/python3.6/site-packages/airflow/example_dags/example_latest_only.py
[2024-04-19 02:09:57,762] {scheduler_job.py:629} INFO - Processing file /home/airflow/.local/lib/python3.6/site-packages/airflow/example_dags/example_latest_only.py for tasks to queue
[2024-04-19 02:09:57,763] {logging_mixin.py:104} INFO - [2024-04-19 02:09:57,763] {dagbag.py:448} INFO - Filling up the DagBag from /home/airflow/.local/lib/python3.6/site-packages/airflow/example_dags/example_latest_only.py
[2024-04-19 02:09:57,770] {scheduler_job.py:639} INFO - DAG(s) dict_keys(['latest_only']) retrieved from /home/airflow/.local/lib/python3.6/site-packages/airflow/example_dags/example_latest_only.py
[2024-04-19 02:09:57,787] {logging_mixin.py:104} INFO - [2024-04-19 02:09:57,787] {dag.py:1818} INFO - Sync 1 DAGs
[2024-04-19 02:09:57,800] {logging_mixin.py:104} INFO - [2024-04-19 02:09:57,800] {dag.py:2273} INFO - Setting next_dagrun for latest_only to 2024-04-17 00:00:00+00:00
[2024-04-19 02:09:57,809] {scheduler_job.py:190} INFO - Processing /home/airflow/.local/lib/python3.6/site-packages/airflow/example_dags/example_latest_only.py took 0.051 seconds
[2024-04-19 02:10:28,008] {scheduler_job.py:182} INFO - Started process (PID=3925) to work on /home/airflow/.local/lib/python3.6/site-packages/airflow/example_dags/example_latest_only.py
[2024-04-19 02:10:28,010] {scheduler_job.py:629} INFO - Processing file /home/airflow/.local/lib/python3.6/site-packages/airflow/example_dags/example_latest_only.py for tasks to queue
[2024-04-19 02:10:28,011] {logging_mixin.py:104} INFO - [2024-04-19 02:10:28,011] {dagbag.py:448} INFO - Filling up the DagBag from /home/airflow/.local/lib/python3.6/site-packages/airflow/example_dags/example_latest_only.py
[2024-04-19 02:10:28,018] {scheduler_job.py:639} INFO - DAG(s) dict_keys(['latest_only']) retrieved from /home/airflow/.local/lib/python3.6/site-packages/airflow/example_dags/example_latest_only.py
[2024-04-19 02:10:28,033] {logging_mixin.py:104} INFO - [2024-04-19 02:10:28,033] {dag.py:1818} INFO - Sync 1 DAGs
[2024-04-19 02:10:28,045] {logging_mixin.py:104} INFO - [2024-04-19 02:10:28,045] {dag.py:2273} INFO - Setting next_dagrun for latest_only to 2024-04-17 00:00:00+00:00
[2024-04-19 02:10:28,054] {scheduler_job.py:190} INFO - Processing /home/airflow/.local/lib/python3.6/site-packages/airflow/example_dags/example_latest_only.py took 0.048 seconds
[2024-04-19 02:10:58,115] {scheduler_job.py:182} INFO - Started process (PID=4055) to work on /home/airflow/.local/lib/python3.6/site-packages/airflow/example_dags/example_latest_only.py
[2024-04-19 02:10:58,116] {scheduler_job.py:629} INFO - Processing file /home/airflow/.local/lib/python3.6/site-packages/airflow/example_dags/example_latest_only.py for tasks to queue
[2024-04-19 02:10:58,117] {logging_mixin.py:104} INFO - [2024-04-19 02:10:58,117] {dagbag.py:448} INFO - Filling up the DagBag from /home/airflow/.local/lib/python3.6/site-packages/airflow/example_dags/example_latest_only.py
[2024-04-19 02:10:58,124] {scheduler_job.py:639} INFO - DAG(s) dict_keys(['latest_only']) retrieved from /home/airflow/.local/lib/python3.6/site-packages/airflow/example_dags/example_latest_only.py
[2024-04-19 02:10:58,138] {logging_mixin.py:104} INFO - [2024-04-19 02:10:58,138] {dag.py:1818} INFO - Sync 1 DAGs
[2024-04-19 02:10:58,150] {logging_mixin.py:104} INFO - [2024-04-19 02:10:58,149] {dag.py:2273} INFO - Setting next_dagrun for latest_only to 2024-04-17 00:00:00+00:00
[2024-04-19 02:10:58,157] {scheduler_job.py:190} INFO - Processing /home/airflow/.local/lib/python3.6/site-packages/airflow/example_dags/example_latest_only.py took 0.045 seconds
[2024-04-19 02:11:28,318] {scheduler_job.py:182} INFO - Started process (PID=4185) to work on /home/airflow/.local/lib/python3.6/site-packages/airflow/example_dags/example_latest_only.py
[2024-04-19 02:11:28,319] {scheduler_job.py:629} INFO - Processing file /home/airflow/.local/lib/python3.6/site-packages/airflow/example_dags/example_latest_only.py for tasks to queue
[2024-04-19 02:11:28,319] {logging_mixin.py:104} INFO - [2024-04-19 02:11:28,319] {dagbag.py:448} INFO - Filling up the DagBag from /home/airflow/.local/lib/python3.6/site-packages/airflow/example_dags/example_latest_only.py
[2024-04-19 02:11:28,326] {scheduler_job.py:639} INFO - DAG(s) dict_keys(['latest_only']) retrieved from /home/airflow/.local/lib/python3.6/site-packages/airflow/example_dags/example_latest_only.py
[2024-04-19 02:11:28,340] {logging_mixin.py:104} INFO - [2024-04-19 02:11:28,340] {dag.py:1818} INFO - Sync 1 DAGs
[2024-04-19 02:11:28,351] {logging_mixin.py:104} INFO - [2024-04-19 02:11:28,351] {dag.py:2273} INFO - Setting next_dagrun for latest_only to 2024-04-17 00:00:00+00:00
[2024-04-19 02:11:28,360] {scheduler_job.py:190} INFO - Processing /home/airflow/.local/lib/python3.6/site-packages/airflow/example_dags/example_latest_only.py took 0.044 seconds
[2024-04-19 02:11:58,534] {scheduler_job.py:182} INFO - Started process (PID=4317) to work on /home/airflow/.local/lib/python3.6/site-packages/airflow/example_dags/example_latest_only.py
[2024-04-19 02:11:58,535] {scheduler_job.py:629} INFO - Processing file /home/airflow/.local/lib/python3.6/site-packages/airflow/example_dags/example_latest_only.py for tasks to queue
[2024-04-19 02:11:58,536] {logging_mixin.py:104} INFO - [2024-04-19 02:11:58,536] {dagbag.py:448} INFO - Filling up the DagBag from /home/airflow/.local/lib/python3.6/site-packages/airflow/example_dags/example_latest_only.py
[2024-04-19 02:11:58,542] {scheduler_job.py:639} INFO - DAG(s) dict_keys(['latest_only']) retrieved from /home/airflow/.local/lib/python3.6/site-packages/airflow/example_dags/example_latest_only.py
[2024-04-19 02:11:58,559] {logging_mixin.py:104} INFO - [2024-04-19 02:11:58,559] {dag.py:1818} INFO - Sync 1 DAGs
[2024-04-19 02:11:58,570] {logging_mixin.py:104} INFO - [2024-04-19 02:11:58,570] {dag.py:2273} INFO - Setting next_dagrun for latest_only to 2024-04-17 00:00:00+00:00
[2024-04-19 02:11:58,578] {scheduler_job.py:190} INFO - Processing /home/airflow/.local/lib/python3.6/site-packages/airflow/example_dags/example_latest_only.py took 0.047 seconds
[2024-04-19 02:12:28,912] {scheduler_job.py:182} INFO - Started process (PID=4445) to work on /home/airflow/.local/lib/python3.6/site-packages/airflow/example_dags/example_latest_only.py
[2024-04-19 02:12:28,914] {scheduler_job.py:629} INFO - Processing file /home/airflow/.local/lib/python3.6/site-packages/airflow/example_dags/example_latest_only.py for tasks to queue
[2024-04-19 02:12:28,916] {logging_mixin.py:104} INFO - [2024-04-19 02:12:28,916] {dagbag.py:448} INFO - Filling up the DagBag from /home/airflow/.local/lib/python3.6/site-packages/airflow/example_dags/example_latest_only.py
[2024-04-19 02:12:28,923] {scheduler_job.py:639} INFO - DAG(s) dict_keys(['latest_only']) retrieved from /home/airflow/.local/lib/python3.6/site-packages/airflow/example_dags/example_latest_only.py
[2024-04-19 02:12:28,943] {logging_mixin.py:104} INFO - [2024-04-19 02:12:28,942] {dag.py:1818} INFO - Sync 1 DAGs
[2024-04-19 02:12:28,958] {logging_mixin.py:104} INFO - [2024-04-19 02:12:28,957] {dag.py:2273} INFO - Setting next_dagrun for latest_only to 2024-04-17 00:00:00+00:00
[2024-04-19 02:12:28,968] {scheduler_job.py:190} INFO - Processing /home/airflow/.local/lib/python3.6/site-packages/airflow/example_dags/example_latest_only.py took 0.059 seconds
[2024-04-19 02:12:59,139] {scheduler_job.py:182} INFO - Started process (PID=4575) to work on /home/airflow/.local/lib/python3.6/site-packages/airflow/example_dags/example_latest_only.py
[2024-04-19 02:12:59,141] {scheduler_job.py:629} INFO - Processing file /home/airflow/.local/lib/python3.6/site-packages/airflow/example_dags/example_latest_only.py for tasks to queue
[2024-04-19 02:12:59,142] {logging_mixin.py:104} INFO - [2024-04-19 02:12:59,142] {dagbag.py:448} INFO - Filling up the DagBag from /home/airflow/.local/lib/python3.6/site-packages/airflow/example_dags/example_latest_only.py
[2024-04-19 02:12:59,149] {scheduler_job.py:639} INFO - DAG(s) dict_keys(['latest_only']) retrieved from /home/airflow/.local/lib/python3.6/site-packages/airflow/example_dags/example_latest_only.py
[2024-04-19 02:12:59,167] {logging_mixin.py:104} INFO - [2024-04-19 02:12:59,167] {dag.py:1818} INFO - Sync 1 DAGs
[2024-04-19 02:12:59,178] {logging_mixin.py:104} INFO - [2024-04-19 02:12:59,178] {dag.py:2273} INFO - Setting next_dagrun for latest_only to 2024-04-17 00:00:00+00:00
[2024-04-19 02:12:59,188] {scheduler_job.py:190} INFO - Processing /home/airflow/.local/lib/python3.6/site-packages/airflow/example_dags/example_latest_only.py took 0.052 seconds
