[2024-04-19 01:51:18,520] {scheduler_job.py:182} INFO - Started process (PID=185) to work on /home/airflow/.local/lib/python3.6/site-packages/airflow/example_dags/example_skip_dag.py
[2024-04-19 01:51:18,521] {scheduler_job.py:629} INFO - Processing file /home/airflow/.local/lib/python3.6/site-packages/airflow/example_dags/example_skip_dag.py for tasks to queue
[2024-04-19 01:51:18,523] {logging_mixin.py:104} INFO - [2024-04-19 01:51:18,523] {dagbag.py:448} INFO - Filling up the DagBag from /home/airflow/.local/lib/python3.6/site-packages/airflow/example_dags/example_skip_dag.py
[2024-04-19 01:51:18,540] {scheduler_job.py:639} INFO - DAG(s) dict_keys(['example_skip_dag']) retrieved from /home/airflow/.local/lib/python3.6/site-packages/airflow/example_dags/example_skip_dag.py
[2024-04-19 01:51:18,577] {logging_mixin.py:104} INFO - [2024-04-19 01:51:18,576] {dag.py:1818} INFO - Sync 1 DAGs
[2024-04-19 01:51:18,590] {logging_mixin.py:104} INFO - [2024-04-19 01:51:18,590] {dag.py:1837} INFO - Creating ORM DAG for example_skip_dag
[2024-04-19 01:51:18,603] {logging_mixin.py:104} INFO - [2024-04-19 01:51:18,603] {dag.py:2273} INFO - Setting next_dagrun for example_skip_dag to 2024-04-17 00:00:00+00:00
[2024-04-19 01:51:18,625] {scheduler_job.py:190} INFO - Processing /home/airflow/.local/lib/python3.6/site-packages/airflow/example_dags/example_skip_dag.py took 0.109 seconds
[2024-04-19 01:51:49,164] {scheduler_job.py:182} INFO - Started process (PID=320) to work on /home/airflow/.local/lib/python3.6/site-packages/airflow/example_dags/example_skip_dag.py
[2024-04-19 01:51:49,167] {scheduler_job.py:629} INFO - Processing file /home/airflow/.local/lib/python3.6/site-packages/airflow/example_dags/example_skip_dag.py for tasks to queue
[2024-04-19 01:51:49,169] {logging_mixin.py:104} INFO - [2024-04-19 01:51:49,168] {dagbag.py:448} INFO - Filling up the DagBag from /home/airflow/.local/lib/python3.6/site-packages/airflow/example_dags/example_skip_dag.py
[2024-04-19 01:51:49,183] {scheduler_job.py:639} INFO - DAG(s) dict_keys(['example_skip_dag']) retrieved from /home/airflow/.local/lib/python3.6/site-packages/airflow/example_dags/example_skip_dag.py
[2024-04-19 01:51:49,208] {logging_mixin.py:104} INFO - [2024-04-19 01:51:49,208] {dag.py:1818} INFO - Sync 1 DAGs
[2024-04-19 01:51:49,226] {logging_mixin.py:104} INFO - [2024-04-19 01:51:49,226] {dag.py:2273} INFO - Setting next_dagrun for example_skip_dag to 2024-04-17 00:00:00+00:00
[2024-04-19 01:51:49,241] {scheduler_job.py:190} INFO - Processing /home/airflow/.local/lib/python3.6/site-packages/airflow/example_dags/example_skip_dag.py took 0.082 seconds
[2024-04-19 01:52:20,019] {scheduler_job.py:182} INFO - Started process (PID=445) to work on /home/airflow/.local/lib/python3.6/site-packages/airflow/example_dags/example_skip_dag.py
[2024-04-19 01:52:20,020] {scheduler_job.py:629} INFO - Processing file /home/airflow/.local/lib/python3.6/site-packages/airflow/example_dags/example_skip_dag.py for tasks to queue
[2024-04-19 01:52:20,022] {logging_mixin.py:104} INFO - [2024-04-19 01:52:20,022] {dagbag.py:448} INFO - Filling up the DagBag from /home/airflow/.local/lib/python3.6/site-packages/airflow/example_dags/example_skip_dag.py
[2024-04-19 01:52:20,035] {scheduler_job.py:639} INFO - DAG(s) dict_keys(['example_skip_dag']) retrieved from /home/airflow/.local/lib/python3.6/site-packages/airflow/example_dags/example_skip_dag.py
[2024-04-19 01:52:20,066] {logging_mixin.py:104} INFO - [2024-04-19 01:52:20,066] {dag.py:1818} INFO - Sync 1 DAGs
[2024-04-19 01:52:20,083] {logging_mixin.py:104} INFO - [2024-04-19 01:52:20,083] {dag.py:2273} INFO - Setting next_dagrun for example_skip_dag to 2024-04-17 00:00:00+00:00
[2024-04-19 01:52:20,094] {scheduler_job.py:190} INFO - Processing /home/airflow/.local/lib/python3.6/site-packages/airflow/example_dags/example_skip_dag.py took 0.079 seconds
[2024-04-19 01:52:50,289] {scheduler_job.py:182} INFO - Started process (PID=575) to work on /home/airflow/.local/lib/python3.6/site-packages/airflow/example_dags/example_skip_dag.py
[2024-04-19 01:52:50,290] {scheduler_job.py:629} INFO - Processing file /home/airflow/.local/lib/python3.6/site-packages/airflow/example_dags/example_skip_dag.py for tasks to queue
[2024-04-19 01:52:50,291] {logging_mixin.py:104} INFO - [2024-04-19 01:52:50,291] {dagbag.py:448} INFO - Filling up the DagBag from /home/airflow/.local/lib/python3.6/site-packages/airflow/example_dags/example_skip_dag.py
[2024-04-19 01:52:50,300] {scheduler_job.py:639} INFO - DAG(s) dict_keys(['example_skip_dag']) retrieved from /home/airflow/.local/lib/python3.6/site-packages/airflow/example_dags/example_skip_dag.py
[2024-04-19 01:52:50,319] {logging_mixin.py:104} INFO - [2024-04-19 01:52:50,319] {dag.py:1818} INFO - Sync 1 DAGs
[2024-04-19 01:52:50,331] {logging_mixin.py:104} INFO - [2024-04-19 01:52:50,331] {dag.py:2273} INFO - Setting next_dagrun for example_skip_dag to 2024-04-17 00:00:00+00:00
[2024-04-19 01:52:50,340] {scheduler_job.py:190} INFO - Processing /home/airflow/.local/lib/python3.6/site-packages/airflow/example_dags/example_skip_dag.py took 0.053 seconds
[2024-04-19 01:53:20,772] {scheduler_job.py:182} INFO - Started process (PID=705) to work on /home/airflow/.local/lib/python3.6/site-packages/airflow/example_dags/example_skip_dag.py
[2024-04-19 01:53:20,774] {scheduler_job.py:629} INFO - Processing file /home/airflow/.local/lib/python3.6/site-packages/airflow/example_dags/example_skip_dag.py for tasks to queue
[2024-04-19 01:53:20,775] {logging_mixin.py:104} INFO - [2024-04-19 01:53:20,774] {dagbag.py:448} INFO - Filling up the DagBag from /home/airflow/.local/lib/python3.6/site-packages/airflow/example_dags/example_skip_dag.py
[2024-04-19 01:53:20,787] {scheduler_job.py:639} INFO - DAG(s) dict_keys(['example_skip_dag']) retrieved from /home/airflow/.local/lib/python3.6/site-packages/airflow/example_dags/example_skip_dag.py
[2024-04-19 01:53:20,817] {logging_mixin.py:104} INFO - [2024-04-19 01:53:20,817] {dag.py:1818} INFO - Sync 1 DAGs
[2024-04-19 01:53:20,838] {logging_mixin.py:104} INFO - [2024-04-19 01:53:20,838] {dag.py:2273} INFO - Setting next_dagrun for example_skip_dag to 2024-04-17 00:00:00+00:00
[2024-04-19 01:53:20,855] {scheduler_job.py:190} INFO - Processing /home/airflow/.local/lib/python3.6/site-packages/airflow/example_dags/example_skip_dag.py took 0.086 seconds
[2024-04-19 01:53:51,462] {scheduler_job.py:182} INFO - Started process (PID=840) to work on /home/airflow/.local/lib/python3.6/site-packages/airflow/example_dags/example_skip_dag.py
[2024-04-19 01:53:51,463] {scheduler_job.py:629} INFO - Processing file /home/airflow/.local/lib/python3.6/site-packages/airflow/example_dags/example_skip_dag.py for tasks to queue
[2024-04-19 01:53:51,464] {logging_mixin.py:104} INFO - [2024-04-19 01:53:51,464] {dagbag.py:448} INFO - Filling up the DagBag from /home/airflow/.local/lib/python3.6/site-packages/airflow/example_dags/example_skip_dag.py
[2024-04-19 01:53:51,472] {scheduler_job.py:639} INFO - DAG(s) dict_keys(['example_skip_dag']) retrieved from /home/airflow/.local/lib/python3.6/site-packages/airflow/example_dags/example_skip_dag.py
[2024-04-19 01:53:51,497] {logging_mixin.py:104} INFO - [2024-04-19 01:53:51,497] {dag.py:1818} INFO - Sync 1 DAGs
[2024-04-19 01:53:51,514] {logging_mixin.py:104} INFO - [2024-04-19 01:53:51,514] {dag.py:2273} INFO - Setting next_dagrun for example_skip_dag to 2024-04-17 00:00:00+00:00
[2024-04-19 01:53:51,532] {scheduler_job.py:190} INFO - Processing /home/airflow/.local/lib/python3.6/site-packages/airflow/example_dags/example_skip_dag.py took 0.074 seconds
[2024-04-19 01:54:21,924] {scheduler_job.py:182} INFO - Started process (PID=975) to work on /home/airflow/.local/lib/python3.6/site-packages/airflow/example_dags/example_skip_dag.py
[2024-04-19 01:54:21,926] {scheduler_job.py:629} INFO - Processing file /home/airflow/.local/lib/python3.6/site-packages/airflow/example_dags/example_skip_dag.py for tasks to queue
[2024-04-19 01:54:21,927] {logging_mixin.py:104} INFO - [2024-04-19 01:54:21,927] {dagbag.py:448} INFO - Filling up the DagBag from /home/airflow/.local/lib/python3.6/site-packages/airflow/example_dags/example_skip_dag.py
[2024-04-19 01:54:21,934] {scheduler_job.py:639} INFO - DAG(s) dict_keys(['example_skip_dag']) retrieved from /home/airflow/.local/lib/python3.6/site-packages/airflow/example_dags/example_skip_dag.py
[2024-04-19 01:54:21,955] {logging_mixin.py:104} INFO - [2024-04-19 01:54:21,955] {dag.py:1818} INFO - Sync 1 DAGs
[2024-04-19 01:54:21,967] {logging_mixin.py:104} INFO - [2024-04-19 01:54:21,967] {dag.py:2273} INFO - Setting next_dagrun for example_skip_dag to 2024-04-17 00:00:00+00:00
[2024-04-19 01:54:21,977] {scheduler_job.py:190} INFO - Processing /home/airflow/.local/lib/python3.6/site-packages/airflow/example_dags/example_skip_dag.py took 0.056 seconds
[2024-04-19 01:54:52,419] {scheduler_job.py:182} INFO - Started process (PID=1115) to work on /home/airflow/.local/lib/python3.6/site-packages/airflow/example_dags/example_skip_dag.py
[2024-04-19 01:54:52,422] {scheduler_job.py:629} INFO - Processing file /home/airflow/.local/lib/python3.6/site-packages/airflow/example_dags/example_skip_dag.py for tasks to queue
[2024-04-19 01:54:52,425] {logging_mixin.py:104} INFO - [2024-04-19 01:54:52,425] {dagbag.py:448} INFO - Filling up the DagBag from /home/airflow/.local/lib/python3.6/site-packages/airflow/example_dags/example_skip_dag.py
[2024-04-19 01:54:52,441] {scheduler_job.py:639} INFO - DAG(s) dict_keys(['example_skip_dag']) retrieved from /home/airflow/.local/lib/python3.6/site-packages/airflow/example_dags/example_skip_dag.py
[2024-04-19 01:54:52,466] {logging_mixin.py:104} INFO - [2024-04-19 01:54:52,466] {dag.py:1818} INFO - Sync 1 DAGs
[2024-04-19 01:54:52,483] {logging_mixin.py:104} INFO - [2024-04-19 01:54:52,483] {dag.py:2273} INFO - Setting next_dagrun for example_skip_dag to 2024-04-17 00:00:00+00:00
[2024-04-19 01:54:52,493] {scheduler_job.py:190} INFO - Processing /home/airflow/.local/lib/python3.6/site-packages/airflow/example_dags/example_skip_dag.py took 0.079 seconds
[2024-04-19 01:55:22,792] {scheduler_job.py:182} INFO - Started process (PID=1245) to work on /home/airflow/.local/lib/python3.6/site-packages/airflow/example_dags/example_skip_dag.py
[2024-04-19 01:55:22,794] {scheduler_job.py:629} INFO - Processing file /home/airflow/.local/lib/python3.6/site-packages/airflow/example_dags/example_skip_dag.py for tasks to queue
[2024-04-19 01:55:22,795] {logging_mixin.py:104} INFO - [2024-04-19 01:55:22,795] {dagbag.py:448} INFO - Filling up the DagBag from /home/airflow/.local/lib/python3.6/site-packages/airflow/example_dags/example_skip_dag.py
[2024-04-19 01:55:22,809] {scheduler_job.py:639} INFO - DAG(s) dict_keys(['example_skip_dag']) retrieved from /home/airflow/.local/lib/python3.6/site-packages/airflow/example_dags/example_skip_dag.py
[2024-04-19 01:55:22,831] {logging_mixin.py:104} INFO - [2024-04-19 01:55:22,831] {dag.py:1818} INFO - Sync 1 DAGs
[2024-04-19 01:55:22,848] {logging_mixin.py:104} INFO - [2024-04-19 01:55:22,848] {dag.py:2273} INFO - Setting next_dagrun for example_skip_dag to 2024-04-17 00:00:00+00:00
[2024-04-19 01:55:22,856] {scheduler_job.py:190} INFO - Processing /home/airflow/.local/lib/python3.6/site-packages/airflow/example_dags/example_skip_dag.py took 0.066 seconds
[2024-04-19 01:55:53,224] {scheduler_job.py:182} INFO - Started process (PID=1375) to work on /home/airflow/.local/lib/python3.6/site-packages/airflow/example_dags/example_skip_dag.py
[2024-04-19 01:55:53,225] {scheduler_job.py:629} INFO - Processing file /home/airflow/.local/lib/python3.6/site-packages/airflow/example_dags/example_skip_dag.py for tasks to queue
[2024-04-19 01:55:53,226] {logging_mixin.py:104} INFO - [2024-04-19 01:55:53,226] {dagbag.py:448} INFO - Filling up the DagBag from /home/airflow/.local/lib/python3.6/site-packages/airflow/example_dags/example_skip_dag.py
[2024-04-19 01:55:53,237] {scheduler_job.py:639} INFO - DAG(s) dict_keys(['example_skip_dag']) retrieved from /home/airflow/.local/lib/python3.6/site-packages/airflow/example_dags/example_skip_dag.py
[2024-04-19 01:55:53,254] {logging_mixin.py:104} INFO - [2024-04-19 01:55:53,254] {dag.py:1818} INFO - Sync 1 DAGs
[2024-04-19 01:55:53,266] {logging_mixin.py:104} INFO - [2024-04-19 01:55:53,266] {dag.py:2273} INFO - Setting next_dagrun for example_skip_dag to 2024-04-17 00:00:00+00:00
[2024-04-19 01:55:53,274] {scheduler_job.py:190} INFO - Processing /home/airflow/.local/lib/python3.6/site-packages/airflow/example_dags/example_skip_dag.py took 0.052 seconds
[2024-04-19 01:56:17,849] {scheduler_job.py:182} INFO - Started process (PID=167) to work on /home/airflow/.local/lib/python3.6/site-packages/airflow/example_dags/example_skip_dag.py
[2024-04-19 01:56:17,851] {scheduler_job.py:629} INFO - Processing file /home/airflow/.local/lib/python3.6/site-packages/airflow/example_dags/example_skip_dag.py for tasks to queue
[2024-04-19 01:56:17,852] {logging_mixin.py:104} INFO - [2024-04-19 01:56:17,852] {dagbag.py:448} INFO - Filling up the DagBag from /home/airflow/.local/lib/python3.6/site-packages/airflow/example_dags/example_skip_dag.py
[2024-04-19 01:56:17,872] {scheduler_job.py:639} INFO - DAG(s) dict_keys(['example_skip_dag']) retrieved from /home/airflow/.local/lib/python3.6/site-packages/airflow/example_dags/example_skip_dag.py
[2024-04-19 01:56:17,900] {logging_mixin.py:104} INFO - [2024-04-19 01:56:17,900] {dag.py:1818} INFO - Sync 1 DAGs
[2024-04-19 01:56:17,927] {logging_mixin.py:104} INFO - [2024-04-19 01:56:17,927] {dag.py:2273} INFO - Setting next_dagrun for example_skip_dag to 2024-04-17 00:00:00+00:00
[2024-04-19 01:56:17,947] {scheduler_job.py:190} INFO - Processing /home/airflow/.local/lib/python3.6/site-packages/airflow/example_dags/example_skip_dag.py took 0.103 seconds
[2024-04-19 01:56:48,388] {scheduler_job.py:182} INFO - Started process (PID=297) to work on /home/airflow/.local/lib/python3.6/site-packages/airflow/example_dags/example_skip_dag.py
[2024-04-19 01:56:48,389] {scheduler_job.py:629} INFO - Processing file /home/airflow/.local/lib/python3.6/site-packages/airflow/example_dags/example_skip_dag.py for tasks to queue
[2024-04-19 01:56:48,390] {logging_mixin.py:104} INFO - [2024-04-19 01:56:48,390] {dagbag.py:448} INFO - Filling up the DagBag from /home/airflow/.local/lib/python3.6/site-packages/airflow/example_dags/example_skip_dag.py
[2024-04-19 01:56:48,405] {scheduler_job.py:639} INFO - DAG(s) dict_keys(['example_skip_dag']) retrieved from /home/airflow/.local/lib/python3.6/site-packages/airflow/example_dags/example_skip_dag.py
[2024-04-19 01:56:48,436] {logging_mixin.py:104} INFO - [2024-04-19 01:56:48,436] {dag.py:1818} INFO - Sync 1 DAGs
[2024-04-19 01:56:48,458] {logging_mixin.py:104} INFO - [2024-04-19 01:56:48,458] {dag.py:2273} INFO - Setting next_dagrun for example_skip_dag to 2024-04-17 00:00:00+00:00
[2024-04-19 01:56:48,471] {scheduler_job.py:190} INFO - Processing /home/airflow/.local/lib/python3.6/site-packages/airflow/example_dags/example_skip_dag.py took 0.087 seconds
[2024-04-19 01:57:19,057] {scheduler_job.py:182} INFO - Started process (PID=429) to work on /home/airflow/.local/lib/python3.6/site-packages/airflow/example_dags/example_skip_dag.py
[2024-04-19 01:57:19,059] {scheduler_job.py:629} INFO - Processing file /home/airflow/.local/lib/python3.6/site-packages/airflow/example_dags/example_skip_dag.py for tasks to queue
[2024-04-19 01:57:19,060] {logging_mixin.py:104} INFO - [2024-04-19 01:57:19,060] {dagbag.py:448} INFO - Filling up the DagBag from /home/airflow/.local/lib/python3.6/site-packages/airflow/example_dags/example_skip_dag.py
[2024-04-19 01:57:19,069] {scheduler_job.py:639} INFO - DAG(s) dict_keys(['example_skip_dag']) retrieved from /home/airflow/.local/lib/python3.6/site-packages/airflow/example_dags/example_skip_dag.py
[2024-04-19 01:57:19,093] {logging_mixin.py:104} INFO - [2024-04-19 01:57:19,093] {dag.py:1818} INFO - Sync 1 DAGs
[2024-04-19 01:57:19,106] {logging_mixin.py:104} INFO - [2024-04-19 01:57:19,106] {dag.py:2273} INFO - Setting next_dagrun for example_skip_dag to 2024-04-17 00:00:00+00:00
[2024-04-19 01:57:19,120] {scheduler_job.py:190} INFO - Processing /home/airflow/.local/lib/python3.6/site-packages/airflow/example_dags/example_skip_dag.py took 0.065 seconds
[2024-04-19 01:57:49,850] {scheduler_job.py:182} INFO - Started process (PID=560) to work on /home/airflow/.local/lib/python3.6/site-packages/airflow/example_dags/example_skip_dag.py
[2024-04-19 01:57:49,851] {scheduler_job.py:629} INFO - Processing file /home/airflow/.local/lib/python3.6/site-packages/airflow/example_dags/example_skip_dag.py for tasks to queue
[2024-04-19 01:57:49,852] {logging_mixin.py:104} INFO - [2024-04-19 01:57:49,851] {dagbag.py:448} INFO - Filling up the DagBag from /home/airflow/.local/lib/python3.6/site-packages/airflow/example_dags/example_skip_dag.py
[2024-04-19 01:57:49,862] {scheduler_job.py:639} INFO - DAG(s) dict_keys(['example_skip_dag']) retrieved from /home/airflow/.local/lib/python3.6/site-packages/airflow/example_dags/example_skip_dag.py
[2024-04-19 01:57:49,881] {logging_mixin.py:104} INFO - [2024-04-19 01:57:49,881] {dag.py:1818} INFO - Sync 1 DAGs
[2024-04-19 01:57:49,891] {logging_mixin.py:104} INFO - [2024-04-19 01:57:49,891] {dag.py:2273} INFO - Setting next_dagrun for example_skip_dag to 2024-04-17 00:00:00+00:00
[2024-04-19 01:57:49,900] {scheduler_job.py:190} INFO - Processing /home/airflow/.local/lib/python3.6/site-packages/airflow/example_dags/example_skip_dag.py took 0.053 seconds
[2024-04-19 01:58:20,118] {scheduler_job.py:182} INFO - Started process (PID=689) to work on /home/airflow/.local/lib/python3.6/site-packages/airflow/example_dags/example_skip_dag.py
[2024-04-19 01:58:20,118] {scheduler_job.py:629} INFO - Processing file /home/airflow/.local/lib/python3.6/site-packages/airflow/example_dags/example_skip_dag.py for tasks to queue
[2024-04-19 01:58:20,119] {logging_mixin.py:104} INFO - [2024-04-19 01:58:20,119] {dagbag.py:448} INFO - Filling up the DagBag from /home/airflow/.local/lib/python3.6/site-packages/airflow/example_dags/example_skip_dag.py
[2024-04-19 01:58:20,125] {scheduler_job.py:639} INFO - DAG(s) dict_keys(['example_skip_dag']) retrieved from /home/airflow/.local/lib/python3.6/site-packages/airflow/example_dags/example_skip_dag.py
[2024-04-19 01:58:20,144] {logging_mixin.py:104} INFO - [2024-04-19 01:58:20,144] {dag.py:1818} INFO - Sync 1 DAGs
[2024-04-19 01:58:20,157] {logging_mixin.py:104} INFO - [2024-04-19 01:58:20,157] {dag.py:2273} INFO - Setting next_dagrun for example_skip_dag to 2024-04-17 00:00:00+00:00
[2024-04-19 01:58:20,174] {scheduler_job.py:190} INFO - Processing /home/airflow/.local/lib/python3.6/site-packages/airflow/example_dags/example_skip_dag.py took 0.058 seconds
[2024-04-19 01:58:50,293] {scheduler_job.py:182} INFO - Started process (PID=817) to work on /home/airflow/.local/lib/python3.6/site-packages/airflow/example_dags/example_skip_dag.py
[2024-04-19 01:58:50,295] {scheduler_job.py:629} INFO - Processing file /home/airflow/.local/lib/python3.6/site-packages/airflow/example_dags/example_skip_dag.py for tasks to queue
[2024-04-19 01:58:50,296] {logging_mixin.py:104} INFO - [2024-04-19 01:58:50,296] {dagbag.py:448} INFO - Filling up the DagBag from /home/airflow/.local/lib/python3.6/site-packages/airflow/example_dags/example_skip_dag.py
[2024-04-19 01:58:50,303] {scheduler_job.py:639} INFO - DAG(s) dict_keys(['example_skip_dag']) retrieved from /home/airflow/.local/lib/python3.6/site-packages/airflow/example_dags/example_skip_dag.py
[2024-04-19 01:58:50,321] {logging_mixin.py:104} INFO - [2024-04-19 01:58:50,321] {dag.py:1818} INFO - Sync 1 DAGs
[2024-04-19 01:58:50,331] {logging_mixin.py:104} INFO - [2024-04-19 01:58:50,331] {dag.py:2273} INFO - Setting next_dagrun for example_skip_dag to 2024-04-17 00:00:00+00:00
[2024-04-19 01:58:50,345] {scheduler_job.py:190} INFO - Processing /home/airflow/.local/lib/python3.6/site-packages/airflow/example_dags/example_skip_dag.py took 0.054 seconds
[2024-04-19 01:59:20,696] {scheduler_job.py:182} INFO - Started process (PID=957) to work on /home/airflow/.local/lib/python3.6/site-packages/airflow/example_dags/example_skip_dag.py
[2024-04-19 01:59:20,697] {scheduler_job.py:629} INFO - Processing file /home/airflow/.local/lib/python3.6/site-packages/airflow/example_dags/example_skip_dag.py for tasks to queue
[2024-04-19 01:59:20,698] {logging_mixin.py:104} INFO - [2024-04-19 01:59:20,698] {dagbag.py:448} INFO - Filling up the DagBag from /home/airflow/.local/lib/python3.6/site-packages/airflow/example_dags/example_skip_dag.py
[2024-04-19 01:59:20,706] {scheduler_job.py:639} INFO - DAG(s) dict_keys(['example_skip_dag']) retrieved from /home/airflow/.local/lib/python3.6/site-packages/airflow/example_dags/example_skip_dag.py
[2024-04-19 01:59:20,720] {logging_mixin.py:104} INFO - [2024-04-19 01:59:20,720] {dag.py:1818} INFO - Sync 1 DAGs
[2024-04-19 01:59:20,731] {logging_mixin.py:104} INFO - [2024-04-19 01:59:20,731] {dag.py:2273} INFO - Setting next_dagrun for example_skip_dag to 2024-04-17 00:00:00+00:00
[2024-04-19 01:59:20,739] {scheduler_job.py:190} INFO - Processing /home/airflow/.local/lib/python3.6/site-packages/airflow/example_dags/example_skip_dag.py took 0.046 seconds
[2024-04-19 01:59:50,830] {scheduler_job.py:182} INFO - Started process (PID=1087) to work on /home/airflow/.local/lib/python3.6/site-packages/airflow/example_dags/example_skip_dag.py
[2024-04-19 01:59:50,831] {scheduler_job.py:629} INFO - Processing file /home/airflow/.local/lib/python3.6/site-packages/airflow/example_dags/example_skip_dag.py for tasks to queue
[2024-04-19 01:59:50,832] {logging_mixin.py:104} INFO - [2024-04-19 01:59:50,832] {dagbag.py:448} INFO - Filling up the DagBag from /home/airflow/.local/lib/python3.6/site-packages/airflow/example_dags/example_skip_dag.py
[2024-04-19 01:59:50,840] {scheduler_job.py:639} INFO - DAG(s) dict_keys(['example_skip_dag']) retrieved from /home/airflow/.local/lib/python3.6/site-packages/airflow/example_dags/example_skip_dag.py
[2024-04-19 01:59:50,856] {logging_mixin.py:104} INFO - [2024-04-19 01:59:50,856] {dag.py:1818} INFO - Sync 1 DAGs
[2024-04-19 01:59:50,868] {logging_mixin.py:104} INFO - [2024-04-19 01:59:50,868] {dag.py:2273} INFO - Setting next_dagrun for example_skip_dag to 2024-04-17 00:00:00+00:00
[2024-04-19 01:59:50,874] {scheduler_job.py:190} INFO - Processing /home/airflow/.local/lib/python3.6/site-packages/airflow/example_dags/example_skip_dag.py took 0.047 seconds
[2024-04-19 02:00:20,998] {scheduler_job.py:182} INFO - Started process (PID=1217) to work on /home/airflow/.local/lib/python3.6/site-packages/airflow/example_dags/example_skip_dag.py
[2024-04-19 02:00:20,999] {scheduler_job.py:629} INFO - Processing file /home/airflow/.local/lib/python3.6/site-packages/airflow/example_dags/example_skip_dag.py for tasks to queue
[2024-04-19 02:00:21,000] {logging_mixin.py:104} INFO - [2024-04-19 02:00:21,000] {dagbag.py:448} INFO - Filling up the DagBag from /home/airflow/.local/lib/python3.6/site-packages/airflow/example_dags/example_skip_dag.py
[2024-04-19 02:00:21,009] {scheduler_job.py:639} INFO - DAG(s) dict_keys(['example_skip_dag']) retrieved from /home/airflow/.local/lib/python3.6/site-packages/airflow/example_dags/example_skip_dag.py
[2024-04-19 02:00:21,024] {logging_mixin.py:104} INFO - [2024-04-19 02:00:21,024] {dag.py:1818} INFO - Sync 1 DAGs
[2024-04-19 02:00:21,035] {logging_mixin.py:104} INFO - [2024-04-19 02:00:21,035] {dag.py:2273} INFO - Setting next_dagrun for example_skip_dag to 2024-04-17 00:00:00+00:00
[2024-04-19 02:00:21,041] {scheduler_job.py:190} INFO - Processing /home/airflow/.local/lib/python3.6/site-packages/airflow/example_dags/example_skip_dag.py took 0.045 seconds
[2024-04-19 02:00:51,348] {scheduler_job.py:182} INFO - Started process (PID=1355) to work on /home/airflow/.local/lib/python3.6/site-packages/airflow/example_dags/example_skip_dag.py
[2024-04-19 02:00:51,350] {scheduler_job.py:629} INFO - Processing file /home/airflow/.local/lib/python3.6/site-packages/airflow/example_dags/example_skip_dag.py for tasks to queue
[2024-04-19 02:00:51,351] {logging_mixin.py:104} INFO - [2024-04-19 02:00:51,351] {dagbag.py:448} INFO - Filling up the DagBag from /home/airflow/.local/lib/python3.6/site-packages/airflow/example_dags/example_skip_dag.py
[2024-04-19 02:00:51,364] {scheduler_job.py:639} INFO - DAG(s) dict_keys(['example_skip_dag']) retrieved from /home/airflow/.local/lib/python3.6/site-packages/airflow/example_dags/example_skip_dag.py
[2024-04-19 02:00:51,386] {logging_mixin.py:104} INFO - [2024-04-19 02:00:51,386] {dag.py:1818} INFO - Sync 1 DAGs
[2024-04-19 02:00:51,405] {logging_mixin.py:104} INFO - [2024-04-19 02:00:51,405] {dag.py:2273} INFO - Setting next_dagrun for example_skip_dag to 2024-04-17 00:00:00+00:00
[2024-04-19 02:00:51,420] {scheduler_job.py:190} INFO - Processing /home/airflow/.local/lib/python3.6/site-packages/airflow/example_dags/example_skip_dag.py took 0.074 seconds
[2024-04-19 02:01:21,564] {scheduler_job.py:182} INFO - Started process (PID=1469) to work on /home/airflow/.local/lib/python3.6/site-packages/airflow/example_dags/example_skip_dag.py
[2024-04-19 02:01:21,566] {scheduler_job.py:629} INFO - Processing file /home/airflow/.local/lib/python3.6/site-packages/airflow/example_dags/example_skip_dag.py for tasks to queue
[2024-04-19 02:01:21,567] {logging_mixin.py:104} INFO - [2024-04-19 02:01:21,567] {dagbag.py:448} INFO - Filling up the DagBag from /home/airflow/.local/lib/python3.6/site-packages/airflow/example_dags/example_skip_dag.py
[2024-04-19 02:01:21,583] {scheduler_job.py:639} INFO - DAG(s) dict_keys(['example_skip_dag']) retrieved from /home/airflow/.local/lib/python3.6/site-packages/airflow/example_dags/example_skip_dag.py
[2024-04-19 02:01:21,615] {logging_mixin.py:104} INFO - [2024-04-19 02:01:21,615] {dag.py:1818} INFO - Sync 1 DAGs
[2024-04-19 02:01:21,630] {logging_mixin.py:104} INFO - [2024-04-19 02:01:21,630] {dag.py:2273} INFO - Setting next_dagrun for example_skip_dag to 2024-04-17 00:00:00+00:00
[2024-04-19 02:01:21,639] {scheduler_job.py:190} INFO - Processing /home/airflow/.local/lib/python3.6/site-packages/airflow/example_dags/example_skip_dag.py took 0.084 seconds
[2024-04-19 02:01:52,288] {scheduler_job.py:182} INFO - Started process (PID=1599) to work on /home/airflow/.local/lib/python3.6/site-packages/airflow/example_dags/example_skip_dag.py
[2024-04-19 02:01:52,289] {scheduler_job.py:629} INFO - Processing file /home/airflow/.local/lib/python3.6/site-packages/airflow/example_dags/example_skip_dag.py for tasks to queue
[2024-04-19 02:01:52,290] {logging_mixin.py:104} INFO - [2024-04-19 02:01:52,290] {dagbag.py:448} INFO - Filling up the DagBag from /home/airflow/.local/lib/python3.6/site-packages/airflow/example_dags/example_skip_dag.py
[2024-04-19 02:01:52,299] {scheduler_job.py:639} INFO - DAG(s) dict_keys(['example_skip_dag']) retrieved from /home/airflow/.local/lib/python3.6/site-packages/airflow/example_dags/example_skip_dag.py
[2024-04-19 02:01:52,320] {logging_mixin.py:104} INFO - [2024-04-19 02:01:52,319] {dag.py:1818} INFO - Sync 1 DAGs
[2024-04-19 02:01:52,334] {logging_mixin.py:104} INFO - [2024-04-19 02:01:52,334] {dag.py:2273} INFO - Setting next_dagrun for example_skip_dag to 2024-04-17 00:00:00+00:00
[2024-04-19 02:01:52,350] {scheduler_job.py:190} INFO - Processing /home/airflow/.local/lib/python3.6/site-packages/airflow/example_dags/example_skip_dag.py took 0.064 seconds
[2024-04-19 02:02:22,781] {scheduler_job.py:182} INFO - Started process (PID=1730) to work on /home/airflow/.local/lib/python3.6/site-packages/airflow/example_dags/example_skip_dag.py
[2024-04-19 02:02:22,782] {scheduler_job.py:629} INFO - Processing file /home/airflow/.local/lib/python3.6/site-packages/airflow/example_dags/example_skip_dag.py for tasks to queue
[2024-04-19 02:02:22,783] {logging_mixin.py:104} INFO - [2024-04-19 02:02:22,783] {dagbag.py:448} INFO - Filling up the DagBag from /home/airflow/.local/lib/python3.6/site-packages/airflow/example_dags/example_skip_dag.py
[2024-04-19 02:02:22,791] {scheduler_job.py:639} INFO - DAG(s) dict_keys(['example_skip_dag']) retrieved from /home/airflow/.local/lib/python3.6/site-packages/airflow/example_dags/example_skip_dag.py
[2024-04-19 02:02:22,809] {logging_mixin.py:104} INFO - [2024-04-19 02:02:22,809] {dag.py:1818} INFO - Sync 1 DAGs
[2024-04-19 02:02:22,822] {logging_mixin.py:104} INFO - [2024-04-19 02:02:22,822] {dag.py:2273} INFO - Setting next_dagrun for example_skip_dag to 2024-04-17 00:00:00+00:00
[2024-04-19 02:02:22,834] {scheduler_job.py:190} INFO - Processing /home/airflow/.local/lib/python3.6/site-packages/airflow/example_dags/example_skip_dag.py took 0.056 seconds
[2024-04-19 02:02:53,275] {scheduler_job.py:182} INFO - Started process (PID=1872) to work on /home/airflow/.local/lib/python3.6/site-packages/airflow/example_dags/example_skip_dag.py
[2024-04-19 02:02:53,276] {scheduler_job.py:629} INFO - Processing file /home/airflow/.local/lib/python3.6/site-packages/airflow/example_dags/example_skip_dag.py for tasks to queue
[2024-04-19 02:02:53,276] {logging_mixin.py:104} INFO - [2024-04-19 02:02:53,276] {dagbag.py:448} INFO - Filling up the DagBag from /home/airflow/.local/lib/python3.6/site-packages/airflow/example_dags/example_skip_dag.py
[2024-04-19 02:02:53,283] {scheduler_job.py:639} INFO - DAG(s) dict_keys(['example_skip_dag']) retrieved from /home/airflow/.local/lib/python3.6/site-packages/airflow/example_dags/example_skip_dag.py
[2024-04-19 02:02:53,299] {logging_mixin.py:104} INFO - [2024-04-19 02:02:53,299] {dag.py:1818} INFO - Sync 1 DAGs
[2024-04-19 02:02:53,308] {logging_mixin.py:104} INFO - [2024-04-19 02:02:53,308] {dag.py:2273} INFO - Setting next_dagrun for example_skip_dag to 2024-04-17 00:00:00+00:00
[2024-04-19 02:02:53,316] {scheduler_job.py:190} INFO - Processing /home/airflow/.local/lib/python3.6/site-packages/airflow/example_dags/example_skip_dag.py took 0.043 seconds
[2024-04-19 02:03:23,350] {scheduler_job.py:182} INFO - Started process (PID=1997) to work on /home/airflow/.local/lib/python3.6/site-packages/airflow/example_dags/example_skip_dag.py
[2024-04-19 02:03:23,351] {scheduler_job.py:629} INFO - Processing file /home/airflow/.local/lib/python3.6/site-packages/airflow/example_dags/example_skip_dag.py for tasks to queue
[2024-04-19 02:03:23,352] {logging_mixin.py:104} INFO - [2024-04-19 02:03:23,352] {dagbag.py:448} INFO - Filling up the DagBag from /home/airflow/.local/lib/python3.6/site-packages/airflow/example_dags/example_skip_dag.py
[2024-04-19 02:03:23,359] {scheduler_job.py:639} INFO - DAG(s) dict_keys(['example_skip_dag']) retrieved from /home/airflow/.local/lib/python3.6/site-packages/airflow/example_dags/example_skip_dag.py
[2024-04-19 02:03:23,375] {logging_mixin.py:104} INFO - [2024-04-19 02:03:23,375] {dag.py:1818} INFO - Sync 1 DAGs
[2024-04-19 02:03:23,384] {logging_mixin.py:104} INFO - [2024-04-19 02:03:23,384] {dag.py:2273} INFO - Setting next_dagrun for example_skip_dag to 2024-04-17 00:00:00+00:00
[2024-04-19 02:03:23,392] {scheduler_job.py:190} INFO - Processing /home/airflow/.local/lib/python3.6/site-packages/airflow/example_dags/example_skip_dag.py took 0.044 seconds
[2024-04-19 02:03:53,440] {scheduler_job.py:182} INFO - Started process (PID=2127) to work on /home/airflow/.local/lib/python3.6/site-packages/airflow/example_dags/example_skip_dag.py
[2024-04-19 02:03:53,441] {scheduler_job.py:629} INFO - Processing file /home/airflow/.local/lib/python3.6/site-packages/airflow/example_dags/example_skip_dag.py for tasks to queue
[2024-04-19 02:03:53,442] {logging_mixin.py:104} INFO - [2024-04-19 02:03:53,442] {dagbag.py:448} INFO - Filling up the DagBag from /home/airflow/.local/lib/python3.6/site-packages/airflow/example_dags/example_skip_dag.py
[2024-04-19 02:03:53,448] {scheduler_job.py:639} INFO - DAG(s) dict_keys(['example_skip_dag']) retrieved from /home/airflow/.local/lib/python3.6/site-packages/airflow/example_dags/example_skip_dag.py
[2024-04-19 02:03:53,461] {logging_mixin.py:104} INFO - [2024-04-19 02:03:53,461] {dag.py:1818} INFO - Sync 1 DAGs
[2024-04-19 02:03:53,471] {logging_mixin.py:104} INFO - [2024-04-19 02:03:53,471] {dag.py:2273} INFO - Setting next_dagrun for example_skip_dag to 2024-04-17 00:00:00+00:00
[2024-04-19 02:03:53,478] {scheduler_job.py:190} INFO - Processing /home/airflow/.local/lib/python3.6/site-packages/airflow/example_dags/example_skip_dag.py took 0.040 seconds
[2024-04-19 02:04:23,531] {scheduler_job.py:182} INFO - Started process (PID=2250) to work on /home/airflow/.local/lib/python3.6/site-packages/airflow/example_dags/example_skip_dag.py
[2024-04-19 02:04:23,533] {scheduler_job.py:629} INFO - Processing file /home/airflow/.local/lib/python3.6/site-packages/airflow/example_dags/example_skip_dag.py for tasks to queue
[2024-04-19 02:04:23,534] {logging_mixin.py:104} INFO - [2024-04-19 02:04:23,534] {dagbag.py:448} INFO - Filling up the DagBag from /home/airflow/.local/lib/python3.6/site-packages/airflow/example_dags/example_skip_dag.py
[2024-04-19 02:04:23,546] {scheduler_job.py:639} INFO - DAG(s) dict_keys(['example_skip_dag']) retrieved from /home/airflow/.local/lib/python3.6/site-packages/airflow/example_dags/example_skip_dag.py
[2024-04-19 02:04:23,573] {logging_mixin.py:104} INFO - [2024-04-19 02:04:23,573] {dag.py:1818} INFO - Sync 1 DAGs
[2024-04-19 02:04:23,589] {logging_mixin.py:104} INFO - [2024-04-19 02:04:23,589] {dag.py:2273} INFO - Setting next_dagrun for example_skip_dag to 2024-04-17 00:00:00+00:00
[2024-04-19 02:04:23,602] {scheduler_job.py:190} INFO - Processing /home/airflow/.local/lib/python3.6/site-packages/airflow/example_dags/example_skip_dag.py took 0.075 seconds
[2024-04-19 02:04:54,099] {scheduler_job.py:182} INFO - Started process (PID=2387) to work on /home/airflow/.local/lib/python3.6/site-packages/airflow/example_dags/example_skip_dag.py
[2024-04-19 02:04:54,100] {scheduler_job.py:629} INFO - Processing file /home/airflow/.local/lib/python3.6/site-packages/airflow/example_dags/example_skip_dag.py for tasks to queue
[2024-04-19 02:04:54,101] {logging_mixin.py:104} INFO - [2024-04-19 02:04:54,101] {dagbag.py:448} INFO - Filling up the DagBag from /home/airflow/.local/lib/python3.6/site-packages/airflow/example_dags/example_skip_dag.py
[2024-04-19 02:04:54,108] {scheduler_job.py:639} INFO - DAG(s) dict_keys(['example_skip_dag']) retrieved from /home/airflow/.local/lib/python3.6/site-packages/airflow/example_dags/example_skip_dag.py
[2024-04-19 02:04:54,124] {logging_mixin.py:104} INFO - [2024-04-19 02:04:54,124] {dag.py:1818} INFO - Sync 1 DAGs
[2024-04-19 02:04:54,135] {logging_mixin.py:104} INFO - [2024-04-19 02:04:54,135] {dag.py:2273} INFO - Setting next_dagrun for example_skip_dag to 2024-04-17 00:00:00+00:00
[2024-04-19 02:04:54,141] {scheduler_job.py:190} INFO - Processing /home/airflow/.local/lib/python3.6/site-packages/airflow/example_dags/example_skip_dag.py took 0.044 seconds
[2024-04-19 02:05:24,587] {scheduler_job.py:182} INFO - Started process (PID=2517) to work on /home/airflow/.local/lib/python3.6/site-packages/airflow/example_dags/example_skip_dag.py
[2024-04-19 02:05:24,589] {scheduler_job.py:629} INFO - Processing file /home/airflow/.local/lib/python3.6/site-packages/airflow/example_dags/example_skip_dag.py for tasks to queue
[2024-04-19 02:05:24,590] {logging_mixin.py:104} INFO - [2024-04-19 02:05:24,590] {dagbag.py:448} INFO - Filling up the DagBag from /home/airflow/.local/lib/python3.6/site-packages/airflow/example_dags/example_skip_dag.py
[2024-04-19 02:05:24,599] {scheduler_job.py:639} INFO - DAG(s) dict_keys(['example_skip_dag']) retrieved from /home/airflow/.local/lib/python3.6/site-packages/airflow/example_dags/example_skip_dag.py
[2024-04-19 02:05:24,620] {logging_mixin.py:104} INFO - [2024-04-19 02:05:24,619] {dag.py:1818} INFO - Sync 1 DAGs
[2024-04-19 02:05:24,632] {logging_mixin.py:104} INFO - [2024-04-19 02:05:24,631] {dag.py:2273} INFO - Setting next_dagrun for example_skip_dag to 2024-04-17 00:00:00+00:00
[2024-04-19 02:05:24,639] {scheduler_job.py:190} INFO - Processing /home/airflow/.local/lib/python3.6/site-packages/airflow/example_dags/example_skip_dag.py took 0.056 seconds
[2024-04-19 02:05:54,841] {scheduler_job.py:182} INFO - Started process (PID=2647) to work on /home/airflow/.local/lib/python3.6/site-packages/airflow/example_dags/example_skip_dag.py
[2024-04-19 02:05:54,842] {scheduler_job.py:629} INFO - Processing file /home/airflow/.local/lib/python3.6/site-packages/airflow/example_dags/example_skip_dag.py for tasks to queue
[2024-04-19 02:05:54,842] {logging_mixin.py:104} INFO - [2024-04-19 02:05:54,842] {dagbag.py:448} INFO - Filling up the DagBag from /home/airflow/.local/lib/python3.6/site-packages/airflow/example_dags/example_skip_dag.py
[2024-04-19 02:05:54,849] {scheduler_job.py:639} INFO - DAG(s) dict_keys(['example_skip_dag']) retrieved from /home/airflow/.local/lib/python3.6/site-packages/airflow/example_dags/example_skip_dag.py
[2024-04-19 02:05:54,862] {logging_mixin.py:104} INFO - [2024-04-19 02:05:54,862] {dag.py:1818} INFO - Sync 1 DAGs
[2024-04-19 02:05:54,870] {logging_mixin.py:104} INFO - [2024-04-19 02:05:54,870] {dag.py:2273} INFO - Setting next_dagrun for example_skip_dag to 2024-04-17 00:00:00+00:00
[2024-04-19 02:05:54,878] {scheduler_job.py:190} INFO - Processing /home/airflow/.local/lib/python3.6/site-packages/airflow/example_dags/example_skip_dag.py took 0.039 seconds
[2024-04-19 02:06:25,041] {scheduler_job.py:182} INFO - Started process (PID=2777) to work on /home/airflow/.local/lib/python3.6/site-packages/airflow/example_dags/example_skip_dag.py
[2024-04-19 02:06:25,042] {scheduler_job.py:629} INFO - Processing file /home/airflow/.local/lib/python3.6/site-packages/airflow/example_dags/example_skip_dag.py for tasks to queue
[2024-04-19 02:06:25,043] {logging_mixin.py:104} INFO - [2024-04-19 02:06:25,043] {dagbag.py:448} INFO - Filling up the DagBag from /home/airflow/.local/lib/python3.6/site-packages/airflow/example_dags/example_skip_dag.py
[2024-04-19 02:06:25,049] {scheduler_job.py:639} INFO - DAG(s) dict_keys(['example_skip_dag']) retrieved from /home/airflow/.local/lib/python3.6/site-packages/airflow/example_dags/example_skip_dag.py
[2024-04-19 02:06:25,063] {logging_mixin.py:104} INFO - [2024-04-19 02:06:25,063] {dag.py:1818} INFO - Sync 1 DAGs
[2024-04-19 02:06:25,072] {logging_mixin.py:104} INFO - [2024-04-19 02:06:25,072] {dag.py:2273} INFO - Setting next_dagrun for example_skip_dag to 2024-04-17 00:00:00+00:00
[2024-04-19 02:06:25,079] {scheduler_job.py:190} INFO - Processing /home/airflow/.local/lib/python3.6/site-packages/airflow/example_dags/example_skip_dag.py took 0.040 seconds
[2024-04-19 02:06:55,281] {scheduler_job.py:182} INFO - Started process (PID=2907) to work on /home/airflow/.local/lib/python3.6/site-packages/airflow/example_dags/example_skip_dag.py
[2024-04-19 02:06:55,282] {scheduler_job.py:629} INFO - Processing file /home/airflow/.local/lib/python3.6/site-packages/airflow/example_dags/example_skip_dag.py for tasks to queue
[2024-04-19 02:06:55,283] {logging_mixin.py:104} INFO - [2024-04-19 02:06:55,283] {dagbag.py:448} INFO - Filling up the DagBag from /home/airflow/.local/lib/python3.6/site-packages/airflow/example_dags/example_skip_dag.py
[2024-04-19 02:06:55,291] {scheduler_job.py:639} INFO - DAG(s) dict_keys(['example_skip_dag']) retrieved from /home/airflow/.local/lib/python3.6/site-packages/airflow/example_dags/example_skip_dag.py
[2024-04-19 02:06:55,305] {logging_mixin.py:104} INFO - [2024-04-19 02:06:55,305] {dag.py:1818} INFO - Sync 1 DAGs
[2024-04-19 02:06:55,315] {logging_mixin.py:104} INFO - [2024-04-19 02:06:55,315] {dag.py:2273} INFO - Setting next_dagrun for example_skip_dag to 2024-04-17 00:00:00+00:00
[2024-04-19 02:06:55,323] {scheduler_job.py:190} INFO - Processing /home/airflow/.local/lib/python3.6/site-packages/airflow/example_dags/example_skip_dag.py took 0.044 seconds
[2024-04-19 02:07:25,499] {scheduler_job.py:182} INFO - Started process (PID=3037) to work on /home/airflow/.local/lib/python3.6/site-packages/airflow/example_dags/example_skip_dag.py
[2024-04-19 02:07:25,501] {scheduler_job.py:629} INFO - Processing file /home/airflow/.local/lib/python3.6/site-packages/airflow/example_dags/example_skip_dag.py for tasks to queue
[2024-04-19 02:07:25,502] {logging_mixin.py:104} INFO - [2024-04-19 02:07:25,501] {dagbag.py:448} INFO - Filling up the DagBag from /home/airflow/.local/lib/python3.6/site-packages/airflow/example_dags/example_skip_dag.py
[2024-04-19 02:07:25,508] {scheduler_job.py:639} INFO - DAG(s) dict_keys(['example_skip_dag']) retrieved from /home/airflow/.local/lib/python3.6/site-packages/airflow/example_dags/example_skip_dag.py
[2024-04-19 02:07:25,522] {logging_mixin.py:104} INFO - [2024-04-19 02:07:25,522] {dag.py:1818} INFO - Sync 1 DAGs
[2024-04-19 02:07:25,532] {logging_mixin.py:104} INFO - [2024-04-19 02:07:25,532] {dag.py:2273} INFO - Setting next_dagrun for example_skip_dag to 2024-04-17 00:00:00+00:00
[2024-04-19 02:07:25,540] {scheduler_job.py:190} INFO - Processing /home/airflow/.local/lib/python3.6/site-packages/airflow/example_dags/example_skip_dag.py took 0.043 seconds
[2024-04-19 02:07:55,860] {scheduler_job.py:182} INFO - Started process (PID=3174) to work on /home/airflow/.local/lib/python3.6/site-packages/airflow/example_dags/example_skip_dag.py
[2024-04-19 02:07:55,862] {scheduler_job.py:629} INFO - Processing file /home/airflow/.local/lib/python3.6/site-packages/airflow/example_dags/example_skip_dag.py for tasks to queue
[2024-04-19 02:07:55,863] {logging_mixin.py:104} INFO - [2024-04-19 02:07:55,863] {dagbag.py:448} INFO - Filling up the DagBag from /home/airflow/.local/lib/python3.6/site-packages/airflow/example_dags/example_skip_dag.py
[2024-04-19 02:07:55,878] {scheduler_job.py:639} INFO - DAG(s) dict_keys(['example_skip_dag']) retrieved from /home/airflow/.local/lib/python3.6/site-packages/airflow/example_dags/example_skip_dag.py
[2024-04-19 02:07:55,893] {logging_mixin.py:104} INFO - [2024-04-19 02:07:55,893] {dag.py:1818} INFO - Sync 1 DAGs
[2024-04-19 02:07:55,903] {logging_mixin.py:104} INFO - [2024-04-19 02:07:55,903] {dag.py:2273} INFO - Setting next_dagrun for example_skip_dag to 2024-04-17 00:00:00+00:00
[2024-04-19 02:07:55,913] {scheduler_job.py:190} INFO - Processing /home/airflow/.local/lib/python3.6/site-packages/airflow/example_dags/example_skip_dag.py took 0.055 seconds
[2024-04-19 02:08:26,145] {scheduler_job.py:182} INFO - Started process (PID=3304) to work on /home/airflow/.local/lib/python3.6/site-packages/airflow/example_dags/example_skip_dag.py
[2024-04-19 02:08:26,146] {scheduler_job.py:629} INFO - Processing file /home/airflow/.local/lib/python3.6/site-packages/airflow/example_dags/example_skip_dag.py for tasks to queue
[2024-04-19 02:08:26,147] {logging_mixin.py:104} INFO - [2024-04-19 02:08:26,147] {dagbag.py:448} INFO - Filling up the DagBag from /home/airflow/.local/lib/python3.6/site-packages/airflow/example_dags/example_skip_dag.py
[2024-04-19 02:08:26,153] {scheduler_job.py:639} INFO - DAG(s) dict_keys(['example_skip_dag']) retrieved from /home/airflow/.local/lib/python3.6/site-packages/airflow/example_dags/example_skip_dag.py
[2024-04-19 02:08:26,168] {logging_mixin.py:104} INFO - [2024-04-19 02:08:26,168] {dag.py:1818} INFO - Sync 1 DAGs
[2024-04-19 02:08:26,179] {logging_mixin.py:104} INFO - [2024-04-19 02:08:26,179] {dag.py:2273} INFO - Setting next_dagrun for example_skip_dag to 2024-04-17 00:00:00+00:00
[2024-04-19 02:08:26,188] {scheduler_job.py:190} INFO - Processing /home/airflow/.local/lib/python3.6/site-packages/airflow/example_dags/example_skip_dag.py took 0.045 seconds
[2024-04-19 02:08:56,451] {scheduler_job.py:182} INFO - Started process (PID=3442) to work on /home/airflow/.local/lib/python3.6/site-packages/airflow/example_dags/example_skip_dag.py
[2024-04-19 02:08:56,452] {scheduler_job.py:629} INFO - Processing file /home/airflow/.local/lib/python3.6/site-packages/airflow/example_dags/example_skip_dag.py for tasks to queue
[2024-04-19 02:08:56,453] {logging_mixin.py:104} INFO - [2024-04-19 02:08:56,453] {dagbag.py:448} INFO - Filling up the DagBag from /home/airflow/.local/lib/python3.6/site-packages/airflow/example_dags/example_skip_dag.py
[2024-04-19 02:08:56,459] {scheduler_job.py:639} INFO - DAG(s) dict_keys(['example_skip_dag']) retrieved from /home/airflow/.local/lib/python3.6/site-packages/airflow/example_dags/example_skip_dag.py
[2024-04-19 02:08:56,473] {logging_mixin.py:104} INFO - [2024-04-19 02:08:56,473] {dag.py:1818} INFO - Sync 1 DAGs
[2024-04-19 02:08:56,484] {logging_mixin.py:104} INFO - [2024-04-19 02:08:56,484] {dag.py:2273} INFO - Setting next_dagrun for example_skip_dag to 2024-04-17 00:00:00+00:00
[2024-04-19 02:08:56,490] {scheduler_job.py:190} INFO - Processing /home/airflow/.local/lib/python3.6/site-packages/airflow/example_dags/example_skip_dag.py took 0.042 seconds
[2024-04-19 02:09:26,905] {scheduler_job.py:182} INFO - Started process (PID=3587) to work on /home/airflow/.local/lib/python3.6/site-packages/airflow/example_dags/example_skip_dag.py
[2024-04-19 02:09:26,906] {scheduler_job.py:629} INFO - Processing file /home/airflow/.local/lib/python3.6/site-packages/airflow/example_dags/example_skip_dag.py for tasks to queue
[2024-04-19 02:09:26,907] {logging_mixin.py:104} INFO - [2024-04-19 02:09:26,907] {dagbag.py:448} INFO - Filling up the DagBag from /home/airflow/.local/lib/python3.6/site-packages/airflow/example_dags/example_skip_dag.py
[2024-04-19 02:09:26,914] {scheduler_job.py:639} INFO - DAG(s) dict_keys(['example_skip_dag']) retrieved from /home/airflow/.local/lib/python3.6/site-packages/airflow/example_dags/example_skip_dag.py
[2024-04-19 02:09:26,935] {logging_mixin.py:104} INFO - [2024-04-19 02:09:26,935] {dag.py:1818} INFO - Sync 1 DAGs
[2024-04-19 02:09:26,946] {logging_mixin.py:104} INFO - [2024-04-19 02:09:26,946] {dag.py:2273} INFO - Setting next_dagrun for example_skip_dag to 2024-04-17 00:00:00+00:00
[2024-04-19 02:09:26,954] {scheduler_job.py:190} INFO - Processing /home/airflow/.local/lib/python3.6/site-packages/airflow/example_dags/example_skip_dag.py took 0.050 seconds
[2024-04-19 02:09:57,169] {scheduler_job.py:182} INFO - Started process (PID=3717) to work on /home/airflow/.local/lib/python3.6/site-packages/airflow/example_dags/example_skip_dag.py
[2024-04-19 02:09:57,171] {scheduler_job.py:629} INFO - Processing file /home/airflow/.local/lib/python3.6/site-packages/airflow/example_dags/example_skip_dag.py for tasks to queue
[2024-04-19 02:09:57,172] {logging_mixin.py:104} INFO - [2024-04-19 02:09:57,172] {dagbag.py:448} INFO - Filling up the DagBag from /home/airflow/.local/lib/python3.6/site-packages/airflow/example_dags/example_skip_dag.py
[2024-04-19 02:09:57,181] {scheduler_job.py:639} INFO - DAG(s) dict_keys(['example_skip_dag']) retrieved from /home/airflow/.local/lib/python3.6/site-packages/airflow/example_dags/example_skip_dag.py
[2024-04-19 02:09:57,198] {logging_mixin.py:104} INFO - [2024-04-19 02:09:57,198] {dag.py:1818} INFO - Sync 1 DAGs
[2024-04-19 02:09:57,208] {logging_mixin.py:104} INFO - [2024-04-19 02:09:57,208] {dag.py:2273} INFO - Setting next_dagrun for example_skip_dag to 2024-04-17 00:00:00+00:00
[2024-04-19 02:09:57,216] {scheduler_job.py:190} INFO - Processing /home/airflow/.local/lib/python3.6/site-packages/airflow/example_dags/example_skip_dag.py took 0.049 seconds
[2024-04-19 02:10:27,294] {scheduler_job.py:182} INFO - Started process (PID=3845) to work on /home/airflow/.local/lib/python3.6/site-packages/airflow/example_dags/example_skip_dag.py
[2024-04-19 02:10:27,296] {scheduler_job.py:629} INFO - Processing file /home/airflow/.local/lib/python3.6/site-packages/airflow/example_dags/example_skip_dag.py for tasks to queue
[2024-04-19 02:10:27,297] {logging_mixin.py:104} INFO - [2024-04-19 02:10:27,297] {dagbag.py:448} INFO - Filling up the DagBag from /home/airflow/.local/lib/python3.6/site-packages/airflow/example_dags/example_skip_dag.py
[2024-04-19 02:10:27,304] {scheduler_job.py:639} INFO - DAG(s) dict_keys(['example_skip_dag']) retrieved from /home/airflow/.local/lib/python3.6/site-packages/airflow/example_dags/example_skip_dag.py
[2024-04-19 02:10:27,323] {logging_mixin.py:104} INFO - [2024-04-19 02:10:27,323] {dag.py:1818} INFO - Sync 1 DAGs
[2024-04-19 02:10:27,337] {logging_mixin.py:104} INFO - [2024-04-19 02:10:27,337] {dag.py:2273} INFO - Setting next_dagrun for example_skip_dag to 2024-04-17 00:00:00+00:00
[2024-04-19 02:10:27,345] {scheduler_job.py:190} INFO - Processing /home/airflow/.local/lib/python3.6/site-packages/airflow/example_dags/example_skip_dag.py took 0.053 seconds
[2024-04-19 02:10:57,541] {scheduler_job.py:182} INFO - Started process (PID=3977) to work on /home/airflow/.local/lib/python3.6/site-packages/airflow/example_dags/example_skip_dag.py
[2024-04-19 02:10:57,542] {scheduler_job.py:629} INFO - Processing file /home/airflow/.local/lib/python3.6/site-packages/airflow/example_dags/example_skip_dag.py for tasks to queue
[2024-04-19 02:10:57,543] {logging_mixin.py:104} INFO - [2024-04-19 02:10:57,543] {dagbag.py:448} INFO - Filling up the DagBag from /home/airflow/.local/lib/python3.6/site-packages/airflow/example_dags/example_skip_dag.py
[2024-04-19 02:10:57,549] {scheduler_job.py:639} INFO - DAG(s) dict_keys(['example_skip_dag']) retrieved from /home/airflow/.local/lib/python3.6/site-packages/airflow/example_dags/example_skip_dag.py
[2024-04-19 02:10:57,567] {logging_mixin.py:104} INFO - [2024-04-19 02:10:57,567] {dag.py:1818} INFO - Sync 1 DAGs
[2024-04-19 02:10:57,577] {logging_mixin.py:104} INFO - [2024-04-19 02:10:57,577] {dag.py:2273} INFO - Setting next_dagrun for example_skip_dag to 2024-04-17 00:00:00+00:00
[2024-04-19 02:10:57,584] {scheduler_job.py:190} INFO - Processing /home/airflow/.local/lib/python3.6/site-packages/airflow/example_dags/example_skip_dag.py took 0.046 seconds
[2024-04-19 02:11:27,637] {scheduler_job.py:182} INFO - Started process (PID=4105) to work on /home/airflow/.local/lib/python3.6/site-packages/airflow/example_dags/example_skip_dag.py
[2024-04-19 02:11:27,638] {scheduler_job.py:629} INFO - Processing file /home/airflow/.local/lib/python3.6/site-packages/airflow/example_dags/example_skip_dag.py for tasks to queue
[2024-04-19 02:11:27,639] {logging_mixin.py:104} INFO - [2024-04-19 02:11:27,639] {dagbag.py:448} INFO - Filling up the DagBag from /home/airflow/.local/lib/python3.6/site-packages/airflow/example_dags/example_skip_dag.py
[2024-04-19 02:11:27,649] {scheduler_job.py:639} INFO - DAG(s) dict_keys(['example_skip_dag']) retrieved from /home/airflow/.local/lib/python3.6/site-packages/airflow/example_dags/example_skip_dag.py
[2024-04-19 02:11:27,667] {logging_mixin.py:104} INFO - [2024-04-19 02:11:27,667] {dag.py:1818} INFO - Sync 1 DAGs
[2024-04-19 02:11:27,677] {logging_mixin.py:104} INFO - [2024-04-19 02:11:27,677] {dag.py:2273} INFO - Setting next_dagrun for example_skip_dag to 2024-04-17 00:00:00+00:00
[2024-04-19 02:11:27,686] {scheduler_job.py:190} INFO - Processing /home/airflow/.local/lib/python3.6/site-packages/airflow/example_dags/example_skip_dag.py took 0.053 seconds
[2024-04-19 02:11:57,787] {scheduler_job.py:182} INFO - Started process (PID=4235) to work on /home/airflow/.local/lib/python3.6/site-packages/airflow/example_dags/example_skip_dag.py
[2024-04-19 02:11:57,788] {scheduler_job.py:629} INFO - Processing file /home/airflow/.local/lib/python3.6/site-packages/airflow/example_dags/example_skip_dag.py for tasks to queue
[2024-04-19 02:11:57,789] {logging_mixin.py:104} INFO - [2024-04-19 02:11:57,789] {dagbag.py:448} INFO - Filling up the DagBag from /home/airflow/.local/lib/python3.6/site-packages/airflow/example_dags/example_skip_dag.py
[2024-04-19 02:11:57,796] {scheduler_job.py:639} INFO - DAG(s) dict_keys(['example_skip_dag']) retrieved from /home/airflow/.local/lib/python3.6/site-packages/airflow/example_dags/example_skip_dag.py
[2024-04-19 02:11:57,815] {logging_mixin.py:104} INFO - [2024-04-19 02:11:57,815] {dag.py:1818} INFO - Sync 1 DAGs
[2024-04-19 02:11:57,826] {logging_mixin.py:104} INFO - [2024-04-19 02:11:57,826] {dag.py:2273} INFO - Setting next_dagrun for example_skip_dag to 2024-04-17 00:00:00+00:00
[2024-04-19 02:11:57,834] {scheduler_job.py:190} INFO - Processing /home/airflow/.local/lib/python3.6/site-packages/airflow/example_dags/example_skip_dag.py took 0.049 seconds
[2024-04-19 02:12:27,985] {scheduler_job.py:182} INFO - Started process (PID=4350) to work on /home/airflow/.local/lib/python3.6/site-packages/airflow/example_dags/example_skip_dag.py
[2024-04-19 02:12:27,986] {scheduler_job.py:629} INFO - Processing file /home/airflow/.local/lib/python3.6/site-packages/airflow/example_dags/example_skip_dag.py for tasks to queue
[2024-04-19 02:12:27,988] {logging_mixin.py:104} INFO - [2024-04-19 02:12:27,987] {dagbag.py:448} INFO - Filling up the DagBag from /home/airflow/.local/lib/python3.6/site-packages/airflow/example_dags/example_skip_dag.py
[2024-04-19 02:12:27,997] {scheduler_job.py:639} INFO - DAG(s) dict_keys(['example_skip_dag']) retrieved from /home/airflow/.local/lib/python3.6/site-packages/airflow/example_dags/example_skip_dag.py
[2024-04-19 02:12:28,016] {logging_mixin.py:104} INFO - [2024-04-19 02:12:28,016] {dag.py:1818} INFO - Sync 1 DAGs
[2024-04-19 02:12:28,030] {logging_mixin.py:104} INFO - [2024-04-19 02:12:28,030] {dag.py:2273} INFO - Setting next_dagrun for example_skip_dag to 2024-04-17 00:00:00+00:00
[2024-04-19 02:12:28,041] {scheduler_job.py:190} INFO - Processing /home/airflow/.local/lib/python3.6/site-packages/airflow/example_dags/example_skip_dag.py took 0.059 seconds
[2024-04-19 02:12:58,293] {scheduler_job.py:182} INFO - Started process (PID=4482) to work on /home/airflow/.local/lib/python3.6/site-packages/airflow/example_dags/example_skip_dag.py
[2024-04-19 02:12:58,294] {scheduler_job.py:629} INFO - Processing file /home/airflow/.local/lib/python3.6/site-packages/airflow/example_dags/example_skip_dag.py for tasks to queue
[2024-04-19 02:12:58,295] {logging_mixin.py:104} INFO - [2024-04-19 02:12:58,295] {dagbag.py:448} INFO - Filling up the DagBag from /home/airflow/.local/lib/python3.6/site-packages/airflow/example_dags/example_skip_dag.py
[2024-04-19 02:12:58,302] {scheduler_job.py:639} INFO - DAG(s) dict_keys(['example_skip_dag']) retrieved from /home/airflow/.local/lib/python3.6/site-packages/airflow/example_dags/example_skip_dag.py
[2024-04-19 02:12:58,322] {logging_mixin.py:104} INFO - [2024-04-19 02:12:58,322] {dag.py:1818} INFO - Sync 1 DAGs
[2024-04-19 02:12:58,334] {logging_mixin.py:104} INFO - [2024-04-19 02:12:58,334] {dag.py:2273} INFO - Setting next_dagrun for example_skip_dag to 2024-04-17 00:00:00+00:00
[2024-04-19 02:12:58,343] {scheduler_job.py:190} INFO - Processing /home/airflow/.local/lib/python3.6/site-packages/airflow/example_dags/example_skip_dag.py took 0.052 seconds
