[2024-04-19 01:51:19,799] {scheduler_job.py:182} INFO - Started process (PID=270) to work on /home/airflow/.local/lib/python3.6/site-packages/airflow/example_dags/example_kubernetes_executor_config.py
[2024-04-19 01:51:19,805] {scheduler_job.py:629} INFO - Processing file /home/airflow/.local/lib/python3.6/site-packages/airflow/example_dags/example_kubernetes_executor_config.py for tasks to queue
[2024-04-19 01:51:19,819] {logging_mixin.py:104} INFO - [2024-04-19 01:51:19,818] {dagbag.py:448} INFO - Filling up the DagBag from /home/airflow/.local/lib/python3.6/site-packages/airflow/example_dags/example_kubernetes_executor_config.py
[2024-04-19 01:51:19,933] {scheduler_job.py:639} INFO - DAG(s) dict_keys(['example_kubernetes_executor_config']) retrieved from /home/airflow/.local/lib/python3.6/site-packages/airflow/example_dags/example_kubernetes_executor_config.py
[2024-04-19 01:51:20,024] {logging_mixin.py:104} INFO - [2024-04-19 01:51:20,024] {dag.py:1818} INFO - Sync 1 DAGs
[2024-04-19 01:51:20,044] {logging_mixin.py:104} INFO - [2024-04-19 01:51:20,044] {dag.py:1837} INFO - Creating ORM DAG for example_kubernetes_executor_config
[2024-04-19 01:51:20,054] {logging_mixin.py:104} INFO - [2024-04-19 01:51:20,054] {dag.py:2273} INFO - Setting next_dagrun for example_kubernetes_executor_config to None
[2024-04-19 01:51:20,085] {scheduler_job.py:190} INFO - Processing /home/airflow/.local/lib/python3.6/site-packages/airflow/example_dags/example_kubernetes_executor_config.py took 0.295 seconds
[2024-04-19 01:51:50,345] {scheduler_job.py:182} INFO - Started process (PID=400) to work on /home/airflow/.local/lib/python3.6/site-packages/airflow/example_dags/example_kubernetes_executor_config.py
[2024-04-19 01:51:50,349] {scheduler_job.py:629} INFO - Processing file /home/airflow/.local/lib/python3.6/site-packages/airflow/example_dags/example_kubernetes_executor_config.py for tasks to queue
[2024-04-19 01:51:50,351] {logging_mixin.py:104} INFO - [2024-04-19 01:51:50,351] {dagbag.py:448} INFO - Filling up the DagBag from /home/airflow/.local/lib/python3.6/site-packages/airflow/example_dags/example_kubernetes_executor_config.py
[2024-04-19 01:51:50,372] {scheduler_job.py:639} INFO - DAG(s) dict_keys(['example_kubernetes_executor_config']) retrieved from /home/airflow/.local/lib/python3.6/site-packages/airflow/example_dags/example_kubernetes_executor_config.py
[2024-04-19 01:51:50,404] {logging_mixin.py:104} INFO - [2024-04-19 01:51:50,404] {dag.py:1818} INFO - Sync 1 DAGs
[2024-04-19 01:51:50,424] {logging_mixin.py:104} INFO - [2024-04-19 01:51:50,424] {dag.py:2273} INFO - Setting next_dagrun for example_kubernetes_executor_config to None
[2024-04-19 01:51:50,440] {scheduler_job.py:190} INFO - Processing /home/airflow/.local/lib/python3.6/site-packages/airflow/example_dags/example_kubernetes_executor_config.py took 0.101 seconds
[2024-04-19 01:52:20,852] {scheduler_job.py:182} INFO - Started process (PID=530) to work on /home/airflow/.local/lib/python3.6/site-packages/airflow/example_dags/example_kubernetes_executor_config.py
[2024-04-19 01:52:20,853] {scheduler_job.py:629} INFO - Processing file /home/airflow/.local/lib/python3.6/site-packages/airflow/example_dags/example_kubernetes_executor_config.py for tasks to queue
[2024-04-19 01:52:20,854] {logging_mixin.py:104} INFO - [2024-04-19 01:52:20,854] {dagbag.py:448} INFO - Filling up the DagBag from /home/airflow/.local/lib/python3.6/site-packages/airflow/example_dags/example_kubernetes_executor_config.py
[2024-04-19 01:52:20,865] {scheduler_job.py:639} INFO - DAG(s) dict_keys(['example_kubernetes_executor_config']) retrieved from /home/airflow/.local/lib/python3.6/site-packages/airflow/example_dags/example_kubernetes_executor_config.py
[2024-04-19 01:52:20,885] {logging_mixin.py:104} INFO - [2024-04-19 01:52:20,885] {dag.py:1818} INFO - Sync 1 DAGs
[2024-04-19 01:52:20,897] {logging_mixin.py:104} INFO - [2024-04-19 01:52:20,897] {dag.py:2273} INFO - Setting next_dagrun for example_kubernetes_executor_config to None
[2024-04-19 01:52:20,907] {scheduler_job.py:190} INFO - Processing /home/airflow/.local/lib/python3.6/site-packages/airflow/example_dags/example_kubernetes_executor_config.py took 0.058 seconds
[2024-04-19 01:52:51,150] {scheduler_job.py:182} INFO - Started process (PID=655) to work on /home/airflow/.local/lib/python3.6/site-packages/airflow/example_dags/example_kubernetes_executor_config.py
[2024-04-19 01:52:51,152] {scheduler_job.py:629} INFO - Processing file /home/airflow/.local/lib/python3.6/site-packages/airflow/example_dags/example_kubernetes_executor_config.py for tasks to queue
[2024-04-19 01:52:51,154] {logging_mixin.py:104} INFO - [2024-04-19 01:52:51,154] {dagbag.py:448} INFO - Filling up the DagBag from /home/airflow/.local/lib/python3.6/site-packages/airflow/example_dags/example_kubernetes_executor_config.py
[2024-04-19 01:52:51,172] {scheduler_job.py:639} INFO - DAG(s) dict_keys(['example_kubernetes_executor_config']) retrieved from /home/airflow/.local/lib/python3.6/site-packages/airflow/example_dags/example_kubernetes_executor_config.py
[2024-04-19 01:52:51,206] {logging_mixin.py:104} INFO - [2024-04-19 01:52:51,206] {dag.py:1818} INFO - Sync 1 DAGs
[2024-04-19 01:52:51,227] {logging_mixin.py:104} INFO - [2024-04-19 01:52:51,226] {dag.py:2273} INFO - Setting next_dagrun for example_kubernetes_executor_config to None
[2024-04-19 01:52:51,240] {scheduler_job.py:190} INFO - Processing /home/airflow/.local/lib/python3.6/site-packages/airflow/example_dags/example_kubernetes_executor_config.py took 0.096 seconds
[2024-04-19 01:53:21,855] {scheduler_job.py:182} INFO - Started process (PID=790) to work on /home/airflow/.local/lib/python3.6/site-packages/airflow/example_dags/example_kubernetes_executor_config.py
[2024-04-19 01:53:21,856] {scheduler_job.py:629} INFO - Processing file /home/airflow/.local/lib/python3.6/site-packages/airflow/example_dags/example_kubernetes_executor_config.py for tasks to queue
[2024-04-19 01:53:21,858] {logging_mixin.py:104} INFO - [2024-04-19 01:53:21,857] {dagbag.py:448} INFO - Filling up the DagBag from /home/airflow/.local/lib/python3.6/site-packages/airflow/example_dags/example_kubernetes_executor_config.py
[2024-04-19 01:53:21,886] {scheduler_job.py:639} INFO - DAG(s) dict_keys(['example_kubernetes_executor_config']) retrieved from /home/airflow/.local/lib/python3.6/site-packages/airflow/example_dags/example_kubernetes_executor_config.py
[2024-04-19 01:53:21,923] {logging_mixin.py:104} INFO - [2024-04-19 01:53:21,922] {dag.py:1818} INFO - Sync 1 DAGs
[2024-04-19 01:53:21,945] {logging_mixin.py:104} INFO - [2024-04-19 01:53:21,945] {dag.py:2273} INFO - Setting next_dagrun for example_kubernetes_executor_config to None
[2024-04-19 01:53:21,956] {scheduler_job.py:190} INFO - Processing /home/airflow/.local/lib/python3.6/site-packages/airflow/example_dags/example_kubernetes_executor_config.py took 0.105 seconds
[2024-04-19 01:53:52,265] {scheduler_job.py:182} INFO - Started process (PID=915) to work on /home/airflow/.local/lib/python3.6/site-packages/airflow/example_dags/example_kubernetes_executor_config.py
[2024-04-19 01:53:52,267] {scheduler_job.py:629} INFO - Processing file /home/airflow/.local/lib/python3.6/site-packages/airflow/example_dags/example_kubernetes_executor_config.py for tasks to queue
[2024-04-19 01:53:52,268] {logging_mixin.py:104} INFO - [2024-04-19 01:53:52,268] {dagbag.py:448} INFO - Filling up the DagBag from /home/airflow/.local/lib/python3.6/site-packages/airflow/example_dags/example_kubernetes_executor_config.py
[2024-04-19 01:53:52,280] {scheduler_job.py:639} INFO - DAG(s) dict_keys(['example_kubernetes_executor_config']) retrieved from /home/airflow/.local/lib/python3.6/site-packages/airflow/example_dags/example_kubernetes_executor_config.py
[2024-04-19 01:53:52,302] {logging_mixin.py:104} INFO - [2024-04-19 01:53:52,302] {dag.py:1818} INFO - Sync 1 DAGs
[2024-04-19 01:53:52,317] {logging_mixin.py:104} INFO - [2024-04-19 01:53:52,317] {dag.py:2273} INFO - Setting next_dagrun for example_kubernetes_executor_config to None
[2024-04-19 01:53:52,328] {scheduler_job.py:190} INFO - Processing /home/airflow/.local/lib/python3.6/site-packages/airflow/example_dags/example_kubernetes_executor_config.py took 0.066 seconds
[2024-04-19 01:54:22,490] {scheduler_job.py:182} INFO - Started process (PID=1040) to work on /home/airflow/.local/lib/python3.6/site-packages/airflow/example_dags/example_kubernetes_executor_config.py
[2024-04-19 01:54:22,491] {scheduler_job.py:629} INFO - Processing file /home/airflow/.local/lib/python3.6/site-packages/airflow/example_dags/example_kubernetes_executor_config.py for tasks to queue
[2024-04-19 01:54:22,492] {logging_mixin.py:104} INFO - [2024-04-19 01:54:22,492] {dagbag.py:448} INFO - Filling up the DagBag from /home/airflow/.local/lib/python3.6/site-packages/airflow/example_dags/example_kubernetes_executor_config.py
[2024-04-19 01:54:22,503] {scheduler_job.py:639} INFO - DAG(s) dict_keys(['example_kubernetes_executor_config']) retrieved from /home/airflow/.local/lib/python3.6/site-packages/airflow/example_dags/example_kubernetes_executor_config.py
[2024-04-19 01:54:22,521] {logging_mixin.py:104} INFO - [2024-04-19 01:54:22,521] {dag.py:1818} INFO - Sync 1 DAGs
[2024-04-19 01:54:22,533] {logging_mixin.py:104} INFO - [2024-04-19 01:54:22,533] {dag.py:2273} INFO - Setting next_dagrun for example_kubernetes_executor_config to None
[2024-04-19 01:54:22,541] {scheduler_job.py:190} INFO - Processing /home/airflow/.local/lib/python3.6/site-packages/airflow/example_dags/example_kubernetes_executor_config.py took 0.056 seconds
[2024-04-19 01:54:53,007] {scheduler_job.py:182} INFO - Started process (PID=1175) to work on /home/airflow/.local/lib/python3.6/site-packages/airflow/example_dags/example_kubernetes_executor_config.py
[2024-04-19 01:54:53,008] {scheduler_job.py:629} INFO - Processing file /home/airflow/.local/lib/python3.6/site-packages/airflow/example_dags/example_kubernetes_executor_config.py for tasks to queue
[2024-04-19 01:54:53,009] {logging_mixin.py:104} INFO - [2024-04-19 01:54:53,009] {dagbag.py:448} INFO - Filling up the DagBag from /home/airflow/.local/lib/python3.6/site-packages/airflow/example_dags/example_kubernetes_executor_config.py
[2024-04-19 01:54:53,022] {scheduler_job.py:639} INFO - DAG(s) dict_keys(['example_kubernetes_executor_config']) retrieved from /home/airflow/.local/lib/python3.6/site-packages/airflow/example_dags/example_kubernetes_executor_config.py
[2024-04-19 01:54:53,045] {logging_mixin.py:104} INFO - [2024-04-19 01:54:53,045] {dag.py:1818} INFO - Sync 1 DAGs
[2024-04-19 01:54:53,057] {logging_mixin.py:104} INFO - [2024-04-19 01:54:53,057] {dag.py:2273} INFO - Setting next_dagrun for example_kubernetes_executor_config to None
[2024-04-19 01:54:53,069] {scheduler_job.py:190} INFO - Processing /home/airflow/.local/lib/python3.6/site-packages/airflow/example_dags/example_kubernetes_executor_config.py took 0.064 seconds
[2024-04-19 01:55:23,329] {scheduler_job.py:182} INFO - Started process (PID=1300) to work on /home/airflow/.local/lib/python3.6/site-packages/airflow/example_dags/example_kubernetes_executor_config.py
[2024-04-19 01:55:23,331] {scheduler_job.py:629} INFO - Processing file /home/airflow/.local/lib/python3.6/site-packages/airflow/example_dags/example_kubernetes_executor_config.py for tasks to queue
[2024-04-19 01:55:23,332] {logging_mixin.py:104} INFO - [2024-04-19 01:55:23,332] {dagbag.py:448} INFO - Filling up the DagBag from /home/airflow/.local/lib/python3.6/site-packages/airflow/example_dags/example_kubernetes_executor_config.py
[2024-04-19 01:55:23,348] {scheduler_job.py:639} INFO - DAG(s) dict_keys(['example_kubernetes_executor_config']) retrieved from /home/airflow/.local/lib/python3.6/site-packages/airflow/example_dags/example_kubernetes_executor_config.py
[2024-04-19 01:55:23,391] {logging_mixin.py:104} INFO - [2024-04-19 01:55:23,390] {dag.py:1818} INFO - Sync 1 DAGs
[2024-04-19 01:55:23,420] {logging_mixin.py:104} INFO - [2024-04-19 01:55:23,419] {dag.py:2273} INFO - Setting next_dagrun for example_kubernetes_executor_config to None
[2024-04-19 01:55:23,433] {scheduler_job.py:190} INFO - Processing /home/airflow/.local/lib/python3.6/site-packages/airflow/example_dags/example_kubernetes_executor_config.py took 0.108 seconds
[2024-04-19 01:55:53,549] {scheduler_job.py:182} INFO - Started process (PID=1415) to work on /home/airflow/.local/lib/python3.6/site-packages/airflow/example_dags/example_kubernetes_executor_config.py
[2024-04-19 01:55:53,550] {scheduler_job.py:629} INFO - Processing file /home/airflow/.local/lib/python3.6/site-packages/airflow/example_dags/example_kubernetes_executor_config.py for tasks to queue
[2024-04-19 01:55:53,551] {logging_mixin.py:104} INFO - [2024-04-19 01:55:53,551] {dagbag.py:448} INFO - Filling up the DagBag from /home/airflow/.local/lib/python3.6/site-packages/airflow/example_dags/example_kubernetes_executor_config.py
[2024-04-19 01:55:53,562] {scheduler_job.py:639} INFO - DAG(s) dict_keys(['example_kubernetes_executor_config']) retrieved from /home/airflow/.local/lib/python3.6/site-packages/airflow/example_dags/example_kubernetes_executor_config.py
[2024-04-19 01:55:53,581] {logging_mixin.py:104} INFO - [2024-04-19 01:55:53,581] {dag.py:1818} INFO - Sync 1 DAGs
[2024-04-19 01:55:53,590] {logging_mixin.py:104} INFO - [2024-04-19 01:55:53,590] {dag.py:2273} INFO - Setting next_dagrun for example_kubernetes_executor_config to None
[2024-04-19 01:55:53,599] {scheduler_job.py:190} INFO - Processing /home/airflow/.local/lib/python3.6/site-packages/airflow/example_dags/example_kubernetes_executor_config.py took 0.052 seconds
[2024-04-19 01:56:19,109] {scheduler_job.py:182} INFO - Started process (PID=282) to work on /home/airflow/.local/lib/python3.6/site-packages/airflow/example_dags/example_kubernetes_executor_config.py
[2024-04-19 01:56:19,111] {scheduler_job.py:629} INFO - Processing file /home/airflow/.local/lib/python3.6/site-packages/airflow/example_dags/example_kubernetes_executor_config.py for tasks to queue
[2024-04-19 01:56:19,112] {logging_mixin.py:104} INFO - [2024-04-19 01:56:19,112] {dagbag.py:448} INFO - Filling up the DagBag from /home/airflow/.local/lib/python3.6/site-packages/airflow/example_dags/example_kubernetes_executor_config.py
[2024-04-19 01:56:19,122] {scheduler_job.py:639} INFO - DAG(s) dict_keys(['example_kubernetes_executor_config']) retrieved from /home/airflow/.local/lib/python3.6/site-packages/airflow/example_dags/example_kubernetes_executor_config.py
[2024-04-19 01:56:19,150] {logging_mixin.py:104} INFO - [2024-04-19 01:56:19,150] {dag.py:1818} INFO - Sync 1 DAGs
[2024-04-19 01:56:19,164] {logging_mixin.py:104} INFO - [2024-04-19 01:56:19,163] {dag.py:2273} INFO - Setting next_dagrun for example_kubernetes_executor_config to None
[2024-04-19 01:56:19,175] {scheduler_job.py:190} INFO - Processing /home/airflow/.local/lib/python3.6/site-packages/airflow/example_dags/example_kubernetes_executor_config.py took 0.069 seconds
[2024-04-19 01:56:49,747] {scheduler_job.py:182} INFO - Started process (PID=411) to work on /home/airflow/.local/lib/python3.6/site-packages/airflow/example_dags/example_kubernetes_executor_config.py
[2024-04-19 01:56:49,751] {scheduler_job.py:629} INFO - Processing file /home/airflow/.local/lib/python3.6/site-packages/airflow/example_dags/example_kubernetes_executor_config.py for tasks to queue
[2024-04-19 01:56:49,753] {logging_mixin.py:104} INFO - [2024-04-19 01:56:49,753] {dagbag.py:448} INFO - Filling up the DagBag from /home/airflow/.local/lib/python3.6/site-packages/airflow/example_dags/example_kubernetes_executor_config.py
[2024-04-19 01:56:49,775] {scheduler_job.py:639} INFO - DAG(s) dict_keys(['example_kubernetes_executor_config']) retrieved from /home/airflow/.local/lib/python3.6/site-packages/airflow/example_dags/example_kubernetes_executor_config.py
[2024-04-19 01:56:49,821] {logging_mixin.py:104} INFO - [2024-04-19 01:56:49,821] {dag.py:1818} INFO - Sync 1 DAGs
[2024-04-19 01:56:49,852] {logging_mixin.py:104} INFO - [2024-04-19 01:56:49,852] {dag.py:2273} INFO - Setting next_dagrun for example_kubernetes_executor_config to None
[2024-04-19 01:56:49,869] {scheduler_job.py:190} INFO - Processing /home/airflow/.local/lib/python3.6/site-packages/airflow/example_dags/example_kubernetes_executor_config.py took 0.128 seconds
[2024-04-19 01:57:20,574] {scheduler_job.py:182} INFO - Started process (PID=539) to work on /home/airflow/.local/lib/python3.6/site-packages/airflow/example_dags/example_kubernetes_executor_config.py
[2024-04-19 01:57:20,579] {scheduler_job.py:629} INFO - Processing file /home/airflow/.local/lib/python3.6/site-packages/airflow/example_dags/example_kubernetes_executor_config.py for tasks to queue
[2024-04-19 01:57:20,583] {logging_mixin.py:104} INFO - [2024-04-19 01:57:20,582] {dagbag.py:448} INFO - Filling up the DagBag from /home/airflow/.local/lib/python3.6/site-packages/airflow/example_dags/example_kubernetes_executor_config.py
[2024-04-19 01:57:20,593] {scheduler_job.py:639} INFO - DAG(s) dict_keys(['example_kubernetes_executor_config']) retrieved from /home/airflow/.local/lib/python3.6/site-packages/airflow/example_dags/example_kubernetes_executor_config.py
[2024-04-19 01:57:20,621] {logging_mixin.py:104} INFO - [2024-04-19 01:57:20,621] {dag.py:1818} INFO - Sync 1 DAGs
[2024-04-19 01:57:20,632] {logging_mixin.py:104} INFO - [2024-04-19 01:57:20,632] {dag.py:2273} INFO - Setting next_dagrun for example_kubernetes_executor_config to None
[2024-04-19 01:57:20,643] {scheduler_job.py:190} INFO - Processing /home/airflow/.local/lib/python3.6/site-packages/airflow/example_dags/example_kubernetes_executor_config.py took 0.078 seconds
[2024-04-19 01:57:50,830] {scheduler_job.py:182} INFO - Started process (PID=664) to work on /home/airflow/.local/lib/python3.6/site-packages/airflow/example_dags/example_kubernetes_executor_config.py
[2024-04-19 01:57:50,831] {scheduler_job.py:629} INFO - Processing file /home/airflow/.local/lib/python3.6/site-packages/airflow/example_dags/example_kubernetes_executor_config.py for tasks to queue
[2024-04-19 01:57:50,832] {logging_mixin.py:104} INFO - [2024-04-19 01:57:50,832] {dagbag.py:448} INFO - Filling up the DagBag from /home/airflow/.local/lib/python3.6/site-packages/airflow/example_dags/example_kubernetes_executor_config.py
[2024-04-19 01:57:50,842] {scheduler_job.py:639} INFO - DAG(s) dict_keys(['example_kubernetes_executor_config']) retrieved from /home/airflow/.local/lib/python3.6/site-packages/airflow/example_dags/example_kubernetes_executor_config.py
[2024-04-19 01:57:50,858] {logging_mixin.py:104} INFO - [2024-04-19 01:57:50,858] {dag.py:1818} INFO - Sync 1 DAGs
[2024-04-19 01:57:50,868] {logging_mixin.py:104} INFO - [2024-04-19 01:57:50,868] {dag.py:2273} INFO - Setting next_dagrun for example_kubernetes_executor_config to None
[2024-04-19 01:57:50,875] {scheduler_job.py:190} INFO - Processing /home/airflow/.local/lib/python3.6/site-packages/airflow/example_dags/example_kubernetes_executor_config.py took 0.049 seconds
[2024-04-19 01:58:21,114] {scheduler_job.py:182} INFO - Started process (PID=800) to work on /home/airflow/.local/lib/python3.6/site-packages/airflow/example_dags/example_kubernetes_executor_config.py
[2024-04-19 01:58:21,115] {scheduler_job.py:629} INFO - Processing file /home/airflow/.local/lib/python3.6/site-packages/airflow/example_dags/example_kubernetes_executor_config.py for tasks to queue
[2024-04-19 01:58:21,116] {logging_mixin.py:104} INFO - [2024-04-19 01:58:21,116] {dagbag.py:448} INFO - Filling up the DagBag from /home/airflow/.local/lib/python3.6/site-packages/airflow/example_dags/example_kubernetes_executor_config.py
[2024-04-19 01:58:21,127] {scheduler_job.py:639} INFO - DAG(s) dict_keys(['example_kubernetes_executor_config']) retrieved from /home/airflow/.local/lib/python3.6/site-packages/airflow/example_dags/example_kubernetes_executor_config.py
[2024-04-19 01:58:21,145] {logging_mixin.py:104} INFO - [2024-04-19 01:58:21,145] {dag.py:1818} INFO - Sync 1 DAGs
[2024-04-19 01:58:21,155] {logging_mixin.py:104} INFO - [2024-04-19 01:58:21,155] {dag.py:2273} INFO - Setting next_dagrun for example_kubernetes_executor_config to None
[2024-04-19 01:58:21,163] {scheduler_job.py:190} INFO - Processing /home/airflow/.local/lib/python3.6/site-packages/airflow/example_dags/example_kubernetes_executor_config.py took 0.051 seconds
[2024-04-19 01:58:51,458] {scheduler_job.py:182} INFO - Started process (PID=940) to work on /home/airflow/.local/lib/python3.6/site-packages/airflow/example_dags/example_kubernetes_executor_config.py
[2024-04-19 01:58:51,459] {scheduler_job.py:629} INFO - Processing file /home/airflow/.local/lib/python3.6/site-packages/airflow/example_dags/example_kubernetes_executor_config.py for tasks to queue
[2024-04-19 01:58:51,461] {logging_mixin.py:104} INFO - [2024-04-19 01:58:51,460] {dagbag.py:448} INFO - Filling up the DagBag from /home/airflow/.local/lib/python3.6/site-packages/airflow/example_dags/example_kubernetes_executor_config.py
[2024-04-19 01:58:51,470] {scheduler_job.py:639} INFO - DAG(s) dict_keys(['example_kubernetes_executor_config']) retrieved from /home/airflow/.local/lib/python3.6/site-packages/airflow/example_dags/example_kubernetes_executor_config.py
[2024-04-19 01:58:51,489] {logging_mixin.py:104} INFO - [2024-04-19 01:58:51,489] {dag.py:1818} INFO - Sync 1 DAGs
[2024-04-19 01:58:51,503] {logging_mixin.py:104} INFO - [2024-04-19 01:58:51,503] {dag.py:2273} INFO - Setting next_dagrun for example_kubernetes_executor_config to None
[2024-04-19 01:58:51,511] {scheduler_job.py:190} INFO - Processing /home/airflow/.local/lib/python3.6/site-packages/airflow/example_dags/example_kubernetes_executor_config.py took 0.055 seconds
[2024-04-19 01:59:21,575] {scheduler_job.py:182} INFO - Started process (PID=1065) to work on /home/airflow/.local/lib/python3.6/site-packages/airflow/example_dags/example_kubernetes_executor_config.py
[2024-04-19 01:59:21,577] {scheduler_job.py:629} INFO - Processing file /home/airflow/.local/lib/python3.6/site-packages/airflow/example_dags/example_kubernetes_executor_config.py for tasks to queue
[2024-04-19 01:59:21,578] {logging_mixin.py:104} INFO - [2024-04-19 01:59:21,578] {dagbag.py:448} INFO - Filling up the DagBag from /home/airflow/.local/lib/python3.6/site-packages/airflow/example_dags/example_kubernetes_executor_config.py
[2024-04-19 01:59:21,590] {scheduler_job.py:639} INFO - DAG(s) dict_keys(['example_kubernetes_executor_config']) retrieved from /home/airflow/.local/lib/python3.6/site-packages/airflow/example_dags/example_kubernetes_executor_config.py
[2024-04-19 01:59:21,610] {logging_mixin.py:104} INFO - [2024-04-19 01:59:21,610] {dag.py:1818} INFO - Sync 1 DAGs
[2024-04-19 01:59:21,619] {logging_mixin.py:104} INFO - [2024-04-19 01:59:21,619] {dag.py:2273} INFO - Setting next_dagrun for example_kubernetes_executor_config to None
[2024-04-19 01:59:21,628] {scheduler_job.py:190} INFO - Processing /home/airflow/.local/lib/python3.6/site-packages/airflow/example_dags/example_kubernetes_executor_config.py took 0.055 seconds
[2024-04-19 01:59:51,725] {scheduler_job.py:182} INFO - Started process (PID=1195) to work on /home/airflow/.local/lib/python3.6/site-packages/airflow/example_dags/example_kubernetes_executor_config.py
[2024-04-19 01:59:51,726] {scheduler_job.py:629} INFO - Processing file /home/airflow/.local/lib/python3.6/site-packages/airflow/example_dags/example_kubernetes_executor_config.py for tasks to queue
[2024-04-19 01:59:51,728] {logging_mixin.py:104} INFO - [2024-04-19 01:59:51,727] {dagbag.py:448} INFO - Filling up the DagBag from /home/airflow/.local/lib/python3.6/site-packages/airflow/example_dags/example_kubernetes_executor_config.py
[2024-04-19 01:59:51,738] {scheduler_job.py:639} INFO - DAG(s) dict_keys(['example_kubernetes_executor_config']) retrieved from /home/airflow/.local/lib/python3.6/site-packages/airflow/example_dags/example_kubernetes_executor_config.py
[2024-04-19 01:59:51,758] {logging_mixin.py:104} INFO - [2024-04-19 01:59:51,758] {dag.py:1818} INFO - Sync 1 DAGs
[2024-04-19 01:59:51,771] {logging_mixin.py:104} INFO - [2024-04-19 01:59:51,771] {dag.py:2273} INFO - Setting next_dagrun for example_kubernetes_executor_config to None
[2024-04-19 01:59:51,781] {scheduler_job.py:190} INFO - Processing /home/airflow/.local/lib/python3.6/site-packages/airflow/example_dags/example_kubernetes_executor_config.py took 0.059 seconds
[2024-04-19 02:00:22,075] {scheduler_job.py:182} INFO - Started process (PID=1325) to work on /home/airflow/.local/lib/python3.6/site-packages/airflow/example_dags/example_kubernetes_executor_config.py
[2024-04-19 02:00:22,077] {scheduler_job.py:629} INFO - Processing file /home/airflow/.local/lib/python3.6/site-packages/airflow/example_dags/example_kubernetes_executor_config.py for tasks to queue
[2024-04-19 02:00:22,078] {logging_mixin.py:104} INFO - [2024-04-19 02:00:22,078] {dagbag.py:448} INFO - Filling up the DagBag from /home/airflow/.local/lib/python3.6/site-packages/airflow/example_dags/example_kubernetes_executor_config.py
[2024-04-19 02:00:22,095] {scheduler_job.py:639} INFO - DAG(s) dict_keys(['example_kubernetes_executor_config']) retrieved from /home/airflow/.local/lib/python3.6/site-packages/airflow/example_dags/example_kubernetes_executor_config.py
[2024-04-19 02:00:22,117] {logging_mixin.py:104} INFO - [2024-04-19 02:00:22,116] {dag.py:1818} INFO - Sync 1 DAGs
[2024-04-19 02:00:22,132] {logging_mixin.py:104} INFO - [2024-04-19 02:00:22,131] {dag.py:2273} INFO - Setting next_dagrun for example_kubernetes_executor_config to None
[2024-04-19 02:00:22,141] {scheduler_job.py:190} INFO - Processing /home/airflow/.local/lib/python3.6/site-packages/airflow/example_dags/example_kubernetes_executor_config.py took 0.070 seconds
[2024-04-19 02:00:52,336] {scheduler_job.py:182} INFO - Started process (PID=1457) to work on /home/airflow/.local/lib/python3.6/site-packages/airflow/example_dags/example_kubernetes_executor_config.py
[2024-04-19 02:00:52,337] {scheduler_job.py:629} INFO - Processing file /home/airflow/.local/lib/python3.6/site-packages/airflow/example_dags/example_kubernetes_executor_config.py for tasks to queue
[2024-04-19 02:00:52,338] {logging_mixin.py:104} INFO - [2024-04-19 02:00:52,338] {dagbag.py:448} INFO - Filling up the DagBag from /home/airflow/.local/lib/python3.6/site-packages/airflow/example_dags/example_kubernetes_executor_config.py
[2024-04-19 02:00:52,359] {scheduler_job.py:639} INFO - DAG(s) dict_keys(['example_kubernetes_executor_config']) retrieved from /home/airflow/.local/lib/python3.6/site-packages/airflow/example_dags/example_kubernetes_executor_config.py
[2024-04-19 02:00:52,384] {logging_mixin.py:104} INFO - [2024-04-19 02:00:52,384] {dag.py:1818} INFO - Sync 1 DAGs
[2024-04-19 02:00:52,403] {logging_mixin.py:104} INFO - [2024-04-19 02:00:52,403] {dag.py:2273} INFO - Setting next_dagrun for example_kubernetes_executor_config to None
[2024-04-19 02:00:52,413] {scheduler_job.py:190} INFO - Processing /home/airflow/.local/lib/python3.6/site-packages/airflow/example_dags/example_kubernetes_executor_config.py took 0.085 seconds
[2024-04-19 02:01:22,916] {scheduler_job.py:182} INFO - Started process (PID=1580) to work on /home/airflow/.local/lib/python3.6/site-packages/airflow/example_dags/example_kubernetes_executor_config.py
[2024-04-19 02:01:22,918] {scheduler_job.py:629} INFO - Processing file /home/airflow/.local/lib/python3.6/site-packages/airflow/example_dags/example_kubernetes_executor_config.py for tasks to queue
[2024-04-19 02:01:22,920] {logging_mixin.py:104} INFO - [2024-04-19 02:01:22,919] {dagbag.py:448} INFO - Filling up the DagBag from /home/airflow/.local/lib/python3.6/site-packages/airflow/example_dags/example_kubernetes_executor_config.py
[2024-04-19 02:01:22,943] {scheduler_job.py:639} INFO - DAG(s) dict_keys(['example_kubernetes_executor_config']) retrieved from /home/airflow/.local/lib/python3.6/site-packages/airflow/example_dags/example_kubernetes_executor_config.py
[2024-04-19 02:01:22,988] {logging_mixin.py:104} INFO - [2024-04-19 02:01:22,988] {dag.py:1818} INFO - Sync 1 DAGs
[2024-04-19 02:01:23,055] {logging_mixin.py:104} INFO - [2024-04-19 02:01:23,053] {dag.py:2273} INFO - Setting next_dagrun for example_kubernetes_executor_config to None
[2024-04-19 02:01:23,081] {scheduler_job.py:190} INFO - Processing /home/airflow/.local/lib/python3.6/site-packages/airflow/example_dags/example_kubernetes_executor_config.py took 0.167 seconds
[2024-04-19 02:01:53,594] {scheduler_job.py:182} INFO - Started process (PID=1715) to work on /home/airflow/.local/lib/python3.6/site-packages/airflow/example_dags/example_kubernetes_executor_config.py
[2024-04-19 02:01:53,595] {scheduler_job.py:629} INFO - Processing file /home/airflow/.local/lib/python3.6/site-packages/airflow/example_dags/example_kubernetes_executor_config.py for tasks to queue
[2024-04-19 02:01:53,597] {logging_mixin.py:104} INFO - [2024-04-19 02:01:53,597] {dagbag.py:448} INFO - Filling up the DagBag from /home/airflow/.local/lib/python3.6/site-packages/airflow/example_dags/example_kubernetes_executor_config.py
[2024-04-19 02:01:53,614] {scheduler_job.py:639} INFO - DAG(s) dict_keys(['example_kubernetes_executor_config']) retrieved from /home/airflow/.local/lib/python3.6/site-packages/airflow/example_dags/example_kubernetes_executor_config.py
[2024-04-19 02:01:53,642] {logging_mixin.py:104} INFO - [2024-04-19 02:01:53,642] {dag.py:1818} INFO - Sync 1 DAGs
[2024-04-19 02:01:53,655] {logging_mixin.py:104} INFO - [2024-04-19 02:01:53,655] {dag.py:2273} INFO - Setting next_dagrun for example_kubernetes_executor_config to None
[2024-04-19 02:01:53,666] {scheduler_job.py:190} INFO - Processing /home/airflow/.local/lib/python3.6/site-packages/airflow/example_dags/example_kubernetes_executor_config.py took 0.077 seconds
[2024-04-19 02:02:23,701] {scheduler_job.py:182} INFO - Started process (PID=1825) to work on /home/airflow/.local/lib/python3.6/site-packages/airflow/example_dags/example_kubernetes_executor_config.py
[2024-04-19 02:02:23,702] {scheduler_job.py:629} INFO - Processing file /home/airflow/.local/lib/python3.6/site-packages/airflow/example_dags/example_kubernetes_executor_config.py for tasks to queue
[2024-04-19 02:02:23,703] {logging_mixin.py:104} INFO - [2024-04-19 02:02:23,703] {dagbag.py:448} INFO - Filling up the DagBag from /home/airflow/.local/lib/python3.6/site-packages/airflow/example_dags/example_kubernetes_executor_config.py
[2024-04-19 02:02:23,715] {scheduler_job.py:639} INFO - DAG(s) dict_keys(['example_kubernetes_executor_config']) retrieved from /home/airflow/.local/lib/python3.6/site-packages/airflow/example_dags/example_kubernetes_executor_config.py
[2024-04-19 02:02:23,731] {logging_mixin.py:104} INFO - [2024-04-19 02:02:23,731] {dag.py:1818} INFO - Sync 1 DAGs
[2024-04-19 02:02:23,742] {logging_mixin.py:104} INFO - [2024-04-19 02:02:23,742] {dag.py:2273} INFO - Setting next_dagrun for example_kubernetes_executor_config to None
[2024-04-19 02:02:23,752] {scheduler_job.py:190} INFO - Processing /home/airflow/.local/lib/python3.6/site-packages/airflow/example_dags/example_kubernetes_executor_config.py took 0.053 seconds
[2024-04-19 02:02:53,875] {scheduler_job.py:182} INFO - Started process (PID=1955) to work on /home/airflow/.local/lib/python3.6/site-packages/airflow/example_dags/example_kubernetes_executor_config.py
[2024-04-19 02:02:53,877] {scheduler_job.py:629} INFO - Processing file /home/airflow/.local/lib/python3.6/site-packages/airflow/example_dags/example_kubernetes_executor_config.py for tasks to queue
[2024-04-19 02:02:53,877] {logging_mixin.py:104} INFO - [2024-04-19 02:02:53,877] {dagbag.py:448} INFO - Filling up the DagBag from /home/airflow/.local/lib/python3.6/site-packages/airflow/example_dags/example_kubernetes_executor_config.py
[2024-04-19 02:02:53,886] {scheduler_job.py:639} INFO - DAG(s) dict_keys(['example_kubernetes_executor_config']) retrieved from /home/airflow/.local/lib/python3.6/site-packages/airflow/example_dags/example_kubernetes_executor_config.py
[2024-04-19 02:02:53,901] {logging_mixin.py:104} INFO - [2024-04-19 02:02:53,901] {dag.py:1818} INFO - Sync 1 DAGs
[2024-04-19 02:02:53,916] {logging_mixin.py:104} INFO - [2024-04-19 02:02:53,916] {dag.py:2273} INFO - Setting next_dagrun for example_kubernetes_executor_config to None
[2024-04-19 02:02:53,923] {scheduler_job.py:190} INFO - Processing /home/airflow/.local/lib/python3.6/site-packages/airflow/example_dags/example_kubernetes_executor_config.py took 0.050 seconds
[2024-04-19 02:03:24,032] {scheduler_job.py:182} INFO - Started process (PID=2090) to work on /home/airflow/.local/lib/python3.6/site-packages/airflow/example_dags/example_kubernetes_executor_config.py
[2024-04-19 02:03:24,034] {scheduler_job.py:629} INFO - Processing file /home/airflow/.local/lib/python3.6/site-packages/airflow/example_dags/example_kubernetes_executor_config.py for tasks to queue
[2024-04-19 02:03:24,035] {logging_mixin.py:104} INFO - [2024-04-19 02:03:24,035] {dagbag.py:448} INFO - Filling up the DagBag from /home/airflow/.local/lib/python3.6/site-packages/airflow/example_dags/example_kubernetes_executor_config.py
[2024-04-19 02:03:24,043] {scheduler_job.py:639} INFO - DAG(s) dict_keys(['example_kubernetes_executor_config']) retrieved from /home/airflow/.local/lib/python3.6/site-packages/airflow/example_dags/example_kubernetes_executor_config.py
[2024-04-19 02:03:24,060] {logging_mixin.py:104} INFO - [2024-04-19 02:03:24,060] {dag.py:1818} INFO - Sync 1 DAGs
[2024-04-19 02:03:24,071] {logging_mixin.py:104} INFO - [2024-04-19 02:03:24,071] {dag.py:2273} INFO - Setting next_dagrun for example_kubernetes_executor_config to None
[2024-04-19 02:03:24,078] {scheduler_job.py:190} INFO - Processing /home/airflow/.local/lib/python3.6/site-packages/airflow/example_dags/example_kubernetes_executor_config.py took 0.048 seconds
[2024-04-19 02:03:54,175] {scheduler_job.py:182} INFO - Started process (PID=2210) to work on /home/airflow/.local/lib/python3.6/site-packages/airflow/example_dags/example_kubernetes_executor_config.py
[2024-04-19 02:03:54,176] {scheduler_job.py:629} INFO - Processing file /home/airflow/.local/lib/python3.6/site-packages/airflow/example_dags/example_kubernetes_executor_config.py for tasks to queue
[2024-04-19 02:03:54,176] {logging_mixin.py:104} INFO - [2024-04-19 02:03:54,176] {dagbag.py:448} INFO - Filling up the DagBag from /home/airflow/.local/lib/python3.6/site-packages/airflow/example_dags/example_kubernetes_executor_config.py
[2024-04-19 02:03:54,185] {scheduler_job.py:639} INFO - DAG(s) dict_keys(['example_kubernetes_executor_config']) retrieved from /home/airflow/.local/lib/python3.6/site-packages/airflow/example_dags/example_kubernetes_executor_config.py
[2024-04-19 02:03:54,200] {logging_mixin.py:104} INFO - [2024-04-19 02:03:54,200] {dag.py:1818} INFO - Sync 1 DAGs
[2024-04-19 02:03:54,211] {logging_mixin.py:104} INFO - [2024-04-19 02:03:54,211] {dag.py:2273} INFO - Setting next_dagrun for example_kubernetes_executor_config to None
[2024-04-19 02:03:54,217] {scheduler_job.py:190} INFO - Processing /home/airflow/.local/lib/python3.6/site-packages/airflow/example_dags/example_kubernetes_executor_config.py took 0.045 seconds
[2024-04-19 02:04:24,699] {scheduler_job.py:182} INFO - Started process (PID=2350) to work on /home/airflow/.local/lib/python3.6/site-packages/airflow/example_dags/example_kubernetes_executor_config.py
[2024-04-19 02:04:24,700] {scheduler_job.py:629} INFO - Processing file /home/airflow/.local/lib/python3.6/site-packages/airflow/example_dags/example_kubernetes_executor_config.py for tasks to queue
[2024-04-19 02:04:24,701] {logging_mixin.py:104} INFO - [2024-04-19 02:04:24,701] {dagbag.py:448} INFO - Filling up the DagBag from /home/airflow/.local/lib/python3.6/site-packages/airflow/example_dags/example_kubernetes_executor_config.py
[2024-04-19 02:04:24,710] {scheduler_job.py:639} INFO - DAG(s) dict_keys(['example_kubernetes_executor_config']) retrieved from /home/airflow/.local/lib/python3.6/site-packages/airflow/example_dags/example_kubernetes_executor_config.py
[2024-04-19 02:04:24,728] {logging_mixin.py:104} INFO - [2024-04-19 02:04:24,728] {dag.py:1818} INFO - Sync 1 DAGs
[2024-04-19 02:04:24,741] {logging_mixin.py:104} INFO - [2024-04-19 02:04:24,740] {dag.py:2273} INFO - Setting next_dagrun for example_kubernetes_executor_config to None
[2024-04-19 02:04:24,750] {scheduler_job.py:190} INFO - Processing /home/airflow/.local/lib/python3.6/site-packages/airflow/example_dags/example_kubernetes_executor_config.py took 0.054 seconds
[2024-04-19 02:04:55,196] {scheduler_job.py:182} INFO - Started process (PID=2480) to work on /home/airflow/.local/lib/python3.6/site-packages/airflow/example_dags/example_kubernetes_executor_config.py
[2024-04-19 02:04:55,198] {scheduler_job.py:629} INFO - Processing file /home/airflow/.local/lib/python3.6/site-packages/airflow/example_dags/example_kubernetes_executor_config.py for tasks to queue
[2024-04-19 02:04:55,199] {logging_mixin.py:104} INFO - [2024-04-19 02:04:55,199] {dagbag.py:448} INFO - Filling up the DagBag from /home/airflow/.local/lib/python3.6/site-packages/airflow/example_dags/example_kubernetes_executor_config.py
[2024-04-19 02:04:55,208] {scheduler_job.py:639} INFO - DAG(s) dict_keys(['example_kubernetes_executor_config']) retrieved from /home/airflow/.local/lib/python3.6/site-packages/airflow/example_dags/example_kubernetes_executor_config.py
[2024-04-19 02:04:55,231] {logging_mixin.py:104} INFO - [2024-04-19 02:04:55,231] {dag.py:1818} INFO - Sync 1 DAGs
[2024-04-19 02:04:55,241] {logging_mixin.py:104} INFO - [2024-04-19 02:04:55,241] {dag.py:2273} INFO - Setting next_dagrun for example_kubernetes_executor_config to None
[2024-04-19 02:04:55,251] {scheduler_job.py:190} INFO - Processing /home/airflow/.local/lib/python3.6/site-packages/airflow/example_dags/example_kubernetes_executor_config.py took 0.057 seconds
[2024-04-19 02:05:25,436] {scheduler_job.py:182} INFO - Started process (PID=2604) to work on /home/airflow/.local/lib/python3.6/site-packages/airflow/example_dags/example_kubernetes_executor_config.py
[2024-04-19 02:05:25,437] {scheduler_job.py:629} INFO - Processing file /home/airflow/.local/lib/python3.6/site-packages/airflow/example_dags/example_kubernetes_executor_config.py for tasks to queue
[2024-04-19 02:05:25,437] {logging_mixin.py:104} INFO - [2024-04-19 02:05:25,437] {dagbag.py:448} INFO - Filling up the DagBag from /home/airflow/.local/lib/python3.6/site-packages/airflow/example_dags/example_kubernetes_executor_config.py
[2024-04-19 02:05:25,445] {scheduler_job.py:639} INFO - DAG(s) dict_keys(['example_kubernetes_executor_config']) retrieved from /home/airflow/.local/lib/python3.6/site-packages/airflow/example_dags/example_kubernetes_executor_config.py
[2024-04-19 02:05:25,464] {logging_mixin.py:104} INFO - [2024-04-19 02:05:25,464] {dag.py:1818} INFO - Sync 1 DAGs
[2024-04-19 02:05:25,473] {logging_mixin.py:104} INFO - [2024-04-19 02:05:25,473] {dag.py:2273} INFO - Setting next_dagrun for example_kubernetes_executor_config to None
[2024-04-19 02:05:25,480] {scheduler_job.py:190} INFO - Processing /home/airflow/.local/lib/python3.6/site-packages/airflow/example_dags/example_kubernetes_executor_config.py took 0.047 seconds
[2024-04-19 02:05:55,532] {scheduler_job.py:182} INFO - Started process (PID=2729) to work on /home/airflow/.local/lib/python3.6/site-packages/airflow/example_dags/example_kubernetes_executor_config.py
[2024-04-19 02:05:55,533] {scheduler_job.py:629} INFO - Processing file /home/airflow/.local/lib/python3.6/site-packages/airflow/example_dags/example_kubernetes_executor_config.py for tasks to queue
[2024-04-19 02:05:55,534] {logging_mixin.py:104} INFO - [2024-04-19 02:05:55,534] {dagbag.py:448} INFO - Filling up the DagBag from /home/airflow/.local/lib/python3.6/site-packages/airflow/example_dags/example_kubernetes_executor_config.py
[2024-04-19 02:05:55,543] {scheduler_job.py:639} INFO - DAG(s) dict_keys(['example_kubernetes_executor_config']) retrieved from /home/airflow/.local/lib/python3.6/site-packages/airflow/example_dags/example_kubernetes_executor_config.py
[2024-04-19 02:05:55,558] {logging_mixin.py:104} INFO - [2024-04-19 02:05:55,558] {dag.py:1818} INFO - Sync 1 DAGs
[2024-04-19 02:05:55,568] {logging_mixin.py:104} INFO - [2024-04-19 02:05:55,568] {dag.py:2273} INFO - Setting next_dagrun for example_kubernetes_executor_config to None
[2024-04-19 02:05:55,574] {scheduler_job.py:190} INFO - Processing /home/airflow/.local/lib/python3.6/site-packages/airflow/example_dags/example_kubernetes_executor_config.py took 0.044 seconds
[2024-04-19 02:06:25,903] {scheduler_job.py:182} INFO - Started process (PID=2865) to work on /home/airflow/.local/lib/python3.6/site-packages/airflow/example_dags/example_kubernetes_executor_config.py
[2024-04-19 02:06:25,904] {scheduler_job.py:629} INFO - Processing file /home/airflow/.local/lib/python3.6/site-packages/airflow/example_dags/example_kubernetes_executor_config.py for tasks to queue
[2024-04-19 02:06:25,905] {logging_mixin.py:104} INFO - [2024-04-19 02:06:25,905] {dagbag.py:448} INFO - Filling up the DagBag from /home/airflow/.local/lib/python3.6/site-packages/airflow/example_dags/example_kubernetes_executor_config.py
[2024-04-19 02:06:25,914] {scheduler_job.py:639} INFO - DAG(s) dict_keys(['example_kubernetes_executor_config']) retrieved from /home/airflow/.local/lib/python3.6/site-packages/airflow/example_dags/example_kubernetes_executor_config.py
[2024-04-19 02:06:25,929] {logging_mixin.py:104} INFO - [2024-04-19 02:06:25,929] {dag.py:1818} INFO - Sync 1 DAGs
[2024-04-19 02:06:25,945] {logging_mixin.py:104} INFO - [2024-04-19 02:06:25,944] {dag.py:2273} INFO - Setting next_dagrun for example_kubernetes_executor_config to None
[2024-04-19 02:06:25,951] {scheduler_job.py:190} INFO - Processing /home/airflow/.local/lib/python3.6/site-packages/airflow/example_dags/example_kubernetes_executor_config.py took 0.050 seconds
[2024-04-19 02:06:55,997] {scheduler_job.py:182} INFO - Started process (PID=2984) to work on /home/airflow/.local/lib/python3.6/site-packages/airflow/example_dags/example_kubernetes_executor_config.py
[2024-04-19 02:06:55,998] {scheduler_job.py:629} INFO - Processing file /home/airflow/.local/lib/python3.6/site-packages/airflow/example_dags/example_kubernetes_executor_config.py for tasks to queue
[2024-04-19 02:06:55,999] {logging_mixin.py:104} INFO - [2024-04-19 02:06:55,999] {dagbag.py:448} INFO - Filling up the DagBag from /home/airflow/.local/lib/python3.6/site-packages/airflow/example_dags/example_kubernetes_executor_config.py
[2024-04-19 02:06:56,007] {scheduler_job.py:639} INFO - DAG(s) dict_keys(['example_kubernetes_executor_config']) retrieved from /home/airflow/.local/lib/python3.6/site-packages/airflow/example_dags/example_kubernetes_executor_config.py
[2024-04-19 02:06:56,024] {logging_mixin.py:104} INFO - [2024-04-19 02:06:56,024] {dag.py:1818} INFO - Sync 1 DAGs
[2024-04-19 02:06:56,034] {logging_mixin.py:104} INFO - [2024-04-19 02:06:56,034] {dag.py:2273} INFO - Setting next_dagrun for example_kubernetes_executor_config to None
[2024-04-19 02:06:56,041] {scheduler_job.py:190} INFO - Processing /home/airflow/.local/lib/python3.6/site-packages/airflow/example_dags/example_kubernetes_executor_config.py took 0.047 seconds
[2024-04-19 02:07:26,095] {scheduler_job.py:182} INFO - Started process (PID=3094) to work on /home/airflow/.local/lib/python3.6/site-packages/airflow/example_dags/example_kubernetes_executor_config.py
[2024-04-19 02:07:26,097] {scheduler_job.py:629} INFO - Processing file /home/airflow/.local/lib/python3.6/site-packages/airflow/example_dags/example_kubernetes_executor_config.py for tasks to queue
[2024-04-19 02:07:26,098] {logging_mixin.py:104} INFO - [2024-04-19 02:07:26,098] {dagbag.py:448} INFO - Filling up the DagBag from /home/airflow/.local/lib/python3.6/site-packages/airflow/example_dags/example_kubernetes_executor_config.py
[2024-04-19 02:07:26,106] {scheduler_job.py:639} INFO - DAG(s) dict_keys(['example_kubernetes_executor_config']) retrieved from /home/airflow/.local/lib/python3.6/site-packages/airflow/example_dags/example_kubernetes_executor_config.py
[2024-04-19 02:07:26,121] {logging_mixin.py:104} INFO - [2024-04-19 02:07:26,121] {dag.py:1818} INFO - Sync 1 DAGs
[2024-04-19 02:07:26,130] {logging_mixin.py:104} INFO - [2024-04-19 02:07:26,130] {dag.py:2273} INFO - Setting next_dagrun for example_kubernetes_executor_config to None
[2024-04-19 02:07:26,142] {scheduler_job.py:190} INFO - Processing /home/airflow/.local/lib/python3.6/site-packages/airflow/example_dags/example_kubernetes_executor_config.py took 0.049 seconds
[2024-04-19 02:07:56,359] {scheduler_job.py:182} INFO - Started process (PID=3229) to work on /home/airflow/.local/lib/python3.6/site-packages/airflow/example_dags/example_kubernetes_executor_config.py
[2024-04-19 02:07:56,360] {scheduler_job.py:629} INFO - Processing file /home/airflow/.local/lib/python3.6/site-packages/airflow/example_dags/example_kubernetes_executor_config.py for tasks to queue
[2024-04-19 02:07:56,361] {logging_mixin.py:104} INFO - [2024-04-19 02:07:56,360] {dagbag.py:448} INFO - Filling up the DagBag from /home/airflow/.local/lib/python3.6/site-packages/airflow/example_dags/example_kubernetes_executor_config.py
[2024-04-19 02:07:56,369] {scheduler_job.py:639} INFO - DAG(s) dict_keys(['example_kubernetes_executor_config']) retrieved from /home/airflow/.local/lib/python3.6/site-packages/airflow/example_dags/example_kubernetes_executor_config.py
[2024-04-19 02:07:56,385] {logging_mixin.py:104} INFO - [2024-04-19 02:07:56,385] {dag.py:1818} INFO - Sync 1 DAGs
[2024-04-19 02:07:56,395] {logging_mixin.py:104} INFO - [2024-04-19 02:07:56,395] {dag.py:2273} INFO - Setting next_dagrun for example_kubernetes_executor_config to None
[2024-04-19 02:07:56,402] {scheduler_job.py:190} INFO - Processing /home/airflow/.local/lib/python3.6/site-packages/airflow/example_dags/example_kubernetes_executor_config.py took 0.046 seconds
[2024-04-19 02:08:26,617] {scheduler_job.py:182} INFO - Started process (PID=3347) to work on /home/airflow/.local/lib/python3.6/site-packages/airflow/example_dags/example_kubernetes_executor_config.py
[2024-04-19 02:08:26,618] {scheduler_job.py:629} INFO - Processing file /home/airflow/.local/lib/python3.6/site-packages/airflow/example_dags/example_kubernetes_executor_config.py for tasks to queue
[2024-04-19 02:08:26,619] {logging_mixin.py:104} INFO - [2024-04-19 02:08:26,619] {dagbag.py:448} INFO - Filling up the DagBag from /home/airflow/.local/lib/python3.6/site-packages/airflow/example_dags/example_kubernetes_executor_config.py
[2024-04-19 02:08:26,628] {scheduler_job.py:639} INFO - DAG(s) dict_keys(['example_kubernetes_executor_config']) retrieved from /home/airflow/.local/lib/python3.6/site-packages/airflow/example_dags/example_kubernetes_executor_config.py
[2024-04-19 02:08:26,645] {logging_mixin.py:104} INFO - [2024-04-19 02:08:26,645] {dag.py:1818} INFO - Sync 1 DAGs
[2024-04-19 02:08:26,657] {logging_mixin.py:104} INFO - [2024-04-19 02:08:26,657] {dag.py:2273} INFO - Setting next_dagrun for example_kubernetes_executor_config to None
[2024-04-19 02:08:26,665] {scheduler_job.py:190} INFO - Processing /home/airflow/.local/lib/python3.6/site-packages/airflow/example_dags/example_kubernetes_executor_config.py took 0.051 seconds
[2024-04-19 02:08:56,740] {scheduler_job.py:182} INFO - Started process (PID=3472) to work on /home/airflow/.local/lib/python3.6/site-packages/airflow/example_dags/example_kubernetes_executor_config.py
[2024-04-19 02:08:56,741] {scheduler_job.py:629} INFO - Processing file /home/airflow/.local/lib/python3.6/site-packages/airflow/example_dags/example_kubernetes_executor_config.py for tasks to queue
[2024-04-19 02:08:56,742] {logging_mixin.py:104} INFO - [2024-04-19 02:08:56,742] {dagbag.py:448} INFO - Filling up the DagBag from /home/airflow/.local/lib/python3.6/site-packages/airflow/example_dags/example_kubernetes_executor_config.py
[2024-04-19 02:08:56,751] {scheduler_job.py:639} INFO - DAG(s) dict_keys(['example_kubernetes_executor_config']) retrieved from /home/airflow/.local/lib/python3.6/site-packages/airflow/example_dags/example_kubernetes_executor_config.py
[2024-04-19 02:08:56,768] {logging_mixin.py:104} INFO - [2024-04-19 02:08:56,768] {dag.py:1818} INFO - Sync 1 DAGs
[2024-04-19 02:08:56,779] {logging_mixin.py:104} INFO - [2024-04-19 02:08:56,778] {dag.py:2273} INFO - Setting next_dagrun for example_kubernetes_executor_config to None
[2024-04-19 02:08:56,787] {scheduler_job.py:190} INFO - Processing /home/airflow/.local/lib/python3.6/site-packages/airflow/example_dags/example_kubernetes_executor_config.py took 0.049 seconds
[2024-04-19 02:09:27,058] {scheduler_job.py:182} INFO - Started process (PID=3604) to work on /home/airflow/.local/lib/python3.6/site-packages/airflow/example_dags/example_kubernetes_executor_config.py
[2024-04-19 02:09:27,059] {scheduler_job.py:629} INFO - Processing file /home/airflow/.local/lib/python3.6/site-packages/airflow/example_dags/example_kubernetes_executor_config.py for tasks to queue
[2024-04-19 02:09:27,060] {logging_mixin.py:104} INFO - [2024-04-19 02:09:27,060] {dagbag.py:448} INFO - Filling up the DagBag from /home/airflow/.local/lib/python3.6/site-packages/airflow/example_dags/example_kubernetes_executor_config.py
[2024-04-19 02:09:27,068] {scheduler_job.py:639} INFO - DAG(s) dict_keys(['example_kubernetes_executor_config']) retrieved from /home/airflow/.local/lib/python3.6/site-packages/airflow/example_dags/example_kubernetes_executor_config.py
[2024-04-19 02:09:27,084] {logging_mixin.py:104} INFO - [2024-04-19 02:09:27,084] {dag.py:1818} INFO - Sync 1 DAGs
[2024-04-19 02:09:27,096] {logging_mixin.py:104} INFO - [2024-04-19 02:09:27,096] {dag.py:2273} INFO - Setting next_dagrun for example_kubernetes_executor_config to None
[2024-04-19 02:09:27,104] {scheduler_job.py:190} INFO - Processing /home/airflow/.local/lib/python3.6/site-packages/airflow/example_dags/example_kubernetes_executor_config.py took 0.048 seconds
[2024-04-19 02:09:57,308] {scheduler_job.py:182} INFO - Started process (PID=3737) to work on /home/airflow/.local/lib/python3.6/site-packages/airflow/example_dags/example_kubernetes_executor_config.py
[2024-04-19 02:09:57,309] {scheduler_job.py:629} INFO - Processing file /home/airflow/.local/lib/python3.6/site-packages/airflow/example_dags/example_kubernetes_executor_config.py for tasks to queue
[2024-04-19 02:09:57,310] {logging_mixin.py:104} INFO - [2024-04-19 02:09:57,309] {dagbag.py:448} INFO - Filling up the DagBag from /home/airflow/.local/lib/python3.6/site-packages/airflow/example_dags/example_kubernetes_executor_config.py
[2024-04-19 02:09:57,318] {scheduler_job.py:639} INFO - DAG(s) dict_keys(['example_kubernetes_executor_config']) retrieved from /home/airflow/.local/lib/python3.6/site-packages/airflow/example_dags/example_kubernetes_executor_config.py
[2024-04-19 02:09:57,333] {logging_mixin.py:104} INFO - [2024-04-19 02:09:57,333] {dag.py:1818} INFO - Sync 1 DAGs
[2024-04-19 02:09:57,344] {logging_mixin.py:104} INFO - [2024-04-19 02:09:57,344] {dag.py:2273} INFO - Setting next_dagrun for example_kubernetes_executor_config to None
[2024-04-19 02:09:57,352] {scheduler_job.py:190} INFO - Processing /home/airflow/.local/lib/python3.6/site-packages/airflow/example_dags/example_kubernetes_executor_config.py took 0.047 seconds
[2024-04-19 02:10:27,519] {scheduler_job.py:182} INFO - Started process (PID=3867) to work on /home/airflow/.local/lib/python3.6/site-packages/airflow/example_dags/example_kubernetes_executor_config.py
[2024-04-19 02:10:27,520] {scheduler_job.py:629} INFO - Processing file /home/airflow/.local/lib/python3.6/site-packages/airflow/example_dags/example_kubernetes_executor_config.py for tasks to queue
[2024-04-19 02:10:27,521] {logging_mixin.py:104} INFO - [2024-04-19 02:10:27,521] {dagbag.py:448} INFO - Filling up the DagBag from /home/airflow/.local/lib/python3.6/site-packages/airflow/example_dags/example_kubernetes_executor_config.py
[2024-04-19 02:10:27,530] {scheduler_job.py:639} INFO - DAG(s) dict_keys(['example_kubernetes_executor_config']) retrieved from /home/airflow/.local/lib/python3.6/site-packages/airflow/example_dags/example_kubernetes_executor_config.py
[2024-04-19 02:10:27,546] {logging_mixin.py:104} INFO - [2024-04-19 02:10:27,546] {dag.py:1818} INFO - Sync 1 DAGs
[2024-04-19 02:10:27,554] {logging_mixin.py:104} INFO - [2024-04-19 02:10:27,554] {dag.py:2273} INFO - Setting next_dagrun for example_kubernetes_executor_config to None
[2024-04-19 02:10:27,562] {scheduler_job.py:190} INFO - Processing /home/airflow/.local/lib/python3.6/site-packages/airflow/example_dags/example_kubernetes_executor_config.py took 0.045 seconds
[2024-04-19 02:10:57,685] {scheduler_job.py:182} INFO - Started process (PID=3997) to work on /home/airflow/.local/lib/python3.6/site-packages/airflow/example_dags/example_kubernetes_executor_config.py
[2024-04-19 02:10:57,687] {scheduler_job.py:629} INFO - Processing file /home/airflow/.local/lib/python3.6/site-packages/airflow/example_dags/example_kubernetes_executor_config.py for tasks to queue
[2024-04-19 02:10:57,687] {logging_mixin.py:104} INFO - [2024-04-19 02:10:57,687] {dagbag.py:448} INFO - Filling up the DagBag from /home/airflow/.local/lib/python3.6/site-packages/airflow/example_dags/example_kubernetes_executor_config.py
[2024-04-19 02:10:57,696] {scheduler_job.py:639} INFO - DAG(s) dict_keys(['example_kubernetes_executor_config']) retrieved from /home/airflow/.local/lib/python3.6/site-packages/airflow/example_dags/example_kubernetes_executor_config.py
[2024-04-19 02:10:57,713] {logging_mixin.py:104} INFO - [2024-04-19 02:10:57,713] {dag.py:1818} INFO - Sync 1 DAGs
[2024-04-19 02:10:57,724] {logging_mixin.py:104} INFO - [2024-04-19 02:10:57,724] {dag.py:2273} INFO - Setting next_dagrun for example_kubernetes_executor_config to None
[2024-04-19 02:10:57,732] {scheduler_job.py:190} INFO - Processing /home/airflow/.local/lib/python3.6/site-packages/airflow/example_dags/example_kubernetes_executor_config.py took 0.049 seconds
[2024-04-19 02:11:27,782] {scheduler_job.py:182} INFO - Started process (PID=4125) to work on /home/airflow/.local/lib/python3.6/site-packages/airflow/example_dags/example_kubernetes_executor_config.py
[2024-04-19 02:11:27,784] {scheduler_job.py:629} INFO - Processing file /home/airflow/.local/lib/python3.6/site-packages/airflow/example_dags/example_kubernetes_executor_config.py for tasks to queue
[2024-04-19 02:11:27,785] {logging_mixin.py:104} INFO - [2024-04-19 02:11:27,785] {dagbag.py:448} INFO - Filling up the DagBag from /home/airflow/.local/lib/python3.6/site-packages/airflow/example_dags/example_kubernetes_executor_config.py
[2024-04-19 02:11:27,793] {scheduler_job.py:639} INFO - DAG(s) dict_keys(['example_kubernetes_executor_config']) retrieved from /home/airflow/.local/lib/python3.6/site-packages/airflow/example_dags/example_kubernetes_executor_config.py
[2024-04-19 02:11:27,811] {logging_mixin.py:104} INFO - [2024-04-19 02:11:27,811] {dag.py:1818} INFO - Sync 1 DAGs
[2024-04-19 02:11:27,821] {logging_mixin.py:104} INFO - [2024-04-19 02:11:27,821] {dag.py:2273} INFO - Setting next_dagrun for example_kubernetes_executor_config to None
[2024-04-19 02:11:27,829] {scheduler_job.py:190} INFO - Processing /home/airflow/.local/lib/python3.6/site-packages/airflow/example_dags/example_kubernetes_executor_config.py took 0.049 seconds
[2024-04-19 02:11:57,884] {scheduler_job.py:182} INFO - Started process (PID=4250) to work on /home/airflow/.local/lib/python3.6/site-packages/airflow/example_dags/example_kubernetes_executor_config.py
[2024-04-19 02:11:57,885] {scheduler_job.py:629} INFO - Processing file /home/airflow/.local/lib/python3.6/site-packages/airflow/example_dags/example_kubernetes_executor_config.py for tasks to queue
[2024-04-19 02:11:57,886] {logging_mixin.py:104} INFO - [2024-04-19 02:11:57,886] {dagbag.py:448} INFO - Filling up the DagBag from /home/airflow/.local/lib/python3.6/site-packages/airflow/example_dags/example_kubernetes_executor_config.py
[2024-04-19 02:11:57,897] {scheduler_job.py:639} INFO - DAG(s) dict_keys(['example_kubernetes_executor_config']) retrieved from /home/airflow/.local/lib/python3.6/site-packages/airflow/example_dags/example_kubernetes_executor_config.py
[2024-04-19 02:11:57,922] {logging_mixin.py:104} INFO - [2024-04-19 02:11:57,921] {dag.py:1818} INFO - Sync 1 DAGs
[2024-04-19 02:11:57,935] {logging_mixin.py:104} INFO - [2024-04-19 02:11:57,935] {dag.py:2273} INFO - Setting next_dagrun for example_kubernetes_executor_config to None
[2024-04-19 02:11:57,945] {scheduler_job.py:190} INFO - Processing /home/airflow/.local/lib/python3.6/site-packages/airflow/example_dags/example_kubernetes_executor_config.py took 0.063 seconds
[2024-04-19 02:12:28,331] {scheduler_job.py:182} INFO - Started process (PID=4382) to work on /home/airflow/.local/lib/python3.6/site-packages/airflow/example_dags/example_kubernetes_executor_config.py
[2024-04-19 02:12:28,332] {scheduler_job.py:629} INFO - Processing file /home/airflow/.local/lib/python3.6/site-packages/airflow/example_dags/example_kubernetes_executor_config.py for tasks to queue
[2024-04-19 02:12:28,333] {logging_mixin.py:104} INFO - [2024-04-19 02:12:28,333] {dagbag.py:448} INFO - Filling up the DagBag from /home/airflow/.local/lib/python3.6/site-packages/airflow/example_dags/example_kubernetes_executor_config.py
[2024-04-19 02:12:28,343] {scheduler_job.py:639} INFO - DAG(s) dict_keys(['example_kubernetes_executor_config']) retrieved from /home/airflow/.local/lib/python3.6/site-packages/airflow/example_dags/example_kubernetes_executor_config.py
[2024-04-19 02:12:28,359] {logging_mixin.py:104} INFO - [2024-04-19 02:12:28,359] {dag.py:1818} INFO - Sync 1 DAGs
[2024-04-19 02:12:28,373] {logging_mixin.py:104} INFO - [2024-04-19 02:12:28,373] {dag.py:2273} INFO - Setting next_dagrun for example_kubernetes_executor_config to None
[2024-04-19 02:12:28,380] {scheduler_job.py:190} INFO - Processing /home/airflow/.local/lib/python3.6/site-packages/airflow/example_dags/example_kubernetes_executor_config.py took 0.052 seconds
[2024-04-19 02:12:58,676] {scheduler_job.py:182} INFO - Started process (PID=4517) to work on /home/airflow/.local/lib/python3.6/site-packages/airflow/example_dags/example_kubernetes_executor_config.py
[2024-04-19 02:12:58,677] {scheduler_job.py:629} INFO - Processing file /home/airflow/.local/lib/python3.6/site-packages/airflow/example_dags/example_kubernetes_executor_config.py for tasks to queue
[2024-04-19 02:12:58,678] {logging_mixin.py:104} INFO - [2024-04-19 02:12:58,678] {dagbag.py:448} INFO - Filling up the DagBag from /home/airflow/.local/lib/python3.6/site-packages/airflow/example_dags/example_kubernetes_executor_config.py
[2024-04-19 02:12:58,686] {scheduler_job.py:639} INFO - DAG(s) dict_keys(['example_kubernetes_executor_config']) retrieved from /home/airflow/.local/lib/python3.6/site-packages/airflow/example_dags/example_kubernetes_executor_config.py
[2024-04-19 02:12:58,703] {logging_mixin.py:104} INFO - [2024-04-19 02:12:58,703] {dag.py:1818} INFO - Sync 1 DAGs
[2024-04-19 02:12:58,716] {logging_mixin.py:104} INFO - [2024-04-19 02:12:58,716] {dag.py:2273} INFO - Setting next_dagrun for example_kubernetes_executor_config to None
[2024-04-19 02:12:58,723] {scheduler_job.py:190} INFO - Processing /home/airflow/.local/lib/python3.6/site-packages/airflow/example_dags/example_kubernetes_executor_config.py took 0.049 seconds
