[2024-04-19 01:51:18,904] {scheduler_job.py:182} INFO - Started process (PID=210) to work on /home/airflow/.local/lib/python3.6/site-packages/airflow/example_dags/example_branch_operator.py
[2024-04-19 01:51:18,905] {scheduler_job.py:629} INFO - Processing file /home/airflow/.local/lib/python3.6/site-packages/airflow/example_dags/example_branch_operator.py for tasks to queue
[2024-04-19 01:51:18,906] {logging_mixin.py:104} INFO - [2024-04-19 01:51:18,906] {dagbag.py:448} INFO - Filling up the DagBag from /home/airflow/.local/lib/python3.6/site-packages/airflow/example_dags/example_branch_operator.py
[2024-04-19 01:51:18,924] {scheduler_job.py:639} INFO - DAG(s) dict_keys(['example_branch_operator']) retrieved from /home/airflow/.local/lib/python3.6/site-packages/airflow/example_dags/example_branch_operator.py
[2024-04-19 01:51:18,957] {logging_mixin.py:104} INFO - [2024-04-19 01:51:18,956] {dag.py:1818} INFO - Sync 1 DAGs
[2024-04-19 01:51:18,969] {logging_mixin.py:104} INFO - [2024-04-19 01:51:18,969] {dag.py:1837} INFO - Creating ORM DAG for example_branch_operator
[2024-04-19 01:51:18,982] {logging_mixin.py:104} INFO - [2024-04-19 01:51:18,982] {dag.py:2273} INFO - Setting next_dagrun for example_branch_operator to 2024-04-17 00:00:00+00:00
[2024-04-19 01:51:18,999] {scheduler_job.py:190} INFO - Processing /home/airflow/.local/lib/python3.6/site-packages/airflow/example_dags/example_branch_operator.py took 0.100 seconds
[2024-04-19 01:51:49,467] {scheduler_job.py:182} INFO - Started process (PID=340) to work on /home/airflow/.local/lib/python3.6/site-packages/airflow/example_dags/example_branch_operator.py
[2024-04-19 01:51:49,469] {scheduler_job.py:629} INFO - Processing file /home/airflow/.local/lib/python3.6/site-packages/airflow/example_dags/example_branch_operator.py for tasks to queue
[2024-04-19 01:51:49,471] {logging_mixin.py:104} INFO - [2024-04-19 01:51:49,471] {dagbag.py:448} INFO - Filling up the DagBag from /home/airflow/.local/lib/python3.6/site-packages/airflow/example_dags/example_branch_operator.py
[2024-04-19 01:51:49,494] {scheduler_job.py:639} INFO - DAG(s) dict_keys(['example_branch_operator']) retrieved from /home/airflow/.local/lib/python3.6/site-packages/airflow/example_dags/example_branch_operator.py
[2024-04-19 01:51:49,540] {logging_mixin.py:104} INFO - [2024-04-19 01:51:49,540] {dag.py:1818} INFO - Sync 1 DAGs
[2024-04-19 01:51:49,580] {logging_mixin.py:104} INFO - [2024-04-19 01:51:49,579] {dag.py:2273} INFO - Setting next_dagrun for example_branch_operator to 2024-04-17 00:00:00+00:00
[2024-04-19 01:51:49,597] {scheduler_job.py:190} INFO - Processing /home/airflow/.local/lib/python3.6/site-packages/airflow/example_dags/example_branch_operator.py took 0.135 seconds
[2024-04-19 01:52:20,276] {scheduler_job.py:182} INFO - Started process (PID=470) to work on /home/airflow/.local/lib/python3.6/site-packages/airflow/example_dags/example_branch_operator.py
[2024-04-19 01:52:20,278] {scheduler_job.py:629} INFO - Processing file /home/airflow/.local/lib/python3.6/site-packages/airflow/example_dags/example_branch_operator.py for tasks to queue
[2024-04-19 01:52:20,279] {logging_mixin.py:104} INFO - [2024-04-19 01:52:20,279] {dagbag.py:448} INFO - Filling up the DagBag from /home/airflow/.local/lib/python3.6/site-packages/airflow/example_dags/example_branch_operator.py
[2024-04-19 01:52:20,291] {scheduler_job.py:639} INFO - DAG(s) dict_keys(['example_branch_operator']) retrieved from /home/airflow/.local/lib/python3.6/site-packages/airflow/example_dags/example_branch_operator.py
[2024-04-19 01:52:20,318] {logging_mixin.py:104} INFO - [2024-04-19 01:52:20,318] {dag.py:1818} INFO - Sync 1 DAGs
[2024-04-19 01:52:20,335] {logging_mixin.py:104} INFO - [2024-04-19 01:52:20,335] {dag.py:2273} INFO - Setting next_dagrun for example_branch_operator to 2024-04-17 00:00:00+00:00
[2024-04-19 01:52:20,343] {scheduler_job.py:190} INFO - Processing /home/airflow/.local/lib/python3.6/site-packages/airflow/example_dags/example_branch_operator.py took 0.070 seconds
[2024-04-19 01:52:50,488] {scheduler_job.py:182} INFO - Started process (PID=600) to work on /home/airflow/.local/lib/python3.6/site-packages/airflow/example_dags/example_branch_operator.py
[2024-04-19 01:52:50,489] {scheduler_job.py:629} INFO - Processing file /home/airflow/.local/lib/python3.6/site-packages/airflow/example_dags/example_branch_operator.py for tasks to queue
[2024-04-19 01:52:50,490] {logging_mixin.py:104} INFO - [2024-04-19 01:52:50,490] {dagbag.py:448} INFO - Filling up the DagBag from /home/airflow/.local/lib/python3.6/site-packages/airflow/example_dags/example_branch_operator.py
[2024-04-19 01:52:50,507] {scheduler_job.py:639} INFO - DAG(s) dict_keys(['example_branch_operator']) retrieved from /home/airflow/.local/lib/python3.6/site-packages/airflow/example_dags/example_branch_operator.py
[2024-04-19 01:52:50,533] {logging_mixin.py:104} INFO - [2024-04-19 01:52:50,533] {dag.py:1818} INFO - Sync 1 DAGs
[2024-04-19 01:52:50,556] {logging_mixin.py:104} INFO - [2024-04-19 01:52:50,556] {dag.py:2273} INFO - Setting next_dagrun for example_branch_operator to 2024-04-17 00:00:00+00:00
[2024-04-19 01:52:50,573] {scheduler_job.py:190} INFO - Processing /home/airflow/.local/lib/python3.6/site-packages/airflow/example_dags/example_branch_operator.py took 0.087 seconds
[2024-04-19 01:53:21,459] {scheduler_job.py:182} INFO - Started process (PID=760) to work on /home/airflow/.local/lib/python3.6/site-packages/airflow/example_dags/example_branch_operator.py
[2024-04-19 01:53:21,462] {scheduler_job.py:629} INFO - Processing file /home/airflow/.local/lib/python3.6/site-packages/airflow/example_dags/example_branch_operator.py for tasks to queue
[2024-04-19 01:53:21,464] {logging_mixin.py:104} INFO - [2024-04-19 01:53:21,464] {dagbag.py:448} INFO - Filling up the DagBag from /home/airflow/.local/lib/python3.6/site-packages/airflow/example_dags/example_branch_operator.py
[2024-04-19 01:53:21,489] {scheduler_job.py:639} INFO - DAG(s) dict_keys(['example_branch_operator']) retrieved from /home/airflow/.local/lib/python3.6/site-packages/airflow/example_dags/example_branch_operator.py
[2024-04-19 01:53:21,515] {logging_mixin.py:104} INFO - [2024-04-19 01:53:21,515] {dag.py:1818} INFO - Sync 1 DAGs
[2024-04-19 01:53:21,535] {logging_mixin.py:104} INFO - [2024-04-19 01:53:21,535] {dag.py:2273} INFO - Setting next_dagrun for example_branch_operator to 2024-04-17 00:00:00+00:00
[2024-04-19 01:53:21,550] {scheduler_job.py:190} INFO - Processing /home/airflow/.local/lib/python3.6/site-packages/airflow/example_dags/example_branch_operator.py took 0.094 seconds
[2024-04-19 01:53:52,043] {scheduler_job.py:182} INFO - Started process (PID=890) to work on /home/airflow/.local/lib/python3.6/site-packages/airflow/example_dags/example_branch_operator.py
[2024-04-19 01:53:52,044] {scheduler_job.py:629} INFO - Processing file /home/airflow/.local/lib/python3.6/site-packages/airflow/example_dags/example_branch_operator.py for tasks to queue
[2024-04-19 01:53:52,046] {logging_mixin.py:104} INFO - [2024-04-19 01:53:52,046] {dagbag.py:448} INFO - Filling up the DagBag from /home/airflow/.local/lib/python3.6/site-packages/airflow/example_dags/example_branch_operator.py
[2024-04-19 01:53:52,062] {scheduler_job.py:639} INFO - DAG(s) dict_keys(['example_branch_operator']) retrieved from /home/airflow/.local/lib/python3.6/site-packages/airflow/example_dags/example_branch_operator.py
[2024-04-19 01:53:52,091] {logging_mixin.py:104} INFO - [2024-04-19 01:53:52,091] {dag.py:1818} INFO - Sync 1 DAGs
[2024-04-19 01:53:52,113] {logging_mixin.py:104} INFO - [2024-04-19 01:53:52,113] {dag.py:2273} INFO - Setting next_dagrun for example_branch_operator to 2024-04-17 00:00:00+00:00
[2024-04-19 01:53:52,123] {scheduler_job.py:190} INFO - Processing /home/airflow/.local/lib/python3.6/site-packages/airflow/example_dags/example_branch_operator.py took 0.084 seconds
[2024-04-19 01:54:22,192] {scheduler_job.py:182} INFO - Started process (PID=1005) to work on /home/airflow/.local/lib/python3.6/site-packages/airflow/example_dags/example_branch_operator.py
[2024-04-19 01:54:22,194] {scheduler_job.py:629} INFO - Processing file /home/airflow/.local/lib/python3.6/site-packages/airflow/example_dags/example_branch_operator.py for tasks to queue
[2024-04-19 01:54:22,195] {logging_mixin.py:104} INFO - [2024-04-19 01:54:22,195] {dagbag.py:448} INFO - Filling up the DagBag from /home/airflow/.local/lib/python3.6/site-packages/airflow/example_dags/example_branch_operator.py
[2024-04-19 01:54:22,210] {scheduler_job.py:639} INFO - DAG(s) dict_keys(['example_branch_operator']) retrieved from /home/airflow/.local/lib/python3.6/site-packages/airflow/example_dags/example_branch_operator.py
[2024-04-19 01:54:22,231] {logging_mixin.py:104} INFO - [2024-04-19 01:54:22,231] {dag.py:1818} INFO - Sync 1 DAGs
[2024-04-19 01:54:22,248] {logging_mixin.py:104} INFO - [2024-04-19 01:54:22,248] {dag.py:2273} INFO - Setting next_dagrun for example_branch_operator to 2024-04-17 00:00:00+00:00
[2024-04-19 01:54:22,259] {scheduler_job.py:190} INFO - Processing /home/airflow/.local/lib/python3.6/site-packages/airflow/example_dags/example_branch_operator.py took 0.070 seconds
[2024-04-19 01:54:52,806] {scheduler_job.py:182} INFO - Started process (PID=1155) to work on /home/airflow/.local/lib/python3.6/site-packages/airflow/example_dags/example_branch_operator.py
[2024-04-19 01:54:52,807] {scheduler_job.py:629} INFO - Processing file /home/airflow/.local/lib/python3.6/site-packages/airflow/example_dags/example_branch_operator.py for tasks to queue
[2024-04-19 01:54:52,808] {logging_mixin.py:104} INFO - [2024-04-19 01:54:52,808] {dagbag.py:448} INFO - Filling up the DagBag from /home/airflow/.local/lib/python3.6/site-packages/airflow/example_dags/example_branch_operator.py
[2024-04-19 01:54:52,826] {scheduler_job.py:639} INFO - DAG(s) dict_keys(['example_branch_operator']) retrieved from /home/airflow/.local/lib/python3.6/site-packages/airflow/example_dags/example_branch_operator.py
[2024-04-19 01:54:52,851] {logging_mixin.py:104} INFO - [2024-04-19 01:54:52,850] {dag.py:1818} INFO - Sync 1 DAGs
[2024-04-19 01:54:52,871] {logging_mixin.py:104} INFO - [2024-04-19 01:54:52,871] {dag.py:2273} INFO - Setting next_dagrun for example_branch_operator to 2024-04-17 00:00:00+00:00
[2024-04-19 01:54:52,882] {scheduler_job.py:190} INFO - Processing /home/airflow/.local/lib/python3.6/site-packages/airflow/example_dags/example_branch_operator.py took 0.080 seconds
[2024-04-19 01:55:23,056] {scheduler_job.py:182} INFO - Started process (PID=1275) to work on /home/airflow/.local/lib/python3.6/site-packages/airflow/example_dags/example_branch_operator.py
[2024-04-19 01:55:23,057] {scheduler_job.py:629} INFO - Processing file /home/airflow/.local/lib/python3.6/site-packages/airflow/example_dags/example_branch_operator.py for tasks to queue
[2024-04-19 01:55:23,058] {logging_mixin.py:104} INFO - [2024-04-19 01:55:23,058] {dagbag.py:448} INFO - Filling up the DagBag from /home/airflow/.local/lib/python3.6/site-packages/airflow/example_dags/example_branch_operator.py
[2024-04-19 01:55:23,075] {scheduler_job.py:639} INFO - DAG(s) dict_keys(['example_branch_operator']) retrieved from /home/airflow/.local/lib/python3.6/site-packages/airflow/example_dags/example_branch_operator.py
[2024-04-19 01:55:23,096] {logging_mixin.py:104} INFO - [2024-04-19 01:55:23,096] {dag.py:1818} INFO - Sync 1 DAGs
[2024-04-19 01:55:23,111] {logging_mixin.py:104} INFO - [2024-04-19 01:55:23,111] {dag.py:2273} INFO - Setting next_dagrun for example_branch_operator to 2024-04-17 00:00:00+00:00
[2024-04-19 01:55:23,120] {scheduler_job.py:190} INFO - Processing /home/airflow/.local/lib/python3.6/site-packages/airflow/example_dags/example_branch_operator.py took 0.066 seconds
[2024-04-19 01:55:53,471] {scheduler_job.py:182} INFO - Started process (PID=1405) to work on /home/airflow/.local/lib/python3.6/site-packages/airflow/example_dags/example_branch_operator.py
[2024-04-19 01:55:53,472] {scheduler_job.py:629} INFO - Processing file /home/airflow/.local/lib/python3.6/site-packages/airflow/example_dags/example_branch_operator.py for tasks to queue
[2024-04-19 01:55:53,473] {logging_mixin.py:104} INFO - [2024-04-19 01:55:53,473] {dagbag.py:448} INFO - Filling up the DagBag from /home/airflow/.local/lib/python3.6/site-packages/airflow/example_dags/example_branch_operator.py
[2024-04-19 01:55:53,487] {scheduler_job.py:639} INFO - DAG(s) dict_keys(['example_branch_operator']) retrieved from /home/airflow/.local/lib/python3.6/site-packages/airflow/example_dags/example_branch_operator.py
[2024-04-19 01:55:53,504] {logging_mixin.py:104} INFO - [2024-04-19 01:55:53,504] {dag.py:1818} INFO - Sync 1 DAGs
[2024-04-19 01:55:53,519] {logging_mixin.py:104} INFO - [2024-04-19 01:55:53,519] {dag.py:2273} INFO - Setting next_dagrun for example_branch_operator to 2024-04-17 00:00:00+00:00
[2024-04-19 01:55:53,526] {scheduler_job.py:190} INFO - Processing /home/airflow/.local/lib/python3.6/site-packages/airflow/example_dags/example_branch_operator.py took 0.057 seconds
[2024-04-19 01:56:18,326] {scheduler_job.py:182} INFO - Started process (PID=210) to work on /home/airflow/.local/lib/python3.6/site-packages/airflow/example_dags/example_branch_operator.py
[2024-04-19 01:56:18,329] {scheduler_job.py:629} INFO - Processing file /home/airflow/.local/lib/python3.6/site-packages/airflow/example_dags/example_branch_operator.py for tasks to queue
[2024-04-19 01:56:18,331] {logging_mixin.py:104} INFO - [2024-04-19 01:56:18,331] {dagbag.py:448} INFO - Filling up the DagBag from /home/airflow/.local/lib/python3.6/site-packages/airflow/example_dags/example_branch_operator.py
[2024-04-19 01:56:18,344] {scheduler_job.py:639} INFO - DAG(s) dict_keys(['example_branch_operator']) retrieved from /home/airflow/.local/lib/python3.6/site-packages/airflow/example_dags/example_branch_operator.py
[2024-04-19 01:56:18,377] {logging_mixin.py:104} INFO - [2024-04-19 01:56:18,376] {dag.py:1818} INFO - Sync 1 DAGs
[2024-04-19 01:56:18,397] {logging_mixin.py:104} INFO - [2024-04-19 01:56:18,397] {dag.py:2273} INFO - Setting next_dagrun for example_branch_operator to 2024-04-17 00:00:00+00:00
[2024-04-19 01:56:18,410] {scheduler_job.py:190} INFO - Processing /home/airflow/.local/lib/python3.6/site-packages/airflow/example_dags/example_branch_operator.py took 0.088 seconds
[2024-04-19 01:56:49,174] {scheduler_job.py:182} INFO - Started process (PID=364) to work on /home/airflow/.local/lib/python3.6/site-packages/airflow/example_dags/example_branch_operator.py
[2024-04-19 01:56:49,177] {scheduler_job.py:629} INFO - Processing file /home/airflow/.local/lib/python3.6/site-packages/airflow/example_dags/example_branch_operator.py for tasks to queue
[2024-04-19 01:56:49,179] {logging_mixin.py:104} INFO - [2024-04-19 01:56:49,179] {dagbag.py:448} INFO - Filling up the DagBag from /home/airflow/.local/lib/python3.6/site-packages/airflow/example_dags/example_branch_operator.py
[2024-04-19 01:56:49,190] {scheduler_job.py:639} INFO - DAG(s) dict_keys(['example_branch_operator']) retrieved from /home/airflow/.local/lib/python3.6/site-packages/airflow/example_dags/example_branch_operator.py
[2024-04-19 01:56:49,211] {logging_mixin.py:104} INFO - [2024-04-19 01:56:49,211] {dag.py:1818} INFO - Sync 1 DAGs
[2024-04-19 01:56:49,231] {logging_mixin.py:104} INFO - [2024-04-19 01:56:49,231] {dag.py:2273} INFO - Setting next_dagrun for example_branch_operator to 2024-04-17 00:00:00+00:00
[2024-04-19 01:56:49,240] {scheduler_job.py:190} INFO - Processing /home/airflow/.local/lib/python3.6/site-packages/airflow/example_dags/example_branch_operator.py took 0.070 seconds
[2024-04-19 01:57:20,120] {scheduler_job.py:182} INFO - Started process (PID=507) to work on /home/airflow/.local/lib/python3.6/site-packages/airflow/example_dags/example_branch_operator.py
[2024-04-19 01:57:20,121] {scheduler_job.py:629} INFO - Processing file /home/airflow/.local/lib/python3.6/site-packages/airflow/example_dags/example_branch_operator.py for tasks to queue
[2024-04-19 01:57:20,122] {logging_mixin.py:104} INFO - [2024-04-19 01:57:20,122] {dagbag.py:448} INFO - Filling up the DagBag from /home/airflow/.local/lib/python3.6/site-packages/airflow/example_dags/example_branch_operator.py
[2024-04-19 01:57:20,136] {scheduler_job.py:639} INFO - DAG(s) dict_keys(['example_branch_operator']) retrieved from /home/airflow/.local/lib/python3.6/site-packages/airflow/example_dags/example_branch_operator.py
[2024-04-19 01:57:20,155] {logging_mixin.py:104} INFO - [2024-04-19 01:57:20,155] {dag.py:1818} INFO - Sync 1 DAGs
[2024-04-19 01:57:20,174] {logging_mixin.py:104} INFO - [2024-04-19 01:57:20,174] {dag.py:2273} INFO - Setting next_dagrun for example_branch_operator to 2024-04-17 00:00:00+00:00
[2024-04-19 01:57:20,188] {scheduler_job.py:190} INFO - Processing /home/airflow/.local/lib/python3.6/site-packages/airflow/example_dags/example_branch_operator.py took 0.070 seconds
[2024-04-19 01:57:50,433] {scheduler_job.py:182} INFO - Started process (PID=627) to work on /home/airflow/.local/lib/python3.6/site-packages/airflow/example_dags/example_branch_operator.py
[2024-04-19 01:57:50,435] {scheduler_job.py:629} INFO - Processing file /home/airflow/.local/lib/python3.6/site-packages/airflow/example_dags/example_branch_operator.py for tasks to queue
[2024-04-19 01:57:50,435] {logging_mixin.py:104} INFO - [2024-04-19 01:57:50,435] {dagbag.py:448} INFO - Filling up the DagBag from /home/airflow/.local/lib/python3.6/site-packages/airflow/example_dags/example_branch_operator.py
[2024-04-19 01:57:50,446] {scheduler_job.py:639} INFO - DAG(s) dict_keys(['example_branch_operator']) retrieved from /home/airflow/.local/lib/python3.6/site-packages/airflow/example_dags/example_branch_operator.py
[2024-04-19 01:57:50,460] {logging_mixin.py:104} INFO - [2024-04-19 01:57:50,460] {dag.py:1818} INFO - Sync 1 DAGs
[2024-04-19 01:57:50,474] {logging_mixin.py:104} INFO - [2024-04-19 01:57:50,474] {dag.py:2273} INFO - Setting next_dagrun for example_branch_operator to 2024-04-17 00:00:00+00:00
[2024-04-19 01:57:50,482] {scheduler_job.py:190} INFO - Processing /home/airflow/.local/lib/python3.6/site-packages/airflow/example_dags/example_branch_operator.py took 0.051 seconds
[2024-04-19 01:58:20,578] {scheduler_job.py:182} INFO - Started process (PID=740) to work on /home/airflow/.local/lib/python3.6/site-packages/airflow/example_dags/example_branch_operator.py
[2024-04-19 01:58:20,580] {scheduler_job.py:629} INFO - Processing file /home/airflow/.local/lib/python3.6/site-packages/airflow/example_dags/example_branch_operator.py for tasks to queue
[2024-04-19 01:58:20,581] {logging_mixin.py:104} INFO - [2024-04-19 01:58:20,580] {dagbag.py:448} INFO - Filling up the DagBag from /home/airflow/.local/lib/python3.6/site-packages/airflow/example_dags/example_branch_operator.py
[2024-04-19 01:58:20,591] {scheduler_job.py:639} INFO - DAG(s) dict_keys(['example_branch_operator']) retrieved from /home/airflow/.local/lib/python3.6/site-packages/airflow/example_dags/example_branch_operator.py
[2024-04-19 01:58:20,607] {logging_mixin.py:104} INFO - [2024-04-19 01:58:20,607] {dag.py:1818} INFO - Sync 1 DAGs
[2024-04-19 01:58:20,621] {logging_mixin.py:104} INFO - [2024-04-19 01:58:20,621] {dag.py:2273} INFO - Setting next_dagrun for example_branch_operator to 2024-04-17 00:00:00+00:00
[2024-04-19 01:58:20,630] {scheduler_job.py:190} INFO - Processing /home/airflow/.local/lib/python3.6/site-packages/airflow/example_dags/example_branch_operator.py took 0.055 seconds
[2024-04-19 01:58:50,689] {scheduler_job.py:182} INFO - Started process (PID=857) to work on /home/airflow/.local/lib/python3.6/site-packages/airflow/example_dags/example_branch_operator.py
[2024-04-19 01:58:50,690] {scheduler_job.py:629} INFO - Processing file /home/airflow/.local/lib/python3.6/site-packages/airflow/example_dags/example_branch_operator.py for tasks to queue
[2024-04-19 01:58:50,691] {logging_mixin.py:104} INFO - [2024-04-19 01:58:50,691] {dagbag.py:448} INFO - Filling up the DagBag from /home/airflow/.local/lib/python3.6/site-packages/airflow/example_dags/example_branch_operator.py
[2024-04-19 01:58:50,703] {scheduler_job.py:639} INFO - DAG(s) dict_keys(['example_branch_operator']) retrieved from /home/airflow/.local/lib/python3.6/site-packages/airflow/example_dags/example_branch_operator.py
[2024-04-19 01:58:50,717] {logging_mixin.py:104} INFO - [2024-04-19 01:58:50,717] {dag.py:1818} INFO - Sync 1 DAGs
[2024-04-19 01:58:50,731] {logging_mixin.py:104} INFO - [2024-04-19 01:58:50,731] {dag.py:2273} INFO - Setting next_dagrun for example_branch_operator to 2024-04-17 00:00:00+00:00
[2024-04-19 01:58:50,738] {scheduler_job.py:190} INFO - Processing /home/airflow/.local/lib/python3.6/site-packages/airflow/example_dags/example_branch_operator.py took 0.052 seconds
[2024-04-19 01:59:20,914] {scheduler_job.py:182} INFO - Started process (PID=985) to work on /home/airflow/.local/lib/python3.6/site-packages/airflow/example_dags/example_branch_operator.py
[2024-04-19 01:59:20,915] {scheduler_job.py:629} INFO - Processing file /home/airflow/.local/lib/python3.6/site-packages/airflow/example_dags/example_branch_operator.py for tasks to queue
[2024-04-19 01:59:20,916] {logging_mixin.py:104} INFO - [2024-04-19 01:59:20,916] {dagbag.py:448} INFO - Filling up the DagBag from /home/airflow/.local/lib/python3.6/site-packages/airflow/example_dags/example_branch_operator.py
[2024-04-19 01:59:20,928] {scheduler_job.py:639} INFO - DAG(s) dict_keys(['example_branch_operator']) retrieved from /home/airflow/.local/lib/python3.6/site-packages/airflow/example_dags/example_branch_operator.py
[2024-04-19 01:59:20,945] {logging_mixin.py:104} INFO - [2024-04-19 01:59:20,945] {dag.py:1818} INFO - Sync 1 DAGs
[2024-04-19 01:59:20,959] {logging_mixin.py:104} INFO - [2024-04-19 01:59:20,959] {dag.py:2273} INFO - Setting next_dagrun for example_branch_operator to 2024-04-17 00:00:00+00:00
[2024-04-19 01:59:20,968] {scheduler_job.py:190} INFO - Processing /home/airflow/.local/lib/python3.6/site-packages/airflow/example_dags/example_branch_operator.py took 0.056 seconds
[2024-04-19 01:59:51,033] {scheduler_job.py:182} INFO - Started process (PID=1115) to work on /home/airflow/.local/lib/python3.6/site-packages/airflow/example_dags/example_branch_operator.py
[2024-04-19 01:59:51,034] {scheduler_job.py:629} INFO - Processing file /home/airflow/.local/lib/python3.6/site-packages/airflow/example_dags/example_branch_operator.py for tasks to queue
[2024-04-19 01:59:51,035] {logging_mixin.py:104} INFO - [2024-04-19 01:59:51,035] {dagbag.py:448} INFO - Filling up the DagBag from /home/airflow/.local/lib/python3.6/site-packages/airflow/example_dags/example_branch_operator.py
[2024-04-19 01:59:51,047] {scheduler_job.py:639} INFO - DAG(s) dict_keys(['example_branch_operator']) retrieved from /home/airflow/.local/lib/python3.6/site-packages/airflow/example_dags/example_branch_operator.py
[2024-04-19 01:59:51,063] {logging_mixin.py:104} INFO - [2024-04-19 01:59:51,063] {dag.py:1818} INFO - Sync 1 DAGs
[2024-04-19 01:59:51,078] {logging_mixin.py:104} INFO - [2024-04-19 01:59:51,077] {dag.py:2273} INFO - Setting next_dagrun for example_branch_operator to 2024-04-17 00:00:00+00:00
[2024-04-19 01:59:51,085] {scheduler_job.py:190} INFO - Processing /home/airflow/.local/lib/python3.6/site-packages/airflow/example_dags/example_branch_operator.py took 0.054 seconds
[2024-04-19 02:00:21,238] {scheduler_job.py:182} INFO - Started process (PID=1245) to work on /home/airflow/.local/lib/python3.6/site-packages/airflow/example_dags/example_branch_operator.py
[2024-04-19 02:00:21,240] {scheduler_job.py:629} INFO - Processing file /home/airflow/.local/lib/python3.6/site-packages/airflow/example_dags/example_branch_operator.py for tasks to queue
[2024-04-19 02:00:21,241] {logging_mixin.py:104} INFO - [2024-04-19 02:00:21,241] {dagbag.py:448} INFO - Filling up the DagBag from /home/airflow/.local/lib/python3.6/site-packages/airflow/example_dags/example_branch_operator.py
[2024-04-19 02:00:21,254] {scheduler_job.py:639} INFO - DAG(s) dict_keys(['example_branch_operator']) retrieved from /home/airflow/.local/lib/python3.6/site-packages/airflow/example_dags/example_branch_operator.py
[2024-04-19 02:00:21,271] {logging_mixin.py:104} INFO - [2024-04-19 02:00:21,271] {dag.py:1818} INFO - Sync 1 DAGs
[2024-04-19 02:00:21,284] {logging_mixin.py:104} INFO - [2024-04-19 02:00:21,284] {dag.py:2273} INFO - Setting next_dagrun for example_branch_operator to 2024-04-17 00:00:00+00:00
[2024-04-19 02:00:21,292] {scheduler_job.py:190} INFO - Processing /home/airflow/.local/lib/python3.6/site-packages/airflow/example_dags/example_branch_operator.py took 0.056 seconds
[2024-04-19 02:00:51,360] {scheduler_job.py:182} INFO - Started process (PID=1360) to work on /home/airflow/.local/lib/python3.6/site-packages/airflow/example_dags/example_branch_operator.py
[2024-04-19 02:00:51,362] {scheduler_job.py:629} INFO - Processing file /home/airflow/.local/lib/python3.6/site-packages/airflow/example_dags/example_branch_operator.py for tasks to queue
[2024-04-19 02:00:51,363] {logging_mixin.py:104} INFO - [2024-04-19 02:00:51,363] {dagbag.py:448} INFO - Filling up the DagBag from /home/airflow/.local/lib/python3.6/site-packages/airflow/example_dags/example_branch_operator.py
[2024-04-19 02:00:51,376] {scheduler_job.py:639} INFO - DAG(s) dict_keys(['example_branch_operator']) retrieved from /home/airflow/.local/lib/python3.6/site-packages/airflow/example_dags/example_branch_operator.py
[2024-04-19 02:00:51,400] {logging_mixin.py:104} INFO - [2024-04-19 02:00:51,400] {dag.py:1818} INFO - Sync 1 DAGs
[2024-04-19 02:00:51,428] {logging_mixin.py:104} INFO - [2024-04-19 02:00:51,428] {dag.py:2273} INFO - Setting next_dagrun for example_branch_operator to 2024-04-17 00:00:00+00:00
[2024-04-19 02:00:51,439] {scheduler_job.py:190} INFO - Processing /home/airflow/.local/lib/python3.6/site-packages/airflow/example_dags/example_branch_operator.py took 0.081 seconds
[2024-04-19 02:01:21,912] {scheduler_job.py:182} INFO - Started process (PID=1499) to work on /home/airflow/.local/lib/python3.6/site-packages/airflow/example_dags/example_branch_operator.py
[2024-04-19 02:01:21,914] {scheduler_job.py:629} INFO - Processing file /home/airflow/.local/lib/python3.6/site-packages/airflow/example_dags/example_branch_operator.py for tasks to queue
[2024-04-19 02:01:21,914] {logging_mixin.py:104} INFO - [2024-04-19 02:01:21,914] {dagbag.py:448} INFO - Filling up the DagBag from /home/airflow/.local/lib/python3.6/site-packages/airflow/example_dags/example_branch_operator.py
[2024-04-19 02:01:21,930] {scheduler_job.py:639} INFO - DAG(s) dict_keys(['example_branch_operator']) retrieved from /home/airflow/.local/lib/python3.6/site-packages/airflow/example_dags/example_branch_operator.py
[2024-04-19 02:01:21,947] {logging_mixin.py:104} INFO - [2024-04-19 02:01:21,946] {dag.py:1818} INFO - Sync 1 DAGs
[2024-04-19 02:01:21,960] {logging_mixin.py:104} INFO - [2024-04-19 02:01:21,960] {dag.py:2273} INFO - Setting next_dagrun for example_branch_operator to 2024-04-17 00:00:00+00:00
[2024-04-19 02:01:21,968] {scheduler_job.py:190} INFO - Processing /home/airflow/.local/lib/python3.6/site-packages/airflow/example_dags/example_branch_operator.py took 0.058 seconds
[2024-04-19 02:01:52,973] {scheduler_job.py:182} INFO - Started process (PID=1657) to work on /home/airflow/.local/lib/python3.6/site-packages/airflow/example_dags/example_branch_operator.py
[2024-04-19 02:01:52,975] {scheduler_job.py:629} INFO - Processing file /home/airflow/.local/lib/python3.6/site-packages/airflow/example_dags/example_branch_operator.py for tasks to queue
[2024-04-19 02:01:52,977] {logging_mixin.py:104} INFO - [2024-04-19 02:01:52,977] {dagbag.py:448} INFO - Filling up the DagBag from /home/airflow/.local/lib/python3.6/site-packages/airflow/example_dags/example_branch_operator.py
[2024-04-19 02:01:53,007] {scheduler_job.py:639} INFO - DAG(s) dict_keys(['example_branch_operator']) retrieved from /home/airflow/.local/lib/python3.6/site-packages/airflow/example_dags/example_branch_operator.py
[2024-04-19 02:01:53,035] {logging_mixin.py:104} INFO - [2024-04-19 02:01:53,034] {dag.py:1818} INFO - Sync 1 DAGs
[2024-04-19 02:01:53,051] {logging_mixin.py:104} INFO - [2024-04-19 02:01:53,051] {dag.py:2273} INFO - Setting next_dagrun for example_branch_operator to 2024-04-17 00:00:00+00:00
[2024-04-19 02:01:53,063] {scheduler_job.py:190} INFO - Processing /home/airflow/.local/lib/python3.6/site-packages/airflow/example_dags/example_branch_operator.py took 0.096 seconds
[2024-04-19 02:02:23,297] {scheduler_job.py:182} INFO - Started process (PID=1780) to work on /home/airflow/.local/lib/python3.6/site-packages/airflow/example_dags/example_branch_operator.py
[2024-04-19 02:02:23,299] {scheduler_job.py:629} INFO - Processing file /home/airflow/.local/lib/python3.6/site-packages/airflow/example_dags/example_branch_operator.py for tasks to queue
[2024-04-19 02:02:23,299] {logging_mixin.py:104} INFO - [2024-04-19 02:02:23,299] {dagbag.py:448} INFO - Filling up the DagBag from /home/airflow/.local/lib/python3.6/site-packages/airflow/example_dags/example_branch_operator.py
[2024-04-19 02:02:23,311] {scheduler_job.py:639} INFO - DAG(s) dict_keys(['example_branch_operator']) retrieved from /home/airflow/.local/lib/python3.6/site-packages/airflow/example_dags/example_branch_operator.py
[2024-04-19 02:02:23,330] {logging_mixin.py:104} INFO - [2024-04-19 02:02:23,330] {dag.py:1818} INFO - Sync 1 DAGs
[2024-04-19 02:02:23,348] {logging_mixin.py:104} INFO - [2024-04-19 02:02:23,348] {dag.py:2273} INFO - Setting next_dagrun for example_branch_operator to 2024-04-17 00:00:00+00:00
[2024-04-19 02:02:23,360] {scheduler_job.py:190} INFO - Processing /home/airflow/.local/lib/python3.6/site-packages/airflow/example_dags/example_branch_operator.py took 0.066 seconds
[2024-04-19 02:02:53,619] {scheduler_job.py:182} INFO - Started process (PID=1917) to work on /home/airflow/.local/lib/python3.6/site-packages/airflow/example_dags/example_branch_operator.py
[2024-04-19 02:02:53,620] {scheduler_job.py:629} INFO - Processing file /home/airflow/.local/lib/python3.6/site-packages/airflow/example_dags/example_branch_operator.py for tasks to queue
[2024-04-19 02:02:53,621] {logging_mixin.py:104} INFO - [2024-04-19 02:02:53,621] {dagbag.py:448} INFO - Filling up the DagBag from /home/airflow/.local/lib/python3.6/site-packages/airflow/example_dags/example_branch_operator.py
[2024-04-19 02:02:53,630] {scheduler_job.py:639} INFO - DAG(s) dict_keys(['example_branch_operator']) retrieved from /home/airflow/.local/lib/python3.6/site-packages/airflow/example_dags/example_branch_operator.py
[2024-04-19 02:02:53,645] {logging_mixin.py:104} INFO - [2024-04-19 02:02:53,645] {dag.py:1818} INFO - Sync 1 DAGs
[2024-04-19 02:02:53,658] {logging_mixin.py:104} INFO - [2024-04-19 02:02:53,658] {dag.py:2273} INFO - Setting next_dagrun for example_branch_operator to 2024-04-17 00:00:00+00:00
[2024-04-19 02:02:53,665] {scheduler_job.py:190} INFO - Processing /home/airflow/.local/lib/python3.6/site-packages/airflow/example_dags/example_branch_operator.py took 0.049 seconds
[2024-04-19 02:03:23,695] {scheduler_job.py:182} INFO - Started process (PID=2045) to work on /home/airflow/.local/lib/python3.6/site-packages/airflow/example_dags/example_branch_operator.py
[2024-04-19 02:03:23,697] {scheduler_job.py:629} INFO - Processing file /home/airflow/.local/lib/python3.6/site-packages/airflow/example_dags/example_branch_operator.py for tasks to queue
[2024-04-19 02:03:23,697] {logging_mixin.py:104} INFO - [2024-04-19 02:03:23,697] {dagbag.py:448} INFO - Filling up the DagBag from /home/airflow/.local/lib/python3.6/site-packages/airflow/example_dags/example_branch_operator.py
[2024-04-19 02:03:23,708] {scheduler_job.py:639} INFO - DAG(s) dict_keys(['example_branch_operator']) retrieved from /home/airflow/.local/lib/python3.6/site-packages/airflow/example_dags/example_branch_operator.py
[2024-04-19 02:03:23,728] {logging_mixin.py:104} INFO - [2024-04-19 02:03:23,728] {dag.py:1818} INFO - Sync 1 DAGs
[2024-04-19 02:03:23,744] {logging_mixin.py:104} INFO - [2024-04-19 02:03:23,744] {dag.py:2273} INFO - Setting next_dagrun for example_branch_operator to 2024-04-17 00:00:00+00:00
[2024-04-19 02:03:23,753] {scheduler_job.py:190} INFO - Processing /home/airflow/.local/lib/python3.6/site-packages/airflow/example_dags/example_branch_operator.py took 0.060 seconds
[2024-04-19 02:03:53,840] {scheduler_job.py:182} INFO - Started process (PID=2172) to work on /home/airflow/.local/lib/python3.6/site-packages/airflow/example_dags/example_branch_operator.py
[2024-04-19 02:03:53,841] {scheduler_job.py:629} INFO - Processing file /home/airflow/.local/lib/python3.6/site-packages/airflow/example_dags/example_branch_operator.py for tasks to queue
[2024-04-19 02:03:53,842] {logging_mixin.py:104} INFO - [2024-04-19 02:03:53,842] {dagbag.py:448} INFO - Filling up the DagBag from /home/airflow/.local/lib/python3.6/site-packages/airflow/example_dags/example_branch_operator.py
[2024-04-19 02:03:53,850] {scheduler_job.py:639} INFO - DAG(s) dict_keys(['example_branch_operator']) retrieved from /home/airflow/.local/lib/python3.6/site-packages/airflow/example_dags/example_branch_operator.py
[2024-04-19 02:03:53,864] {logging_mixin.py:104} INFO - [2024-04-19 02:03:53,864] {dag.py:1818} INFO - Sync 1 DAGs
[2024-04-19 02:03:53,877] {logging_mixin.py:104} INFO - [2024-04-19 02:03:53,877] {dag.py:2273} INFO - Setting next_dagrun for example_branch_operator to 2024-04-17 00:00:00+00:00
[2024-04-19 02:03:53,884] {scheduler_job.py:190} INFO - Processing /home/airflow/.local/lib/python3.6/site-packages/airflow/example_dags/example_branch_operator.py took 0.046 seconds
[2024-04-19 02:04:24,294] {scheduler_job.py:182} INFO - Started process (PID=2315) to work on /home/airflow/.local/lib/python3.6/site-packages/airflow/example_dags/example_branch_operator.py
[2024-04-19 02:04:24,298] {scheduler_job.py:629} INFO - Processing file /home/airflow/.local/lib/python3.6/site-packages/airflow/example_dags/example_branch_operator.py for tasks to queue
[2024-04-19 02:04:24,299] {logging_mixin.py:104} INFO - [2024-04-19 02:04:24,299] {dagbag.py:448} INFO - Filling up the DagBag from /home/airflow/.local/lib/python3.6/site-packages/airflow/example_dags/example_branch_operator.py
[2024-04-19 02:04:24,308] {scheduler_job.py:639} INFO - DAG(s) dict_keys(['example_branch_operator']) retrieved from /home/airflow/.local/lib/python3.6/site-packages/airflow/example_dags/example_branch_operator.py
[2024-04-19 02:04:24,336] {logging_mixin.py:104} INFO - [2024-04-19 02:04:24,336] {dag.py:1818} INFO - Sync 1 DAGs
[2024-04-19 02:04:24,357] {logging_mixin.py:104} INFO - [2024-04-19 02:04:24,357] {dag.py:2273} INFO - Setting next_dagrun for example_branch_operator to 2024-04-17 00:00:00+00:00
[2024-04-19 02:04:24,371] {scheduler_job.py:190} INFO - Processing /home/airflow/.local/lib/python3.6/site-packages/airflow/example_dags/example_branch_operator.py took 0.079 seconds
[2024-04-19 02:04:54,765] {scheduler_job.py:182} INFO - Started process (PID=2445) to work on /home/airflow/.local/lib/python3.6/site-packages/airflow/example_dags/example_branch_operator.py
[2024-04-19 02:04:54,767] {scheduler_job.py:629} INFO - Processing file /home/airflow/.local/lib/python3.6/site-packages/airflow/example_dags/example_branch_operator.py for tasks to queue
[2024-04-19 02:04:54,768] {logging_mixin.py:104} INFO - [2024-04-19 02:04:54,768] {dagbag.py:448} INFO - Filling up the DagBag from /home/airflow/.local/lib/python3.6/site-packages/airflow/example_dags/example_branch_operator.py
[2024-04-19 02:04:54,778] {scheduler_job.py:639} INFO - DAG(s) dict_keys(['example_branch_operator']) retrieved from /home/airflow/.local/lib/python3.6/site-packages/airflow/example_dags/example_branch_operator.py
[2024-04-19 02:04:54,797] {logging_mixin.py:104} INFO - [2024-04-19 02:04:54,797] {dag.py:1818} INFO - Sync 1 DAGs
[2024-04-19 02:04:54,810] {logging_mixin.py:104} INFO - [2024-04-19 02:04:54,810] {dag.py:2273} INFO - Setting next_dagrun for example_branch_operator to 2024-04-17 00:00:00+00:00
[2024-04-19 02:04:54,819] {scheduler_job.py:190} INFO - Processing /home/airflow/.local/lib/python3.6/site-packages/airflow/example_dags/example_branch_operator.py took 0.057 seconds
[2024-04-19 02:05:25,231] {scheduler_job.py:182} INFO - Started process (PID=2582) to work on /home/airflow/.local/lib/python3.6/site-packages/airflow/example_dags/example_branch_operator.py
[2024-04-19 02:05:25,232] {scheduler_job.py:629} INFO - Processing file /home/airflow/.local/lib/python3.6/site-packages/airflow/example_dags/example_branch_operator.py for tasks to queue
[2024-04-19 02:05:25,233] {logging_mixin.py:104} INFO - [2024-04-19 02:05:25,233] {dagbag.py:448} INFO - Filling up the DagBag from /home/airflow/.local/lib/python3.6/site-packages/airflow/example_dags/example_branch_operator.py
[2024-04-19 02:05:25,242] {scheduler_job.py:639} INFO - DAG(s) dict_keys(['example_branch_operator']) retrieved from /home/airflow/.local/lib/python3.6/site-packages/airflow/example_dags/example_branch_operator.py
[2024-04-19 02:05:25,256] {logging_mixin.py:104} INFO - [2024-04-19 02:05:25,256] {dag.py:1818} INFO - Sync 1 DAGs
[2024-04-19 02:05:25,268] {logging_mixin.py:104} INFO - [2024-04-19 02:05:25,268] {dag.py:2273} INFO - Setting next_dagrun for example_branch_operator to 2024-04-17 00:00:00+00:00
[2024-04-19 02:05:25,276] {scheduler_job.py:190} INFO - Processing /home/airflow/.local/lib/python3.6/site-packages/airflow/example_dags/example_branch_operator.py took 0.048 seconds
[2024-04-19 02:05:55,392] {scheduler_job.py:182} INFO - Started process (PID=2711) to work on /home/airflow/.local/lib/python3.6/site-packages/airflow/example_dags/example_branch_operator.py
[2024-04-19 02:05:55,393] {scheduler_job.py:629} INFO - Processing file /home/airflow/.local/lib/python3.6/site-packages/airflow/example_dags/example_branch_operator.py for tasks to queue
[2024-04-19 02:05:55,394] {logging_mixin.py:104} INFO - [2024-04-19 02:05:55,394] {dagbag.py:448} INFO - Filling up the DagBag from /home/airflow/.local/lib/python3.6/site-packages/airflow/example_dags/example_branch_operator.py
[2024-04-19 02:05:55,403] {scheduler_job.py:639} INFO - DAG(s) dict_keys(['example_branch_operator']) retrieved from /home/airflow/.local/lib/python3.6/site-packages/airflow/example_dags/example_branch_operator.py
[2024-04-19 02:05:55,421] {logging_mixin.py:104} INFO - [2024-04-19 02:05:55,420] {dag.py:1818} INFO - Sync 1 DAGs
[2024-04-19 02:05:55,434] {logging_mixin.py:104} INFO - [2024-04-19 02:05:55,434] {dag.py:2273} INFO - Setting next_dagrun for example_branch_operator to 2024-04-17 00:00:00+00:00
[2024-04-19 02:05:55,442] {scheduler_job.py:190} INFO - Processing /home/airflow/.local/lib/python3.6/site-packages/airflow/example_dags/example_branch_operator.py took 0.053 seconds
[2024-04-19 02:06:25,546] {scheduler_job.py:182} INFO - Started process (PID=2832) to work on /home/airflow/.local/lib/python3.6/site-packages/airflow/example_dags/example_branch_operator.py
[2024-04-19 02:06:25,547] {scheduler_job.py:629} INFO - Processing file /home/airflow/.local/lib/python3.6/site-packages/airflow/example_dags/example_branch_operator.py for tasks to queue
[2024-04-19 02:06:25,548] {logging_mixin.py:104} INFO - [2024-04-19 02:06:25,548] {dagbag.py:448} INFO - Filling up the DagBag from /home/airflow/.local/lib/python3.6/site-packages/airflow/example_dags/example_branch_operator.py
[2024-04-19 02:06:25,557] {scheduler_job.py:639} INFO - DAG(s) dict_keys(['example_branch_operator']) retrieved from /home/airflow/.local/lib/python3.6/site-packages/airflow/example_dags/example_branch_operator.py
[2024-04-19 02:06:25,574] {logging_mixin.py:104} INFO - [2024-04-19 02:06:25,574] {dag.py:1818} INFO - Sync 1 DAGs
[2024-04-19 02:06:25,587] {logging_mixin.py:104} INFO - [2024-04-19 02:06:25,587] {dag.py:2273} INFO - Setting next_dagrun for example_branch_operator to 2024-04-17 00:00:00+00:00
[2024-04-19 02:06:25,593] {scheduler_job.py:190} INFO - Processing /home/airflow/.local/lib/python3.6/site-packages/airflow/example_dags/example_branch_operator.py took 0.049 seconds
[2024-04-19 02:06:55,791] {scheduler_job.py:182} INFO - Started process (PID=2962) to work on /home/airflow/.local/lib/python3.6/site-packages/airflow/example_dags/example_branch_operator.py
[2024-04-19 02:06:55,792] {scheduler_job.py:629} INFO - Processing file /home/airflow/.local/lib/python3.6/site-packages/airflow/example_dags/example_branch_operator.py for tasks to queue
[2024-04-19 02:06:55,792] {logging_mixin.py:104} INFO - [2024-04-19 02:06:55,792] {dagbag.py:448} INFO - Filling up the DagBag from /home/airflow/.local/lib/python3.6/site-packages/airflow/example_dags/example_branch_operator.py
[2024-04-19 02:06:55,802] {scheduler_job.py:639} INFO - DAG(s) dict_keys(['example_branch_operator']) retrieved from /home/airflow/.local/lib/python3.6/site-packages/airflow/example_dags/example_branch_operator.py
[2024-04-19 02:06:55,816] {logging_mixin.py:104} INFO - [2024-04-19 02:06:55,816] {dag.py:1818} INFO - Sync 1 DAGs
[2024-04-19 02:06:55,828] {logging_mixin.py:104} INFO - [2024-04-19 02:06:55,828] {dag.py:2273} INFO - Setting next_dagrun for example_branch_operator to 2024-04-17 00:00:00+00:00
[2024-04-19 02:06:55,835] {scheduler_job.py:190} INFO - Processing /home/airflow/.local/lib/python3.6/site-packages/airflow/example_dags/example_branch_operator.py took 0.047 seconds
[2024-04-19 02:07:26,171] {scheduler_job.py:182} INFO - Started process (PID=3102) to work on /home/airflow/.local/lib/python3.6/site-packages/airflow/example_dags/example_branch_operator.py
[2024-04-19 02:07:26,172] {scheduler_job.py:629} INFO - Processing file /home/airflow/.local/lib/python3.6/site-packages/airflow/example_dags/example_branch_operator.py for tasks to queue
[2024-04-19 02:07:26,173] {logging_mixin.py:104} INFO - [2024-04-19 02:07:26,173] {dagbag.py:448} INFO - Filling up the DagBag from /home/airflow/.local/lib/python3.6/site-packages/airflow/example_dags/example_branch_operator.py
[2024-04-19 02:07:26,182] {scheduler_job.py:639} INFO - DAG(s) dict_keys(['example_branch_operator']) retrieved from /home/airflow/.local/lib/python3.6/site-packages/airflow/example_dags/example_branch_operator.py
[2024-04-19 02:07:26,196] {logging_mixin.py:104} INFO - [2024-04-19 02:07:26,196] {dag.py:1818} INFO - Sync 1 DAGs
[2024-04-19 02:07:26,208] {logging_mixin.py:104} INFO - [2024-04-19 02:07:26,208] {dag.py:2273} INFO - Setting next_dagrun for example_branch_operator to 2024-04-17 00:00:00+00:00
[2024-04-19 02:07:26,215] {scheduler_job.py:190} INFO - Processing /home/airflow/.local/lib/python3.6/site-packages/airflow/example_dags/example_branch_operator.py took 0.046 seconds
[2024-04-19 02:07:56,287] {scheduler_job.py:182} INFO - Started process (PID=3222) to work on /home/airflow/.local/lib/python3.6/site-packages/airflow/example_dags/example_branch_operator.py
[2024-04-19 02:07:56,288] {scheduler_job.py:629} INFO - Processing file /home/airflow/.local/lib/python3.6/site-packages/airflow/example_dags/example_branch_operator.py for tasks to queue
[2024-04-19 02:07:56,289] {logging_mixin.py:104} INFO - [2024-04-19 02:07:56,289] {dagbag.py:448} INFO - Filling up the DagBag from /home/airflow/.local/lib/python3.6/site-packages/airflow/example_dags/example_branch_operator.py
[2024-04-19 02:07:56,299] {scheduler_job.py:639} INFO - DAG(s) dict_keys(['example_branch_operator']) retrieved from /home/airflow/.local/lib/python3.6/site-packages/airflow/example_dags/example_branch_operator.py
[2024-04-19 02:07:56,313] {logging_mixin.py:104} INFO - [2024-04-19 02:07:56,313] {dag.py:1818} INFO - Sync 1 DAGs
[2024-04-19 02:07:56,325] {logging_mixin.py:104} INFO - [2024-04-19 02:07:56,325] {dag.py:2273} INFO - Setting next_dagrun for example_branch_operator to 2024-04-17 00:00:00+00:00
[2024-04-19 02:07:56,333] {scheduler_job.py:190} INFO - Processing /home/airflow/.local/lib/python3.6/site-packages/airflow/example_dags/example_branch_operator.py took 0.049 seconds
[2024-04-19 02:08:26,690] {scheduler_job.py:182} INFO - Started process (PID=3357) to work on /home/airflow/.local/lib/python3.6/site-packages/airflow/example_dags/example_branch_operator.py
[2024-04-19 02:08:26,692] {scheduler_job.py:629} INFO - Processing file /home/airflow/.local/lib/python3.6/site-packages/airflow/example_dags/example_branch_operator.py for tasks to queue
[2024-04-19 02:08:26,693] {logging_mixin.py:104} INFO - [2024-04-19 02:08:26,693] {dagbag.py:448} INFO - Filling up the DagBag from /home/airflow/.local/lib/python3.6/site-packages/airflow/example_dags/example_branch_operator.py
[2024-04-19 02:08:26,705] {scheduler_job.py:639} INFO - DAG(s) dict_keys(['example_branch_operator']) retrieved from /home/airflow/.local/lib/python3.6/site-packages/airflow/example_dags/example_branch_operator.py
[2024-04-19 02:08:26,719] {logging_mixin.py:104} INFO - [2024-04-19 02:08:26,719] {dag.py:1818} INFO - Sync 1 DAGs
[2024-04-19 02:08:26,732] {logging_mixin.py:104} INFO - [2024-04-19 02:08:26,732] {dag.py:2273} INFO - Setting next_dagrun for example_branch_operator to 2024-04-17 00:00:00+00:00
[2024-04-19 02:08:26,740] {scheduler_job.py:190} INFO - Processing /home/airflow/.local/lib/python3.6/site-packages/airflow/example_dags/example_branch_operator.py took 0.051 seconds
[2024-04-19 02:08:56,881] {scheduler_job.py:182} INFO - Started process (PID=3487) to work on /home/airflow/.local/lib/python3.6/site-packages/airflow/example_dags/example_branch_operator.py
[2024-04-19 02:08:56,882] {scheduler_job.py:629} INFO - Processing file /home/airflow/.local/lib/python3.6/site-packages/airflow/example_dags/example_branch_operator.py for tasks to queue
[2024-04-19 02:08:56,883] {logging_mixin.py:104} INFO - [2024-04-19 02:08:56,883] {dagbag.py:448} INFO - Filling up the DagBag from /home/airflow/.local/lib/python3.6/site-packages/airflow/example_dags/example_branch_operator.py
[2024-04-19 02:08:56,892] {scheduler_job.py:639} INFO - DAG(s) dict_keys(['example_branch_operator']) retrieved from /home/airflow/.local/lib/python3.6/site-packages/airflow/example_dags/example_branch_operator.py
[2024-04-19 02:08:56,908] {logging_mixin.py:104} INFO - [2024-04-19 02:08:56,908] {dag.py:1818} INFO - Sync 1 DAGs
[2024-04-19 02:08:56,925] {logging_mixin.py:104} INFO - [2024-04-19 02:08:56,925] {dag.py:2273} INFO - Setting next_dagrun for example_branch_operator to 2024-04-17 00:00:00+00:00
[2024-04-19 02:08:56,934] {scheduler_job.py:190} INFO - Processing /home/airflow/.local/lib/python3.6/site-packages/airflow/example_dags/example_branch_operator.py took 0.055 seconds
[2024-04-19 02:09:27,201] {scheduler_job.py:182} INFO - Started process (PID=3617) to work on /home/airflow/.local/lib/python3.6/site-packages/airflow/example_dags/example_branch_operator.py
[2024-04-19 02:09:27,202] {scheduler_job.py:629} INFO - Processing file /home/airflow/.local/lib/python3.6/site-packages/airflow/example_dags/example_branch_operator.py for tasks to queue
[2024-04-19 02:09:27,203] {logging_mixin.py:104} INFO - [2024-04-19 02:09:27,203] {dagbag.py:448} INFO - Filling up the DagBag from /home/airflow/.local/lib/python3.6/site-packages/airflow/example_dags/example_branch_operator.py
[2024-04-19 02:09:27,211] {scheduler_job.py:639} INFO - DAG(s) dict_keys(['example_branch_operator']) retrieved from /home/airflow/.local/lib/python3.6/site-packages/airflow/example_dags/example_branch_operator.py
[2024-04-19 02:09:27,228] {logging_mixin.py:104} INFO - [2024-04-19 02:09:27,228] {dag.py:1818} INFO - Sync 1 DAGs
[2024-04-19 02:09:27,242] {logging_mixin.py:104} INFO - [2024-04-19 02:09:27,242] {dag.py:2273} INFO - Setting next_dagrun for example_branch_operator to 2024-04-17 00:00:00+00:00
[2024-04-19 02:09:27,250] {scheduler_job.py:190} INFO - Processing /home/airflow/.local/lib/python3.6/site-packages/airflow/example_dags/example_branch_operator.py took 0.051 seconds
[2024-04-19 02:09:57,381] {scheduler_job.py:182} INFO - Started process (PID=3747) to work on /home/airflow/.local/lib/python3.6/site-packages/airflow/example_dags/example_branch_operator.py
[2024-04-19 02:09:57,382] {scheduler_job.py:629} INFO - Processing file /home/airflow/.local/lib/python3.6/site-packages/airflow/example_dags/example_branch_operator.py for tasks to queue
[2024-04-19 02:09:57,383] {logging_mixin.py:104} INFO - [2024-04-19 02:09:57,383] {dagbag.py:448} INFO - Filling up the DagBag from /home/airflow/.local/lib/python3.6/site-packages/airflow/example_dags/example_branch_operator.py
[2024-04-19 02:09:57,393] {scheduler_job.py:639} INFO - DAG(s) dict_keys(['example_branch_operator']) retrieved from /home/airflow/.local/lib/python3.6/site-packages/airflow/example_dags/example_branch_operator.py
[2024-04-19 02:09:57,407] {logging_mixin.py:104} INFO - [2024-04-19 02:09:57,407] {dag.py:1818} INFO - Sync 1 DAGs
[2024-04-19 02:09:57,421] {logging_mixin.py:104} INFO - [2024-04-19 02:09:57,420] {dag.py:2273} INFO - Setting next_dagrun for example_branch_operator to 2024-04-17 00:00:00+00:00
[2024-04-19 02:09:57,427] {scheduler_job.py:190} INFO - Processing /home/airflow/.local/lib/python3.6/site-packages/airflow/example_dags/example_branch_operator.py took 0.048 seconds
[2024-04-19 02:10:27,592] {scheduler_job.py:182} INFO - Started process (PID=3877) to work on /home/airflow/.local/lib/python3.6/site-packages/airflow/example_dags/example_branch_operator.py
[2024-04-19 02:10:27,593] {scheduler_job.py:629} INFO - Processing file /home/airflow/.local/lib/python3.6/site-packages/airflow/example_dags/example_branch_operator.py for tasks to queue
[2024-04-19 02:10:27,593] {logging_mixin.py:104} INFO - [2024-04-19 02:10:27,593] {dagbag.py:448} INFO - Filling up the DagBag from /home/airflow/.local/lib/python3.6/site-packages/airflow/example_dags/example_branch_operator.py
[2024-04-19 02:10:27,604] {scheduler_job.py:639} INFO - DAG(s) dict_keys(['example_branch_operator']) retrieved from /home/airflow/.local/lib/python3.6/site-packages/airflow/example_dags/example_branch_operator.py
[2024-04-19 02:10:27,619] {logging_mixin.py:104} INFO - [2024-04-19 02:10:27,619] {dag.py:1818} INFO - Sync 1 DAGs
[2024-04-19 02:10:27,633] {logging_mixin.py:104} INFO - [2024-04-19 02:10:27,633] {dag.py:2273} INFO - Setting next_dagrun for example_branch_operator to 2024-04-17 00:00:00+00:00
[2024-04-19 02:10:27,662] {scheduler_job.py:190} INFO - Processing /home/airflow/.local/lib/python3.6/site-packages/airflow/example_dags/example_branch_operator.py took 0.072 seconds
[2024-04-19 02:10:57,760] {scheduler_job.py:182} INFO - Started process (PID=4007) to work on /home/airflow/.local/lib/python3.6/site-packages/airflow/example_dags/example_branch_operator.py
[2024-04-19 02:10:57,762] {scheduler_job.py:629} INFO - Processing file /home/airflow/.local/lib/python3.6/site-packages/airflow/example_dags/example_branch_operator.py for tasks to queue
[2024-04-19 02:10:57,763] {logging_mixin.py:104} INFO - [2024-04-19 02:10:57,763] {dagbag.py:448} INFO - Filling up the DagBag from /home/airflow/.local/lib/python3.6/site-packages/airflow/example_dags/example_branch_operator.py
[2024-04-19 02:10:57,775] {scheduler_job.py:639} INFO - DAG(s) dict_keys(['example_branch_operator']) retrieved from /home/airflow/.local/lib/python3.6/site-packages/airflow/example_dags/example_branch_operator.py
[2024-04-19 02:10:57,793] {logging_mixin.py:104} INFO - [2024-04-19 02:10:57,793] {dag.py:1818} INFO - Sync 1 DAGs
[2024-04-19 02:10:57,809] {logging_mixin.py:104} INFO - [2024-04-19 02:10:57,809] {dag.py:2273} INFO - Setting next_dagrun for example_branch_operator to 2024-04-17 00:00:00+00:00
[2024-04-19 02:10:57,820] {scheduler_job.py:190} INFO - Processing /home/airflow/.local/lib/python3.6/site-packages/airflow/example_dags/example_branch_operator.py took 0.062 seconds
[2024-04-19 02:11:27,852] {scheduler_job.py:182} INFO - Started process (PID=4135) to work on /home/airflow/.local/lib/python3.6/site-packages/airflow/example_dags/example_branch_operator.py
[2024-04-19 02:11:27,854] {scheduler_job.py:629} INFO - Processing file /home/airflow/.local/lib/python3.6/site-packages/airflow/example_dags/example_branch_operator.py for tasks to queue
[2024-04-19 02:11:27,855] {logging_mixin.py:104} INFO - [2024-04-19 02:11:27,855] {dagbag.py:448} INFO - Filling up the DagBag from /home/airflow/.local/lib/python3.6/site-packages/airflow/example_dags/example_branch_operator.py
[2024-04-19 02:11:27,867] {scheduler_job.py:639} INFO - DAG(s) dict_keys(['example_branch_operator']) retrieved from /home/airflow/.local/lib/python3.6/site-packages/airflow/example_dags/example_branch_operator.py
[2024-04-19 02:11:27,885] {logging_mixin.py:104} INFO - [2024-04-19 02:11:27,885] {dag.py:1818} INFO - Sync 1 DAGs
[2024-04-19 02:11:27,902] {logging_mixin.py:104} INFO - [2024-04-19 02:11:27,902] {dag.py:2273} INFO - Setting next_dagrun for example_branch_operator to 2024-04-17 00:00:00+00:00
[2024-04-19 02:11:27,911] {scheduler_job.py:190} INFO - Processing /home/airflow/.local/lib/python3.6/site-packages/airflow/example_dags/example_branch_operator.py took 0.062 seconds
[2024-04-19 02:11:57,974] {scheduler_job.py:182} INFO - Started process (PID=4260) to work on /home/airflow/.local/lib/python3.6/site-packages/airflow/example_dags/example_branch_operator.py
[2024-04-19 02:11:57,975] {scheduler_job.py:629} INFO - Processing file /home/airflow/.local/lib/python3.6/site-packages/airflow/example_dags/example_branch_operator.py for tasks to queue
[2024-04-19 02:11:57,976] {logging_mixin.py:104} INFO - [2024-04-19 02:11:57,976] {dagbag.py:448} INFO - Filling up the DagBag from /home/airflow/.local/lib/python3.6/site-packages/airflow/example_dags/example_branch_operator.py
[2024-04-19 02:11:57,990] {scheduler_job.py:639} INFO - DAG(s) dict_keys(['example_branch_operator']) retrieved from /home/airflow/.local/lib/python3.6/site-packages/airflow/example_dags/example_branch_operator.py
[2024-04-19 02:11:58,011] {logging_mixin.py:104} INFO - [2024-04-19 02:11:58,011] {dag.py:1818} INFO - Sync 1 DAGs
[2024-04-19 02:11:58,024] {logging_mixin.py:104} INFO - [2024-04-19 02:11:58,024] {dag.py:2273} INFO - Setting next_dagrun for example_branch_operator to 2024-04-17 00:00:00+00:00
[2024-04-19 02:11:58,033] {scheduler_job.py:190} INFO - Processing /home/airflow/.local/lib/python3.6/site-packages/airflow/example_dags/example_branch_operator.py took 0.061 seconds
[2024-04-19 02:12:28,639] {scheduler_job.py:182} INFO - Started process (PID=4415) to work on /home/airflow/.local/lib/python3.6/site-packages/airflow/example_dags/example_branch_operator.py
[2024-04-19 02:12:28,641] {scheduler_job.py:629} INFO - Processing file /home/airflow/.local/lib/python3.6/site-packages/airflow/example_dags/example_branch_operator.py for tasks to queue
[2024-04-19 02:12:28,642] {logging_mixin.py:104} INFO - [2024-04-19 02:12:28,642] {dagbag.py:448} INFO - Filling up the DagBag from /home/airflow/.local/lib/python3.6/site-packages/airflow/example_dags/example_branch_operator.py
[2024-04-19 02:12:28,656] {scheduler_job.py:639} INFO - DAG(s) dict_keys(['example_branch_operator']) retrieved from /home/airflow/.local/lib/python3.6/site-packages/airflow/example_dags/example_branch_operator.py
[2024-04-19 02:12:28,675] {logging_mixin.py:104} INFO - [2024-04-19 02:12:28,675] {dag.py:1818} INFO - Sync 1 DAGs
[2024-04-19 02:12:28,693] {logging_mixin.py:104} INFO - [2024-04-19 02:12:28,693] {dag.py:2273} INFO - Setting next_dagrun for example_branch_operator to 2024-04-17 00:00:00+00:00
[2024-04-19 02:12:28,704] {scheduler_job.py:190} INFO - Processing /home/airflow/.local/lib/python3.6/site-packages/airflow/example_dags/example_branch_operator.py took 0.067 seconds
[2024-04-19 02:12:58,831] {scheduler_job.py:182} INFO - Started process (PID=4534) to work on /home/airflow/.local/lib/python3.6/site-packages/airflow/example_dags/example_branch_operator.py
[2024-04-19 02:12:58,832] {scheduler_job.py:629} INFO - Processing file /home/airflow/.local/lib/python3.6/site-packages/airflow/example_dags/example_branch_operator.py for tasks to queue
[2024-04-19 02:12:58,833] {logging_mixin.py:104} INFO - [2024-04-19 02:12:58,833] {dagbag.py:448} INFO - Filling up the DagBag from /home/airflow/.local/lib/python3.6/site-packages/airflow/example_dags/example_branch_operator.py
[2024-04-19 02:12:58,845] {scheduler_job.py:639} INFO - DAG(s) dict_keys(['example_branch_operator']) retrieved from /home/airflow/.local/lib/python3.6/site-packages/airflow/example_dags/example_branch_operator.py
[2024-04-19 02:12:58,860] {logging_mixin.py:104} INFO - [2024-04-19 02:12:58,860] {dag.py:1818} INFO - Sync 1 DAGs
[2024-04-19 02:12:58,876] {logging_mixin.py:104} INFO - [2024-04-19 02:12:58,876] {dag.py:2273} INFO - Setting next_dagrun for example_branch_operator to 2024-04-17 00:00:00+00:00
[2024-04-19 02:12:58,885] {scheduler_job.py:190} INFO - Processing /home/airflow/.local/lib/python3.6/site-packages/airflow/example_dags/example_branch_operator.py took 0.056 seconds
