[2024-04-19 01:51:20,304] {scheduler_job.py:182} INFO - Started process (PID=290) to work on /home/airflow/.local/lib/python3.6/site-packages/airflow/example_dags/example_bash_operator.py
[2024-04-19 01:51:20,305] {scheduler_job.py:629} INFO - Processing file /home/airflow/.local/lib/python3.6/site-packages/airflow/example_dags/example_bash_operator.py for tasks to queue
[2024-04-19 01:51:20,307] {logging_mixin.py:104} INFO - [2024-04-19 01:51:20,307] {dagbag.py:448} INFO - Filling up the DagBag from /home/airflow/.local/lib/python3.6/site-packages/airflow/example_dags/example_bash_operator.py
[2024-04-19 01:51:20,331] {scheduler_job.py:639} INFO - DAG(s) dict_keys(['example_bash_operator']) retrieved from /home/airflow/.local/lib/python3.6/site-packages/airflow/example_dags/example_bash_operator.py
[2024-04-19 01:51:20,368] {logging_mixin.py:104} INFO - [2024-04-19 01:51:20,368] {dag.py:1818} INFO - Sync 1 DAGs
[2024-04-19 01:51:20,382] {logging_mixin.py:104} INFO - [2024-04-19 01:51:20,381] {dag.py:1837} INFO - Creating ORM DAG for example_bash_operator
[2024-04-19 01:51:20,397] {logging_mixin.py:104} INFO - [2024-04-19 01:51:20,397] {dag.py:2273} INFO - Setting next_dagrun for example_bash_operator to 2024-04-17 00:00:00+00:00
[2024-04-19 01:51:20,420] {scheduler_job.py:190} INFO - Processing /home/airflow/.local/lib/python3.6/site-packages/airflow/example_dags/example_bash_operator.py took 0.120 seconds
[2024-04-19 01:51:50,532] {scheduler_job.py:182} INFO - Started process (PID=415) to work on /home/airflow/.local/lib/python3.6/site-packages/airflow/example_dags/example_bash_operator.py
[2024-04-19 01:51:50,534] {scheduler_job.py:629} INFO - Processing file /home/airflow/.local/lib/python3.6/site-packages/airflow/example_dags/example_bash_operator.py for tasks to queue
[2024-04-19 01:51:50,536] {logging_mixin.py:104} INFO - [2024-04-19 01:51:50,536] {dagbag.py:448} INFO - Filling up the DagBag from /home/airflow/.local/lib/python3.6/site-packages/airflow/example_dags/example_bash_operator.py
[2024-04-19 01:51:50,563] {scheduler_job.py:639} INFO - DAG(s) dict_keys(['example_bash_operator']) retrieved from /home/airflow/.local/lib/python3.6/site-packages/airflow/example_dags/example_bash_operator.py
[2024-04-19 01:51:50,597] {logging_mixin.py:104} INFO - [2024-04-19 01:51:50,597] {dag.py:1818} INFO - Sync 1 DAGs
[2024-04-19 01:51:50,629] {logging_mixin.py:104} INFO - [2024-04-19 01:51:50,629] {dag.py:2273} INFO - Setting next_dagrun for example_bash_operator to 2024-04-17 00:00:00+00:00
[2024-04-19 01:51:50,650] {scheduler_job.py:190} INFO - Processing /home/airflow/.local/lib/python3.6/site-packages/airflow/example_dags/example_bash_operator.py took 0.124 seconds
[2024-04-19 01:52:21,038] {scheduler_job.py:182} INFO - Started process (PID=550) to work on /home/airflow/.local/lib/python3.6/site-packages/airflow/example_dags/example_bash_operator.py
[2024-04-19 01:52:21,040] {scheduler_job.py:629} INFO - Processing file /home/airflow/.local/lib/python3.6/site-packages/airflow/example_dags/example_bash_operator.py for tasks to queue
[2024-04-19 01:52:21,041] {logging_mixin.py:104} INFO - [2024-04-19 01:52:21,041] {dagbag.py:448} INFO - Filling up the DagBag from /home/airflow/.local/lib/python3.6/site-packages/airflow/example_dags/example_bash_operator.py
[2024-04-19 01:52:21,052] {scheduler_job.py:639} INFO - DAG(s) dict_keys(['example_bash_operator']) retrieved from /home/airflow/.local/lib/python3.6/site-packages/airflow/example_dags/example_bash_operator.py
[2024-04-19 01:52:21,072] {logging_mixin.py:104} INFO - [2024-04-19 01:52:21,072] {dag.py:1818} INFO - Sync 1 DAGs
[2024-04-19 01:52:21,086] {logging_mixin.py:104} INFO - [2024-04-19 01:52:21,086] {dag.py:2273} INFO - Setting next_dagrun for example_bash_operator to 2024-04-17 00:00:00+00:00
[2024-04-19 01:52:21,093] {scheduler_job.py:190} INFO - Processing /home/airflow/.local/lib/python3.6/site-packages/airflow/example_dags/example_bash_operator.py took 0.058 seconds
[2024-04-19 01:52:51,348] {scheduler_job.py:182} INFO - Started process (PID=675) to work on /home/airflow/.local/lib/python3.6/site-packages/airflow/example_dags/example_bash_operator.py
[2024-04-19 01:52:51,350] {scheduler_job.py:629} INFO - Processing file /home/airflow/.local/lib/python3.6/site-packages/airflow/example_dags/example_bash_operator.py for tasks to queue
[2024-04-19 01:52:51,351] {logging_mixin.py:104} INFO - [2024-04-19 01:52:51,351] {dagbag.py:448} INFO - Filling up the DagBag from /home/airflow/.local/lib/python3.6/site-packages/airflow/example_dags/example_bash_operator.py
[2024-04-19 01:52:51,363] {scheduler_job.py:639} INFO - DAG(s) dict_keys(['example_bash_operator']) retrieved from /home/airflow/.local/lib/python3.6/site-packages/airflow/example_dags/example_bash_operator.py
[2024-04-19 01:52:51,398] {logging_mixin.py:104} INFO - [2024-04-19 01:52:51,398] {dag.py:1818} INFO - Sync 1 DAGs
[2024-04-19 01:52:51,426] {logging_mixin.py:104} INFO - [2024-04-19 01:52:51,425] {dag.py:2273} INFO - Setting next_dagrun for example_bash_operator to 2024-04-17 00:00:00+00:00
[2024-04-19 01:52:51,438] {scheduler_job.py:190} INFO - Processing /home/airflow/.local/lib/python3.6/site-packages/airflow/example_dags/example_bash_operator.py took 0.092 seconds
[2024-04-19 01:53:21,659] {scheduler_job.py:182} INFO - Started process (PID=775) to work on /home/airflow/.local/lib/python3.6/site-packages/airflow/example_dags/example_bash_operator.py
[2024-04-19 01:53:21,662] {scheduler_job.py:629} INFO - Processing file /home/airflow/.local/lib/python3.6/site-packages/airflow/example_dags/example_bash_operator.py for tasks to queue
[2024-04-19 01:53:21,664] {logging_mixin.py:104} INFO - [2024-04-19 01:53:21,664] {dagbag.py:448} INFO - Filling up the DagBag from /home/airflow/.local/lib/python3.6/site-packages/airflow/example_dags/example_bash_operator.py
[2024-04-19 01:53:21,686] {scheduler_job.py:639} INFO - DAG(s) dict_keys(['example_bash_operator']) retrieved from /home/airflow/.local/lib/python3.6/site-packages/airflow/example_dags/example_bash_operator.py
[2024-04-19 01:53:21,736] {logging_mixin.py:104} INFO - [2024-04-19 01:53:21,736] {dag.py:1818} INFO - Sync 1 DAGs
[2024-04-19 01:53:21,759] {logging_mixin.py:104} INFO - [2024-04-19 01:53:21,759] {dag.py:2273} INFO - Setting next_dagrun for example_bash_operator to 2024-04-17 00:00:00+00:00
[2024-04-19 01:53:21,770] {scheduler_job.py:190} INFO - Processing /home/airflow/.local/lib/python3.6/site-packages/airflow/example_dags/example_bash_operator.py took 0.115 seconds
[2024-04-19 01:53:52,448] {scheduler_job.py:182} INFO - Started process (PID=935) to work on /home/airflow/.local/lib/python3.6/site-packages/airflow/example_dags/example_bash_operator.py
[2024-04-19 01:53:52,449] {scheduler_job.py:629} INFO - Processing file /home/airflow/.local/lib/python3.6/site-packages/airflow/example_dags/example_bash_operator.py for tasks to queue
[2024-04-19 01:53:52,450] {logging_mixin.py:104} INFO - [2024-04-19 01:53:52,450] {dagbag.py:448} INFO - Filling up the DagBag from /home/airflow/.local/lib/python3.6/site-packages/airflow/example_dags/example_bash_operator.py
[2024-04-19 01:53:52,460] {scheduler_job.py:639} INFO - DAG(s) dict_keys(['example_bash_operator']) retrieved from /home/airflow/.local/lib/python3.6/site-packages/airflow/example_dags/example_bash_operator.py
[2024-04-19 01:53:52,487] {logging_mixin.py:104} INFO - [2024-04-19 01:53:52,487] {dag.py:1818} INFO - Sync 1 DAGs
[2024-04-19 01:53:52,506] {logging_mixin.py:104} INFO - [2024-04-19 01:53:52,506] {dag.py:2273} INFO - Setting next_dagrun for example_bash_operator to 2024-04-17 00:00:00+00:00
[2024-04-19 01:53:52,519] {scheduler_job.py:190} INFO - Processing /home/airflow/.local/lib/python3.6/site-packages/airflow/example_dags/example_bash_operator.py took 0.074 seconds
[2024-04-19 01:54:22,623] {scheduler_job.py:182} INFO - Started process (PID=1055) to work on /home/airflow/.local/lib/python3.6/site-packages/airflow/example_dags/example_bash_operator.py
[2024-04-19 01:54:22,626] {scheduler_job.py:629} INFO - Processing file /home/airflow/.local/lib/python3.6/site-packages/airflow/example_dags/example_bash_operator.py for tasks to queue
[2024-04-19 01:54:22,628] {logging_mixin.py:104} INFO - [2024-04-19 01:54:22,628] {dagbag.py:448} INFO - Filling up the DagBag from /home/airflow/.local/lib/python3.6/site-packages/airflow/example_dags/example_bash_operator.py
[2024-04-19 01:54:22,639] {scheduler_job.py:639} INFO - DAG(s) dict_keys(['example_bash_operator']) retrieved from /home/airflow/.local/lib/python3.6/site-packages/airflow/example_dags/example_bash_operator.py
[2024-04-19 01:54:22,662] {logging_mixin.py:104} INFO - [2024-04-19 01:54:22,662] {dag.py:1818} INFO - Sync 1 DAGs
[2024-04-19 01:54:22,678] {logging_mixin.py:104} INFO - [2024-04-19 01:54:22,678] {dag.py:2273} INFO - Setting next_dagrun for example_bash_operator to 2024-04-17 00:00:00+00:00
[2024-04-19 01:54:22,691] {scheduler_job.py:190} INFO - Processing /home/airflow/.local/lib/python3.6/site-packages/airflow/example_dags/example_bash_operator.py took 0.073 seconds
[2024-04-19 01:54:52,915] {scheduler_job.py:182} INFO - Started process (PID=1165) to work on /home/airflow/.local/lib/python3.6/site-packages/airflow/example_dags/example_bash_operator.py
[2024-04-19 01:54:52,916] {scheduler_job.py:629} INFO - Processing file /home/airflow/.local/lib/python3.6/site-packages/airflow/example_dags/example_bash_operator.py for tasks to queue
[2024-04-19 01:54:52,918] {logging_mixin.py:104} INFO - [2024-04-19 01:54:52,917] {dagbag.py:448} INFO - Filling up the DagBag from /home/airflow/.local/lib/python3.6/site-packages/airflow/example_dags/example_bash_operator.py
[2024-04-19 01:54:52,932] {scheduler_job.py:639} INFO - DAG(s) dict_keys(['example_bash_operator']) retrieved from /home/airflow/.local/lib/python3.6/site-packages/airflow/example_dags/example_bash_operator.py
[2024-04-19 01:54:52,951] {logging_mixin.py:104} INFO - [2024-04-19 01:54:52,951] {dag.py:1818} INFO - Sync 1 DAGs
[2024-04-19 01:54:52,972] {logging_mixin.py:104} INFO - [2024-04-19 01:54:52,972] {dag.py:2273} INFO - Setting next_dagrun for example_bash_operator to 2024-04-17 00:00:00+00:00
[2024-04-19 01:54:52,982] {scheduler_job.py:190} INFO - Processing /home/airflow/.local/lib/python3.6/site-packages/airflow/example_dags/example_bash_operator.py took 0.072 seconds
[2024-04-19 01:55:23,583] {scheduler_job.py:182} INFO - Started process (PID=1320) to work on /home/airflow/.local/lib/python3.6/site-packages/airflow/example_dags/example_bash_operator.py
[2024-04-19 01:55:23,584] {scheduler_job.py:629} INFO - Processing file /home/airflow/.local/lib/python3.6/site-packages/airflow/example_dags/example_bash_operator.py for tasks to queue
[2024-04-19 01:55:23,585] {logging_mixin.py:104} INFO - [2024-04-19 01:55:23,585] {dagbag.py:448} INFO - Filling up the DagBag from /home/airflow/.local/lib/python3.6/site-packages/airflow/example_dags/example_bash_operator.py
[2024-04-19 01:55:23,596] {scheduler_job.py:639} INFO - DAG(s) dict_keys(['example_bash_operator']) retrieved from /home/airflow/.local/lib/python3.6/site-packages/airflow/example_dags/example_bash_operator.py
[2024-04-19 01:55:23,617] {logging_mixin.py:104} INFO - [2024-04-19 01:55:23,617] {dag.py:1818} INFO - Sync 1 DAGs
[2024-04-19 01:55:23,636] {logging_mixin.py:104} INFO - [2024-04-19 01:55:23,636] {dag.py:2273} INFO - Setting next_dagrun for example_bash_operator to 2024-04-17 00:00:00+00:00
[2024-04-19 01:55:23,644] {scheduler_job.py:190} INFO - Processing /home/airflow/.local/lib/python3.6/site-packages/airflow/example_dags/example_bash_operator.py took 0.063 seconds
[2024-04-19 01:55:53,752] {scheduler_job.py:182} INFO - Started process (PID=1440) to work on /home/airflow/.local/lib/python3.6/site-packages/airflow/example_dags/example_bash_operator.py
[2024-04-19 01:55:53,753] {scheduler_job.py:629} INFO - Processing file /home/airflow/.local/lib/python3.6/site-packages/airflow/example_dags/example_bash_operator.py for tasks to queue
[2024-04-19 01:55:53,754] {logging_mixin.py:104} INFO - [2024-04-19 01:55:53,754] {dagbag.py:448} INFO - Filling up the DagBag from /home/airflow/.local/lib/python3.6/site-packages/airflow/example_dags/example_bash_operator.py
[2024-04-19 01:55:53,766] {scheduler_job.py:639} INFO - DAG(s) dict_keys(['example_bash_operator']) retrieved from /home/airflow/.local/lib/python3.6/site-packages/airflow/example_dags/example_bash_operator.py
[2024-04-19 01:55:53,789] {logging_mixin.py:104} INFO - [2024-04-19 01:55:53,788] {dag.py:1818} INFO - Sync 1 DAGs
[2024-04-19 01:55:53,804] {logging_mixin.py:104} INFO - [2024-04-19 01:55:53,804] {dag.py:2273} INFO - Setting next_dagrun for example_bash_operator to 2024-04-17 00:00:00+00:00
[2024-04-19 01:55:53,814] {scheduler_job.py:190} INFO - Processing /home/airflow/.local/lib/python3.6/site-packages/airflow/example_dags/example_bash_operator.py took 0.064 seconds
[2024-04-19 01:56:17,996] {scheduler_job.py:182} INFO - Started process (PID=175) to work on /home/airflow/.local/lib/python3.6/site-packages/airflow/example_dags/example_bash_operator.py
[2024-04-19 01:56:17,999] {scheduler_job.py:629} INFO - Processing file /home/airflow/.local/lib/python3.6/site-packages/airflow/example_dags/example_bash_operator.py for tasks to queue
[2024-04-19 01:56:18,003] {logging_mixin.py:104} INFO - [2024-04-19 01:56:18,002] {dagbag.py:448} INFO - Filling up the DagBag from /home/airflow/.local/lib/python3.6/site-packages/airflow/example_dags/example_bash_operator.py
[2024-04-19 01:56:18,019] {scheduler_job.py:639} INFO - DAG(s) dict_keys(['example_bash_operator']) retrieved from /home/airflow/.local/lib/python3.6/site-packages/airflow/example_dags/example_bash_operator.py
[2024-04-19 01:56:18,049] {logging_mixin.py:104} INFO - [2024-04-19 01:56:18,049] {dag.py:1818} INFO - Sync 1 DAGs
[2024-04-19 01:56:18,069] {logging_mixin.py:104} INFO - [2024-04-19 01:56:18,069] {dag.py:2273} INFO - Setting next_dagrun for example_bash_operator to 2024-04-17 00:00:00+00:00
[2024-04-19 01:56:18,079] {scheduler_job.py:190} INFO - Processing /home/airflow/.local/lib/python3.6/site-packages/airflow/example_dags/example_bash_operator.py took 0.093 seconds
[2024-04-19 01:56:48,512] {scheduler_job.py:182} INFO - Started process (PID=307) to work on /home/airflow/.local/lib/python3.6/site-packages/airflow/example_dags/example_bash_operator.py
[2024-04-19 01:56:48,515] {scheduler_job.py:629} INFO - Processing file /home/airflow/.local/lib/python3.6/site-packages/airflow/example_dags/example_bash_operator.py for tasks to queue
[2024-04-19 01:56:48,516] {logging_mixin.py:104} INFO - [2024-04-19 01:56:48,516] {dagbag.py:448} INFO - Filling up the DagBag from /home/airflow/.local/lib/python3.6/site-packages/airflow/example_dags/example_bash_operator.py
[2024-04-19 01:56:48,536] {scheduler_job.py:639} INFO - DAG(s) dict_keys(['example_bash_operator']) retrieved from /home/airflow/.local/lib/python3.6/site-packages/airflow/example_dags/example_bash_operator.py
[2024-04-19 01:56:48,556] {logging_mixin.py:104} INFO - [2024-04-19 01:56:48,556] {dag.py:1818} INFO - Sync 1 DAGs
[2024-04-19 01:56:48,572] {logging_mixin.py:104} INFO - [2024-04-19 01:56:48,572] {dag.py:2273} INFO - Setting next_dagrun for example_bash_operator to 2024-04-17 00:00:00+00:00
[2024-04-19 01:56:48,587] {scheduler_job.py:190} INFO - Processing /home/airflow/.local/lib/python3.6/site-packages/airflow/example_dags/example_bash_operator.py took 0.080 seconds
[2024-04-19 01:57:19,270] {scheduler_job.py:182} INFO - Started process (PID=442) to work on /home/airflow/.local/lib/python3.6/site-packages/airflow/example_dags/example_bash_operator.py
[2024-04-19 01:57:19,273] {scheduler_job.py:629} INFO - Processing file /home/airflow/.local/lib/python3.6/site-packages/airflow/example_dags/example_bash_operator.py for tasks to queue
[2024-04-19 01:57:19,275] {logging_mixin.py:104} INFO - [2024-04-19 01:57:19,275] {dagbag.py:448} INFO - Filling up the DagBag from /home/airflow/.local/lib/python3.6/site-packages/airflow/example_dags/example_bash_operator.py
[2024-04-19 01:57:19,289] {scheduler_job.py:639} INFO - DAG(s) dict_keys(['example_bash_operator']) retrieved from /home/airflow/.local/lib/python3.6/site-packages/airflow/example_dags/example_bash_operator.py
[2024-04-19 01:57:19,316] {logging_mixin.py:104} INFO - [2024-04-19 01:57:19,316] {dag.py:1818} INFO - Sync 1 DAGs
[2024-04-19 01:57:19,349] {logging_mixin.py:104} INFO - [2024-04-19 01:57:19,348] {dag.py:2273} INFO - Setting next_dagrun for example_bash_operator to 2024-04-17 00:00:00+00:00
[2024-04-19 01:57:19,365] {scheduler_job.py:190} INFO - Processing /home/airflow/.local/lib/python3.6/site-packages/airflow/example_dags/example_bash_operator.py took 0.102 seconds
[2024-04-19 01:57:50,072] {scheduler_job.py:182} INFO - Started process (PID=582) to work on /home/airflow/.local/lib/python3.6/site-packages/airflow/example_dags/example_bash_operator.py
[2024-04-19 01:57:50,073] {scheduler_job.py:629} INFO - Processing file /home/airflow/.local/lib/python3.6/site-packages/airflow/example_dags/example_bash_operator.py for tasks to queue
[2024-04-19 01:57:50,074] {logging_mixin.py:104} INFO - [2024-04-19 01:57:50,074] {dagbag.py:448} INFO - Filling up the DagBag from /home/airflow/.local/lib/python3.6/site-packages/airflow/example_dags/example_bash_operator.py
[2024-04-19 01:57:50,082] {scheduler_job.py:639} INFO - DAG(s) dict_keys(['example_bash_operator']) retrieved from /home/airflow/.local/lib/python3.6/site-packages/airflow/example_dags/example_bash_operator.py
[2024-04-19 01:57:50,097] {logging_mixin.py:104} INFO - [2024-04-19 01:57:50,097] {dag.py:1818} INFO - Sync 1 DAGs
[2024-04-19 01:57:50,110] {logging_mixin.py:104} INFO - [2024-04-19 01:57:50,110] {dag.py:2273} INFO - Setting next_dagrun for example_bash_operator to 2024-04-17 00:00:00+00:00
[2024-04-19 01:57:50,118] {scheduler_job.py:190} INFO - Processing /home/airflow/.local/lib/python3.6/site-packages/airflow/example_dags/example_bash_operator.py took 0.048 seconds
[2024-04-19 01:58:20,492] {scheduler_job.py:182} INFO - Started process (PID=727) to work on /home/airflow/.local/lib/python3.6/site-packages/airflow/example_dags/example_bash_operator.py
[2024-04-19 01:58:20,493] {scheduler_job.py:629} INFO - Processing file /home/airflow/.local/lib/python3.6/site-packages/airflow/example_dags/example_bash_operator.py for tasks to queue
[2024-04-19 01:58:20,494] {logging_mixin.py:104} INFO - [2024-04-19 01:58:20,494] {dagbag.py:448} INFO - Filling up the DagBag from /home/airflow/.local/lib/python3.6/site-packages/airflow/example_dags/example_bash_operator.py
[2024-04-19 01:58:20,505] {scheduler_job.py:639} INFO - DAG(s) dict_keys(['example_bash_operator']) retrieved from /home/airflow/.local/lib/python3.6/site-packages/airflow/example_dags/example_bash_operator.py
[2024-04-19 01:58:20,523] {logging_mixin.py:104} INFO - [2024-04-19 01:58:20,523] {dag.py:1818} INFO - Sync 1 DAGs
[2024-04-19 01:58:20,539] {logging_mixin.py:104} INFO - [2024-04-19 01:58:20,539] {dag.py:2273} INFO - Setting next_dagrun for example_bash_operator to 2024-04-17 00:00:00+00:00
[2024-04-19 01:58:20,548] {scheduler_job.py:190} INFO - Processing /home/airflow/.local/lib/python3.6/site-packages/airflow/example_dags/example_bash_operator.py took 0.058 seconds
[2024-04-19 01:58:50,690] {scheduler_job.py:182} INFO - Started process (PID=859) to work on /home/airflow/.local/lib/python3.6/site-packages/airflow/example_dags/example_bash_operator.py
[2024-04-19 01:58:50,691] {scheduler_job.py:629} INFO - Processing file /home/airflow/.local/lib/python3.6/site-packages/airflow/example_dags/example_bash_operator.py for tasks to queue
[2024-04-19 01:58:50,692] {logging_mixin.py:104} INFO - [2024-04-19 01:58:50,692] {dagbag.py:448} INFO - Filling up the DagBag from /home/airflow/.local/lib/python3.6/site-packages/airflow/example_dags/example_bash_operator.py
[2024-04-19 01:58:50,700] {scheduler_job.py:639} INFO - DAG(s) dict_keys(['example_bash_operator']) retrieved from /home/airflow/.local/lib/python3.6/site-packages/airflow/example_dags/example_bash_operator.py
[2024-04-19 01:58:50,717] {logging_mixin.py:104} INFO - [2024-04-19 01:58:50,717] {dag.py:1818} INFO - Sync 1 DAGs
[2024-04-19 01:58:50,730] {logging_mixin.py:104} INFO - [2024-04-19 01:58:50,730] {dag.py:2273} INFO - Setting next_dagrun for example_bash_operator to 2024-04-17 00:00:00+00:00
[2024-04-19 01:58:50,739] {scheduler_job.py:190} INFO - Processing /home/airflow/.local/lib/python3.6/site-packages/airflow/example_dags/example_bash_operator.py took 0.052 seconds
[2024-04-19 01:59:20,928] {scheduler_job.py:182} INFO - Started process (PID=990) to work on /home/airflow/.local/lib/python3.6/site-packages/airflow/example_dags/example_bash_operator.py
[2024-04-19 01:59:20,930] {scheduler_job.py:629} INFO - Processing file /home/airflow/.local/lib/python3.6/site-packages/airflow/example_dags/example_bash_operator.py for tasks to queue
[2024-04-19 01:59:20,930] {logging_mixin.py:104} INFO - [2024-04-19 01:59:20,930] {dagbag.py:448} INFO - Filling up the DagBag from /home/airflow/.local/lib/python3.6/site-packages/airflow/example_dags/example_bash_operator.py
[2024-04-19 01:59:20,939] {scheduler_job.py:639} INFO - DAG(s) dict_keys(['example_bash_operator']) retrieved from /home/airflow/.local/lib/python3.6/site-packages/airflow/example_dags/example_bash_operator.py
[2024-04-19 01:59:20,956] {logging_mixin.py:104} INFO - [2024-04-19 01:59:20,955] {dag.py:1818} INFO - Sync 1 DAGs
[2024-04-19 01:59:20,972] {logging_mixin.py:104} INFO - [2024-04-19 01:59:20,972] {dag.py:2273} INFO - Setting next_dagrun for example_bash_operator to 2024-04-17 00:00:00+00:00
[2024-04-19 01:59:20,981] {scheduler_job.py:190} INFO - Processing /home/airflow/.local/lib/python3.6/site-packages/airflow/example_dags/example_bash_operator.py took 0.056 seconds
[2024-04-19 01:59:51,055] {scheduler_job.py:182} INFO - Started process (PID=1120) to work on /home/airflow/.local/lib/python3.6/site-packages/airflow/example_dags/example_bash_operator.py
[2024-04-19 01:59:51,056] {scheduler_job.py:629} INFO - Processing file /home/airflow/.local/lib/python3.6/site-packages/airflow/example_dags/example_bash_operator.py for tasks to queue
[2024-04-19 01:59:51,057] {logging_mixin.py:104} INFO - [2024-04-19 01:59:51,057] {dagbag.py:448} INFO - Filling up the DagBag from /home/airflow/.local/lib/python3.6/site-packages/airflow/example_dags/example_bash_operator.py
[2024-04-19 01:59:51,067] {scheduler_job.py:639} INFO - DAG(s) dict_keys(['example_bash_operator']) retrieved from /home/airflow/.local/lib/python3.6/site-packages/airflow/example_dags/example_bash_operator.py
[2024-04-19 01:59:51,082] {logging_mixin.py:104} INFO - [2024-04-19 01:59:51,082] {dag.py:1818} INFO - Sync 1 DAGs
[2024-04-19 01:59:51,096] {logging_mixin.py:104} INFO - [2024-04-19 01:59:51,096] {dag.py:2273} INFO - Setting next_dagrun for example_bash_operator to 2024-04-17 00:00:00+00:00
[2024-04-19 01:59:51,103] {scheduler_job.py:190} INFO - Processing /home/airflow/.local/lib/python3.6/site-packages/airflow/example_dags/example_bash_operator.py took 0.050 seconds
[2024-04-19 02:00:21,310] {scheduler_job.py:182} INFO - Started process (PID=1251) to work on /home/airflow/.local/lib/python3.6/site-packages/airflow/example_dags/example_bash_operator.py
[2024-04-19 02:00:21,311] {scheduler_job.py:629} INFO - Processing file /home/airflow/.local/lib/python3.6/site-packages/airflow/example_dags/example_bash_operator.py for tasks to queue
[2024-04-19 02:00:21,312] {logging_mixin.py:104} INFO - [2024-04-19 02:00:21,312] {dagbag.py:448} INFO - Filling up the DagBag from /home/airflow/.local/lib/python3.6/site-packages/airflow/example_dags/example_bash_operator.py
[2024-04-19 02:00:21,321] {scheduler_job.py:639} INFO - DAG(s) dict_keys(['example_bash_operator']) retrieved from /home/airflow/.local/lib/python3.6/site-packages/airflow/example_dags/example_bash_operator.py
[2024-04-19 02:00:21,341] {logging_mixin.py:104} INFO - [2024-04-19 02:00:21,341] {dag.py:1818} INFO - Sync 1 DAGs
[2024-04-19 02:00:21,358] {logging_mixin.py:104} INFO - [2024-04-19 02:00:21,358] {dag.py:2273} INFO - Setting next_dagrun for example_bash_operator to 2024-04-17 00:00:00+00:00
[2024-04-19 02:00:21,368] {scheduler_job.py:190} INFO - Processing /home/airflow/.local/lib/python3.6/site-packages/airflow/example_dags/example_bash_operator.py took 0.060 seconds
[2024-04-19 02:00:51,533] {scheduler_job.py:182} INFO - Started process (PID=1380) to work on /home/airflow/.local/lib/python3.6/site-packages/airflow/example_dags/example_bash_operator.py
[2024-04-19 02:00:51,534] {scheduler_job.py:629} INFO - Processing file /home/airflow/.local/lib/python3.6/site-packages/airflow/example_dags/example_bash_operator.py for tasks to queue
[2024-04-19 02:00:51,535] {logging_mixin.py:104} INFO - [2024-04-19 02:00:51,535] {dagbag.py:448} INFO - Filling up the DagBag from /home/airflow/.local/lib/python3.6/site-packages/airflow/example_dags/example_bash_operator.py
[2024-04-19 02:00:51,546] {scheduler_job.py:639} INFO - DAG(s) dict_keys(['example_bash_operator']) retrieved from /home/airflow/.local/lib/python3.6/site-packages/airflow/example_dags/example_bash_operator.py
[2024-04-19 02:00:51,563] {logging_mixin.py:104} INFO - [2024-04-19 02:00:51,562] {dag.py:1818} INFO - Sync 1 DAGs
[2024-04-19 02:00:51,579] {logging_mixin.py:104} INFO - [2024-04-19 02:00:51,579] {dag.py:2273} INFO - Setting next_dagrun for example_bash_operator to 2024-04-17 00:00:00+00:00
[2024-04-19 02:00:51,586] {scheduler_job.py:190} INFO - Processing /home/airflow/.local/lib/python3.6/site-packages/airflow/example_dags/example_bash_operator.py took 0.055 seconds
[2024-04-19 02:01:22,064] {scheduler_job.py:182} INFO - Started process (PID=1517) to work on /home/airflow/.local/lib/python3.6/site-packages/airflow/example_dags/example_bash_operator.py
[2024-04-19 02:01:22,065] {scheduler_job.py:629} INFO - Processing file /home/airflow/.local/lib/python3.6/site-packages/airflow/example_dags/example_bash_operator.py for tasks to queue
[2024-04-19 02:01:22,066] {logging_mixin.py:104} INFO - [2024-04-19 02:01:22,066] {dagbag.py:448} INFO - Filling up the DagBag from /home/airflow/.local/lib/python3.6/site-packages/airflow/example_dags/example_bash_operator.py
[2024-04-19 02:01:22,074] {scheduler_job.py:639} INFO - DAG(s) dict_keys(['example_bash_operator']) retrieved from /home/airflow/.local/lib/python3.6/site-packages/airflow/example_dags/example_bash_operator.py
[2024-04-19 02:01:22,090] {logging_mixin.py:104} INFO - [2024-04-19 02:01:22,090] {dag.py:1818} INFO - Sync 1 DAGs
[2024-04-19 02:01:22,102] {logging_mixin.py:104} INFO - [2024-04-19 02:01:22,102] {dag.py:2273} INFO - Setting next_dagrun for example_bash_operator to 2024-04-17 00:00:00+00:00
[2024-04-19 02:01:22,110] {scheduler_job.py:190} INFO - Processing /home/airflow/.local/lib/python3.6/site-packages/airflow/example_dags/example_bash_operator.py took 0.048 seconds
[2024-04-19 02:01:52,642] {scheduler_job.py:182} INFO - Started process (PID=1627) to work on /home/airflow/.local/lib/python3.6/site-packages/airflow/example_dags/example_bash_operator.py
[2024-04-19 02:01:52,643] {scheduler_job.py:629} INFO - Processing file /home/airflow/.local/lib/python3.6/site-packages/airflow/example_dags/example_bash_operator.py for tasks to queue
[2024-04-19 02:01:52,645] {logging_mixin.py:104} INFO - [2024-04-19 02:01:52,645] {dagbag.py:448} INFO - Filling up the DagBag from /home/airflow/.local/lib/python3.6/site-packages/airflow/example_dags/example_bash_operator.py
[2024-04-19 02:01:52,668] {scheduler_job.py:639} INFO - DAG(s) dict_keys(['example_bash_operator']) retrieved from /home/airflow/.local/lib/python3.6/site-packages/airflow/example_dags/example_bash_operator.py
[2024-04-19 02:01:52,698] {logging_mixin.py:104} INFO - [2024-04-19 02:01:52,697] {dag.py:1818} INFO - Sync 1 DAGs
[2024-04-19 02:01:52,720] {logging_mixin.py:104} INFO - [2024-04-19 02:01:52,720] {dag.py:2273} INFO - Setting next_dagrun for example_bash_operator to 2024-04-17 00:00:00+00:00
[2024-04-19 02:01:52,738] {scheduler_job.py:190} INFO - Processing /home/airflow/.local/lib/python3.6/site-packages/airflow/example_dags/example_bash_operator.py took 0.099 seconds
[2024-04-19 02:02:23,040] {scheduler_job.py:182} INFO - Started process (PID=1754) to work on /home/airflow/.local/lib/python3.6/site-packages/airflow/example_dags/example_bash_operator.py
[2024-04-19 02:02:23,042] {scheduler_job.py:629} INFO - Processing file /home/airflow/.local/lib/python3.6/site-packages/airflow/example_dags/example_bash_operator.py for tasks to queue
[2024-04-19 02:02:23,042] {logging_mixin.py:104} INFO - [2024-04-19 02:02:23,042] {dagbag.py:448} INFO - Filling up the DagBag from /home/airflow/.local/lib/python3.6/site-packages/airflow/example_dags/example_bash_operator.py
[2024-04-19 02:02:23,054] {scheduler_job.py:639} INFO - DAG(s) dict_keys(['example_bash_operator']) retrieved from /home/airflow/.local/lib/python3.6/site-packages/airflow/example_dags/example_bash_operator.py
[2024-04-19 02:02:23,078] {logging_mixin.py:104} INFO - [2024-04-19 02:02:23,078] {dag.py:1818} INFO - Sync 1 DAGs
[2024-04-19 02:02:23,100] {logging_mixin.py:104} INFO - [2024-04-19 02:02:23,100] {dag.py:2273} INFO - Setting next_dagrun for example_bash_operator to 2024-04-17 00:00:00+00:00
[2024-04-19 02:02:23,109] {scheduler_job.py:190} INFO - Processing /home/airflow/.local/lib/python3.6/site-packages/airflow/example_dags/example_bash_operator.py took 0.071 seconds
[2024-04-19 02:02:53,486] {scheduler_job.py:182} INFO - Started process (PID=1897) to work on /home/airflow/.local/lib/python3.6/site-packages/airflow/example_dags/example_bash_operator.py
[2024-04-19 02:02:53,487] {scheduler_job.py:629} INFO - Processing file /home/airflow/.local/lib/python3.6/site-packages/airflow/example_dags/example_bash_operator.py for tasks to queue
[2024-04-19 02:02:53,488] {logging_mixin.py:104} INFO - [2024-04-19 02:02:53,488] {dagbag.py:448} INFO - Filling up the DagBag from /home/airflow/.local/lib/python3.6/site-packages/airflow/example_dags/example_bash_operator.py
[2024-04-19 02:02:53,496] {scheduler_job.py:639} INFO - DAG(s) dict_keys(['example_bash_operator']) retrieved from /home/airflow/.local/lib/python3.6/site-packages/airflow/example_dags/example_bash_operator.py
[2024-04-19 02:02:53,510] {logging_mixin.py:104} INFO - [2024-04-19 02:02:53,510] {dag.py:1818} INFO - Sync 1 DAGs
[2024-04-19 02:02:53,523] {logging_mixin.py:104} INFO - [2024-04-19 02:02:53,523] {dag.py:2273} INFO - Setting next_dagrun for example_bash_operator to 2024-04-17 00:00:00+00:00
[2024-04-19 02:02:53,531] {scheduler_job.py:190} INFO - Processing /home/airflow/.local/lib/python3.6/site-packages/airflow/example_dags/example_bash_operator.py took 0.047 seconds
[2024-04-19 02:03:23,566] {scheduler_job.py:182} INFO - Started process (PID=2025) to work on /home/airflow/.local/lib/python3.6/site-packages/airflow/example_dags/example_bash_operator.py
[2024-04-19 02:03:23,568] {scheduler_job.py:629} INFO - Processing file /home/airflow/.local/lib/python3.6/site-packages/airflow/example_dags/example_bash_operator.py for tasks to queue
[2024-04-19 02:03:23,569] {logging_mixin.py:104} INFO - [2024-04-19 02:03:23,569] {dagbag.py:448} INFO - Filling up the DagBag from /home/airflow/.local/lib/python3.6/site-packages/airflow/example_dags/example_bash_operator.py
[2024-04-19 02:03:23,577] {scheduler_job.py:639} INFO - DAG(s) dict_keys(['example_bash_operator']) retrieved from /home/airflow/.local/lib/python3.6/site-packages/airflow/example_dags/example_bash_operator.py
[2024-04-19 02:03:23,592] {logging_mixin.py:104} INFO - [2024-04-19 02:03:23,592] {dag.py:1818} INFO - Sync 1 DAGs
[2024-04-19 02:03:23,605] {logging_mixin.py:104} INFO - [2024-04-19 02:03:23,605] {dag.py:2273} INFO - Setting next_dagrun for example_bash_operator to 2024-04-17 00:00:00+00:00
[2024-04-19 02:03:23,613] {scheduler_job.py:190} INFO - Processing /home/airflow/.local/lib/python3.6/site-packages/airflow/example_dags/example_bash_operator.py took 0.049 seconds
[2024-04-19 02:03:53,706] {scheduler_job.py:182} INFO - Started process (PID=2154) to work on /home/airflow/.local/lib/python3.6/site-packages/airflow/example_dags/example_bash_operator.py
[2024-04-19 02:03:53,707] {scheduler_job.py:629} INFO - Processing file /home/airflow/.local/lib/python3.6/site-packages/airflow/example_dags/example_bash_operator.py for tasks to queue
[2024-04-19 02:03:53,708] {logging_mixin.py:104} INFO - [2024-04-19 02:03:53,708] {dagbag.py:448} INFO - Filling up the DagBag from /home/airflow/.local/lib/python3.6/site-packages/airflow/example_dags/example_bash_operator.py
[2024-04-19 02:03:53,716] {scheduler_job.py:639} INFO - DAG(s) dict_keys(['example_bash_operator']) retrieved from /home/airflow/.local/lib/python3.6/site-packages/airflow/example_dags/example_bash_operator.py
[2024-04-19 02:03:53,730] {logging_mixin.py:104} INFO - [2024-04-19 02:03:53,730] {dag.py:1818} INFO - Sync 1 DAGs
[2024-04-19 02:03:53,742] {logging_mixin.py:104} INFO - [2024-04-19 02:03:53,742] {dag.py:2273} INFO - Setting next_dagrun for example_bash_operator to 2024-04-17 00:00:00+00:00
[2024-04-19 02:03:53,750] {scheduler_job.py:190} INFO - Processing /home/airflow/.local/lib/python3.6/site-packages/airflow/example_dags/example_bash_operator.py took 0.046 seconds
[2024-04-19 02:04:23,908] {scheduler_job.py:182} INFO - Started process (PID=2285) to work on /home/airflow/.local/lib/python3.6/site-packages/airflow/example_dags/example_bash_operator.py
[2024-04-19 02:04:23,910] {scheduler_job.py:629} INFO - Processing file /home/airflow/.local/lib/python3.6/site-packages/airflow/example_dags/example_bash_operator.py for tasks to queue
[2024-04-19 02:04:23,911] {logging_mixin.py:104} INFO - [2024-04-19 02:04:23,911] {dagbag.py:448} INFO - Filling up the DagBag from /home/airflow/.local/lib/python3.6/site-packages/airflow/example_dags/example_bash_operator.py
[2024-04-19 02:04:23,925] {scheduler_job.py:639} INFO - DAG(s) dict_keys(['example_bash_operator']) retrieved from /home/airflow/.local/lib/python3.6/site-packages/airflow/example_dags/example_bash_operator.py
[2024-04-19 02:04:23,951] {logging_mixin.py:104} INFO - [2024-04-19 02:04:23,951] {dag.py:1818} INFO - Sync 1 DAGs
[2024-04-19 02:04:23,980] {logging_mixin.py:104} INFO - [2024-04-19 02:04:23,980] {dag.py:2273} INFO - Setting next_dagrun for example_bash_operator to 2024-04-17 00:00:00+00:00
[2024-04-19 02:04:24,004] {scheduler_job.py:190} INFO - Processing /home/airflow/.local/lib/python3.6/site-packages/airflow/example_dags/example_bash_operator.py took 0.098 seconds
[2024-04-19 02:04:54,428] {scheduler_job.py:182} INFO - Started process (PID=2412) to work on /home/airflow/.local/lib/python3.6/site-packages/airflow/example_dags/example_bash_operator.py
[2024-04-19 02:04:54,430] {scheduler_job.py:629} INFO - Processing file /home/airflow/.local/lib/python3.6/site-packages/airflow/example_dags/example_bash_operator.py for tasks to queue
[2024-04-19 02:04:54,430] {logging_mixin.py:104} INFO - [2024-04-19 02:04:54,430] {dagbag.py:448} INFO - Filling up the DagBag from /home/airflow/.local/lib/python3.6/site-packages/airflow/example_dags/example_bash_operator.py
[2024-04-19 02:04:54,438] {scheduler_job.py:639} INFO - DAG(s) dict_keys(['example_bash_operator']) retrieved from /home/airflow/.local/lib/python3.6/site-packages/airflow/example_dags/example_bash_operator.py
[2024-04-19 02:04:54,454] {logging_mixin.py:104} INFO - [2024-04-19 02:04:54,454] {dag.py:1818} INFO - Sync 1 DAGs
[2024-04-19 02:04:54,469] {logging_mixin.py:104} INFO - [2024-04-19 02:04:54,469] {dag.py:2273} INFO - Setting next_dagrun for example_bash_operator to 2024-04-17 00:00:00+00:00
[2024-04-19 02:04:54,478] {scheduler_job.py:190} INFO - Processing /home/airflow/.local/lib/python3.6/site-packages/airflow/example_dags/example_bash_operator.py took 0.052 seconds
[2024-04-19 02:05:24,976] {scheduler_job.py:182} INFO - Started process (PID=2562) to work on /home/airflow/.local/lib/python3.6/site-packages/airflow/example_dags/example_bash_operator.py
[2024-04-19 02:05:24,977] {scheduler_job.py:629} INFO - Processing file /home/airflow/.local/lib/python3.6/site-packages/airflow/example_dags/example_bash_operator.py for tasks to queue
[2024-04-19 02:05:24,977] {logging_mixin.py:104} INFO - [2024-04-19 02:05:24,977] {dagbag.py:448} INFO - Filling up the DagBag from /home/airflow/.local/lib/python3.6/site-packages/airflow/example_dags/example_bash_operator.py
[2024-04-19 02:05:24,985] {scheduler_job.py:639} INFO - DAG(s) dict_keys(['example_bash_operator']) retrieved from /home/airflow/.local/lib/python3.6/site-packages/airflow/example_dags/example_bash_operator.py
[2024-04-19 02:05:25,005] {logging_mixin.py:104} INFO - [2024-04-19 02:05:25,005] {dag.py:1818} INFO - Sync 1 DAGs
[2024-04-19 02:05:25,023] {logging_mixin.py:104} INFO - [2024-04-19 02:05:25,023] {dag.py:2273} INFO - Setting next_dagrun for example_bash_operator to 2024-04-17 00:00:00+00:00
[2024-04-19 02:05:25,033] {scheduler_job.py:190} INFO - Processing /home/airflow/.local/lib/python3.6/site-packages/airflow/example_dags/example_bash_operator.py took 0.059 seconds
[2024-04-19 02:05:55,247] {scheduler_job.py:182} INFO - Started process (PID=2692) to work on /home/airflow/.local/lib/python3.6/site-packages/airflow/example_dags/example_bash_operator.py
[2024-04-19 02:05:55,249] {scheduler_job.py:629} INFO - Processing file /home/airflow/.local/lib/python3.6/site-packages/airflow/example_dags/example_bash_operator.py for tasks to queue
[2024-04-19 02:05:55,249] {logging_mixin.py:104} INFO - [2024-04-19 02:05:55,249] {dagbag.py:448} INFO - Filling up the DagBag from /home/airflow/.local/lib/python3.6/site-packages/airflow/example_dags/example_bash_operator.py
[2024-04-19 02:05:55,262] {scheduler_job.py:639} INFO - DAG(s) dict_keys(['example_bash_operator']) retrieved from /home/airflow/.local/lib/python3.6/site-packages/airflow/example_dags/example_bash_operator.py
[2024-04-19 02:05:55,280] {logging_mixin.py:104} INFO - [2024-04-19 02:05:55,280] {dag.py:1818} INFO - Sync 1 DAGs
[2024-04-19 02:05:55,296] {logging_mixin.py:104} INFO - [2024-04-19 02:05:55,296] {dag.py:2273} INFO - Setting next_dagrun for example_bash_operator to 2024-04-17 00:00:00+00:00
[2024-04-19 02:05:55,307] {scheduler_job.py:190} INFO - Processing /home/airflow/.local/lib/python3.6/site-packages/airflow/example_dags/example_bash_operator.py took 0.062 seconds
[2024-04-19 02:06:25,388] {scheduler_job.py:182} INFO - Started process (PID=2817) to work on /home/airflow/.local/lib/python3.6/site-packages/airflow/example_dags/example_bash_operator.py
[2024-04-19 02:06:25,389] {scheduler_job.py:629} INFO - Processing file /home/airflow/.local/lib/python3.6/site-packages/airflow/example_dags/example_bash_operator.py for tasks to queue
[2024-04-19 02:06:25,389] {logging_mixin.py:104} INFO - [2024-04-19 02:06:25,389] {dagbag.py:448} INFO - Filling up the DagBag from /home/airflow/.local/lib/python3.6/site-packages/airflow/example_dags/example_bash_operator.py
[2024-04-19 02:06:25,397] {scheduler_job.py:639} INFO - DAG(s) dict_keys(['example_bash_operator']) retrieved from /home/airflow/.local/lib/python3.6/site-packages/airflow/example_dags/example_bash_operator.py
[2024-04-19 02:06:25,413] {logging_mixin.py:104} INFO - [2024-04-19 02:06:25,413] {dag.py:1818} INFO - Sync 1 DAGs
[2024-04-19 02:06:25,427] {logging_mixin.py:104} INFO - [2024-04-19 02:06:25,427] {dag.py:2273} INFO - Setting next_dagrun for example_bash_operator to 2024-04-17 00:00:00+00:00
[2024-04-19 02:06:25,435] {scheduler_job.py:190} INFO - Processing /home/airflow/.local/lib/python3.6/site-packages/airflow/example_dags/example_bash_operator.py took 0.050 seconds
[2024-04-19 02:06:55,568] {scheduler_job.py:182} INFO - Started process (PID=2945) to work on /home/airflow/.local/lib/python3.6/site-packages/airflow/example_dags/example_bash_operator.py
[2024-04-19 02:06:55,569] {scheduler_job.py:629} INFO - Processing file /home/airflow/.local/lib/python3.6/site-packages/airflow/example_dags/example_bash_operator.py for tasks to queue
[2024-04-19 02:06:55,570] {logging_mixin.py:104} INFO - [2024-04-19 02:06:55,570] {dagbag.py:448} INFO - Filling up the DagBag from /home/airflow/.local/lib/python3.6/site-packages/airflow/example_dags/example_bash_operator.py
[2024-04-19 02:06:55,581] {scheduler_job.py:639} INFO - DAG(s) dict_keys(['example_bash_operator']) retrieved from /home/airflow/.local/lib/python3.6/site-packages/airflow/example_dags/example_bash_operator.py
[2024-04-19 02:06:55,598] {logging_mixin.py:104} INFO - [2024-04-19 02:06:55,597] {dag.py:1818} INFO - Sync 1 DAGs
[2024-04-19 02:06:55,614] {logging_mixin.py:104} INFO - [2024-04-19 02:06:55,614] {dag.py:2273} INFO - Setting next_dagrun for example_bash_operator to 2024-04-17 00:00:00+00:00
[2024-04-19 02:06:55,625] {scheduler_job.py:190} INFO - Processing /home/airflow/.local/lib/python3.6/site-packages/airflow/example_dags/example_bash_operator.py took 0.059 seconds
[2024-04-19 02:07:26,027] {scheduler_job.py:182} INFO - Started process (PID=3087) to work on /home/airflow/.local/lib/python3.6/site-packages/airflow/example_dags/example_bash_operator.py
[2024-04-19 02:07:26,028] {scheduler_job.py:629} INFO - Processing file /home/airflow/.local/lib/python3.6/site-packages/airflow/example_dags/example_bash_operator.py for tasks to queue
[2024-04-19 02:07:26,028] {logging_mixin.py:104} INFO - [2024-04-19 02:07:26,028] {dagbag.py:448} INFO - Filling up the DagBag from /home/airflow/.local/lib/python3.6/site-packages/airflow/example_dags/example_bash_operator.py
[2024-04-19 02:07:26,036] {scheduler_job.py:639} INFO - DAG(s) dict_keys(['example_bash_operator']) retrieved from /home/airflow/.local/lib/python3.6/site-packages/airflow/example_dags/example_bash_operator.py
[2024-04-19 02:07:26,050] {logging_mixin.py:104} INFO - [2024-04-19 02:07:26,050] {dag.py:1818} INFO - Sync 1 DAGs
[2024-04-19 02:07:26,062] {logging_mixin.py:104} INFO - [2024-04-19 02:07:26,062] {dag.py:2273} INFO - Setting next_dagrun for example_bash_operator to 2024-04-17 00:00:00+00:00
[2024-04-19 02:07:26,071] {scheduler_job.py:190} INFO - Processing /home/airflow/.local/lib/python3.6/site-packages/airflow/example_dags/example_bash_operator.py took 0.046 seconds
[2024-04-19 02:07:56,147] {scheduler_job.py:182} INFO - Started process (PID=3202) to work on /home/airflow/.local/lib/python3.6/site-packages/airflow/example_dags/example_bash_operator.py
[2024-04-19 02:07:56,149] {scheduler_job.py:629} INFO - Processing file /home/airflow/.local/lib/python3.6/site-packages/airflow/example_dags/example_bash_operator.py for tasks to queue
[2024-04-19 02:07:56,150] {logging_mixin.py:104} INFO - [2024-04-19 02:07:56,149] {dagbag.py:448} INFO - Filling up the DagBag from /home/airflow/.local/lib/python3.6/site-packages/airflow/example_dags/example_bash_operator.py
[2024-04-19 02:07:56,157] {scheduler_job.py:639} INFO - DAG(s) dict_keys(['example_bash_operator']) retrieved from /home/airflow/.local/lib/python3.6/site-packages/airflow/example_dags/example_bash_operator.py
[2024-04-19 02:07:56,172] {logging_mixin.py:104} INFO - [2024-04-19 02:07:56,172] {dag.py:1818} INFO - Sync 1 DAGs
[2024-04-19 02:07:56,185] {logging_mixin.py:104} INFO - [2024-04-19 02:07:56,185] {dag.py:2273} INFO - Setting next_dagrun for example_bash_operator to 2024-04-17 00:00:00+00:00
[2024-04-19 02:07:56,193] {scheduler_job.py:190} INFO - Processing /home/airflow/.local/lib/python3.6/site-packages/airflow/example_dags/example_bash_operator.py took 0.047 seconds
[2024-04-19 02:08:26,690] {scheduler_job.py:182} INFO - Started process (PID=3359) to work on /home/airflow/.local/lib/python3.6/site-packages/airflow/example_dags/example_bash_operator.py
[2024-04-19 02:08:26,692] {scheduler_job.py:629} INFO - Processing file /home/airflow/.local/lib/python3.6/site-packages/airflow/example_dags/example_bash_operator.py for tasks to queue
[2024-04-19 02:08:26,693] {logging_mixin.py:104} INFO - [2024-04-19 02:08:26,693] {dagbag.py:448} INFO - Filling up the DagBag from /home/airflow/.local/lib/python3.6/site-packages/airflow/example_dags/example_bash_operator.py
[2024-04-19 02:08:26,702] {scheduler_job.py:639} INFO - DAG(s) dict_keys(['example_bash_operator']) retrieved from /home/airflow/.local/lib/python3.6/site-packages/airflow/example_dags/example_bash_operator.py
[2024-04-19 02:08:26,718] {logging_mixin.py:104} INFO - [2024-04-19 02:08:26,718] {dag.py:1818} INFO - Sync 1 DAGs
[2024-04-19 02:08:26,731] {logging_mixin.py:104} INFO - [2024-04-19 02:08:26,731] {dag.py:2273} INFO - Setting next_dagrun for example_bash_operator to 2024-04-17 00:00:00+00:00
[2024-04-19 02:08:26,739] {scheduler_job.py:190} INFO - Processing /home/airflow/.local/lib/python3.6/site-packages/airflow/example_dags/example_bash_operator.py took 0.051 seconds
[2024-04-19 02:08:56,964] {scheduler_job.py:182} INFO - Started process (PID=3497) to work on /home/airflow/.local/lib/python3.6/site-packages/airflow/example_dags/example_bash_operator.py
[2024-04-19 02:08:56,966] {scheduler_job.py:629} INFO - Processing file /home/airflow/.local/lib/python3.6/site-packages/airflow/example_dags/example_bash_operator.py for tasks to queue
[2024-04-19 02:08:56,966] {logging_mixin.py:104} INFO - [2024-04-19 02:08:56,966] {dagbag.py:448} INFO - Filling up the DagBag from /home/airflow/.local/lib/python3.6/site-packages/airflow/example_dags/example_bash_operator.py
[2024-04-19 02:08:56,974] {scheduler_job.py:639} INFO - DAG(s) dict_keys(['example_bash_operator']) retrieved from /home/airflow/.local/lib/python3.6/site-packages/airflow/example_dags/example_bash_operator.py
[2024-04-19 02:08:56,988] {logging_mixin.py:104} INFO - [2024-04-19 02:08:56,988] {dag.py:1818} INFO - Sync 1 DAGs
[2024-04-19 02:08:57,003] {logging_mixin.py:104} INFO - [2024-04-19 02:08:57,002] {dag.py:2273} INFO - Setting next_dagrun for example_bash_operator to 2024-04-17 00:00:00+00:00
[2024-04-19 02:08:57,010] {scheduler_job.py:190} INFO - Processing /home/airflow/.local/lib/python3.6/site-packages/airflow/example_dags/example_bash_operator.py took 0.050 seconds
[2024-04-19 02:09:27,362] {scheduler_job.py:182} INFO - Started process (PID=3640) to work on /home/airflow/.local/lib/python3.6/site-packages/airflow/example_dags/example_bash_operator.py
[2024-04-19 02:09:27,363] {scheduler_job.py:629} INFO - Processing file /home/airflow/.local/lib/python3.6/site-packages/airflow/example_dags/example_bash_operator.py for tasks to queue
[2024-04-19 02:09:27,364] {logging_mixin.py:104} INFO - [2024-04-19 02:09:27,364] {dagbag.py:448} INFO - Filling up the DagBag from /home/airflow/.local/lib/python3.6/site-packages/airflow/example_dags/example_bash_operator.py
[2024-04-19 02:09:27,375] {scheduler_job.py:639} INFO - DAG(s) dict_keys(['example_bash_operator']) retrieved from /home/airflow/.local/lib/python3.6/site-packages/airflow/example_dags/example_bash_operator.py
[2024-04-19 02:09:27,394] {logging_mixin.py:104} INFO - [2024-04-19 02:09:27,394] {dag.py:1818} INFO - Sync 1 DAGs
[2024-04-19 02:09:27,408] {logging_mixin.py:104} INFO - [2024-04-19 02:09:27,408] {dag.py:2273} INFO - Setting next_dagrun for example_bash_operator to 2024-04-17 00:00:00+00:00
[2024-04-19 02:09:27,418] {scheduler_job.py:190} INFO - Processing /home/airflow/.local/lib/python3.6/site-packages/airflow/example_dags/example_bash_operator.py took 0.059 seconds
[2024-04-19 02:09:57,556] {scheduler_job.py:182} INFO - Started process (PID=3770) to work on /home/airflow/.local/lib/python3.6/site-packages/airflow/example_dags/example_bash_operator.py
[2024-04-19 02:09:57,557] {scheduler_job.py:629} INFO - Processing file /home/airflow/.local/lib/python3.6/site-packages/airflow/example_dags/example_bash_operator.py for tasks to queue
[2024-04-19 02:09:57,558] {logging_mixin.py:104} INFO - [2024-04-19 02:09:57,558] {dagbag.py:448} INFO - Filling up the DagBag from /home/airflow/.local/lib/python3.6/site-packages/airflow/example_dags/example_bash_operator.py
[2024-04-19 02:09:57,566] {scheduler_job.py:639} INFO - DAG(s) dict_keys(['example_bash_operator']) retrieved from /home/airflow/.local/lib/python3.6/site-packages/airflow/example_dags/example_bash_operator.py
[2024-04-19 02:09:57,583] {logging_mixin.py:104} INFO - [2024-04-19 02:09:57,583] {dag.py:1818} INFO - Sync 1 DAGs
[2024-04-19 02:09:57,599] {logging_mixin.py:104} INFO - [2024-04-19 02:09:57,599] {dag.py:2273} INFO - Setting next_dagrun for example_bash_operator to 2024-04-17 00:00:00+00:00
[2024-04-19 02:09:57,606] {scheduler_job.py:190} INFO - Processing /home/airflow/.local/lib/python3.6/site-packages/airflow/example_dags/example_bash_operator.py took 0.053 seconds
[2024-04-19 02:10:27,818] {scheduler_job.py:182} INFO - Started process (PID=3900) to work on /home/airflow/.local/lib/python3.6/site-packages/airflow/example_dags/example_bash_operator.py
[2024-04-19 02:10:27,819] {scheduler_job.py:629} INFO - Processing file /home/airflow/.local/lib/python3.6/site-packages/airflow/example_dags/example_bash_operator.py for tasks to queue
[2024-04-19 02:10:27,820] {logging_mixin.py:104} INFO - [2024-04-19 02:10:27,820] {dagbag.py:448} INFO - Filling up the DagBag from /home/airflow/.local/lib/python3.6/site-packages/airflow/example_dags/example_bash_operator.py
[2024-04-19 02:10:27,828] {scheduler_job.py:639} INFO - DAG(s) dict_keys(['example_bash_operator']) retrieved from /home/airflow/.local/lib/python3.6/site-packages/airflow/example_dags/example_bash_operator.py
[2024-04-19 02:10:27,845] {logging_mixin.py:104} INFO - [2024-04-19 02:10:27,844] {dag.py:1818} INFO - Sync 1 DAGs
[2024-04-19 02:10:27,860] {logging_mixin.py:104} INFO - [2024-04-19 02:10:27,860] {dag.py:2273} INFO - Setting next_dagrun for example_bash_operator to 2024-04-17 00:00:00+00:00
[2024-04-19 02:10:27,869] {scheduler_job.py:190} INFO - Processing /home/airflow/.local/lib/python3.6/site-packages/airflow/example_dags/example_bash_operator.py took 0.054 seconds
[2024-04-19 02:10:57,918] {scheduler_job.py:182} INFO - Started process (PID=4030) to work on /home/airflow/.local/lib/python3.6/site-packages/airflow/example_dags/example_bash_operator.py
[2024-04-19 02:10:57,919] {scheduler_job.py:629} INFO - Processing file /home/airflow/.local/lib/python3.6/site-packages/airflow/example_dags/example_bash_operator.py for tasks to queue
[2024-04-19 02:10:57,919] {logging_mixin.py:104} INFO - [2024-04-19 02:10:57,919] {dagbag.py:448} INFO - Filling up the DagBag from /home/airflow/.local/lib/python3.6/site-packages/airflow/example_dags/example_bash_operator.py
[2024-04-19 02:10:57,927] {scheduler_job.py:639} INFO - DAG(s) dict_keys(['example_bash_operator']) retrieved from /home/airflow/.local/lib/python3.6/site-packages/airflow/example_dags/example_bash_operator.py
[2024-04-19 02:10:57,943] {logging_mixin.py:104} INFO - [2024-04-19 02:10:57,943] {dag.py:1818} INFO - Sync 1 DAGs
[2024-04-19 02:10:57,957] {logging_mixin.py:104} INFO - [2024-04-19 02:10:57,957] {dag.py:2273} INFO - Setting next_dagrun for example_bash_operator to 2024-04-17 00:00:00+00:00
[2024-04-19 02:10:57,965] {scheduler_job.py:190} INFO - Processing /home/airflow/.local/lib/python3.6/site-packages/airflow/example_dags/example_bash_operator.py took 0.049 seconds
[2024-04-19 02:11:28,106] {scheduler_job.py:182} INFO - Started process (PID=4159) to work on /home/airflow/.local/lib/python3.6/site-packages/airflow/example_dags/example_bash_operator.py
[2024-04-19 02:11:28,107] {scheduler_job.py:629} INFO - Processing file /home/airflow/.local/lib/python3.6/site-packages/airflow/example_dags/example_bash_operator.py for tasks to queue
[2024-04-19 02:11:28,107] {logging_mixin.py:104} INFO - [2024-04-19 02:11:28,107] {dagbag.py:448} INFO - Filling up the DagBag from /home/airflow/.local/lib/python3.6/site-packages/airflow/example_dags/example_bash_operator.py
[2024-04-19 02:11:28,115] {scheduler_job.py:639} INFO - DAG(s) dict_keys(['example_bash_operator']) retrieved from /home/airflow/.local/lib/python3.6/site-packages/airflow/example_dags/example_bash_operator.py
[2024-04-19 02:11:28,130] {logging_mixin.py:104} INFO - [2024-04-19 02:11:28,130] {dag.py:1818} INFO - Sync 1 DAGs
[2024-04-19 02:11:28,146] {logging_mixin.py:104} INFO - [2024-04-19 02:11:28,146] {dag.py:2273} INFO - Setting next_dagrun for example_bash_operator to 2024-04-17 00:00:00+00:00
[2024-04-19 02:11:28,154] {scheduler_job.py:190} INFO - Processing /home/airflow/.local/lib/python3.6/site-packages/airflow/example_dags/example_bash_operator.py took 0.050 seconds
[2024-04-19 02:11:58,228] {scheduler_job.py:182} INFO - Started process (PID=4289) to work on /home/airflow/.local/lib/python3.6/site-packages/airflow/example_dags/example_bash_operator.py
[2024-04-19 02:11:58,229] {scheduler_job.py:629} INFO - Processing file /home/airflow/.local/lib/python3.6/site-packages/airflow/example_dags/example_bash_operator.py for tasks to queue
[2024-04-19 02:11:58,229] {logging_mixin.py:104} INFO - [2024-04-19 02:11:58,229] {dagbag.py:448} INFO - Filling up the DagBag from /home/airflow/.local/lib/python3.6/site-packages/airflow/example_dags/example_bash_operator.py
[2024-04-19 02:11:58,238] {scheduler_job.py:639} INFO - DAG(s) dict_keys(['example_bash_operator']) retrieved from /home/airflow/.local/lib/python3.6/site-packages/airflow/example_dags/example_bash_operator.py
[2024-04-19 02:11:58,255] {logging_mixin.py:104} INFO - [2024-04-19 02:11:58,255] {dag.py:1818} INFO - Sync 1 DAGs
[2024-04-19 02:11:58,269] {logging_mixin.py:104} INFO - [2024-04-19 02:11:58,269] {dag.py:2273} INFO - Setting next_dagrun for example_bash_operator to 2024-04-17 00:00:00+00:00
[2024-04-19 02:11:58,276] {scheduler_job.py:190} INFO - Processing /home/airflow/.local/lib/python3.6/site-packages/airflow/example_dags/example_bash_operator.py took 0.051 seconds
[2024-04-19 02:12:28,551] {scheduler_job.py:182} INFO - Started process (PID=4402) to work on /home/airflow/.local/lib/python3.6/site-packages/airflow/example_dags/example_bash_operator.py
[2024-04-19 02:12:28,552] {scheduler_job.py:629} INFO - Processing file /home/airflow/.local/lib/python3.6/site-packages/airflow/example_dags/example_bash_operator.py for tasks to queue
[2024-04-19 02:12:28,553] {logging_mixin.py:104} INFO - [2024-04-19 02:12:28,553] {dagbag.py:448} INFO - Filling up the DagBag from /home/airflow/.local/lib/python3.6/site-packages/airflow/example_dags/example_bash_operator.py
[2024-04-19 02:12:28,561] {scheduler_job.py:639} INFO - DAG(s) dict_keys(['example_bash_operator']) retrieved from /home/airflow/.local/lib/python3.6/site-packages/airflow/example_dags/example_bash_operator.py
[2024-04-19 02:12:28,580] {logging_mixin.py:104} INFO - [2024-04-19 02:12:28,580] {dag.py:1818} INFO - Sync 1 DAGs
[2024-04-19 02:12:28,597] {logging_mixin.py:104} INFO - [2024-04-19 02:12:28,597] {dag.py:2273} INFO - Setting next_dagrun for example_bash_operator to 2024-04-17 00:00:00+00:00
[2024-04-19 02:12:28,612] {scheduler_job.py:190} INFO - Processing /home/airflow/.local/lib/python3.6/site-packages/airflow/example_dags/example_bash_operator.py took 0.063 seconds
[2024-04-19 02:12:58,911] {scheduler_job.py:182} INFO - Started process (PID=4545) to work on /home/airflow/.local/lib/python3.6/site-packages/airflow/example_dags/example_bash_operator.py
[2024-04-19 02:12:58,912] {scheduler_job.py:629} INFO - Processing file /home/airflow/.local/lib/python3.6/site-packages/airflow/example_dags/example_bash_operator.py for tasks to queue
[2024-04-19 02:12:58,913] {logging_mixin.py:104} INFO - [2024-04-19 02:12:58,913] {dagbag.py:448} INFO - Filling up the DagBag from /home/airflow/.local/lib/python3.6/site-packages/airflow/example_dags/example_bash_operator.py
[2024-04-19 02:12:58,921] {scheduler_job.py:639} INFO - DAG(s) dict_keys(['example_bash_operator']) retrieved from /home/airflow/.local/lib/python3.6/site-packages/airflow/example_dags/example_bash_operator.py
[2024-04-19 02:12:58,938] {logging_mixin.py:104} INFO - [2024-04-19 02:12:58,938] {dag.py:1818} INFO - Sync 1 DAGs
[2024-04-19 02:12:58,954] {logging_mixin.py:104} INFO - [2024-04-19 02:12:58,954] {dag.py:2273} INFO - Setting next_dagrun for example_bash_operator to 2024-04-17 00:00:00+00:00
[2024-04-19 02:12:58,962] {scheduler_job.py:190} INFO - Processing /home/airflow/.local/lib/python3.6/site-packages/airflow/example_dags/example_bash_operator.py took 0.056 seconds
