[2024-04-19 01:51:18,305] {scheduler_job.py:182} INFO - Started process (PID=167) to work on /home/airflow/.local/lib/python3.6/site-packages/airflow/example_dags/example_trigger_controller_dag.py
[2024-04-19 01:51:18,307] {scheduler_job.py:629} INFO - Processing file /home/airflow/.local/lib/python3.6/site-packages/airflow/example_dags/example_trigger_controller_dag.py for tasks to queue
[2024-04-19 01:51:18,308] {logging_mixin.py:104} INFO - [2024-04-19 01:51:18,308] {dagbag.py:448} INFO - Filling up the DagBag from /home/airflow/.local/lib/python3.6/site-packages/airflow/example_dags/example_trigger_controller_dag.py
[2024-04-19 01:51:18,333] {scheduler_job.py:639} INFO - DAG(s) dict_keys(['example_trigger_controller_dag']) retrieved from /home/airflow/.local/lib/python3.6/site-packages/airflow/example_dags/example_trigger_controller_dag.py
[2024-04-19 01:51:18,362] {logging_mixin.py:104} INFO - [2024-04-19 01:51:18,361] {dag.py:1818} INFO - Sync 1 DAGs
[2024-04-19 01:51:18,374] {logging_mixin.py:104} INFO - [2024-04-19 01:51:18,374] {dag.py:1837} INFO - Creating ORM DAG for example_trigger_controller_dag
[2024-04-19 01:51:18,383] {logging_mixin.py:104} INFO - [2024-04-19 01:51:18,383] {dag.py:2273} INFO - Setting next_dagrun for example_trigger_controller_dag to 2024-04-17 00:00:00+00:00
[2024-04-19 01:51:18,405] {scheduler_job.py:190} INFO - Processing /home/airflow/.local/lib/python3.6/site-packages/airflow/example_dags/example_trigger_controller_dag.py took 0.104 seconds
[2024-04-19 01:51:48,516] {scheduler_job.py:182} INFO - Started process (PID=297) to work on /home/airflow/.local/lib/python3.6/site-packages/airflow/example_dags/example_trigger_controller_dag.py
[2024-04-19 01:51:48,608] {scheduler_job.py:629} INFO - Processing file /home/airflow/.local/lib/python3.6/site-packages/airflow/example_dags/example_trigger_controller_dag.py for tasks to queue
[2024-04-19 01:51:48,613] {logging_mixin.py:104} INFO - [2024-04-19 01:51:48,612] {dagbag.py:448} INFO - Filling up the DagBag from /home/airflow/.local/lib/python3.6/site-packages/airflow/example_dags/example_trigger_controller_dag.py
[2024-04-19 01:51:48,647] {scheduler_job.py:639} INFO - DAG(s) dict_keys(['example_trigger_controller_dag']) retrieved from /home/airflow/.local/lib/python3.6/site-packages/airflow/example_dags/example_trigger_controller_dag.py
[2024-04-19 01:51:48,746] {logging_mixin.py:104} INFO - [2024-04-19 01:51:48,745] {dag.py:1818} INFO - Sync 1 DAGs
[2024-04-19 01:51:48,809] {logging_mixin.py:104} INFO - [2024-04-19 01:51:48,809] {dag.py:2273} INFO - Setting next_dagrun for example_trigger_controller_dag to 2024-04-17 00:00:00+00:00
[2024-04-19 01:51:48,823] {scheduler_job.py:190} INFO - Processing /home/airflow/.local/lib/python3.6/site-packages/airflow/example_dags/example_trigger_controller_dag.py took 0.314 seconds
[2024-04-19 01:52:19,803] {scheduler_job.py:182} INFO - Started process (PID=427) to work on /home/airflow/.local/lib/python3.6/site-packages/airflow/example_dags/example_trigger_controller_dag.py
[2024-04-19 01:52:19,805] {scheduler_job.py:629} INFO - Processing file /home/airflow/.local/lib/python3.6/site-packages/airflow/example_dags/example_trigger_controller_dag.py for tasks to queue
[2024-04-19 01:52:19,807] {logging_mixin.py:104} INFO - [2024-04-19 01:52:19,806] {dagbag.py:448} INFO - Filling up the DagBag from /home/airflow/.local/lib/python3.6/site-packages/airflow/example_dags/example_trigger_controller_dag.py
[2024-04-19 01:52:19,825] {scheduler_job.py:639} INFO - DAG(s) dict_keys(['example_trigger_controller_dag']) retrieved from /home/airflow/.local/lib/python3.6/site-packages/airflow/example_dags/example_trigger_controller_dag.py
[2024-04-19 01:52:19,856] {logging_mixin.py:104} INFO - [2024-04-19 01:52:19,856] {dag.py:1818} INFO - Sync 1 DAGs
[2024-04-19 01:52:19,874] {logging_mixin.py:104} INFO - [2024-04-19 01:52:19,874] {dag.py:2273} INFO - Setting next_dagrun for example_trigger_controller_dag to 2024-04-17 00:00:00+00:00
[2024-04-19 01:52:19,886] {scheduler_job.py:190} INFO - Processing /home/airflow/.local/lib/python3.6/site-packages/airflow/example_dags/example_trigger_controller_dag.py took 0.090 seconds
[2024-04-19 01:52:50,170] {scheduler_job.py:182} INFO - Started process (PID=557) to work on /home/airflow/.local/lib/python3.6/site-packages/airflow/example_dags/example_trigger_controller_dag.py
[2024-04-19 01:52:50,171] {scheduler_job.py:629} INFO - Processing file /home/airflow/.local/lib/python3.6/site-packages/airflow/example_dags/example_trigger_controller_dag.py for tasks to queue
[2024-04-19 01:52:50,172] {logging_mixin.py:104} INFO - [2024-04-19 01:52:50,172] {dagbag.py:448} INFO - Filling up the DagBag from /home/airflow/.local/lib/python3.6/site-packages/airflow/example_dags/example_trigger_controller_dag.py
[2024-04-19 01:52:50,181] {scheduler_job.py:639} INFO - DAG(s) dict_keys(['example_trigger_controller_dag']) retrieved from /home/airflow/.local/lib/python3.6/site-packages/airflow/example_dags/example_trigger_controller_dag.py
[2024-04-19 01:52:50,200] {logging_mixin.py:104} INFO - [2024-04-19 01:52:50,200] {dag.py:1818} INFO - Sync 1 DAGs
[2024-04-19 01:52:50,212] {logging_mixin.py:104} INFO - [2024-04-19 01:52:50,211] {dag.py:2273} INFO - Setting next_dagrun for example_trigger_controller_dag to 2024-04-17 00:00:00+00:00
[2024-04-19 01:52:50,219] {scheduler_job.py:190} INFO - Processing /home/airflow/.local/lib/python3.6/site-packages/airflow/example_dags/example_trigger_controller_dag.py took 0.051 seconds
[2024-04-19 01:53:20,573] {scheduler_job.py:182} INFO - Started process (PID=687) to work on /home/airflow/.local/lib/python3.6/site-packages/airflow/example_dags/example_trigger_controller_dag.py
[2024-04-19 01:53:20,575] {scheduler_job.py:629} INFO - Processing file /home/airflow/.local/lib/python3.6/site-packages/airflow/example_dags/example_trigger_controller_dag.py for tasks to queue
[2024-04-19 01:53:20,577] {logging_mixin.py:104} INFO - [2024-04-19 01:53:20,577] {dagbag.py:448} INFO - Filling up the DagBag from /home/airflow/.local/lib/python3.6/site-packages/airflow/example_dags/example_trigger_controller_dag.py
[2024-04-19 01:53:20,598] {scheduler_job.py:639} INFO - DAG(s) dict_keys(['example_trigger_controller_dag']) retrieved from /home/airflow/.local/lib/python3.6/site-packages/airflow/example_dags/example_trigger_controller_dag.py
[2024-04-19 01:53:20,636] {logging_mixin.py:104} INFO - [2024-04-19 01:53:20,636] {dag.py:1818} INFO - Sync 1 DAGs
[2024-04-19 01:53:20,656] {logging_mixin.py:104} INFO - [2024-04-19 01:53:20,656] {dag.py:2273} INFO - Setting next_dagrun for example_trigger_controller_dag to 2024-04-17 00:00:00+00:00
[2024-04-19 01:53:20,674] {scheduler_job.py:190} INFO - Processing /home/airflow/.local/lib/python3.6/site-packages/airflow/example_dags/example_trigger_controller_dag.py took 0.105 seconds
[2024-04-19 01:53:51,259] {scheduler_job.py:182} INFO - Started process (PID=817) to work on /home/airflow/.local/lib/python3.6/site-packages/airflow/example_dags/example_trigger_controller_dag.py
[2024-04-19 01:53:51,262] {scheduler_job.py:629} INFO - Processing file /home/airflow/.local/lib/python3.6/site-packages/airflow/example_dags/example_trigger_controller_dag.py for tasks to queue
[2024-04-19 01:53:51,263] {logging_mixin.py:104} INFO - [2024-04-19 01:53:51,263] {dagbag.py:448} INFO - Filling up the DagBag from /home/airflow/.local/lib/python3.6/site-packages/airflow/example_dags/example_trigger_controller_dag.py
[2024-04-19 01:53:51,277] {scheduler_job.py:639} INFO - DAG(s) dict_keys(['example_trigger_controller_dag']) retrieved from /home/airflow/.local/lib/python3.6/site-packages/airflow/example_dags/example_trigger_controller_dag.py
[2024-04-19 01:53:51,306] {logging_mixin.py:104} INFO - [2024-04-19 01:53:51,306] {dag.py:1818} INFO - Sync 1 DAGs
[2024-04-19 01:53:51,322] {logging_mixin.py:104} INFO - [2024-04-19 01:53:51,322] {dag.py:2273} INFO - Setting next_dagrun for example_trigger_controller_dag to 2024-04-17 00:00:00+00:00
[2024-04-19 01:53:51,333] {scheduler_job.py:190} INFO - Processing /home/airflow/.local/lib/python3.6/site-packages/airflow/example_dags/example_trigger_controller_dag.py took 0.077 seconds
[2024-04-19 01:54:21,627] {scheduler_job.py:182} INFO - Started process (PID=947) to work on /home/airflow/.local/lib/python3.6/site-packages/airflow/example_dags/example_trigger_controller_dag.py
[2024-04-19 01:54:21,629] {scheduler_job.py:629} INFO - Processing file /home/airflow/.local/lib/python3.6/site-packages/airflow/example_dags/example_trigger_controller_dag.py for tasks to queue
[2024-04-19 01:54:21,631] {logging_mixin.py:104} INFO - [2024-04-19 01:54:21,631] {dagbag.py:448} INFO - Filling up the DagBag from /home/airflow/.local/lib/python3.6/site-packages/airflow/example_dags/example_trigger_controller_dag.py
[2024-04-19 01:54:21,638] {scheduler_job.py:639} INFO - DAG(s) dict_keys(['example_trigger_controller_dag']) retrieved from /home/airflow/.local/lib/python3.6/site-packages/airflow/example_dags/example_trigger_controller_dag.py
[2024-04-19 01:54:21,663] {logging_mixin.py:104} INFO - [2024-04-19 01:54:21,663] {dag.py:1818} INFO - Sync 1 DAGs
[2024-04-19 01:54:21,676] {logging_mixin.py:104} INFO - [2024-04-19 01:54:21,676] {dag.py:2273} INFO - Setting next_dagrun for example_trigger_controller_dag to 2024-04-17 00:00:00+00:00
[2024-04-19 01:54:21,692] {scheduler_job.py:190} INFO - Processing /home/airflow/.local/lib/python3.6/site-packages/airflow/example_dags/example_trigger_controller_dag.py took 0.067 seconds
[2024-04-19 01:54:51,913] {scheduler_job.py:182} INFO - Started process (PID=1080) to work on /home/airflow/.local/lib/python3.6/site-packages/airflow/example_dags/example_trigger_controller_dag.py
[2024-04-19 01:54:51,915] {scheduler_job.py:629} INFO - Processing file /home/airflow/.local/lib/python3.6/site-packages/airflow/example_dags/example_trigger_controller_dag.py for tasks to queue
[2024-04-19 01:54:51,916] {logging_mixin.py:104} INFO - [2024-04-19 01:54:51,916] {dagbag.py:448} INFO - Filling up the DagBag from /home/airflow/.local/lib/python3.6/site-packages/airflow/example_dags/example_trigger_controller_dag.py
[2024-04-19 01:54:51,928] {scheduler_job.py:639} INFO - DAG(s) dict_keys(['example_trigger_controller_dag']) retrieved from /home/airflow/.local/lib/python3.6/site-packages/airflow/example_dags/example_trigger_controller_dag.py
[2024-04-19 01:54:51,946] {logging_mixin.py:104} INFO - [2024-04-19 01:54:51,946] {dag.py:1818} INFO - Sync 1 DAGs
[2024-04-19 01:54:51,957] {logging_mixin.py:104} INFO - [2024-04-19 01:54:51,957] {dag.py:2273} INFO - Setting next_dagrun for example_trigger_controller_dag to 2024-04-17 00:00:00+00:00
[2024-04-19 01:54:51,973] {scheduler_job.py:190} INFO - Processing /home/airflow/.local/lib/python3.6/site-packages/airflow/example_dags/example_trigger_controller_dag.py took 0.064 seconds
[2024-04-19 01:55:22,392] {scheduler_job.py:182} INFO - Started process (PID=1209) to work on /home/airflow/.local/lib/python3.6/site-packages/airflow/example_dags/example_trigger_controller_dag.py
[2024-04-19 01:55:22,394] {scheduler_job.py:629} INFO - Processing file /home/airflow/.local/lib/python3.6/site-packages/airflow/example_dags/example_trigger_controller_dag.py for tasks to queue
[2024-04-19 01:55:22,395] {logging_mixin.py:104} INFO - [2024-04-19 01:55:22,394] {dagbag.py:448} INFO - Filling up the DagBag from /home/airflow/.local/lib/python3.6/site-packages/airflow/example_dags/example_trigger_controller_dag.py
[2024-04-19 01:55:22,403] {scheduler_job.py:639} INFO - DAG(s) dict_keys(['example_trigger_controller_dag']) retrieved from /home/airflow/.local/lib/python3.6/site-packages/airflow/example_dags/example_trigger_controller_dag.py
[2024-04-19 01:55:22,421] {logging_mixin.py:104} INFO - [2024-04-19 01:55:22,421] {dag.py:1818} INFO - Sync 1 DAGs
[2024-04-19 01:55:22,433] {logging_mixin.py:104} INFO - [2024-04-19 01:55:22,433] {dag.py:2273} INFO - Setting next_dagrun for example_trigger_controller_dag to 2024-04-17 00:00:00+00:00
[2024-04-19 01:55:22,446] {scheduler_job.py:190} INFO - Processing /home/airflow/.local/lib/python3.6/site-packages/airflow/example_dags/example_trigger_controller_dag.py took 0.056 seconds
[2024-04-19 01:55:52,850] {scheduler_job.py:182} INFO - Started process (PID=1339) to work on /home/airflow/.local/lib/python3.6/site-packages/airflow/example_dags/example_trigger_controller_dag.py
[2024-04-19 01:55:52,852] {scheduler_job.py:629} INFO - Processing file /home/airflow/.local/lib/python3.6/site-packages/airflow/example_dags/example_trigger_controller_dag.py for tasks to queue
[2024-04-19 01:55:52,854] {logging_mixin.py:104} INFO - [2024-04-19 01:55:52,853] {dagbag.py:448} INFO - Filling up the DagBag from /home/airflow/.local/lib/python3.6/site-packages/airflow/example_dags/example_trigger_controller_dag.py
[2024-04-19 01:55:52,870] {scheduler_job.py:639} INFO - DAG(s) dict_keys(['example_trigger_controller_dag']) retrieved from /home/airflow/.local/lib/python3.6/site-packages/airflow/example_dags/example_trigger_controller_dag.py
[2024-04-19 01:55:52,888] {logging_mixin.py:104} INFO - [2024-04-19 01:55:52,888] {dag.py:1818} INFO - Sync 1 DAGs
[2024-04-19 01:55:52,901] {logging_mixin.py:104} INFO - [2024-04-19 01:55:52,901] {dag.py:2273} INFO - Setting next_dagrun for example_trigger_controller_dag to 2024-04-17 00:00:00+00:00
[2024-04-19 01:55:52,917] {scheduler_job.py:190} INFO - Processing /home/airflow/.local/lib/python3.6/site-packages/airflow/example_dags/example_trigger_controller_dag.py took 0.074 seconds
[2024-04-19 01:56:18,832] {scheduler_job.py:182} INFO - Started process (PID=255) to work on /home/airflow/.local/lib/python3.6/site-packages/airflow/example_dags/example_trigger_controller_dag.py
[2024-04-19 01:56:18,834] {scheduler_job.py:629} INFO - Processing file /home/airflow/.local/lib/python3.6/site-packages/airflow/example_dags/example_trigger_controller_dag.py for tasks to queue
[2024-04-19 01:56:18,835] {logging_mixin.py:104} INFO - [2024-04-19 01:56:18,835] {dagbag.py:448} INFO - Filling up the DagBag from /home/airflow/.local/lib/python3.6/site-packages/airflow/example_dags/example_trigger_controller_dag.py
[2024-04-19 01:56:18,847] {scheduler_job.py:639} INFO - DAG(s) dict_keys(['example_trigger_controller_dag']) retrieved from /home/airflow/.local/lib/python3.6/site-packages/airflow/example_dags/example_trigger_controller_dag.py
[2024-04-19 01:56:18,871] {logging_mixin.py:104} INFO - [2024-04-19 01:56:18,871] {dag.py:1818} INFO - Sync 1 DAGs
[2024-04-19 01:56:18,886] {logging_mixin.py:104} INFO - [2024-04-19 01:56:18,886] {dag.py:2273} INFO - Setting next_dagrun for example_trigger_controller_dag to 2024-04-17 00:00:00+00:00
[2024-04-19 01:56:18,896] {scheduler_job.py:190} INFO - Processing /home/airflow/.local/lib/python3.6/site-packages/airflow/example_dags/example_trigger_controller_dag.py took 0.067 seconds
[2024-04-19 01:56:49,415] {scheduler_job.py:182} INFO - Started process (PID=385) to work on /home/airflow/.local/lib/python3.6/site-packages/airflow/example_dags/example_trigger_controller_dag.py
[2024-04-19 01:56:49,416] {scheduler_job.py:629} INFO - Processing file /home/airflow/.local/lib/python3.6/site-packages/airflow/example_dags/example_trigger_controller_dag.py for tasks to queue
[2024-04-19 01:56:49,417] {logging_mixin.py:104} INFO - [2024-04-19 01:56:49,417] {dagbag.py:448} INFO - Filling up the DagBag from /home/airflow/.local/lib/python3.6/site-packages/airflow/example_dags/example_trigger_controller_dag.py
[2024-04-19 01:56:49,426] {scheduler_job.py:639} INFO - DAG(s) dict_keys(['example_trigger_controller_dag']) retrieved from /home/airflow/.local/lib/python3.6/site-packages/airflow/example_dags/example_trigger_controller_dag.py
[2024-04-19 01:56:49,455] {logging_mixin.py:104} INFO - [2024-04-19 01:56:49,454] {dag.py:1818} INFO - Sync 1 DAGs
[2024-04-19 01:56:49,470] {logging_mixin.py:104} INFO - [2024-04-19 01:56:49,470] {dag.py:2273} INFO - Setting next_dagrun for example_trigger_controller_dag to 2024-04-17 00:00:00+00:00
[2024-04-19 01:56:49,485] {scheduler_job.py:190} INFO - Processing /home/airflow/.local/lib/python3.6/site-packages/airflow/example_dags/example_trigger_controller_dag.py took 0.075 seconds
[2024-04-19 01:57:19,870] {scheduler_job.py:182} INFO - Started process (PID=495) to work on /home/airflow/.local/lib/python3.6/site-packages/airflow/example_dags/example_trigger_controller_dag.py
[2024-04-19 01:57:19,872] {scheduler_job.py:629} INFO - Processing file /home/airflow/.local/lib/python3.6/site-packages/airflow/example_dags/example_trigger_controller_dag.py for tasks to queue
[2024-04-19 01:57:19,873] {logging_mixin.py:104} INFO - [2024-04-19 01:57:19,873] {dagbag.py:448} INFO - Filling up the DagBag from /home/airflow/.local/lib/python3.6/site-packages/airflow/example_dags/example_trigger_controller_dag.py
[2024-04-19 01:57:19,885] {scheduler_job.py:639} INFO - DAG(s) dict_keys(['example_trigger_controller_dag']) retrieved from /home/airflow/.local/lib/python3.6/site-packages/airflow/example_dags/example_trigger_controller_dag.py
[2024-04-19 01:57:19,916] {logging_mixin.py:104} INFO - [2024-04-19 01:57:19,916] {dag.py:1818} INFO - Sync 1 DAGs
[2024-04-19 01:57:19,934] {logging_mixin.py:104} INFO - [2024-04-19 01:57:19,934] {dag.py:2273} INFO - Setting next_dagrun for example_trigger_controller_dag to 2024-04-17 00:00:00+00:00
[2024-04-19 01:57:19,950] {scheduler_job.py:190} INFO - Processing /home/airflow/.local/lib/python3.6/site-packages/airflow/example_dags/example_trigger_controller_dag.py took 0.083 seconds
[2024-04-19 01:57:50,603] {scheduler_job.py:182} INFO - Started process (PID=642) to work on /home/airflow/.local/lib/python3.6/site-packages/airflow/example_dags/example_trigger_controller_dag.py
[2024-04-19 01:57:50,604] {scheduler_job.py:629} INFO - Processing file /home/airflow/.local/lib/python3.6/site-packages/airflow/example_dags/example_trigger_controller_dag.py for tasks to queue
[2024-04-19 01:57:50,604] {logging_mixin.py:104} INFO - [2024-04-19 01:57:50,604] {dagbag.py:448} INFO - Filling up the DagBag from /home/airflow/.local/lib/python3.6/site-packages/airflow/example_dags/example_trigger_controller_dag.py
[2024-04-19 01:57:50,612] {scheduler_job.py:639} INFO - DAG(s) dict_keys(['example_trigger_controller_dag']) retrieved from /home/airflow/.local/lib/python3.6/site-packages/airflow/example_dags/example_trigger_controller_dag.py
[2024-04-19 01:57:50,631] {logging_mixin.py:104} INFO - [2024-04-19 01:57:50,631] {dag.py:1818} INFO - Sync 1 DAGs
[2024-04-19 01:57:50,643] {logging_mixin.py:104} INFO - [2024-04-19 01:57:50,643] {dag.py:2273} INFO - Setting next_dagrun for example_trigger_controller_dag to 2024-04-17 00:00:00+00:00
[2024-04-19 01:57:50,652] {scheduler_job.py:190} INFO - Processing /home/airflow/.local/lib/python3.6/site-packages/airflow/example_dags/example_trigger_controller_dag.py took 0.051 seconds
[2024-04-19 01:58:20,967] {scheduler_job.py:182} INFO - Started process (PID=780) to work on /home/airflow/.local/lib/python3.6/site-packages/airflow/example_dags/example_trigger_controller_dag.py
[2024-04-19 01:58:20,969] {scheduler_job.py:629} INFO - Processing file /home/airflow/.local/lib/python3.6/site-packages/airflow/example_dags/example_trigger_controller_dag.py for tasks to queue
[2024-04-19 01:58:20,971] {logging_mixin.py:104} INFO - [2024-04-19 01:58:20,971] {dagbag.py:448} INFO - Filling up the DagBag from /home/airflow/.local/lib/python3.6/site-packages/airflow/example_dags/example_trigger_controller_dag.py
[2024-04-19 01:58:20,979] {scheduler_job.py:639} INFO - DAG(s) dict_keys(['example_trigger_controller_dag']) retrieved from /home/airflow/.local/lib/python3.6/site-packages/airflow/example_dags/example_trigger_controller_dag.py
[2024-04-19 01:58:20,998] {logging_mixin.py:104} INFO - [2024-04-19 01:58:20,998] {dag.py:1818} INFO - Sync 1 DAGs
[2024-04-19 01:58:21,008] {logging_mixin.py:104} INFO - [2024-04-19 01:58:21,008] {dag.py:2273} INFO - Setting next_dagrun for example_trigger_controller_dag to 2024-04-17 00:00:00+00:00
[2024-04-19 01:58:21,016] {scheduler_job.py:190} INFO - Processing /home/airflow/.local/lib/python3.6/site-packages/airflow/example_dags/example_trigger_controller_dag.py took 0.051 seconds
[2024-04-19 01:58:51,386] {scheduler_job.py:182} INFO - Started process (PID=925) to work on /home/airflow/.local/lib/python3.6/site-packages/airflow/example_dags/example_trigger_controller_dag.py
[2024-04-19 01:58:51,387] {scheduler_job.py:629} INFO - Processing file /home/airflow/.local/lib/python3.6/site-packages/airflow/example_dags/example_trigger_controller_dag.py for tasks to queue
[2024-04-19 01:58:51,388] {logging_mixin.py:104} INFO - [2024-04-19 01:58:51,388] {dagbag.py:448} INFO - Filling up the DagBag from /home/airflow/.local/lib/python3.6/site-packages/airflow/example_dags/example_trigger_controller_dag.py
[2024-04-19 01:58:51,395] {scheduler_job.py:639} INFO - DAG(s) dict_keys(['example_trigger_controller_dag']) retrieved from /home/airflow/.local/lib/python3.6/site-packages/airflow/example_dags/example_trigger_controller_dag.py
[2024-04-19 01:58:51,413] {logging_mixin.py:104} INFO - [2024-04-19 01:58:51,413] {dag.py:1818} INFO - Sync 1 DAGs
[2024-04-19 01:58:51,425] {logging_mixin.py:104} INFO - [2024-04-19 01:58:51,424] {dag.py:2273} INFO - Setting next_dagrun for example_trigger_controller_dag to 2024-04-17 00:00:00+00:00
[2024-04-19 01:58:51,432] {scheduler_job.py:190} INFO - Processing /home/airflow/.local/lib/python3.6/site-packages/airflow/example_dags/example_trigger_controller_dag.py took 0.049 seconds
[2024-04-19 01:59:21,656] {scheduler_job.py:182} INFO - Started process (PID=1072) to work on /home/airflow/.local/lib/python3.6/site-packages/airflow/example_dags/example_trigger_controller_dag.py
[2024-04-19 01:59:21,657] {scheduler_job.py:629} INFO - Processing file /home/airflow/.local/lib/python3.6/site-packages/airflow/example_dags/example_trigger_controller_dag.py for tasks to queue
[2024-04-19 01:59:21,658] {logging_mixin.py:104} INFO - [2024-04-19 01:59:21,658] {dagbag.py:448} INFO - Filling up the DagBag from /home/airflow/.local/lib/python3.6/site-packages/airflow/example_dags/example_trigger_controller_dag.py
[2024-04-19 01:59:21,666] {scheduler_job.py:639} INFO - DAG(s) dict_keys(['example_trigger_controller_dag']) retrieved from /home/airflow/.local/lib/python3.6/site-packages/airflow/example_dags/example_trigger_controller_dag.py
[2024-04-19 01:59:21,681] {logging_mixin.py:104} INFO - [2024-04-19 01:59:21,681] {dag.py:1818} INFO - Sync 1 DAGs
[2024-04-19 01:59:21,691] {logging_mixin.py:104} INFO - [2024-04-19 01:59:21,691] {dag.py:2273} INFO - Setting next_dagrun for example_trigger_controller_dag to 2024-04-17 00:00:00+00:00
[2024-04-19 01:59:21,699] {scheduler_job.py:190} INFO - Processing /home/airflow/.local/lib/python3.6/site-packages/airflow/example_dags/example_trigger_controller_dag.py took 0.045 seconds
[2024-04-19 01:59:51,797] {scheduler_job.py:182} INFO - Started process (PID=1200) to work on /home/airflow/.local/lib/python3.6/site-packages/airflow/example_dags/example_trigger_controller_dag.py
[2024-04-19 01:59:51,798] {scheduler_job.py:629} INFO - Processing file /home/airflow/.local/lib/python3.6/site-packages/airflow/example_dags/example_trigger_controller_dag.py for tasks to queue
[2024-04-19 01:59:51,799] {logging_mixin.py:104} INFO - [2024-04-19 01:59:51,799] {dagbag.py:448} INFO - Filling up the DagBag from /home/airflow/.local/lib/python3.6/site-packages/airflow/example_dags/example_trigger_controller_dag.py
[2024-04-19 01:59:51,808] {scheduler_job.py:639} INFO - DAG(s) dict_keys(['example_trigger_controller_dag']) retrieved from /home/airflow/.local/lib/python3.6/site-packages/airflow/example_dags/example_trigger_controller_dag.py
[2024-04-19 01:59:51,831] {logging_mixin.py:104} INFO - [2024-04-19 01:59:51,831] {dag.py:1818} INFO - Sync 1 DAGs
[2024-04-19 01:59:51,846] {logging_mixin.py:104} INFO - [2024-04-19 01:59:51,846] {dag.py:2273} INFO - Setting next_dagrun for example_trigger_controller_dag to 2024-04-17 00:00:00+00:00
[2024-04-19 01:59:51,859] {scheduler_job.py:190} INFO - Processing /home/airflow/.local/lib/python3.6/site-packages/airflow/example_dags/example_trigger_controller_dag.py took 0.064 seconds
[2024-04-19 02:00:22,089] {scheduler_job.py:182} INFO - Started process (PID=1330) to work on /home/airflow/.local/lib/python3.6/site-packages/airflow/example_dags/example_trigger_controller_dag.py
[2024-04-19 02:00:22,090] {scheduler_job.py:629} INFO - Processing file /home/airflow/.local/lib/python3.6/site-packages/airflow/example_dags/example_trigger_controller_dag.py for tasks to queue
[2024-04-19 02:00:22,091] {logging_mixin.py:104} INFO - [2024-04-19 02:00:22,091] {dagbag.py:448} INFO - Filling up the DagBag from /home/airflow/.local/lib/python3.6/site-packages/airflow/example_dags/example_trigger_controller_dag.py
[2024-04-19 02:00:22,100] {scheduler_job.py:639} INFO - DAG(s) dict_keys(['example_trigger_controller_dag']) retrieved from /home/airflow/.local/lib/python3.6/site-packages/airflow/example_dags/example_trigger_controller_dag.py
[2024-04-19 02:00:22,121] {logging_mixin.py:104} INFO - [2024-04-19 02:00:22,120] {dag.py:1818} INFO - Sync 1 DAGs
[2024-04-19 02:00:22,132] {logging_mixin.py:104} INFO - [2024-04-19 02:00:22,132] {dag.py:2273} INFO - Setting next_dagrun for example_trigger_controller_dag to 2024-04-17 00:00:00+00:00
[2024-04-19 02:00:22,141] {scheduler_job.py:190} INFO - Processing /home/airflow/.local/lib/python3.6/site-packages/airflow/example_dags/example_trigger_controller_dag.py took 0.057 seconds
[2024-04-19 02:00:52,339] {scheduler_job.py:182} INFO - Started process (PID=1460) to work on /home/airflow/.local/lib/python3.6/site-packages/airflow/example_dags/example_trigger_controller_dag.py
[2024-04-19 02:00:52,341] {scheduler_job.py:629} INFO - Processing file /home/airflow/.local/lib/python3.6/site-packages/airflow/example_dags/example_trigger_controller_dag.py for tasks to queue
[2024-04-19 02:00:52,343] {logging_mixin.py:104} INFO - [2024-04-19 02:00:52,343] {dagbag.py:448} INFO - Filling up the DagBag from /home/airflow/.local/lib/python3.6/site-packages/airflow/example_dags/example_trigger_controller_dag.py
[2024-04-19 02:00:52,354] {scheduler_job.py:639} INFO - DAG(s) dict_keys(['example_trigger_controller_dag']) retrieved from /home/airflow/.local/lib/python3.6/site-packages/airflow/example_dags/example_trigger_controller_dag.py
[2024-04-19 02:00:52,383] {logging_mixin.py:104} INFO - [2024-04-19 02:00:52,382] {dag.py:1818} INFO - Sync 1 DAGs
[2024-04-19 02:00:52,398] {logging_mixin.py:104} INFO - [2024-04-19 02:00:52,398] {dag.py:2273} INFO - Setting next_dagrun for example_trigger_controller_dag to 2024-04-17 00:00:00+00:00
[2024-04-19 02:00:52,409] {scheduler_job.py:190} INFO - Processing /home/airflow/.local/lib/python3.6/site-packages/airflow/example_dags/example_trigger_controller_dag.py took 0.080 seconds
[2024-04-19 02:01:22,717] {scheduler_job.py:182} INFO - Started process (PID=1565) to work on /home/airflow/.local/lib/python3.6/site-packages/airflow/example_dags/example_trigger_controller_dag.py
[2024-04-19 02:01:22,719] {scheduler_job.py:629} INFO - Processing file /home/airflow/.local/lib/python3.6/site-packages/airflow/example_dags/example_trigger_controller_dag.py for tasks to queue
[2024-04-19 02:01:22,721] {logging_mixin.py:104} INFO - [2024-04-19 02:01:22,721] {dagbag.py:448} INFO - Filling up the DagBag from /home/airflow/.local/lib/python3.6/site-packages/airflow/example_dags/example_trigger_controller_dag.py
[2024-04-19 02:01:22,748] {scheduler_job.py:639} INFO - DAG(s) dict_keys(['example_trigger_controller_dag']) retrieved from /home/airflow/.local/lib/python3.6/site-packages/airflow/example_dags/example_trigger_controller_dag.py
[2024-04-19 02:01:22,793] {logging_mixin.py:104} INFO - [2024-04-19 02:01:22,792] {dag.py:1818} INFO - Sync 1 DAGs
[2024-04-19 02:01:22,820] {logging_mixin.py:104} INFO - [2024-04-19 02:01:22,820] {dag.py:2273} INFO - Setting next_dagrun for example_trigger_controller_dag to 2024-04-17 00:00:00+00:00
[2024-04-19 02:01:22,833] {scheduler_job.py:190} INFO - Processing /home/airflow/.local/lib/python3.6/site-packages/airflow/example_dags/example_trigger_controller_dag.py took 0.124 seconds
[2024-04-19 02:01:53,188] {scheduler_job.py:182} INFO - Started process (PID=1672) to work on /home/airflow/.local/lib/python3.6/site-packages/airflow/example_dags/example_trigger_controller_dag.py
[2024-04-19 02:01:53,189] {scheduler_job.py:629} INFO - Processing file /home/airflow/.local/lib/python3.6/site-packages/airflow/example_dags/example_trigger_controller_dag.py for tasks to queue
[2024-04-19 02:01:53,190] {logging_mixin.py:104} INFO - [2024-04-19 02:01:53,190] {dagbag.py:448} INFO - Filling up the DagBag from /home/airflow/.local/lib/python3.6/site-packages/airflow/example_dags/example_trigger_controller_dag.py
[2024-04-19 02:01:53,199] {scheduler_job.py:639} INFO - DAG(s) dict_keys(['example_trigger_controller_dag']) retrieved from /home/airflow/.local/lib/python3.6/site-packages/airflow/example_dags/example_trigger_controller_dag.py
[2024-04-19 02:01:53,220] {logging_mixin.py:104} INFO - [2024-04-19 02:01:53,220] {dag.py:1818} INFO - Sync 1 DAGs
[2024-04-19 02:01:53,234] {logging_mixin.py:104} INFO - [2024-04-19 02:01:53,234] {dag.py:2273} INFO - Setting next_dagrun for example_trigger_controller_dag to 2024-04-17 00:00:00+00:00
[2024-04-19 02:01:53,242] {scheduler_job.py:190} INFO - Processing /home/airflow/.local/lib/python3.6/site-packages/airflow/example_dags/example_trigger_controller_dag.py took 0.057 seconds
[2024-04-19 02:02:23,617] {scheduler_job.py:182} INFO - Started process (PID=1814) to work on /home/airflow/.local/lib/python3.6/site-packages/airflow/example_dags/example_trigger_controller_dag.py
[2024-04-19 02:02:23,618] {scheduler_job.py:629} INFO - Processing file /home/airflow/.local/lib/python3.6/site-packages/airflow/example_dags/example_trigger_controller_dag.py for tasks to queue
[2024-04-19 02:02:23,619] {logging_mixin.py:104} INFO - [2024-04-19 02:02:23,619] {dagbag.py:448} INFO - Filling up the DagBag from /home/airflow/.local/lib/python3.6/site-packages/airflow/example_dags/example_trigger_controller_dag.py
[2024-04-19 02:02:23,627] {scheduler_job.py:639} INFO - DAG(s) dict_keys(['example_trigger_controller_dag']) retrieved from /home/airflow/.local/lib/python3.6/site-packages/airflow/example_dags/example_trigger_controller_dag.py
[2024-04-19 02:02:23,645] {logging_mixin.py:104} INFO - [2024-04-19 02:02:23,644] {dag.py:1818} INFO - Sync 1 DAGs
[2024-04-19 02:02:23,657] {logging_mixin.py:104} INFO - [2024-04-19 02:02:23,656] {dag.py:2273} INFO - Setting next_dagrun for example_trigger_controller_dag to 2024-04-17 00:00:00+00:00
[2024-04-19 02:02:23,668] {scheduler_job.py:190} INFO - Processing /home/airflow/.local/lib/python3.6/site-packages/airflow/example_dags/example_trigger_controller_dag.py took 0.054 seconds
[2024-04-19 02:02:53,812] {scheduler_job.py:182} INFO - Started process (PID=1945) to work on /home/airflow/.local/lib/python3.6/site-packages/airflow/example_dags/example_trigger_controller_dag.py
[2024-04-19 02:02:53,813] {scheduler_job.py:629} INFO - Processing file /home/airflow/.local/lib/python3.6/site-packages/airflow/example_dags/example_trigger_controller_dag.py for tasks to queue
[2024-04-19 02:02:53,813] {logging_mixin.py:104} INFO - [2024-04-19 02:02:53,813] {dagbag.py:448} INFO - Filling up the DagBag from /home/airflow/.local/lib/python3.6/site-packages/airflow/example_dags/example_trigger_controller_dag.py
[2024-04-19 02:02:53,820] {scheduler_job.py:639} INFO - DAG(s) dict_keys(['example_trigger_controller_dag']) retrieved from /home/airflow/.local/lib/python3.6/site-packages/airflow/example_dags/example_trigger_controller_dag.py
[2024-04-19 02:02:53,835] {logging_mixin.py:104} INFO - [2024-04-19 02:02:53,835] {dag.py:1818} INFO - Sync 1 DAGs
[2024-04-19 02:02:53,844] {logging_mixin.py:104} INFO - [2024-04-19 02:02:53,844] {dag.py:2273} INFO - Setting next_dagrun for example_trigger_controller_dag to 2024-04-17 00:00:00+00:00
[2024-04-19 02:02:53,855] {scheduler_job.py:190} INFO - Processing /home/airflow/.local/lib/python3.6/site-packages/airflow/example_dags/example_trigger_controller_dag.py took 0.045 seconds
[2024-04-19 02:03:23,966] {scheduler_job.py:182} INFO - Started process (PID=2080) to work on /home/airflow/.local/lib/python3.6/site-packages/airflow/example_dags/example_trigger_controller_dag.py
[2024-04-19 02:03:23,968] {scheduler_job.py:629} INFO - Processing file /home/airflow/.local/lib/python3.6/site-packages/airflow/example_dags/example_trigger_controller_dag.py for tasks to queue
[2024-04-19 02:03:23,969] {logging_mixin.py:104} INFO - [2024-04-19 02:03:23,968] {dagbag.py:448} INFO - Filling up the DagBag from /home/airflow/.local/lib/python3.6/site-packages/airflow/example_dags/example_trigger_controller_dag.py
[2024-04-19 02:03:23,974] {scheduler_job.py:639} INFO - DAG(s) dict_keys(['example_trigger_controller_dag']) retrieved from /home/airflow/.local/lib/python3.6/site-packages/airflow/example_dags/example_trigger_controller_dag.py
[2024-04-19 02:03:23,992] {logging_mixin.py:104} INFO - [2024-04-19 02:03:23,991] {dag.py:1818} INFO - Sync 1 DAGs
[2024-04-19 02:03:24,005] {logging_mixin.py:104} INFO - [2024-04-19 02:03:24,005] {dag.py:2273} INFO - Setting next_dagrun for example_trigger_controller_dag to 2024-04-17 00:00:00+00:00
[2024-04-19 02:03:24,012] {scheduler_job.py:190} INFO - Processing /home/airflow/.local/lib/python3.6/site-packages/airflow/example_dags/example_trigger_controller_dag.py took 0.049 seconds
[2024-04-19 02:03:54,282] {scheduler_job.py:182} INFO - Started process (PID=2226) to work on /home/airflow/.local/lib/python3.6/site-packages/airflow/example_dags/example_trigger_controller_dag.py
[2024-04-19 02:03:54,283] {scheduler_job.py:629} INFO - Processing file /home/airflow/.local/lib/python3.6/site-packages/airflow/example_dags/example_trigger_controller_dag.py for tasks to queue
[2024-04-19 02:03:54,284] {logging_mixin.py:104} INFO - [2024-04-19 02:03:54,284] {dagbag.py:448} INFO - Filling up the DagBag from /home/airflow/.local/lib/python3.6/site-packages/airflow/example_dags/example_trigger_controller_dag.py
[2024-04-19 02:03:54,290] {scheduler_job.py:639} INFO - DAG(s) dict_keys(['example_trigger_controller_dag']) retrieved from /home/airflow/.local/lib/python3.6/site-packages/airflow/example_dags/example_trigger_controller_dag.py
[2024-04-19 02:03:54,311] {logging_mixin.py:104} INFO - [2024-04-19 02:03:54,311] {dag.py:1818} INFO - Sync 1 DAGs
[2024-04-19 02:03:54,323] {logging_mixin.py:104} INFO - [2024-04-19 02:03:54,323] {dag.py:2273} INFO - Setting next_dagrun for example_trigger_controller_dag to 2024-04-17 00:00:00+00:00
[2024-04-19 02:03:54,333] {scheduler_job.py:190} INFO - Processing /home/airflow/.local/lib/python3.6/site-packages/airflow/example_dags/example_trigger_controller_dag.py took 0.054 seconds
[2024-04-19 02:04:24,498] {scheduler_job.py:182} INFO - Started process (PID=2330) to work on /home/airflow/.local/lib/python3.6/site-packages/airflow/example_dags/example_trigger_controller_dag.py
[2024-04-19 02:04:24,500] {scheduler_job.py:629} INFO - Processing file /home/airflow/.local/lib/python3.6/site-packages/airflow/example_dags/example_trigger_controller_dag.py for tasks to queue
[2024-04-19 02:04:24,502] {logging_mixin.py:104} INFO - [2024-04-19 02:04:24,502] {dagbag.py:448} INFO - Filling up the DagBag from /home/airflow/.local/lib/python3.6/site-packages/airflow/example_dags/example_trigger_controller_dag.py
[2024-04-19 02:04:24,515] {scheduler_job.py:639} INFO - DAG(s) dict_keys(['example_trigger_controller_dag']) retrieved from /home/airflow/.local/lib/python3.6/site-packages/airflow/example_dags/example_trigger_controller_dag.py
[2024-04-19 02:04:24,542] {logging_mixin.py:104} INFO - [2024-04-19 02:04:24,542] {dag.py:1818} INFO - Sync 1 DAGs
[2024-04-19 02:04:24,565] {logging_mixin.py:104} INFO - [2024-04-19 02:04:24,564] {dag.py:2273} INFO - Setting next_dagrun for example_trigger_controller_dag to 2024-04-17 00:00:00+00:00
[2024-04-19 02:04:24,579] {scheduler_job.py:190} INFO - Processing /home/airflow/.local/lib/python3.6/site-packages/airflow/example_dags/example_trigger_controller_dag.py took 0.087 seconds
[2024-04-19 02:04:55,042] {scheduler_job.py:182} INFO - Started process (PID=2467) to work on /home/airflow/.local/lib/python3.6/site-packages/airflow/example_dags/example_trigger_controller_dag.py
[2024-04-19 02:04:55,043] {scheduler_job.py:629} INFO - Processing file /home/airflow/.local/lib/python3.6/site-packages/airflow/example_dags/example_trigger_controller_dag.py for tasks to queue
[2024-04-19 02:04:55,044] {logging_mixin.py:104} INFO - [2024-04-19 02:04:55,044] {dagbag.py:448} INFO - Filling up the DagBag from /home/airflow/.local/lib/python3.6/site-packages/airflow/example_dags/example_trigger_controller_dag.py
[2024-04-19 02:04:55,051] {scheduler_job.py:639} INFO - DAG(s) dict_keys(['example_trigger_controller_dag']) retrieved from /home/airflow/.local/lib/python3.6/site-packages/airflow/example_dags/example_trigger_controller_dag.py
[2024-04-19 02:04:55,066] {logging_mixin.py:104} INFO - [2024-04-19 02:04:55,066] {dag.py:1818} INFO - Sync 1 DAGs
[2024-04-19 02:04:55,076] {logging_mixin.py:104} INFO - [2024-04-19 02:04:55,076] {dag.py:2273} INFO - Setting next_dagrun for example_trigger_controller_dag to 2024-04-17 00:00:00+00:00
[2024-04-19 02:04:55,084] {scheduler_job.py:190} INFO - Processing /home/airflow/.local/lib/python3.6/site-packages/airflow/example_dags/example_trigger_controller_dag.py took 0.044 seconds
[2024-04-19 02:05:25,156] {scheduler_job.py:182} INFO - Started process (PID=2574) to work on /home/airflow/.local/lib/python3.6/site-packages/airflow/example_dags/example_trigger_controller_dag.py
[2024-04-19 02:05:25,157] {scheduler_job.py:629} INFO - Processing file /home/airflow/.local/lib/python3.6/site-packages/airflow/example_dags/example_trigger_controller_dag.py for tasks to queue
[2024-04-19 02:05:25,158] {logging_mixin.py:104} INFO - [2024-04-19 02:05:25,158] {dagbag.py:448} INFO - Filling up the DagBag from /home/airflow/.local/lib/python3.6/site-packages/airflow/example_dags/example_trigger_controller_dag.py
[2024-04-19 02:05:25,164] {scheduler_job.py:639} INFO - DAG(s) dict_keys(['example_trigger_controller_dag']) retrieved from /home/airflow/.local/lib/python3.6/site-packages/airflow/example_dags/example_trigger_controller_dag.py
[2024-04-19 02:05:25,182] {logging_mixin.py:104} INFO - [2024-04-19 02:05:25,182] {dag.py:1818} INFO - Sync 1 DAGs
[2024-04-19 02:05:25,194] {logging_mixin.py:104} INFO - [2024-04-19 02:05:25,193] {dag.py:2273} INFO - Setting next_dagrun for example_trigger_controller_dag to 2024-04-17 00:00:00+00:00
[2024-04-19 02:05:25,202] {scheduler_job.py:190} INFO - Processing /home/airflow/.local/lib/python3.6/site-packages/airflow/example_dags/example_trigger_controller_dag.py took 0.049 seconds
[2024-04-19 02:05:55,333] {scheduler_job.py:182} INFO - Started process (PID=2705) to work on /home/airflow/.local/lib/python3.6/site-packages/airflow/example_dags/example_trigger_controller_dag.py
[2024-04-19 02:05:55,334] {scheduler_job.py:629} INFO - Processing file /home/airflow/.local/lib/python3.6/site-packages/airflow/example_dags/example_trigger_controller_dag.py for tasks to queue
[2024-04-19 02:05:55,335] {logging_mixin.py:104} INFO - [2024-04-19 02:05:55,335] {dagbag.py:448} INFO - Filling up the DagBag from /home/airflow/.local/lib/python3.6/site-packages/airflow/example_dags/example_trigger_controller_dag.py
[2024-04-19 02:05:55,342] {scheduler_job.py:639} INFO - DAG(s) dict_keys(['example_trigger_controller_dag']) retrieved from /home/airflow/.local/lib/python3.6/site-packages/airflow/example_dags/example_trigger_controller_dag.py
[2024-04-19 02:05:55,362] {logging_mixin.py:104} INFO - [2024-04-19 02:05:55,361] {dag.py:1818} INFO - Sync 1 DAGs
[2024-04-19 02:05:55,371] {logging_mixin.py:104} INFO - [2024-04-19 02:05:55,371] {dag.py:2273} INFO - Setting next_dagrun for example_trigger_controller_dag to 2024-04-17 00:00:00+00:00
[2024-04-19 02:05:55,378] {scheduler_job.py:190} INFO - Processing /home/airflow/.local/lib/python3.6/site-packages/airflow/example_dags/example_trigger_controller_dag.py took 0.048 seconds
[2024-04-19 02:06:25,776] {scheduler_job.py:182} INFO - Started process (PID=2852) to work on /home/airflow/.local/lib/python3.6/site-packages/airflow/example_dags/example_trigger_controller_dag.py
[2024-04-19 02:06:25,777] {scheduler_job.py:629} INFO - Processing file /home/airflow/.local/lib/python3.6/site-packages/airflow/example_dags/example_trigger_controller_dag.py for tasks to queue
[2024-04-19 02:06:25,778] {logging_mixin.py:104} INFO - [2024-04-19 02:06:25,778] {dagbag.py:448} INFO - Filling up the DagBag from /home/airflow/.local/lib/python3.6/site-packages/airflow/example_dags/example_trigger_controller_dag.py
[2024-04-19 02:06:25,784] {scheduler_job.py:639} INFO - DAG(s) dict_keys(['example_trigger_controller_dag']) retrieved from /home/airflow/.local/lib/python3.6/site-packages/airflow/example_dags/example_trigger_controller_dag.py
[2024-04-19 02:06:25,798] {logging_mixin.py:104} INFO - [2024-04-19 02:06:25,797] {dag.py:1818} INFO - Sync 1 DAGs
[2024-04-19 02:06:25,807] {logging_mixin.py:104} INFO - [2024-04-19 02:06:25,807] {dag.py:2273} INFO - Setting next_dagrun for example_trigger_controller_dag to 2024-04-17 00:00:00+00:00
[2024-04-19 02:06:25,814] {scheduler_job.py:190} INFO - Processing /home/airflow/.local/lib/python3.6/site-packages/airflow/example_dags/example_trigger_controller_dag.py took 0.040 seconds
[2024-04-19 02:06:56,144] {scheduler_job.py:182} INFO - Started process (PID=2999) to work on /home/airflow/.local/lib/python3.6/site-packages/airflow/example_dags/example_trigger_controller_dag.py
[2024-04-19 02:06:56,145] {scheduler_job.py:629} INFO - Processing file /home/airflow/.local/lib/python3.6/site-packages/airflow/example_dags/example_trigger_controller_dag.py for tasks to queue
[2024-04-19 02:06:56,146] {logging_mixin.py:104} INFO - [2024-04-19 02:06:56,146] {dagbag.py:448} INFO - Filling up the DagBag from /home/airflow/.local/lib/python3.6/site-packages/airflow/example_dags/example_trigger_controller_dag.py
[2024-04-19 02:06:56,152] {scheduler_job.py:639} INFO - DAG(s) dict_keys(['example_trigger_controller_dag']) retrieved from /home/airflow/.local/lib/python3.6/site-packages/airflow/example_dags/example_trigger_controller_dag.py
[2024-04-19 02:06:56,168] {logging_mixin.py:104} INFO - [2024-04-19 02:06:56,167] {dag.py:1818} INFO - Sync 1 DAGs
[2024-04-19 02:06:56,177] {logging_mixin.py:104} INFO - [2024-04-19 02:06:56,177] {dag.py:2273} INFO - Setting next_dagrun for example_trigger_controller_dag to 2024-04-17 00:00:00+00:00
[2024-04-19 02:06:56,183] {scheduler_job.py:190} INFO - Processing /home/airflow/.local/lib/python3.6/site-packages/airflow/example_dags/example_trigger_controller_dag.py took 0.041 seconds
[2024-04-19 02:07:26,526] {scheduler_job.py:182} INFO - Started process (PID=3145) to work on /home/airflow/.local/lib/python3.6/site-packages/airflow/example_dags/example_trigger_controller_dag.py
[2024-04-19 02:07:26,527] {scheduler_job.py:629} INFO - Processing file /home/airflow/.local/lib/python3.6/site-packages/airflow/example_dags/example_trigger_controller_dag.py for tasks to queue
[2024-04-19 02:07:26,528] {logging_mixin.py:104} INFO - [2024-04-19 02:07:26,528] {dagbag.py:448} INFO - Filling up the DagBag from /home/airflow/.local/lib/python3.6/site-packages/airflow/example_dags/example_trigger_controller_dag.py
[2024-04-19 02:07:26,536] {scheduler_job.py:639} INFO - DAG(s) dict_keys(['example_trigger_controller_dag']) retrieved from /home/airflow/.local/lib/python3.6/site-packages/airflow/example_dags/example_trigger_controller_dag.py
[2024-04-19 02:07:26,553] {logging_mixin.py:104} INFO - [2024-04-19 02:07:26,553] {dag.py:1818} INFO - Sync 1 DAGs
[2024-04-19 02:07:26,565] {logging_mixin.py:104} INFO - [2024-04-19 02:07:26,565] {dag.py:2273} INFO - Setting next_dagrun for example_trigger_controller_dag to 2024-04-17 00:00:00+00:00
[2024-04-19 02:07:26,573] {scheduler_job.py:190} INFO - Processing /home/airflow/.local/lib/python3.6/site-packages/airflow/example_dags/example_trigger_controller_dag.py took 0.050 seconds
[2024-04-19 02:07:56,842] {scheduler_job.py:182} INFO - Started process (PID=3282) to work on /home/airflow/.local/lib/python3.6/site-packages/airflow/example_dags/example_trigger_controller_dag.py
[2024-04-19 02:07:56,843] {scheduler_job.py:629} INFO - Processing file /home/airflow/.local/lib/python3.6/site-packages/airflow/example_dags/example_trigger_controller_dag.py for tasks to queue
[2024-04-19 02:07:56,843] {logging_mixin.py:104} INFO - [2024-04-19 02:07:56,843] {dagbag.py:448} INFO - Filling up the DagBag from /home/airflow/.local/lib/python3.6/site-packages/airflow/example_dags/example_trigger_controller_dag.py
[2024-04-19 02:07:56,850] {scheduler_job.py:639} INFO - DAG(s) dict_keys(['example_trigger_controller_dag']) retrieved from /home/airflow/.local/lib/python3.6/site-packages/airflow/example_dags/example_trigger_controller_dag.py
[2024-04-19 02:07:56,865] {logging_mixin.py:104} INFO - [2024-04-19 02:07:56,865] {dag.py:1818} INFO - Sync 1 DAGs
[2024-04-19 02:07:56,875] {logging_mixin.py:104} INFO - [2024-04-19 02:07:56,875] {dag.py:2273} INFO - Setting next_dagrun for example_trigger_controller_dag to 2024-04-17 00:00:00+00:00
[2024-04-19 02:07:56,884] {scheduler_job.py:190} INFO - Processing /home/airflow/.local/lib/python3.6/site-packages/airflow/example_dags/example_trigger_controller_dag.py took 0.045 seconds
[2024-04-19 02:08:27,095] {scheduler_job.py:182} INFO - Started process (PID=3410) to work on /home/airflow/.local/lib/python3.6/site-packages/airflow/example_dags/example_trigger_controller_dag.py
[2024-04-19 02:08:27,097] {scheduler_job.py:629} INFO - Processing file /home/airflow/.local/lib/python3.6/site-packages/airflow/example_dags/example_trigger_controller_dag.py for tasks to queue
[2024-04-19 02:08:27,098] {logging_mixin.py:104} INFO - [2024-04-19 02:08:27,097] {dagbag.py:448} INFO - Filling up the DagBag from /home/airflow/.local/lib/python3.6/site-packages/airflow/example_dags/example_trigger_controller_dag.py
[2024-04-19 02:08:27,105] {scheduler_job.py:639} INFO - DAG(s) dict_keys(['example_trigger_controller_dag']) retrieved from /home/airflow/.local/lib/python3.6/site-packages/airflow/example_dags/example_trigger_controller_dag.py
[2024-04-19 02:08:27,122] {logging_mixin.py:104} INFO - [2024-04-19 02:08:27,122] {dag.py:1818} INFO - Sync 1 DAGs
[2024-04-19 02:08:27,134] {logging_mixin.py:104} INFO - [2024-04-19 02:08:27,134] {dag.py:2273} INFO - Setting next_dagrun for example_trigger_controller_dag to 2024-04-17 00:00:00+00:00
[2024-04-19 02:08:27,141] {scheduler_job.py:190} INFO - Processing /home/airflow/.local/lib/python3.6/site-packages/airflow/example_dags/example_trigger_controller_dag.py took 0.048 seconds
[2024-04-19 02:08:57,369] {scheduler_job.py:182} INFO - Started process (PID=3540) to work on /home/airflow/.local/lib/python3.6/site-packages/airflow/example_dags/example_trigger_controller_dag.py
[2024-04-19 02:08:57,370] {scheduler_job.py:629} INFO - Processing file /home/airflow/.local/lib/python3.6/site-packages/airflow/example_dags/example_trigger_controller_dag.py for tasks to queue
[2024-04-19 02:08:57,371] {logging_mixin.py:104} INFO - [2024-04-19 02:08:57,371] {dagbag.py:448} INFO - Filling up the DagBag from /home/airflow/.local/lib/python3.6/site-packages/airflow/example_dags/example_trigger_controller_dag.py
[2024-04-19 02:08:57,379] {scheduler_job.py:639} INFO - DAG(s) dict_keys(['example_trigger_controller_dag']) retrieved from /home/airflow/.local/lib/python3.6/site-packages/airflow/example_dags/example_trigger_controller_dag.py
[2024-04-19 02:08:57,395] {logging_mixin.py:104} INFO - [2024-04-19 02:08:57,395] {dag.py:1818} INFO - Sync 1 DAGs
[2024-04-19 02:08:57,406] {logging_mixin.py:104} INFO - [2024-04-19 02:08:57,406] {dag.py:2273} INFO - Setting next_dagrun for example_trigger_controller_dag to 2024-04-17 00:00:00+00:00
[2024-04-19 02:08:57,415] {scheduler_job.py:190} INFO - Processing /home/airflow/.local/lib/python3.6/site-packages/airflow/example_dags/example_trigger_controller_dag.py took 0.048 seconds
[2024-04-19 02:09:27,677] {scheduler_job.py:182} INFO - Started process (PID=3670) to work on /home/airflow/.local/lib/python3.6/site-packages/airflow/example_dags/example_trigger_controller_dag.py
[2024-04-19 02:09:27,678] {scheduler_job.py:629} INFO - Processing file /home/airflow/.local/lib/python3.6/site-packages/airflow/example_dags/example_trigger_controller_dag.py for tasks to queue
[2024-04-19 02:09:27,680] {logging_mixin.py:104} INFO - [2024-04-19 02:09:27,680] {dagbag.py:448} INFO - Filling up the DagBag from /home/airflow/.local/lib/python3.6/site-packages/airflow/example_dags/example_trigger_controller_dag.py
[2024-04-19 02:09:27,687] {scheduler_job.py:639} INFO - DAG(s) dict_keys(['example_trigger_controller_dag']) retrieved from /home/airflow/.local/lib/python3.6/site-packages/airflow/example_dags/example_trigger_controller_dag.py
[2024-04-19 02:09:27,709] {logging_mixin.py:104} INFO - [2024-04-19 02:09:27,709] {dag.py:1818} INFO - Sync 1 DAGs
[2024-04-19 02:09:27,722] {logging_mixin.py:104} INFO - [2024-04-19 02:09:27,722] {dag.py:2273} INFO - Setting next_dagrun for example_trigger_controller_dag to 2024-04-17 00:00:00+00:00
[2024-04-19 02:09:27,731] {scheduler_job.py:190} INFO - Processing /home/airflow/.local/lib/python3.6/site-packages/airflow/example_dags/example_trigger_controller_dag.py took 0.057 seconds
[2024-04-19 02:09:57,781] {scheduler_job.py:182} INFO - Started process (PID=3800) to work on /home/airflow/.local/lib/python3.6/site-packages/airflow/example_dags/example_trigger_controller_dag.py
[2024-04-19 02:09:57,783] {scheduler_job.py:629} INFO - Processing file /home/airflow/.local/lib/python3.6/site-packages/airflow/example_dags/example_trigger_controller_dag.py for tasks to queue
[2024-04-19 02:09:57,785] {logging_mixin.py:104} INFO - [2024-04-19 02:09:57,785] {dagbag.py:448} INFO - Filling up the DagBag from /home/airflow/.local/lib/python3.6/site-packages/airflow/example_dags/example_trigger_controller_dag.py
[2024-04-19 02:09:57,792] {scheduler_job.py:639} INFO - DAG(s) dict_keys(['example_trigger_controller_dag']) retrieved from /home/airflow/.local/lib/python3.6/site-packages/airflow/example_dags/example_trigger_controller_dag.py
[2024-04-19 02:09:57,809] {logging_mixin.py:104} INFO - [2024-04-19 02:09:57,809] {dag.py:1818} INFO - Sync 1 DAGs
[2024-04-19 02:09:57,823] {logging_mixin.py:104} INFO - [2024-04-19 02:09:57,823] {dag.py:2273} INFO - Setting next_dagrun for example_trigger_controller_dag to 2024-04-17 00:00:00+00:00
[2024-04-19 02:09:57,834] {scheduler_job.py:190} INFO - Processing /home/airflow/.local/lib/python3.6/site-packages/airflow/example_dags/example_trigger_controller_dag.py took 0.055 seconds
[2024-04-19 02:10:28,045] {scheduler_job.py:182} INFO - Started process (PID=3930) to work on /home/airflow/.local/lib/python3.6/site-packages/airflow/example_dags/example_trigger_controller_dag.py
[2024-04-19 02:10:28,046] {scheduler_job.py:629} INFO - Processing file /home/airflow/.local/lib/python3.6/site-packages/airflow/example_dags/example_trigger_controller_dag.py for tasks to queue
[2024-04-19 02:10:28,047] {logging_mixin.py:104} INFO - [2024-04-19 02:10:28,047] {dagbag.py:448} INFO - Filling up the DagBag from /home/airflow/.local/lib/python3.6/site-packages/airflow/example_dags/example_trigger_controller_dag.py
[2024-04-19 02:10:28,054] {scheduler_job.py:639} INFO - DAG(s) dict_keys(['example_trigger_controller_dag']) retrieved from /home/airflow/.local/lib/python3.6/site-packages/airflow/example_dags/example_trigger_controller_dag.py
[2024-04-19 02:10:28,070] {logging_mixin.py:104} INFO - [2024-04-19 02:10:28,070] {dag.py:1818} INFO - Sync 1 DAGs
[2024-04-19 02:10:28,079] {logging_mixin.py:104} INFO - [2024-04-19 02:10:28,079] {dag.py:2273} INFO - Setting next_dagrun for example_trigger_controller_dag to 2024-04-17 00:00:00+00:00
[2024-04-19 02:10:28,086] {scheduler_job.py:190} INFO - Processing /home/airflow/.local/lib/python3.6/site-packages/airflow/example_dags/example_trigger_controller_dag.py took 0.044 seconds
[2024-04-19 02:10:58,135] {scheduler_job.py:182} INFO - Started process (PID=4060) to work on /home/airflow/.local/lib/python3.6/site-packages/airflow/example_dags/example_trigger_controller_dag.py
[2024-04-19 02:10:58,136] {scheduler_job.py:629} INFO - Processing file /home/airflow/.local/lib/python3.6/site-packages/airflow/example_dags/example_trigger_controller_dag.py for tasks to queue
[2024-04-19 02:10:58,137] {logging_mixin.py:104} INFO - [2024-04-19 02:10:58,137] {dagbag.py:448} INFO - Filling up the DagBag from /home/airflow/.local/lib/python3.6/site-packages/airflow/example_dags/example_trigger_controller_dag.py
[2024-04-19 02:10:58,143] {scheduler_job.py:639} INFO - DAG(s) dict_keys(['example_trigger_controller_dag']) retrieved from /home/airflow/.local/lib/python3.6/site-packages/airflow/example_dags/example_trigger_controller_dag.py
[2024-04-19 02:10:58,159] {logging_mixin.py:104} INFO - [2024-04-19 02:10:58,159] {dag.py:1818} INFO - Sync 1 DAGs
[2024-04-19 02:10:58,169] {logging_mixin.py:104} INFO - [2024-04-19 02:10:58,169] {dag.py:2273} INFO - Setting next_dagrun for example_trigger_controller_dag to 2024-04-17 00:00:00+00:00
[2024-04-19 02:10:58,175] {scheduler_job.py:190} INFO - Processing /home/airflow/.local/lib/python3.6/site-packages/airflow/example_dags/example_trigger_controller_dag.py took 0.043 seconds
[2024-04-19 02:11:28,386] {scheduler_job.py:182} INFO - Started process (PID=4192) to work on /home/airflow/.local/lib/python3.6/site-packages/airflow/example_dags/example_trigger_controller_dag.py
[2024-04-19 02:11:28,387] {scheduler_job.py:629} INFO - Processing file /home/airflow/.local/lib/python3.6/site-packages/airflow/example_dags/example_trigger_controller_dag.py for tasks to queue
[2024-04-19 02:11:28,388] {logging_mixin.py:104} INFO - [2024-04-19 02:11:28,388] {dagbag.py:448} INFO - Filling up the DagBag from /home/airflow/.local/lib/python3.6/site-packages/airflow/example_dags/example_trigger_controller_dag.py
[2024-04-19 02:11:28,394] {scheduler_job.py:639} INFO - DAG(s) dict_keys(['example_trigger_controller_dag']) retrieved from /home/airflow/.local/lib/python3.6/site-packages/airflow/example_dags/example_trigger_controller_dag.py
[2024-04-19 02:11:28,408] {logging_mixin.py:104} INFO - [2024-04-19 02:11:28,408] {dag.py:1818} INFO - Sync 1 DAGs
[2024-04-19 02:11:28,418] {logging_mixin.py:104} INFO - [2024-04-19 02:11:28,418] {dag.py:2273} INFO - Setting next_dagrun for example_trigger_controller_dag to 2024-04-17 00:00:00+00:00
[2024-04-19 02:11:28,425] {scheduler_job.py:190} INFO - Processing /home/airflow/.local/lib/python3.6/site-packages/airflow/example_dags/example_trigger_controller_dag.py took 0.040 seconds
[2024-04-19 02:11:58,611] {scheduler_job.py:182} INFO - Started process (PID=4322) to work on /home/airflow/.local/lib/python3.6/site-packages/airflow/example_dags/example_trigger_controller_dag.py
[2024-04-19 02:11:58,612] {scheduler_job.py:629} INFO - Processing file /home/airflow/.local/lib/python3.6/site-packages/airflow/example_dags/example_trigger_controller_dag.py for tasks to queue
[2024-04-19 02:11:58,613] {logging_mixin.py:104} INFO - [2024-04-19 02:11:58,612] {dagbag.py:448} INFO - Filling up the DagBag from /home/airflow/.local/lib/python3.6/site-packages/airflow/example_dags/example_trigger_controller_dag.py
[2024-04-19 02:11:58,619] {scheduler_job.py:639} INFO - DAG(s) dict_keys(['example_trigger_controller_dag']) retrieved from /home/airflow/.local/lib/python3.6/site-packages/airflow/example_dags/example_trigger_controller_dag.py
[2024-04-19 02:11:58,637] {logging_mixin.py:104} INFO - [2024-04-19 02:11:58,636] {dag.py:1818} INFO - Sync 1 DAGs
[2024-04-19 02:11:58,649] {logging_mixin.py:104} INFO - [2024-04-19 02:11:58,648] {dag.py:2273} INFO - Setting next_dagrun for example_trigger_controller_dag to 2024-04-17 00:00:00+00:00
[2024-04-19 02:11:58,658] {scheduler_job.py:190} INFO - Processing /home/airflow/.local/lib/python3.6/site-packages/airflow/example_dags/example_trigger_controller_dag.py took 0.051 seconds
[2024-04-19 02:12:28,969] {scheduler_job.py:182} INFO - Started process (PID=4450) to work on /home/airflow/.local/lib/python3.6/site-packages/airflow/example_dags/example_trigger_controller_dag.py
[2024-04-19 02:12:28,970] {scheduler_job.py:629} INFO - Processing file /home/airflow/.local/lib/python3.6/site-packages/airflow/example_dags/example_trigger_controller_dag.py for tasks to queue
[2024-04-19 02:12:28,971] {logging_mixin.py:104} INFO - [2024-04-19 02:12:28,971] {dagbag.py:448} INFO - Filling up the DagBag from /home/airflow/.local/lib/python3.6/site-packages/airflow/example_dags/example_trigger_controller_dag.py
[2024-04-19 02:12:28,978] {scheduler_job.py:639} INFO - DAG(s) dict_keys(['example_trigger_controller_dag']) retrieved from /home/airflow/.local/lib/python3.6/site-packages/airflow/example_dags/example_trigger_controller_dag.py
[2024-04-19 02:12:28,996] {logging_mixin.py:104} INFO - [2024-04-19 02:12:28,996] {dag.py:1818} INFO - Sync 1 DAGs
[2024-04-19 02:12:29,008] {logging_mixin.py:104} INFO - [2024-04-19 02:12:29,008] {dag.py:2273} INFO - Setting next_dagrun for example_trigger_controller_dag to 2024-04-17 00:00:00+00:00
[2024-04-19 02:12:29,017] {scheduler_job.py:190} INFO - Processing /home/airflow/.local/lib/python3.6/site-packages/airflow/example_dags/example_trigger_controller_dag.py took 0.052 seconds
[2024-04-19 02:12:59,168] {scheduler_job.py:182} INFO - Started process (PID=4580) to work on /home/airflow/.local/lib/python3.6/site-packages/airflow/example_dags/example_trigger_controller_dag.py
[2024-04-19 02:12:59,169] {scheduler_job.py:629} INFO - Processing file /home/airflow/.local/lib/python3.6/site-packages/airflow/example_dags/example_trigger_controller_dag.py for tasks to queue
[2024-04-19 02:12:59,170] {logging_mixin.py:104} INFO - [2024-04-19 02:12:59,170] {dagbag.py:448} INFO - Filling up the DagBag from /home/airflow/.local/lib/python3.6/site-packages/airflow/example_dags/example_trigger_controller_dag.py
[2024-04-19 02:12:59,179] {scheduler_job.py:639} INFO - DAG(s) dict_keys(['example_trigger_controller_dag']) retrieved from /home/airflow/.local/lib/python3.6/site-packages/airflow/example_dags/example_trigger_controller_dag.py
[2024-04-19 02:12:59,197] {logging_mixin.py:104} INFO - [2024-04-19 02:12:59,197] {dag.py:1818} INFO - Sync 1 DAGs
[2024-04-19 02:12:59,207] {logging_mixin.py:104} INFO - [2024-04-19 02:12:59,207] {dag.py:2273} INFO - Setting next_dagrun for example_trigger_controller_dag to 2024-04-17 00:00:00+00:00
[2024-04-19 02:12:59,215] {scheduler_job.py:190} INFO - Processing /home/airflow/.local/lib/python3.6/site-packages/airflow/example_dags/example_trigger_controller_dag.py took 0.050 seconds
