[2024-04-19 01:51:19,520] {scheduler_job.py:182} INFO - Started process (PID=255) to work on /home/airflow/.local/lib/python3.6/site-packages/airflow/example_dags/tutorial_taskflow_api_etl.py
[2024-04-19 01:51:19,523] {scheduler_job.py:629} INFO - Processing file /home/airflow/.local/lib/python3.6/site-packages/airflow/example_dags/tutorial_taskflow_api_etl.py for tasks to queue
[2024-04-19 01:51:19,525] {logging_mixin.py:104} INFO - [2024-04-19 01:51:19,525] {dagbag.py:448} INFO - Filling up the DagBag from /home/airflow/.local/lib/python3.6/site-packages/airflow/example_dags/tutorial_taskflow_api_etl.py
[2024-04-19 01:51:19,547] {scheduler_job.py:639} INFO - DAG(s) dict_keys(['tutorial_taskflow_api_etl']) retrieved from /home/airflow/.local/lib/python3.6/site-packages/airflow/example_dags/tutorial_taskflow_api_etl.py
[2024-04-19 01:51:19,590] {logging_mixin.py:104} INFO - [2024-04-19 01:51:19,590] {dag.py:1818} INFO - Sync 1 DAGs
[2024-04-19 01:51:19,607] {logging_mixin.py:104} INFO - [2024-04-19 01:51:19,606] {dag.py:1837} INFO - Creating ORM DAG for tutorial_taskflow_api_etl
[2024-04-19 01:51:19,618] {logging_mixin.py:104} INFO - [2024-04-19 01:51:19,618] {dag.py:2273} INFO - Setting next_dagrun for tutorial_taskflow_api_etl to None
[2024-04-19 01:51:19,642] {scheduler_job.py:190} INFO - Processing /home/airflow/.local/lib/python3.6/site-packages/airflow/example_dags/tutorial_taskflow_api_etl.py took 0.127 seconds
[2024-04-19 01:51:50,223] {scheduler_job.py:182} INFO - Started process (PID=390) to work on /home/airflow/.local/lib/python3.6/site-packages/airflow/example_dags/tutorial_taskflow_api_etl.py
[2024-04-19 01:51:50,225] {scheduler_job.py:629} INFO - Processing file /home/airflow/.local/lib/python3.6/site-packages/airflow/example_dags/tutorial_taskflow_api_etl.py for tasks to queue
[2024-04-19 01:51:50,226] {logging_mixin.py:104} INFO - [2024-04-19 01:51:50,226] {dagbag.py:448} INFO - Filling up the DagBag from /home/airflow/.local/lib/python3.6/site-packages/airflow/example_dags/tutorial_taskflow_api_etl.py
[2024-04-19 01:51:50,241] {scheduler_job.py:639} INFO - DAG(s) dict_keys(['tutorial_taskflow_api_etl']) retrieved from /home/airflow/.local/lib/python3.6/site-packages/airflow/example_dags/tutorial_taskflow_api_etl.py
[2024-04-19 01:51:50,269] {logging_mixin.py:104} INFO - [2024-04-19 01:51:50,269] {dag.py:1818} INFO - Sync 1 DAGs
[2024-04-19 01:51:50,288] {logging_mixin.py:104} INFO - [2024-04-19 01:51:50,288] {dag.py:2273} INFO - Setting next_dagrun for tutorial_taskflow_api_etl to None
[2024-04-19 01:51:50,302] {scheduler_job.py:190} INFO - Processing /home/airflow/.local/lib/python3.6/site-packages/airflow/example_dags/tutorial_taskflow_api_etl.py took 0.082 seconds
[2024-04-19 01:52:20,665] {scheduler_job.py:182} INFO - Started process (PID=510) to work on /home/airflow/.local/lib/python3.6/site-packages/airflow/example_dags/tutorial_taskflow_api_etl.py
[2024-04-19 01:52:20,667] {scheduler_job.py:629} INFO - Processing file /home/airflow/.local/lib/python3.6/site-packages/airflow/example_dags/tutorial_taskflow_api_etl.py for tasks to queue
[2024-04-19 01:52:20,668] {logging_mixin.py:104} INFO - [2024-04-19 01:52:20,668] {dagbag.py:448} INFO - Filling up the DagBag from /home/airflow/.local/lib/python3.6/site-packages/airflow/example_dags/tutorial_taskflow_api_etl.py
[2024-04-19 01:52:20,680] {scheduler_job.py:639} INFO - DAG(s) dict_keys(['tutorial_taskflow_api_etl']) retrieved from /home/airflow/.local/lib/python3.6/site-packages/airflow/example_dags/tutorial_taskflow_api_etl.py
[2024-04-19 01:52:20,713] {logging_mixin.py:104} INFO - [2024-04-19 01:52:20,713] {dag.py:1818} INFO - Sync 1 DAGs
[2024-04-19 01:52:20,728] {logging_mixin.py:104} INFO - [2024-04-19 01:52:20,728] {dag.py:2273} INFO - Setting next_dagrun for tutorial_taskflow_api_etl to None
[2024-04-19 01:52:20,739] {scheduler_job.py:190} INFO - Processing /home/airflow/.local/lib/python3.6/site-packages/airflow/example_dags/tutorial_taskflow_api_etl.py took 0.078 seconds
[2024-04-19 01:52:50,918] {scheduler_job.py:182} INFO - Started process (PID=640) to work on /home/airflow/.local/lib/python3.6/site-packages/airflow/example_dags/tutorial_taskflow_api_etl.py
[2024-04-19 01:52:50,920] {scheduler_job.py:629} INFO - Processing file /home/airflow/.local/lib/python3.6/site-packages/airflow/example_dags/tutorial_taskflow_api_etl.py for tasks to queue
[2024-04-19 01:52:50,921] {logging_mixin.py:104} INFO - [2024-04-19 01:52:50,921] {dagbag.py:448} INFO - Filling up the DagBag from /home/airflow/.local/lib/python3.6/site-packages/airflow/example_dags/tutorial_taskflow_api_etl.py
[2024-04-19 01:52:50,935] {scheduler_job.py:639} INFO - DAG(s) dict_keys(['tutorial_taskflow_api_etl']) retrieved from /home/airflow/.local/lib/python3.6/site-packages/airflow/example_dags/tutorial_taskflow_api_etl.py
[2024-04-19 01:52:50,959] {logging_mixin.py:104} INFO - [2024-04-19 01:52:50,959] {dag.py:1818} INFO - Sync 1 DAGs
[2024-04-19 01:52:50,979] {logging_mixin.py:104} INFO - [2024-04-19 01:52:50,979] {dag.py:2273} INFO - Setting next_dagrun for tutorial_taskflow_api_etl to None
[2024-04-19 01:52:50,998] {scheduler_job.py:190} INFO - Processing /home/airflow/.local/lib/python3.6/site-packages/airflow/example_dags/tutorial_taskflow_api_etl.py took 0.083 seconds
[2024-04-19 01:53:21,334] {scheduler_job.py:182} INFO - Started process (PID=750) to work on /home/airflow/.local/lib/python3.6/site-packages/airflow/example_dags/tutorial_taskflow_api_etl.py
[2024-04-19 01:53:21,336] {scheduler_job.py:629} INFO - Processing file /home/airflow/.local/lib/python3.6/site-packages/airflow/example_dags/tutorial_taskflow_api_etl.py for tasks to queue
[2024-04-19 01:53:21,338] {logging_mixin.py:104} INFO - [2024-04-19 01:53:21,338] {dagbag.py:448} INFO - Filling up the DagBag from /home/airflow/.local/lib/python3.6/site-packages/airflow/example_dags/tutorial_taskflow_api_etl.py
[2024-04-19 01:53:21,357] {scheduler_job.py:639} INFO - DAG(s) dict_keys(['tutorial_taskflow_api_etl']) retrieved from /home/airflow/.local/lib/python3.6/site-packages/airflow/example_dags/tutorial_taskflow_api_etl.py
[2024-04-19 01:53:21,384] {logging_mixin.py:104} INFO - [2024-04-19 01:53:21,384] {dag.py:1818} INFO - Sync 1 DAGs
[2024-04-19 01:53:21,398] {logging_mixin.py:104} INFO - [2024-04-19 01:53:21,398] {dag.py:2273} INFO - Setting next_dagrun for tutorial_taskflow_api_etl to None
[2024-04-19 01:53:21,418] {scheduler_job.py:190} INFO - Processing /home/airflow/.local/lib/python3.6/site-packages/airflow/example_dags/tutorial_taskflow_api_etl.py took 0.089 seconds
[2024-04-19 01:53:51,925] {scheduler_job.py:182} INFO - Started process (PID=880) to work on /home/airflow/.local/lib/python3.6/site-packages/airflow/example_dags/tutorial_taskflow_api_etl.py
[2024-04-19 01:53:51,928] {scheduler_job.py:629} INFO - Processing file /home/airflow/.local/lib/python3.6/site-packages/airflow/example_dags/tutorial_taskflow_api_etl.py for tasks to queue
[2024-04-19 01:53:51,931] {logging_mixin.py:104} INFO - [2024-04-19 01:53:51,930] {dagbag.py:448} INFO - Filling up the DagBag from /home/airflow/.local/lib/python3.6/site-packages/airflow/example_dags/tutorial_taskflow_api_etl.py
[2024-04-19 01:53:51,952] {scheduler_job.py:639} INFO - DAG(s) dict_keys(['tutorial_taskflow_api_etl']) retrieved from /home/airflow/.local/lib/python3.6/site-packages/airflow/example_dags/tutorial_taskflow_api_etl.py
[2024-04-19 01:53:51,976] {logging_mixin.py:104} INFO - [2024-04-19 01:53:51,976] {dag.py:1818} INFO - Sync 1 DAGs
[2024-04-19 01:53:51,997] {logging_mixin.py:104} INFO - [2024-04-19 01:53:51,997] {dag.py:2273} INFO - Setting next_dagrun for tutorial_taskflow_api_etl to None
[2024-04-19 01:53:52,013] {scheduler_job.py:190} INFO - Processing /home/airflow/.local/lib/python3.6/site-packages/airflow/example_dags/tutorial_taskflow_api_etl.py took 0.092 seconds
[2024-04-19 01:54:22,370] {scheduler_job.py:182} INFO - Started process (PID=1025) to work on /home/airflow/.local/lib/python3.6/site-packages/airflow/example_dags/tutorial_taskflow_api_etl.py
[2024-04-19 01:54:22,373] {scheduler_job.py:629} INFO - Processing file /home/airflow/.local/lib/python3.6/site-packages/airflow/example_dags/tutorial_taskflow_api_etl.py for tasks to queue
[2024-04-19 01:54:22,374] {logging_mixin.py:104} INFO - [2024-04-19 01:54:22,374] {dagbag.py:448} INFO - Filling up the DagBag from /home/airflow/.local/lib/python3.6/site-packages/airflow/example_dags/tutorial_taskflow_api_etl.py
[2024-04-19 01:54:22,384] {scheduler_job.py:639} INFO - DAG(s) dict_keys(['tutorial_taskflow_api_etl']) retrieved from /home/airflow/.local/lib/python3.6/site-packages/airflow/example_dags/tutorial_taskflow_api_etl.py
[2024-04-19 01:54:22,405] {logging_mixin.py:104} INFO - [2024-04-19 01:54:22,405] {dag.py:1818} INFO - Sync 1 DAGs
[2024-04-19 01:54:22,423] {logging_mixin.py:104} INFO - [2024-04-19 01:54:22,423] {dag.py:2273} INFO - Setting next_dagrun for tutorial_taskflow_api_etl to None
[2024-04-19 01:54:22,433] {scheduler_job.py:190} INFO - Processing /home/airflow/.local/lib/python3.6/site-packages/airflow/example_dags/tutorial_taskflow_api_etl.py took 0.066 seconds
[2024-04-19 01:54:52,658] {scheduler_job.py:182} INFO - Started process (PID=1140) to work on /home/airflow/.local/lib/python3.6/site-packages/airflow/example_dags/tutorial_taskflow_api_etl.py
[2024-04-19 01:54:52,660] {scheduler_job.py:629} INFO - Processing file /home/airflow/.local/lib/python3.6/site-packages/airflow/example_dags/tutorial_taskflow_api_etl.py for tasks to queue
[2024-04-19 01:54:52,661] {logging_mixin.py:104} INFO - [2024-04-19 01:54:52,661] {dagbag.py:448} INFO - Filling up the DagBag from /home/airflow/.local/lib/python3.6/site-packages/airflow/example_dags/tutorial_taskflow_api_etl.py
[2024-04-19 01:54:52,672] {scheduler_job.py:639} INFO - DAG(s) dict_keys(['tutorial_taskflow_api_etl']) retrieved from /home/airflow/.local/lib/python3.6/site-packages/airflow/example_dags/tutorial_taskflow_api_etl.py
[2024-04-19 01:54:52,697] {logging_mixin.py:104} INFO - [2024-04-19 01:54:52,697] {dag.py:1818} INFO - Sync 1 DAGs
[2024-04-19 01:54:52,708] {logging_mixin.py:104} INFO - [2024-04-19 01:54:52,708] {dag.py:2273} INFO - Setting next_dagrun for tutorial_taskflow_api_etl to None
[2024-04-19 01:54:52,722] {scheduler_job.py:190} INFO - Processing /home/airflow/.local/lib/python3.6/site-packages/airflow/example_dags/tutorial_taskflow_api_etl.py took 0.067 seconds
[2024-04-19 01:55:23,229] {scheduler_job.py:182} INFO - Started process (PID=1290) to work on /home/airflow/.local/lib/python3.6/site-packages/airflow/example_dags/tutorial_taskflow_api_etl.py
[2024-04-19 01:55:23,231] {scheduler_job.py:629} INFO - Processing file /home/airflow/.local/lib/python3.6/site-packages/airflow/example_dags/tutorial_taskflow_api_etl.py for tasks to queue
[2024-04-19 01:55:23,231] {logging_mixin.py:104} INFO - [2024-04-19 01:55:23,231] {dagbag.py:448} INFO - Filling up the DagBag from /home/airflow/.local/lib/python3.6/site-packages/airflow/example_dags/tutorial_taskflow_api_etl.py
[2024-04-19 01:55:23,244] {scheduler_job.py:639} INFO - DAG(s) dict_keys(['tutorial_taskflow_api_etl']) retrieved from /home/airflow/.local/lib/python3.6/site-packages/airflow/example_dags/tutorial_taskflow_api_etl.py
[2024-04-19 01:55:23,267] {logging_mixin.py:104} INFO - [2024-04-19 01:55:23,267] {dag.py:1818} INFO - Sync 1 DAGs
[2024-04-19 01:55:23,283] {logging_mixin.py:104} INFO - [2024-04-19 01:55:23,283] {dag.py:2273} INFO - Setting next_dagrun for tutorial_taskflow_api_etl to None
[2024-04-19 01:55:23,297] {scheduler_job.py:190} INFO - Processing /home/airflow/.local/lib/python3.6/site-packages/airflow/example_dags/tutorial_taskflow_api_etl.py took 0.071 seconds
[2024-04-19 01:55:53,693] {scheduler_job.py:182} INFO - Started process (PID=1435) to work on /home/airflow/.local/lib/python3.6/site-packages/airflow/example_dags/tutorial_taskflow_api_etl.py
[2024-04-19 01:55:53,695] {scheduler_job.py:629} INFO - Processing file /home/airflow/.local/lib/python3.6/site-packages/airflow/example_dags/tutorial_taskflow_api_etl.py for tasks to queue
[2024-04-19 01:55:53,696] {logging_mixin.py:104} INFO - [2024-04-19 01:55:53,696] {dagbag.py:448} INFO - Filling up the DagBag from /home/airflow/.local/lib/python3.6/site-packages/airflow/example_dags/tutorial_taskflow_api_etl.py
[2024-04-19 01:55:53,705] {scheduler_job.py:639} INFO - DAG(s) dict_keys(['tutorial_taskflow_api_etl']) retrieved from /home/airflow/.local/lib/python3.6/site-packages/airflow/example_dags/tutorial_taskflow_api_etl.py
[2024-04-19 01:55:53,724] {logging_mixin.py:104} INFO - [2024-04-19 01:55:53,724] {dag.py:1818} INFO - Sync 1 DAGs
[2024-04-19 01:55:53,739] {logging_mixin.py:104} INFO - [2024-04-19 01:55:53,739] {dag.py:2273} INFO - Setting next_dagrun for tutorial_taskflow_api_etl to None
[2024-04-19 01:55:53,749] {scheduler_job.py:190} INFO - Processing /home/airflow/.local/lib/python3.6/site-packages/airflow/example_dags/tutorial_taskflow_api_etl.py took 0.058 seconds
[2024-04-19 01:56:18,646] {scheduler_job.py:182} INFO - Started process (PID=237) to work on /home/airflow/.local/lib/python3.6/site-packages/airflow/example_dags/tutorial_taskflow_api_etl.py
[2024-04-19 01:56:18,647] {scheduler_job.py:629} INFO - Processing file /home/airflow/.local/lib/python3.6/site-packages/airflow/example_dags/tutorial_taskflow_api_etl.py for tasks to queue
[2024-04-19 01:56:18,648] {logging_mixin.py:104} INFO - [2024-04-19 01:56:18,648] {dagbag.py:448} INFO - Filling up the DagBag from /home/airflow/.local/lib/python3.6/site-packages/airflow/example_dags/tutorial_taskflow_api_etl.py
[2024-04-19 01:56:18,656] {scheduler_job.py:639} INFO - DAG(s) dict_keys(['tutorial_taskflow_api_etl']) retrieved from /home/airflow/.local/lib/python3.6/site-packages/airflow/example_dags/tutorial_taskflow_api_etl.py
[2024-04-19 01:56:18,674] {logging_mixin.py:104} INFO - [2024-04-19 01:56:18,674] {dag.py:1818} INFO - Sync 1 DAGs
[2024-04-19 01:56:18,691] {logging_mixin.py:104} INFO - [2024-04-19 01:56:18,691] {dag.py:2273} INFO - Setting next_dagrun for tutorial_taskflow_api_etl to None
[2024-04-19 01:56:18,703] {scheduler_job.py:190} INFO - Processing /home/airflow/.local/lib/python3.6/site-packages/airflow/example_dags/tutorial_taskflow_api_etl.py took 0.061 seconds
[2024-04-19 01:56:48,967] {scheduler_job.py:182} INFO - Started process (PID=345) to work on /home/airflow/.local/lib/python3.6/site-packages/airflow/example_dags/tutorial_taskflow_api_etl.py
[2024-04-19 01:56:48,969] {scheduler_job.py:629} INFO - Processing file /home/airflow/.local/lib/python3.6/site-packages/airflow/example_dags/tutorial_taskflow_api_etl.py for tasks to queue
[2024-04-19 01:56:48,970] {logging_mixin.py:104} INFO - [2024-04-19 01:56:48,970] {dagbag.py:448} INFO - Filling up the DagBag from /home/airflow/.local/lib/python3.6/site-packages/airflow/example_dags/tutorial_taskflow_api_etl.py
[2024-04-19 01:56:48,982] {scheduler_job.py:639} INFO - DAG(s) dict_keys(['tutorial_taskflow_api_etl']) retrieved from /home/airflow/.local/lib/python3.6/site-packages/airflow/example_dags/tutorial_taskflow_api_etl.py
[2024-04-19 01:56:49,007] {logging_mixin.py:104} INFO - [2024-04-19 01:56:49,007] {dag.py:1818} INFO - Sync 1 DAGs
[2024-04-19 01:56:49,021] {logging_mixin.py:104} INFO - [2024-04-19 01:56:49,021] {dag.py:2273} INFO - Setting next_dagrun for tutorial_taskflow_api_etl to None
[2024-04-19 01:56:49,032] {scheduler_job.py:190} INFO - Processing /home/airflow/.local/lib/python3.6/site-packages/airflow/example_dags/tutorial_taskflow_api_etl.py took 0.067 seconds
[2024-04-19 01:57:19,664] {scheduler_job.py:182} INFO - Started process (PID=475) to work on /home/airflow/.local/lib/python3.6/site-packages/airflow/example_dags/tutorial_taskflow_api_etl.py
[2024-04-19 01:57:19,667] {scheduler_job.py:629} INFO - Processing file /home/airflow/.local/lib/python3.6/site-packages/airflow/example_dags/tutorial_taskflow_api_etl.py for tasks to queue
[2024-04-19 01:57:19,669] {logging_mixin.py:104} INFO - [2024-04-19 01:57:19,668] {dagbag.py:448} INFO - Filling up the DagBag from /home/airflow/.local/lib/python3.6/site-packages/airflow/example_dags/tutorial_taskflow_api_etl.py
[2024-04-19 01:57:19,682] {scheduler_job.py:639} INFO - DAG(s) dict_keys(['tutorial_taskflow_api_etl']) retrieved from /home/airflow/.local/lib/python3.6/site-packages/airflow/example_dags/tutorial_taskflow_api_etl.py
[2024-04-19 01:57:19,708] {logging_mixin.py:104} INFO - [2024-04-19 01:57:19,708] {dag.py:1818} INFO - Sync 1 DAGs
[2024-04-19 01:57:19,724] {logging_mixin.py:104} INFO - [2024-04-19 01:57:19,724] {dag.py:2273} INFO - Setting next_dagrun for tutorial_taskflow_api_etl to None
[2024-04-19 01:57:19,738] {scheduler_job.py:190} INFO - Processing /home/airflow/.local/lib/python3.6/site-packages/airflow/example_dags/tutorial_taskflow_api_etl.py took 0.080 seconds
[2024-04-19 01:57:50,002] {scheduler_job.py:182} INFO - Started process (PID=572) to work on /home/airflow/.local/lib/python3.6/site-packages/airflow/example_dags/tutorial_taskflow_api_etl.py
[2024-04-19 01:57:50,004] {scheduler_job.py:629} INFO - Processing file /home/airflow/.local/lib/python3.6/site-packages/airflow/example_dags/tutorial_taskflow_api_etl.py for tasks to queue
[2024-04-19 01:57:50,005] {logging_mixin.py:104} INFO - [2024-04-19 01:57:50,005] {dagbag.py:448} INFO - Filling up the DagBag from /home/airflow/.local/lib/python3.6/site-packages/airflow/example_dags/tutorial_taskflow_api_etl.py
[2024-04-19 01:57:50,015] {scheduler_job.py:639} INFO - DAG(s) dict_keys(['tutorial_taskflow_api_etl']) retrieved from /home/airflow/.local/lib/python3.6/site-packages/airflow/example_dags/tutorial_taskflow_api_etl.py
[2024-04-19 01:57:50,031] {logging_mixin.py:104} INFO - [2024-04-19 01:57:50,030] {dag.py:1818} INFO - Sync 1 DAGs
[2024-04-19 01:57:50,039] {logging_mixin.py:104} INFO - [2024-04-19 01:57:50,039] {dag.py:2273} INFO - Setting next_dagrun for tutorial_taskflow_api_etl to None
[2024-04-19 01:57:50,048] {scheduler_job.py:190} INFO - Processing /home/airflow/.local/lib/python3.6/site-packages/airflow/example_dags/tutorial_taskflow_api_etl.py took 0.047 seconds
[2024-04-19 01:58:20,282] {scheduler_job.py:182} INFO - Started process (PID=702) to work on /home/airflow/.local/lib/python3.6/site-packages/airflow/example_dags/tutorial_taskflow_api_etl.py
[2024-04-19 01:58:20,283] {scheduler_job.py:629} INFO - Processing file /home/airflow/.local/lib/python3.6/site-packages/airflow/example_dags/tutorial_taskflow_api_etl.py for tasks to queue
[2024-04-19 01:58:20,283] {logging_mixin.py:104} INFO - [2024-04-19 01:58:20,283] {dagbag.py:448} INFO - Filling up the DagBag from /home/airflow/.local/lib/python3.6/site-packages/airflow/example_dags/tutorial_taskflow_api_etl.py
[2024-04-19 01:58:20,292] {scheduler_job.py:639} INFO - DAG(s) dict_keys(['tutorial_taskflow_api_etl']) retrieved from /home/airflow/.local/lib/python3.6/site-packages/airflow/example_dags/tutorial_taskflow_api_etl.py
[2024-04-19 01:58:20,311] {logging_mixin.py:104} INFO - [2024-04-19 01:58:20,311] {dag.py:1818} INFO - Sync 1 DAGs
[2024-04-19 01:58:20,319] {logging_mixin.py:104} INFO - [2024-04-19 01:58:20,319] {dag.py:2273} INFO - Setting next_dagrun for tutorial_taskflow_api_etl to None
[2024-04-19 01:58:20,329] {scheduler_job.py:190} INFO - Processing /home/airflow/.local/lib/python3.6/site-packages/airflow/example_dags/tutorial_taskflow_api_etl.py took 0.049 seconds
[2024-04-19 01:58:50,544] {scheduler_job.py:182} INFO - Started process (PID=842) to work on /home/airflow/.local/lib/python3.6/site-packages/airflow/example_dags/tutorial_taskflow_api_etl.py
[2024-04-19 01:58:50,546] {scheduler_job.py:629} INFO - Processing file /home/airflow/.local/lib/python3.6/site-packages/airflow/example_dags/tutorial_taskflow_api_etl.py for tasks to queue
[2024-04-19 01:58:50,547] {logging_mixin.py:104} INFO - [2024-04-19 01:58:50,547] {dagbag.py:448} INFO - Filling up the DagBag from /home/airflow/.local/lib/python3.6/site-packages/airflow/example_dags/tutorial_taskflow_api_etl.py
[2024-04-19 01:58:50,559] {scheduler_job.py:639} INFO - DAG(s) dict_keys(['tutorial_taskflow_api_etl']) retrieved from /home/airflow/.local/lib/python3.6/site-packages/airflow/example_dags/tutorial_taskflow_api_etl.py
[2024-04-19 01:58:50,575] {logging_mixin.py:104} INFO - [2024-04-19 01:58:50,575] {dag.py:1818} INFO - Sync 1 DAGs
[2024-04-19 01:58:50,585] {logging_mixin.py:104} INFO - [2024-04-19 01:58:50,585] {dag.py:2273} INFO - Setting next_dagrun for tutorial_taskflow_api_etl to None
[2024-04-19 01:58:50,593] {scheduler_job.py:190} INFO - Processing /home/airflow/.local/lib/python3.6/site-packages/airflow/example_dags/tutorial_taskflow_api_etl.py took 0.053 seconds
[2024-04-19 01:59:20,842] {scheduler_job.py:182} INFO - Started process (PID=980) to work on /home/airflow/.local/lib/python3.6/site-packages/airflow/example_dags/tutorial_taskflow_api_etl.py
[2024-04-19 01:59:20,843] {scheduler_job.py:629} INFO - Processing file /home/airflow/.local/lib/python3.6/site-packages/airflow/example_dags/tutorial_taskflow_api_etl.py for tasks to queue
[2024-04-19 01:59:20,844] {logging_mixin.py:104} INFO - [2024-04-19 01:59:20,844] {dagbag.py:448} INFO - Filling up the DagBag from /home/airflow/.local/lib/python3.6/site-packages/airflow/example_dags/tutorial_taskflow_api_etl.py
[2024-04-19 01:59:20,854] {scheduler_job.py:639} INFO - DAG(s) dict_keys(['tutorial_taskflow_api_etl']) retrieved from /home/airflow/.local/lib/python3.6/site-packages/airflow/example_dags/tutorial_taskflow_api_etl.py
[2024-04-19 01:59:20,878] {logging_mixin.py:104} INFO - [2024-04-19 01:59:20,878] {dag.py:1818} INFO - Sync 1 DAGs
[2024-04-19 01:59:20,891] {logging_mixin.py:104} INFO - [2024-04-19 01:59:20,891] {dag.py:2273} INFO - Setting next_dagrun for tutorial_taskflow_api_etl to None
[2024-04-19 01:59:20,904] {scheduler_job.py:190} INFO - Processing /home/airflow/.local/lib/python3.6/site-packages/airflow/example_dags/tutorial_taskflow_api_etl.py took 0.065 seconds
[2024-04-19 01:59:50,980] {scheduler_job.py:182} INFO - Started process (PID=1110) to work on /home/airflow/.local/lib/python3.6/site-packages/airflow/example_dags/tutorial_taskflow_api_etl.py
[2024-04-19 01:59:50,981] {scheduler_job.py:629} INFO - Processing file /home/airflow/.local/lib/python3.6/site-packages/airflow/example_dags/tutorial_taskflow_api_etl.py for tasks to queue
[2024-04-19 01:59:50,982] {logging_mixin.py:104} INFO - [2024-04-19 01:59:50,982] {dagbag.py:448} INFO - Filling up the DagBag from /home/airflow/.local/lib/python3.6/site-packages/airflow/example_dags/tutorial_taskflow_api_etl.py
[2024-04-19 01:59:50,992] {scheduler_job.py:639} INFO - DAG(s) dict_keys(['tutorial_taskflow_api_etl']) retrieved from /home/airflow/.local/lib/python3.6/site-packages/airflow/example_dags/tutorial_taskflow_api_etl.py
[2024-04-19 01:59:51,013] {logging_mixin.py:104} INFO - [2024-04-19 01:59:51,013] {dag.py:1818} INFO - Sync 1 DAGs
[2024-04-19 01:59:51,025] {logging_mixin.py:104} INFO - [2024-04-19 01:59:51,025] {dag.py:2273} INFO - Setting next_dagrun for tutorial_taskflow_api_etl to None
[2024-04-19 01:59:51,034] {scheduler_job.py:190} INFO - Processing /home/airflow/.local/lib/python3.6/site-packages/airflow/example_dags/tutorial_taskflow_api_etl.py took 0.056 seconds
[2024-04-19 02:00:21,150] {scheduler_job.py:182} INFO - Started process (PID=1235) to work on /home/airflow/.local/lib/python3.6/site-packages/airflow/example_dags/tutorial_taskflow_api_etl.py
[2024-04-19 02:00:21,151] {scheduler_job.py:629} INFO - Processing file /home/airflow/.local/lib/python3.6/site-packages/airflow/example_dags/tutorial_taskflow_api_etl.py for tasks to queue
[2024-04-19 02:00:21,152] {logging_mixin.py:104} INFO - [2024-04-19 02:00:21,152] {dagbag.py:448} INFO - Filling up the DagBag from /home/airflow/.local/lib/python3.6/site-packages/airflow/example_dags/tutorial_taskflow_api_etl.py
[2024-04-19 02:00:21,172] {scheduler_job.py:639} INFO - DAG(s) dict_keys(['tutorial_taskflow_api_etl']) retrieved from /home/airflow/.local/lib/python3.6/site-packages/airflow/example_dags/tutorial_taskflow_api_etl.py
[2024-04-19 02:00:21,190] {logging_mixin.py:104} INFO - [2024-04-19 02:00:21,190] {dag.py:1818} INFO - Sync 1 DAGs
[2024-04-19 02:00:21,200] {logging_mixin.py:104} INFO - [2024-04-19 02:00:21,200] {dag.py:2273} INFO - Setting next_dagrun for tutorial_taskflow_api_etl to None
[2024-04-19 02:00:21,209] {scheduler_job.py:190} INFO - Processing /home/airflow/.local/lib/python3.6/site-packages/airflow/example_dags/tutorial_taskflow_api_etl.py took 0.063 seconds
[2024-04-19 02:00:51,520] {scheduler_job.py:182} INFO - Started process (PID=1375) to work on /home/airflow/.local/lib/python3.6/site-packages/airflow/example_dags/tutorial_taskflow_api_etl.py
[2024-04-19 02:00:51,521] {scheduler_job.py:629} INFO - Processing file /home/airflow/.local/lib/python3.6/site-packages/airflow/example_dags/tutorial_taskflow_api_etl.py for tasks to queue
[2024-04-19 02:00:51,522] {logging_mixin.py:104} INFO - [2024-04-19 02:00:51,522] {dagbag.py:448} INFO - Filling up the DagBag from /home/airflow/.local/lib/python3.6/site-packages/airflow/example_dags/tutorial_taskflow_api_etl.py
[2024-04-19 02:00:51,533] {scheduler_job.py:639} INFO - DAG(s) dict_keys(['tutorial_taskflow_api_etl']) retrieved from /home/airflow/.local/lib/python3.6/site-packages/airflow/example_dags/tutorial_taskflow_api_etl.py
[2024-04-19 02:00:51,551] {logging_mixin.py:104} INFO - [2024-04-19 02:00:51,551] {dag.py:1818} INFO - Sync 1 DAGs
[2024-04-19 02:00:51,561] {logging_mixin.py:104} INFO - [2024-04-19 02:00:51,561] {dag.py:2273} INFO - Setting next_dagrun for tutorial_taskflow_api_etl to None
[2024-04-19 02:00:51,571] {scheduler_job.py:190} INFO - Processing /home/airflow/.local/lib/python3.6/site-packages/airflow/example_dags/tutorial_taskflow_api_etl.py took 0.053 seconds
[2024-04-19 02:01:21,986] {scheduler_job.py:182} INFO - Started process (PID=1507) to work on /home/airflow/.local/lib/python3.6/site-packages/airflow/example_dags/tutorial_taskflow_api_etl.py
[2024-04-19 02:01:21,987] {scheduler_job.py:629} INFO - Processing file /home/airflow/.local/lib/python3.6/site-packages/airflow/example_dags/tutorial_taskflow_api_etl.py for tasks to queue
[2024-04-19 02:01:21,988] {logging_mixin.py:104} INFO - [2024-04-19 02:01:21,988] {dagbag.py:448} INFO - Filling up the DagBag from /home/airflow/.local/lib/python3.6/site-packages/airflow/example_dags/tutorial_taskflow_api_etl.py
[2024-04-19 02:01:21,996] {scheduler_job.py:639} INFO - DAG(s) dict_keys(['tutorial_taskflow_api_etl']) retrieved from /home/airflow/.local/lib/python3.6/site-packages/airflow/example_dags/tutorial_taskflow_api_etl.py
[2024-04-19 02:01:22,015] {logging_mixin.py:104} INFO - [2024-04-19 02:01:22,015] {dag.py:1818} INFO - Sync 1 DAGs
[2024-04-19 02:01:22,026] {logging_mixin.py:104} INFO - [2024-04-19 02:01:22,026] {dag.py:2273} INFO - Setting next_dagrun for tutorial_taskflow_api_etl to None
[2024-04-19 02:01:22,035] {scheduler_job.py:190} INFO - Processing /home/airflow/.local/lib/python3.6/site-packages/airflow/example_dags/tutorial_taskflow_api_etl.py took 0.052 seconds
[2024-04-19 02:01:52,479] {scheduler_job.py:182} INFO - Started process (PID=1612) to work on /home/airflow/.local/lib/python3.6/site-packages/airflow/example_dags/tutorial_taskflow_api_etl.py
[2024-04-19 02:01:52,481] {scheduler_job.py:629} INFO - Processing file /home/airflow/.local/lib/python3.6/site-packages/airflow/example_dags/tutorial_taskflow_api_etl.py for tasks to queue
[2024-04-19 02:01:52,481] {logging_mixin.py:104} INFO - [2024-04-19 02:01:52,481] {dagbag.py:448} INFO - Filling up the DagBag from /home/airflow/.local/lib/python3.6/site-packages/airflow/example_dags/tutorial_taskflow_api_etl.py
[2024-04-19 02:01:52,489] {scheduler_job.py:639} INFO - DAG(s) dict_keys(['tutorial_taskflow_api_etl']) retrieved from /home/airflow/.local/lib/python3.6/site-packages/airflow/example_dags/tutorial_taskflow_api_etl.py
[2024-04-19 02:01:52,506] {logging_mixin.py:104} INFO - [2024-04-19 02:01:52,506] {dag.py:1818} INFO - Sync 1 DAGs
[2024-04-19 02:01:52,518] {logging_mixin.py:104} INFO - [2024-04-19 02:01:52,518] {dag.py:2273} INFO - Setting next_dagrun for tutorial_taskflow_api_etl to None
[2024-04-19 02:01:52,527] {scheduler_job.py:190} INFO - Processing /home/airflow/.local/lib/python3.6/site-packages/airflow/example_dags/tutorial_taskflow_api_etl.py took 0.051 seconds
[2024-04-19 02:02:22,864] {scheduler_job.py:182} INFO - Started process (PID=1739) to work on /home/airflow/.local/lib/python3.6/site-packages/airflow/example_dags/tutorial_taskflow_api_etl.py
[2024-04-19 02:02:22,865] {scheduler_job.py:629} INFO - Processing file /home/airflow/.local/lib/python3.6/site-packages/airflow/example_dags/tutorial_taskflow_api_etl.py for tasks to queue
[2024-04-19 02:02:22,866] {logging_mixin.py:104} INFO - [2024-04-19 02:02:22,866] {dagbag.py:448} INFO - Filling up the DagBag from /home/airflow/.local/lib/python3.6/site-packages/airflow/example_dags/tutorial_taskflow_api_etl.py
[2024-04-19 02:02:22,880] {scheduler_job.py:639} INFO - DAG(s) dict_keys(['tutorial_taskflow_api_etl']) retrieved from /home/airflow/.local/lib/python3.6/site-packages/airflow/example_dags/tutorial_taskflow_api_etl.py
[2024-04-19 02:02:22,901] {logging_mixin.py:104} INFO - [2024-04-19 02:02:22,901] {dag.py:1818} INFO - Sync 1 DAGs
[2024-04-19 02:02:22,913] {logging_mixin.py:104} INFO - [2024-04-19 02:02:22,913] {dag.py:2273} INFO - Setting next_dagrun for tutorial_taskflow_api_etl to None
[2024-04-19 02:02:22,924] {scheduler_job.py:190} INFO - Processing /home/airflow/.local/lib/python3.6/site-packages/airflow/example_dags/tutorial_taskflow_api_etl.py took 0.064 seconds
[2024-04-19 02:02:53,132] {scheduler_job.py:182} INFO - Started process (PID=1860) to work on /home/airflow/.local/lib/python3.6/site-packages/airflow/example_dags/tutorial_taskflow_api_etl.py
[2024-04-19 02:02:53,133] {scheduler_job.py:629} INFO - Processing file /home/airflow/.local/lib/python3.6/site-packages/airflow/example_dags/tutorial_taskflow_api_etl.py for tasks to queue
[2024-04-19 02:02:53,134] {logging_mixin.py:104} INFO - [2024-04-19 02:02:53,134] {dagbag.py:448} INFO - Filling up the DagBag from /home/airflow/.local/lib/python3.6/site-packages/airflow/example_dags/tutorial_taskflow_api_etl.py
[2024-04-19 02:02:53,143] {scheduler_job.py:639} INFO - DAG(s) dict_keys(['tutorial_taskflow_api_etl']) retrieved from /home/airflow/.local/lib/python3.6/site-packages/airflow/example_dags/tutorial_taskflow_api_etl.py
[2024-04-19 02:02:53,160] {logging_mixin.py:104} INFO - [2024-04-19 02:02:53,160] {dag.py:1818} INFO - Sync 1 DAGs
[2024-04-19 02:02:53,169] {logging_mixin.py:104} INFO - [2024-04-19 02:02:53,169] {dag.py:2273} INFO - Setting next_dagrun for tutorial_taskflow_api_etl to None
[2024-04-19 02:02:53,186] {scheduler_job.py:190} INFO - Processing /home/airflow/.local/lib/python3.6/site-packages/airflow/example_dags/tutorial_taskflow_api_etl.py took 0.056 seconds
[2024-04-19 02:03:23,258] {scheduler_job.py:182} INFO - Started process (PID=1989) to work on /home/airflow/.local/lib/python3.6/site-packages/airflow/example_dags/tutorial_taskflow_api_etl.py
[2024-04-19 02:03:23,260] {scheduler_job.py:629} INFO - Processing file /home/airflow/.local/lib/python3.6/site-packages/airflow/example_dags/tutorial_taskflow_api_etl.py for tasks to queue
[2024-04-19 02:03:23,261] {logging_mixin.py:104} INFO - [2024-04-19 02:03:23,261] {dagbag.py:448} INFO - Filling up the DagBag from /home/airflow/.local/lib/python3.6/site-packages/airflow/example_dags/tutorial_taskflow_api_etl.py
[2024-04-19 02:03:23,271] {scheduler_job.py:639} INFO - DAG(s) dict_keys(['tutorial_taskflow_api_etl']) retrieved from /home/airflow/.local/lib/python3.6/site-packages/airflow/example_dags/tutorial_taskflow_api_etl.py
[2024-04-19 02:03:23,291] {logging_mixin.py:104} INFO - [2024-04-19 02:03:23,291] {dag.py:1818} INFO - Sync 1 DAGs
[2024-04-19 02:03:23,307] {logging_mixin.py:104} INFO - [2024-04-19 02:03:23,306] {dag.py:2273} INFO - Setting next_dagrun for tutorial_taskflow_api_etl to None
[2024-04-19 02:03:23,318] {scheduler_job.py:190} INFO - Processing /home/airflow/.local/lib/python3.6/site-packages/airflow/example_dags/tutorial_taskflow_api_etl.py took 0.063 seconds
[2024-04-19 02:03:53,361] {scheduler_job.py:182} INFO - Started process (PID=2119) to work on /home/airflow/.local/lib/python3.6/site-packages/airflow/example_dags/tutorial_taskflow_api_etl.py
[2024-04-19 02:03:53,365] {scheduler_job.py:629} INFO - Processing file /home/airflow/.local/lib/python3.6/site-packages/airflow/example_dags/tutorial_taskflow_api_etl.py for tasks to queue
[2024-04-19 02:03:53,366] {logging_mixin.py:104} INFO - [2024-04-19 02:03:53,366] {dagbag.py:448} INFO - Filling up the DagBag from /home/airflow/.local/lib/python3.6/site-packages/airflow/example_dags/tutorial_taskflow_api_etl.py
[2024-04-19 02:03:53,374] {scheduler_job.py:639} INFO - DAG(s) dict_keys(['tutorial_taskflow_api_etl']) retrieved from /home/airflow/.local/lib/python3.6/site-packages/airflow/example_dags/tutorial_taskflow_api_etl.py
[2024-04-19 02:03:53,393] {logging_mixin.py:104} INFO - [2024-04-19 02:03:53,393] {dag.py:1818} INFO - Sync 1 DAGs
[2024-04-19 02:03:53,403] {logging_mixin.py:104} INFO - [2024-04-19 02:03:53,403] {dag.py:2273} INFO - Setting next_dagrun for tutorial_taskflow_api_etl to None
[2024-04-19 02:03:53,416] {scheduler_job.py:190} INFO - Processing /home/airflow/.local/lib/python3.6/site-packages/airflow/example_dags/tutorial_taskflow_api_etl.py took 0.057 seconds
[2024-04-19 02:04:23,634] {scheduler_job.py:182} INFO - Started process (PID=2257) to work on /home/airflow/.local/lib/python3.6/site-packages/airflow/example_dags/tutorial_taskflow_api_etl.py
[2024-04-19 02:04:23,635] {scheduler_job.py:629} INFO - Processing file /home/airflow/.local/lib/python3.6/site-packages/airflow/example_dags/tutorial_taskflow_api_etl.py for tasks to queue
[2024-04-19 02:04:23,636] {logging_mixin.py:104} INFO - [2024-04-19 02:04:23,636] {dagbag.py:448} INFO - Filling up the DagBag from /home/airflow/.local/lib/python3.6/site-packages/airflow/example_dags/tutorial_taskflow_api_etl.py
[2024-04-19 02:04:23,647] {scheduler_job.py:639} INFO - DAG(s) dict_keys(['tutorial_taskflow_api_etl']) retrieved from /home/airflow/.local/lib/python3.6/site-packages/airflow/example_dags/tutorial_taskflow_api_etl.py
[2024-04-19 02:04:23,669] {logging_mixin.py:104} INFO - [2024-04-19 02:04:23,669] {dag.py:1818} INFO - Sync 1 DAGs
[2024-04-19 02:04:23,682] {logging_mixin.py:104} INFO - [2024-04-19 02:04:23,682] {dag.py:2273} INFO - Setting next_dagrun for tutorial_taskflow_api_etl to None
[2024-04-19 02:04:23,692] {scheduler_job.py:190} INFO - Processing /home/airflow/.local/lib/python3.6/site-packages/airflow/example_dags/tutorial_taskflow_api_etl.py took 0.060 seconds
[2024-04-19 02:04:54,166] {scheduler_job.py:182} INFO - Started process (PID=2394) to work on /home/airflow/.local/lib/python3.6/site-packages/airflow/example_dags/tutorial_taskflow_api_etl.py
[2024-04-19 02:04:54,168] {scheduler_job.py:629} INFO - Processing file /home/airflow/.local/lib/python3.6/site-packages/airflow/example_dags/tutorial_taskflow_api_etl.py for tasks to queue
[2024-04-19 02:04:54,168] {logging_mixin.py:104} INFO - [2024-04-19 02:04:54,168] {dagbag.py:448} INFO - Filling up the DagBag from /home/airflow/.local/lib/python3.6/site-packages/airflow/example_dags/tutorial_taskflow_api_etl.py
[2024-04-19 02:04:54,176] {scheduler_job.py:639} INFO - DAG(s) dict_keys(['tutorial_taskflow_api_etl']) retrieved from /home/airflow/.local/lib/python3.6/site-packages/airflow/example_dags/tutorial_taskflow_api_etl.py
[2024-04-19 02:04:54,204] {logging_mixin.py:104} INFO - [2024-04-19 02:04:54,204] {dag.py:1818} INFO - Sync 1 DAGs
[2024-04-19 02:04:54,217] {logging_mixin.py:104} INFO - [2024-04-19 02:04:54,217] {dag.py:2273} INFO - Setting next_dagrun for tutorial_taskflow_api_etl to None
[2024-04-19 02:04:54,230] {scheduler_job.py:190} INFO - Processing /home/airflow/.local/lib/python3.6/site-packages/airflow/example_dags/tutorial_taskflow_api_etl.py took 0.066 seconds
[2024-04-19 02:05:24,665] {scheduler_job.py:182} INFO - Started process (PID=2525) to work on /home/airflow/.local/lib/python3.6/site-packages/airflow/example_dags/tutorial_taskflow_api_etl.py
[2024-04-19 02:05:24,667] {scheduler_job.py:629} INFO - Processing file /home/airflow/.local/lib/python3.6/site-packages/airflow/example_dags/tutorial_taskflow_api_etl.py for tasks to queue
[2024-04-19 02:05:24,667] {logging_mixin.py:104} INFO - [2024-04-19 02:05:24,667] {dagbag.py:448} INFO - Filling up the DagBag from /home/airflow/.local/lib/python3.6/site-packages/airflow/example_dags/tutorial_taskflow_api_etl.py
[2024-04-19 02:05:24,678] {scheduler_job.py:639} INFO - DAG(s) dict_keys(['tutorial_taskflow_api_etl']) retrieved from /home/airflow/.local/lib/python3.6/site-packages/airflow/example_dags/tutorial_taskflow_api_etl.py
[2024-04-19 02:05:24,699] {logging_mixin.py:104} INFO - [2024-04-19 02:05:24,699] {dag.py:1818} INFO - Sync 1 DAGs
[2024-04-19 02:05:24,710] {logging_mixin.py:104} INFO - [2024-04-19 02:05:24,710] {dag.py:2273} INFO - Setting next_dagrun for tutorial_taskflow_api_etl to None
[2024-04-19 02:05:24,722] {scheduler_job.py:190} INFO - Processing /home/airflow/.local/lib/python3.6/site-packages/airflow/example_dags/tutorial_taskflow_api_etl.py took 0.059 seconds
[2024-04-19 02:05:54,900] {scheduler_job.py:182} INFO - Started process (PID=2655) to work on /home/airflow/.local/lib/python3.6/site-packages/airflow/example_dags/tutorial_taskflow_api_etl.py
[2024-04-19 02:05:54,901] {scheduler_job.py:629} INFO - Processing file /home/airflow/.local/lib/python3.6/site-packages/airflow/example_dags/tutorial_taskflow_api_etl.py for tasks to queue
[2024-04-19 02:05:54,902] {logging_mixin.py:104} INFO - [2024-04-19 02:05:54,901] {dagbag.py:448} INFO - Filling up the DagBag from /home/airflow/.local/lib/python3.6/site-packages/airflow/example_dags/tutorial_taskflow_api_etl.py
[2024-04-19 02:05:54,911] {scheduler_job.py:639} INFO - DAG(s) dict_keys(['tutorial_taskflow_api_etl']) retrieved from /home/airflow/.local/lib/python3.6/site-packages/airflow/example_dags/tutorial_taskflow_api_etl.py
[2024-04-19 02:05:54,926] {logging_mixin.py:104} INFO - [2024-04-19 02:05:54,926] {dag.py:1818} INFO - Sync 1 DAGs
[2024-04-19 02:05:54,937] {logging_mixin.py:104} INFO - [2024-04-19 02:05:54,937] {dag.py:2273} INFO - Setting next_dagrun for tutorial_taskflow_api_etl to None
[2024-04-19 02:05:54,948] {scheduler_job.py:190} INFO - Processing /home/airflow/.local/lib/python3.6/site-packages/airflow/example_dags/tutorial_taskflow_api_etl.py took 0.051 seconds
[2024-04-19 02:06:25,184] {scheduler_job.py:182} INFO - Started process (PID=2791) to work on /home/airflow/.local/lib/python3.6/site-packages/airflow/example_dags/tutorial_taskflow_api_etl.py
[2024-04-19 02:06:25,185] {scheduler_job.py:629} INFO - Processing file /home/airflow/.local/lib/python3.6/site-packages/airflow/example_dags/tutorial_taskflow_api_etl.py for tasks to queue
[2024-04-19 02:06:25,185] {logging_mixin.py:104} INFO - [2024-04-19 02:06:25,185] {dagbag.py:448} INFO - Filling up the DagBag from /home/airflow/.local/lib/python3.6/site-packages/airflow/example_dags/tutorial_taskflow_api_etl.py
[2024-04-19 02:06:25,194] {scheduler_job.py:639} INFO - DAG(s) dict_keys(['tutorial_taskflow_api_etl']) retrieved from /home/airflow/.local/lib/python3.6/site-packages/airflow/example_dags/tutorial_taskflow_api_etl.py
[2024-04-19 02:06:25,211] {logging_mixin.py:104} INFO - [2024-04-19 02:06:25,211] {dag.py:1818} INFO - Sync 1 DAGs
[2024-04-19 02:06:25,224] {logging_mixin.py:104} INFO - [2024-04-19 02:06:25,223] {dag.py:2273} INFO - Setting next_dagrun for tutorial_taskflow_api_etl to None
[2024-04-19 02:06:25,231] {scheduler_job.py:190} INFO - Processing /home/airflow/.local/lib/python3.6/site-packages/airflow/example_dags/tutorial_taskflow_api_etl.py took 0.050 seconds
[2024-04-19 02:06:55,569] {scheduler_job.py:182} INFO - Started process (PID=2942) to work on /home/airflow/.local/lib/python3.6/site-packages/airflow/example_dags/tutorial_taskflow_api_etl.py
[2024-04-19 02:06:55,570] {scheduler_job.py:629} INFO - Processing file /home/airflow/.local/lib/python3.6/site-packages/airflow/example_dags/tutorial_taskflow_api_etl.py for tasks to queue
[2024-04-19 02:06:55,571] {logging_mixin.py:104} INFO - [2024-04-19 02:06:55,571] {dagbag.py:448} INFO - Filling up the DagBag from /home/airflow/.local/lib/python3.6/site-packages/airflow/example_dags/tutorial_taskflow_api_etl.py
[2024-04-19 02:06:55,579] {scheduler_job.py:639} INFO - DAG(s) dict_keys(['tutorial_taskflow_api_etl']) retrieved from /home/airflow/.local/lib/python3.6/site-packages/airflow/example_dags/tutorial_taskflow_api_etl.py
[2024-04-19 02:06:55,599] {logging_mixin.py:104} INFO - [2024-04-19 02:06:55,598] {dag.py:1818} INFO - Sync 1 DAGs
[2024-04-19 02:06:55,612] {logging_mixin.py:104} INFO - [2024-04-19 02:06:55,611] {dag.py:2273} INFO - Setting next_dagrun for tutorial_taskflow_api_etl to None
[2024-04-19 02:06:55,623] {scheduler_job.py:190} INFO - Processing /home/airflow/.local/lib/python3.6/site-packages/airflow/example_dags/tutorial_taskflow_api_etl.py took 0.057 seconds
[2024-04-19 02:07:25,833] {scheduler_job.py:182} INFO - Started process (PID=3067) to work on /home/airflow/.local/lib/python3.6/site-packages/airflow/example_dags/tutorial_taskflow_api_etl.py
[2024-04-19 02:07:25,835] {scheduler_job.py:629} INFO - Processing file /home/airflow/.local/lib/python3.6/site-packages/airflow/example_dags/tutorial_taskflow_api_etl.py for tasks to queue
[2024-04-19 02:07:25,835] {logging_mixin.py:104} INFO - [2024-04-19 02:07:25,835] {dagbag.py:448} INFO - Filling up the DagBag from /home/airflow/.local/lib/python3.6/site-packages/airflow/example_dags/tutorial_taskflow_api_etl.py
[2024-04-19 02:07:25,844] {scheduler_job.py:639} INFO - DAG(s) dict_keys(['tutorial_taskflow_api_etl']) retrieved from /home/airflow/.local/lib/python3.6/site-packages/airflow/example_dags/tutorial_taskflow_api_etl.py
[2024-04-19 02:07:25,859] {logging_mixin.py:104} INFO - [2024-04-19 02:07:25,859] {dag.py:1818} INFO - Sync 1 DAGs
[2024-04-19 02:07:25,868] {logging_mixin.py:104} INFO - [2024-04-19 02:07:25,868] {dag.py:2273} INFO - Setting next_dagrun for tutorial_taskflow_api_etl to None
[2024-04-19 02:07:25,876] {scheduler_job.py:190} INFO - Processing /home/airflow/.local/lib/python3.6/site-packages/airflow/example_dags/tutorial_taskflow_api_etl.py took 0.045 seconds
[2024-04-19 02:07:56,083] {scheduler_job.py:182} INFO - Started process (PID=3197) to work on /home/airflow/.local/lib/python3.6/site-packages/airflow/example_dags/tutorial_taskflow_api_etl.py
[2024-04-19 02:07:56,085] {scheduler_job.py:629} INFO - Processing file /home/airflow/.local/lib/python3.6/site-packages/airflow/example_dags/tutorial_taskflow_api_etl.py for tasks to queue
[2024-04-19 02:07:56,085] {logging_mixin.py:104} INFO - [2024-04-19 02:07:56,085] {dagbag.py:448} INFO - Filling up the DagBag from /home/airflow/.local/lib/python3.6/site-packages/airflow/example_dags/tutorial_taskflow_api_etl.py
[2024-04-19 02:07:56,093] {scheduler_job.py:639} INFO - DAG(s) dict_keys(['tutorial_taskflow_api_etl']) retrieved from /home/airflow/.local/lib/python3.6/site-packages/airflow/example_dags/tutorial_taskflow_api_etl.py
[2024-04-19 02:07:56,109] {logging_mixin.py:104} INFO - [2024-04-19 02:07:56,109] {dag.py:1818} INFO - Sync 1 DAGs
[2024-04-19 02:07:56,118] {logging_mixin.py:104} INFO - [2024-04-19 02:07:56,117] {dag.py:2273} INFO - Setting next_dagrun for tutorial_taskflow_api_etl to None
[2024-04-19 02:07:56,126] {scheduler_job.py:190} INFO - Processing /home/airflow/.local/lib/python3.6/site-packages/airflow/example_dags/tutorial_taskflow_api_etl.py took 0.045 seconds
[2024-04-19 02:08:26,385] {scheduler_job.py:182} INFO - Started process (PID=3327) to work on /home/airflow/.local/lib/python3.6/site-packages/airflow/example_dags/tutorial_taskflow_api_etl.py
[2024-04-19 02:08:26,388] {scheduler_job.py:629} INFO - Processing file /home/airflow/.local/lib/python3.6/site-packages/airflow/example_dags/tutorial_taskflow_api_etl.py for tasks to queue
[2024-04-19 02:08:26,389] {logging_mixin.py:104} INFO - [2024-04-19 02:08:26,389] {dagbag.py:448} INFO - Filling up the DagBag from /home/airflow/.local/lib/python3.6/site-packages/airflow/example_dags/tutorial_taskflow_api_etl.py
[2024-04-19 02:08:26,402] {scheduler_job.py:639} INFO - DAG(s) dict_keys(['tutorial_taskflow_api_etl']) retrieved from /home/airflow/.local/lib/python3.6/site-packages/airflow/example_dags/tutorial_taskflow_api_etl.py
[2024-04-19 02:08:26,422] {logging_mixin.py:104} INFO - [2024-04-19 02:08:26,422] {dag.py:1818} INFO - Sync 1 DAGs
[2024-04-19 02:08:26,434] {logging_mixin.py:104} INFO - [2024-04-19 02:08:26,434] {dag.py:2273} INFO - Setting next_dagrun for tutorial_taskflow_api_etl to None
[2024-04-19 02:08:26,444] {scheduler_job.py:190} INFO - Processing /home/airflow/.local/lib/python3.6/site-packages/airflow/example_dags/tutorial_taskflow_api_etl.py took 0.062 seconds
[2024-04-19 02:08:56,666] {scheduler_job.py:182} INFO - Started process (PID=3467) to work on /home/airflow/.local/lib/python3.6/site-packages/airflow/example_dags/tutorial_taskflow_api_etl.py
[2024-04-19 02:08:56,667] {scheduler_job.py:629} INFO - Processing file /home/airflow/.local/lib/python3.6/site-packages/airflow/example_dags/tutorial_taskflow_api_etl.py for tasks to queue
[2024-04-19 02:08:56,668] {logging_mixin.py:104} INFO - [2024-04-19 02:08:56,668] {dagbag.py:448} INFO - Filling up the DagBag from /home/airflow/.local/lib/python3.6/site-packages/airflow/example_dags/tutorial_taskflow_api_etl.py
[2024-04-19 02:08:56,676] {scheduler_job.py:639} INFO - DAG(s) dict_keys(['tutorial_taskflow_api_etl']) retrieved from /home/airflow/.local/lib/python3.6/site-packages/airflow/example_dags/tutorial_taskflow_api_etl.py
[2024-04-19 02:08:56,692] {logging_mixin.py:104} INFO - [2024-04-19 02:08:56,692] {dag.py:1818} INFO - Sync 1 DAGs
[2024-04-19 02:08:56,704] {logging_mixin.py:104} INFO - [2024-04-19 02:08:56,704] {dag.py:2273} INFO - Setting next_dagrun for tutorial_taskflow_api_etl to None
[2024-04-19 02:08:56,713] {scheduler_job.py:190} INFO - Processing /home/airflow/.local/lib/python3.6/site-packages/airflow/example_dags/tutorial_taskflow_api_etl.py took 0.050 seconds
[2024-04-19 02:09:26,983] {scheduler_job.py:182} INFO - Started process (PID=3597) to work on /home/airflow/.local/lib/python3.6/site-packages/airflow/example_dags/tutorial_taskflow_api_etl.py
[2024-04-19 02:09:26,984] {scheduler_job.py:629} INFO - Processing file /home/airflow/.local/lib/python3.6/site-packages/airflow/example_dags/tutorial_taskflow_api_etl.py for tasks to queue
[2024-04-19 02:09:26,985] {logging_mixin.py:104} INFO - [2024-04-19 02:09:26,985] {dagbag.py:448} INFO - Filling up the DagBag from /home/airflow/.local/lib/python3.6/site-packages/airflow/example_dags/tutorial_taskflow_api_etl.py
[2024-04-19 02:09:26,993] {scheduler_job.py:639} INFO - DAG(s) dict_keys(['tutorial_taskflow_api_etl']) retrieved from /home/airflow/.local/lib/python3.6/site-packages/airflow/example_dags/tutorial_taskflow_api_etl.py
[2024-04-19 02:09:27,009] {logging_mixin.py:104} INFO - [2024-04-19 02:09:27,008] {dag.py:1818} INFO - Sync 1 DAGs
[2024-04-19 02:09:27,018] {logging_mixin.py:104} INFO - [2024-04-19 02:09:27,018] {dag.py:2273} INFO - Setting next_dagrun for tutorial_taskflow_api_etl to None
[2024-04-19 02:09:27,030] {scheduler_job.py:190} INFO - Processing /home/airflow/.local/lib/python3.6/site-packages/airflow/example_dags/tutorial_taskflow_api_etl.py took 0.049 seconds
[2024-04-19 02:09:57,307] {scheduler_job.py:182} INFO - Started process (PID=3739) to work on /home/airflow/.local/lib/python3.6/site-packages/airflow/example_dags/tutorial_taskflow_api_etl.py
[2024-04-19 02:09:57,309] {scheduler_job.py:629} INFO - Processing file /home/airflow/.local/lib/python3.6/site-packages/airflow/example_dags/tutorial_taskflow_api_etl.py for tasks to queue
[2024-04-19 02:09:57,310] {logging_mixin.py:104} INFO - [2024-04-19 02:09:57,309] {dagbag.py:448} INFO - Filling up the DagBag from /home/airflow/.local/lib/python3.6/site-packages/airflow/example_dags/tutorial_taskflow_api_etl.py
[2024-04-19 02:09:57,318] {scheduler_job.py:639} INFO - DAG(s) dict_keys(['tutorial_taskflow_api_etl']) retrieved from /home/airflow/.local/lib/python3.6/site-packages/airflow/example_dags/tutorial_taskflow_api_etl.py
[2024-04-19 02:09:57,333] {logging_mixin.py:104} INFO - [2024-04-19 02:09:57,333] {dag.py:1818} INFO - Sync 1 DAGs
[2024-04-19 02:09:57,344] {logging_mixin.py:104} INFO - [2024-04-19 02:09:57,344] {dag.py:2273} INFO - Setting next_dagrun for tutorial_taskflow_api_etl to None
[2024-04-19 02:09:57,353] {scheduler_job.py:190} INFO - Processing /home/airflow/.local/lib/python3.6/site-packages/airflow/example_dags/tutorial_taskflow_api_etl.py took 0.047 seconds
[2024-04-19 02:10:27,452] {scheduler_job.py:182} INFO - Started process (PID=3857) to work on /home/airflow/.local/lib/python3.6/site-packages/airflow/example_dags/tutorial_taskflow_api_etl.py
[2024-04-19 02:10:27,453] {scheduler_job.py:629} INFO - Processing file /home/airflow/.local/lib/python3.6/site-packages/airflow/example_dags/tutorial_taskflow_api_etl.py for tasks to queue
[2024-04-19 02:10:27,454] {logging_mixin.py:104} INFO - [2024-04-19 02:10:27,454] {dagbag.py:448} INFO - Filling up the DagBag from /home/airflow/.local/lib/python3.6/site-packages/airflow/example_dags/tutorial_taskflow_api_etl.py
[2024-04-19 02:10:27,462] {scheduler_job.py:639} INFO - DAG(s) dict_keys(['tutorial_taskflow_api_etl']) retrieved from /home/airflow/.local/lib/python3.6/site-packages/airflow/example_dags/tutorial_taskflow_api_etl.py
[2024-04-19 02:10:27,479] {logging_mixin.py:104} INFO - [2024-04-19 02:10:27,479] {dag.py:1818} INFO - Sync 1 DAGs
[2024-04-19 02:10:27,487] {logging_mixin.py:104} INFO - [2024-04-19 02:10:27,487] {dag.py:2273} INFO - Setting next_dagrun for tutorial_taskflow_api_etl to None
[2024-04-19 02:10:27,496] {scheduler_job.py:190} INFO - Processing /home/airflow/.local/lib/python3.6/site-packages/airflow/example_dags/tutorial_taskflow_api_etl.py took 0.047 seconds
[2024-04-19 02:10:57,686] {scheduler_job.py:182} INFO - Started process (PID=4000) to work on /home/airflow/.local/lib/python3.6/site-packages/airflow/example_dags/tutorial_taskflow_api_etl.py
[2024-04-19 02:10:57,687] {scheduler_job.py:629} INFO - Processing file /home/airflow/.local/lib/python3.6/site-packages/airflow/example_dags/tutorial_taskflow_api_etl.py for tasks to queue
[2024-04-19 02:10:57,688] {logging_mixin.py:104} INFO - [2024-04-19 02:10:57,688] {dagbag.py:448} INFO - Filling up the DagBag from /home/airflow/.local/lib/python3.6/site-packages/airflow/example_dags/tutorial_taskflow_api_etl.py
[2024-04-19 02:10:57,696] {scheduler_job.py:639} INFO - DAG(s) dict_keys(['tutorial_taskflow_api_etl']) retrieved from /home/airflow/.local/lib/python3.6/site-packages/airflow/example_dags/tutorial_taskflow_api_etl.py
[2024-04-19 02:10:57,714] {logging_mixin.py:104} INFO - [2024-04-19 02:10:57,714] {dag.py:1818} INFO - Sync 1 DAGs
[2024-04-19 02:10:57,724] {logging_mixin.py:104} INFO - [2024-04-19 02:10:57,724] {dag.py:2273} INFO - Setting next_dagrun for tutorial_taskflow_api_etl to None
[2024-04-19 02:10:57,733] {scheduler_job.py:190} INFO - Processing /home/airflow/.local/lib/python3.6/site-packages/airflow/example_dags/tutorial_taskflow_api_etl.py took 0.049 seconds
[2024-04-19 02:11:27,805] {scheduler_job.py:182} INFO - Started process (PID=4130) to work on /home/airflow/.local/lib/python3.6/site-packages/airflow/example_dags/tutorial_taskflow_api_etl.py
[2024-04-19 02:11:27,806] {scheduler_job.py:629} INFO - Processing file /home/airflow/.local/lib/python3.6/site-packages/airflow/example_dags/tutorial_taskflow_api_etl.py for tasks to queue
[2024-04-19 02:11:27,807] {logging_mixin.py:104} INFO - [2024-04-19 02:11:27,807] {dagbag.py:448} INFO - Filling up the DagBag from /home/airflow/.local/lib/python3.6/site-packages/airflow/example_dags/tutorial_taskflow_api_etl.py
[2024-04-19 02:11:27,817] {scheduler_job.py:639} INFO - DAG(s) dict_keys(['tutorial_taskflow_api_etl']) retrieved from /home/airflow/.local/lib/python3.6/site-packages/airflow/example_dags/tutorial_taskflow_api_etl.py
[2024-04-19 02:11:27,836] {logging_mixin.py:104} INFO - [2024-04-19 02:11:27,836] {dag.py:1818} INFO - Sync 1 DAGs
[2024-04-19 02:11:27,850] {logging_mixin.py:104} INFO - [2024-04-19 02:11:27,850] {dag.py:2273} INFO - Setting next_dagrun for tutorial_taskflow_api_etl to None
[2024-04-19 02:11:27,861] {scheduler_job.py:190} INFO - Processing /home/airflow/.local/lib/python3.6/site-packages/airflow/example_dags/tutorial_taskflow_api_etl.py took 0.058 seconds
[2024-04-19 02:11:58,064] {scheduler_job.py:182} INFO - Started process (PID=4272) to work on /home/airflow/.local/lib/python3.6/site-packages/airflow/example_dags/tutorial_taskflow_api_etl.py
[2024-04-19 02:11:58,066] {scheduler_job.py:629} INFO - Processing file /home/airflow/.local/lib/python3.6/site-packages/airflow/example_dags/tutorial_taskflow_api_etl.py for tasks to queue
[2024-04-19 02:11:58,067] {logging_mixin.py:104} INFO - [2024-04-19 02:11:58,067] {dagbag.py:448} INFO - Filling up the DagBag from /home/airflow/.local/lib/python3.6/site-packages/airflow/example_dags/tutorial_taskflow_api_etl.py
[2024-04-19 02:11:58,076] {scheduler_job.py:639} INFO - DAG(s) dict_keys(['tutorial_taskflow_api_etl']) retrieved from /home/airflow/.local/lib/python3.6/site-packages/airflow/example_dags/tutorial_taskflow_api_etl.py
[2024-04-19 02:11:58,095] {logging_mixin.py:104} INFO - [2024-04-19 02:11:58,094] {dag.py:1818} INFO - Sync 1 DAGs
[2024-04-19 02:11:58,105] {logging_mixin.py:104} INFO - [2024-04-19 02:11:58,105] {dag.py:2273} INFO - Setting next_dagrun for tutorial_taskflow_api_etl to None
[2024-04-19 02:11:58,115] {scheduler_job.py:190} INFO - Processing /home/airflow/.local/lib/python3.6/site-packages/airflow/example_dags/tutorial_taskflow_api_etl.py took 0.054 seconds
[2024-04-19 02:12:28,408] {scheduler_job.py:182} INFO - Started process (PID=4387) to work on /home/airflow/.local/lib/python3.6/site-packages/airflow/example_dags/tutorial_taskflow_api_etl.py
[2024-04-19 02:12:28,410] {scheduler_job.py:629} INFO - Processing file /home/airflow/.local/lib/python3.6/site-packages/airflow/example_dags/tutorial_taskflow_api_etl.py for tasks to queue
[2024-04-19 02:12:28,411] {logging_mixin.py:104} INFO - [2024-04-19 02:12:28,410] {dagbag.py:448} INFO - Filling up the DagBag from /home/airflow/.local/lib/python3.6/site-packages/airflow/example_dags/tutorial_taskflow_api_etl.py
[2024-04-19 02:12:28,419] {scheduler_job.py:639} INFO - DAG(s) dict_keys(['tutorial_taskflow_api_etl']) retrieved from /home/airflow/.local/lib/python3.6/site-packages/airflow/example_dags/tutorial_taskflow_api_etl.py
[2024-04-19 02:12:28,436] {logging_mixin.py:104} INFO - [2024-04-19 02:12:28,436] {dag.py:1818} INFO - Sync 1 DAGs
[2024-04-19 02:12:28,446] {logging_mixin.py:104} INFO - [2024-04-19 02:12:28,445] {dag.py:2273} INFO - Setting next_dagrun for tutorial_taskflow_api_etl to None
[2024-04-19 02:12:28,455] {scheduler_job.py:190} INFO - Processing /home/airflow/.local/lib/python3.6/site-packages/airflow/example_dags/tutorial_taskflow_api_etl.py took 0.049 seconds
[2024-04-19 02:12:58,525] {scheduler_job.py:182} INFO - Started process (PID=4502) to work on /home/airflow/.local/lib/python3.6/site-packages/airflow/example_dags/tutorial_taskflow_api_etl.py
[2024-04-19 02:12:58,526] {scheduler_job.py:629} INFO - Processing file /home/airflow/.local/lib/python3.6/site-packages/airflow/example_dags/tutorial_taskflow_api_etl.py for tasks to queue
[2024-04-19 02:12:58,526] {logging_mixin.py:104} INFO - [2024-04-19 02:12:58,526] {dagbag.py:448} INFO - Filling up the DagBag from /home/airflow/.local/lib/python3.6/site-packages/airflow/example_dags/tutorial_taskflow_api_etl.py
[2024-04-19 02:12:58,535] {scheduler_job.py:639} INFO - DAG(s) dict_keys(['tutorial_taskflow_api_etl']) retrieved from /home/airflow/.local/lib/python3.6/site-packages/airflow/example_dags/tutorial_taskflow_api_etl.py
[2024-04-19 02:12:58,551] {logging_mixin.py:104} INFO - [2024-04-19 02:12:58,551] {dag.py:1818} INFO - Sync 1 DAGs
[2024-04-19 02:12:58,560] {logging_mixin.py:104} INFO - [2024-04-19 02:12:58,560] {dag.py:2273} INFO - Setting next_dagrun for tutorial_taskflow_api_etl to None
[2024-04-19 02:12:58,570] {scheduler_job.py:190} INFO - Processing /home/airflow/.local/lib/python3.6/site-packages/airflow/example_dags/tutorial_taskflow_api_etl.py took 0.048 seconds
